[2024-03-10T18:55:49.886+0000] {logging_mixin.py:154} INFO - Changing /opt/***/logs/dag_id=dag_carbon_intensity/run_id=manual__2024-03-10T16:06:05.835824+00:00/task_id=load_data permission to 509
[2024-03-10T18:55:50.416+0000] {logging_mixin.py:154} INFO - Changing /opt/***/logs/dag_id=dag_carbon_intensity/run_id=manual__2024-03-10T16:06:05.835824+00:00/task_id=load_data permission to 509
[2024-03-10T18:55:50.689+0000] {taskinstance.py:1159} INFO - Dependencies all met for dep_context=non-requeueable deps ti=<TaskInstance: dag_carbon_intensity.load_data manual__2024-03-10T16:06:05.835824+00:00 [queued]>
[2024-03-10T18:55:50.743+0000] {taskinstance.py:1159} INFO - Dependencies all met for dep_context=requeueable deps ti=<TaskInstance: dag_carbon_intensity.load_data manual__2024-03-10T16:06:05.835824+00:00 [queued]>
[2024-03-10T18:55:50.747+0000] {taskinstance.py:1361} INFO - Starting attempt 5 of 8
[2024-03-10T18:55:50.831+0000] {taskinstance.py:1382} INFO - Executing <Task(PythonOperator): load_data> on 2024-03-10 16:06:05.835824+00:00
[2024-03-10T18:55:50.873+0000] {standard_task_runner.py:57} INFO - Started process 7612 to run task
[2024-03-10T18:55:50.887+0000] {standard_task_runner.py:84} INFO - Running: ['***', 'tasks', 'run', 'dag_carbon_intensity', 'load_data', 'manual__2024-03-10T16:06:05.835824+00:00', '--job-id', '221', '--raw', '--subdir', 'DAGS_FOLDER/dag_carbon_intensity.py', '--cfg-path', '/tmp/tmp38dgvscw']
[2024-03-10T18:55:50.893+0000] {standard_task_runner.py:85} INFO - Job 221: Subtask load_data
[2024-03-10T18:55:56.712+0000] {logging_mixin.py:154} INFO - Changing /opt/***/logs/dag_id=dag_carbon_intensity/run_id=manual__2024-03-10T16:06:05.835824+00:00/task_id=load_data permission to 509
[2024-03-10T18:55:56.830+0000] {task_command.py:416} INFO - Running <TaskInstance: dag_carbon_intensity.load_data manual__2024-03-10T16:06:05.835824+00:00 [running]> on host 79a2d80783aa
[2024-03-10T18:55:57.624+0000] {taskinstance.py:1662} INFO - Exporting env vars: AIRFLOW_CTX_DAG_OWNER='***' AIRFLOW_CTX_DAG_ID='dag_carbon_intensity' AIRFLOW_CTX_TASK_ID='load_data' AIRFLOW_CTX_EXECUTION_DATE='2024-03-10T16:06:05.835824+00:00' AIRFLOW_CTX_TRY_NUMBER='5' AIRFLOW_CTX_DAG_RUN_ID='manual__2024-03-10T16:06:05.835824+00:00'
[2024-03-10T18:55:57.639+0000] {utils.py:37} INFO - Obteniendo datos de https://api.carbonintensity.org.uk/intensity/stats/2024-03-09T00:00Z/2024-03-10T23:59Z/24...
[2024-03-10T18:55:57.648+0000] {utils.py:38} INFO - Desde: 2024-03-09T00:00Z
[2024-03-10T18:55:57.653+0000] {utils.py:39} INFO - Hasta: 2024-03-10T23:59Z
[2024-03-10T18:56:04.441+0000] {utils.py:44} INFO - https://api.carbonintensity.org.uk/intensity/stats/2024-03-09T00:00Z/2024-03-10T23:59Z/24
[2024-03-10T18:56:04.489+0000] {utils.py:45} INFO - Datos obtenidos exitosamente... Procesando datos...
[2024-03-10T18:56:04.750+0000] {utils.py:57} INFO - Datos procesados exitosamente
[2024-03-10T18:56:04.839+0000] {utils.py:94} INFO - Conectándose a la base de datos...
[2024-03-10T18:56:04.850+0000] {utils.py:100} INFO - Conexión a la base de datos establecida exitosamente
[2024-03-10T18:56:08.869+0000] {utils.py:123} INFO - Cargando datos en la tabla carbon_intensity_stg...
[2024-03-10T18:56:10.473+0000] {utils.py:136} INFO - Datos cargados exitosamente
[2024-03-10T18:56:10.654+0000] {utils.py:137} INFO - Cargando datos en la tabla carbon_intensity...
[2024-03-10T18:56:17.040+0000] {utils.py:157} INFO - Datos cargados exitosamente
[2024-03-10T18:56:17.229+0000] {python.py:194} INFO - Done. Returned value was: None
[2024-03-10T18:56:17.263+0000] {taskinstance.py:1400} INFO - Marking task as SUCCESS. dag_id=dag_carbon_intensity, task_id=load_data, execution_date=20240310T160605, start_date=20240310T185550, end_date=20240310T185617
[2024-03-10T18:56:17.335+0000] {local_task_job_runner.py:228} INFO - Task exited with return code 0
[2024-03-10T18:56:17.377+0000] {taskinstance.py:2778} INFO - 0 downstream tasks scheduled from follow-on schedule check
