[2024-03-10T18:58:52.749+0000] {logging_mixin.py:154} INFO - Changing /opt/***/logs/dag_id=dag_carbon_intensity/run_id=manual__2024-03-10T18:58:35.955125+00:00/task_id=load_data permission to 509
[2024-03-10T18:58:52.812+0000] {logging_mixin.py:154} INFO - Changing /opt/***/logs/dag_id=dag_carbon_intensity/run_id=manual__2024-03-10T18:58:35.955125+00:00/task_id=load_data permission to 509
[2024-03-10T18:58:52.884+0000] {taskinstance.py:1159} INFO - Dependencies all met for dep_context=non-requeueable deps ti=<TaskInstance: dag_carbon_intensity.load_data manual__2024-03-10T18:58:35.955125+00:00 [queued]>
[2024-03-10T18:58:52.901+0000] {taskinstance.py:1159} INFO - Dependencies all met for dep_context=requeueable deps ti=<TaskInstance: dag_carbon_intensity.load_data manual__2024-03-10T18:58:35.955125+00:00 [queued]>
[2024-03-10T18:58:52.907+0000] {taskinstance.py:1361} INFO - Starting attempt 1 of 4
[2024-03-10T18:58:52.931+0000] {taskinstance.py:1382} INFO - Executing <Task(PythonOperator): load_data> on 2024-03-10 18:58:35.955125+00:00
[2024-03-10T18:58:52.939+0000] {standard_task_runner.py:57} INFO - Started process 7966 to run task
[2024-03-10T18:58:52.944+0000] {standard_task_runner.py:84} INFO - Running: ['***', 'tasks', 'run', 'dag_carbon_intensity', 'load_data', 'manual__2024-03-10T18:58:35.955125+00:00', '--job-id', '226', '--raw', '--subdir', 'DAGS_FOLDER/dag_carbon_intensity.py', '--cfg-path', '/tmp/tmpj5go71yv']
[2024-03-10T18:58:52.948+0000] {standard_task_runner.py:85} INFO - Job 226: Subtask load_data
[2024-03-10T18:58:53.015+0000] {logging_mixin.py:154} INFO - Changing /opt/***/logs/dag_id=dag_carbon_intensity/run_id=manual__2024-03-10T18:58:35.955125+00:00/task_id=load_data permission to 509
[2024-03-10T18:58:53.026+0000] {task_command.py:416} INFO - Running <TaskInstance: dag_carbon_intensity.load_data manual__2024-03-10T18:58:35.955125+00:00 [running]> on host 79a2d80783aa
[2024-03-10T18:58:53.139+0000] {taskinstance.py:1662} INFO - Exporting env vars: AIRFLOW_CTX_DAG_OWNER='***' AIRFLOW_CTX_DAG_ID='dag_carbon_intensity' AIRFLOW_CTX_TASK_ID='load_data' AIRFLOW_CTX_EXECUTION_DATE='2024-03-10T18:58:35.955125+00:00' AIRFLOW_CTX_TRY_NUMBER='1' AIRFLOW_CTX_DAG_RUN_ID='manual__2024-03-10T18:58:35.955125+00:00'
[2024-03-10T18:58:53.144+0000] {utils.py:37} INFO - Obteniendo datos de https://api.carbonintensity.org.uk/intensity/stats/2024-03-09T00:00Z/2024-03-10T23:59Z/24...
[2024-03-10T18:58:53.145+0000] {utils.py:38} INFO - Desde: 2024-03-09T00:00Z
[2024-03-10T18:58:53.146+0000] {utils.py:39} INFO - Hasta: 2024-03-10T23:59Z
[2024-03-10T18:58:54.080+0000] {utils.py:44} INFO - https://api.carbonintensity.org.uk/intensity/stats/2024-03-09T00:00Z/2024-03-10T23:59Z/24
[2024-03-10T18:58:54.081+0000] {utils.py:45} INFO - Datos obtenidos exitosamente... Procesando datos...
[2024-03-10T18:58:54.089+0000] {utils.py:57} INFO - Datos procesados exitosamente
[2024-03-10T18:58:54.095+0000] {utils.py:94} INFO - Conectándose a la base de datos...
[2024-03-10T18:58:54.098+0000] {utils.py:100} INFO - Conexión a la base de datos establecida exitosamente
[2024-03-10T18:58:56.885+0000] {utils.py:123} INFO - Cargando datos en la tabla carbon_intensity_stg...
[2024-03-10T18:58:58.303+0000] {utils.py:136} INFO - Datos cargados exitosamente
[2024-03-10T18:58:58.305+0000] {utils.py:137} INFO - Cargando datos en la tabla carbon_intensity...
[2024-03-10T18:58:59.207+0000] {utils.py:157} INFO - Datos cargados exitosamente
[2024-03-10T18:58:59.389+0000] {python.py:194} INFO - Done. Returned value was: None
[2024-03-10T18:58:59.414+0000] {taskinstance.py:1400} INFO - Marking task as SUCCESS. dag_id=dag_carbon_intensity, task_id=load_data, execution_date=20240310T185835, start_date=20240310T185852, end_date=20240310T185859
[2024-03-10T18:58:59.483+0000] {local_task_job_runner.py:228} INFO - Task exited with return code 0
[2024-03-10T18:58:59.538+0000] {taskinstance.py:2778} INFO - 0 downstream tasks scheduled from follow-on schedule check
