[2024-03-20T20:55:39.363+0000] {logging_mixin.py:154} INFO - Changing /opt/***/logs/dag_id=dag_carbon_intensity/run_id=scheduled__2024-03-19T00:00:00+00:00/task_id=create_stage_table_task permission to 509
[2024-03-20T20:55:39.589+0000] {logging_mixin.py:154} INFO - Changing /opt/***/logs/dag_id=dag_carbon_intensity/run_id=scheduled__2024-03-19T00:00:00+00:00/task_id=create_stage_table_task permission to 509
[2024-03-20T20:55:39.822+0000] {taskinstance.py:1159} INFO - Dependencies all met for dep_context=non-requeueable deps ti=<TaskInstance: dag_carbon_intensity.create_stage_table_task scheduled__2024-03-19T00:00:00+00:00 [queued]>
[2024-03-20T20:55:39.852+0000] {taskinstance.py:1159} INFO - Dependencies all met for dep_context=requeueable deps ti=<TaskInstance: dag_carbon_intensity.create_stage_table_task scheduled__2024-03-19T00:00:00+00:00 [queued]>
[2024-03-20T20:55:39.856+0000] {taskinstance.py:1361} INFO - Starting attempt 1 of 4
[2024-03-20T20:55:39.904+0000] {taskinstance.py:1382} INFO - Executing <Task(PostgresOperator): create_stage_table_task> on 2024-03-19 00:00:00+00:00
[2024-03-20T20:55:39.925+0000] {standard_task_runner.py:57} INFO - Started process 175 to run task
[2024-03-20T20:55:39.952+0000] {standard_task_runner.py:84} INFO - Running: ['***', 'tasks', 'run', 'dag_carbon_intensity', 'create_stage_table_task', 'scheduled__2024-03-19T00:00:00+00:00', '--job-id', '284', '--raw', '--subdir', 'DAGS_FOLDER/dag_carbon_intensity.py', '--cfg-path', '/tmp/tmpkv8dz1sw']
[2024-03-20T20:55:39.960+0000] {standard_task_runner.py:85} INFO - Job 284: Subtask create_stage_table_task
[2024-03-20T20:55:40.278+0000] {logging_mixin.py:154} INFO - Changing /opt/***/logs/dag_id=dag_carbon_intensity/run_id=scheduled__2024-03-19T00:00:00+00:00/task_id=create_stage_table_task permission to 509
[2024-03-20T20:55:40.307+0000] {task_command.py:416} INFO - Running <TaskInstance: dag_carbon_intensity.create_stage_table_task scheduled__2024-03-19T00:00:00+00:00 [running]> on host 79a2d80783aa
[2024-03-20T20:55:40.802+0000] {taskinstance.py:1662} INFO - Exporting env vars: AIRFLOW_CTX_DAG_OWNER='***' AIRFLOW_CTX_DAG_ID='dag_carbon_intensity' AIRFLOW_CTX_TASK_ID='create_stage_table_task' AIRFLOW_CTX_EXECUTION_DATE='2024-03-19T00:00:00+00:00' AIRFLOW_CTX_TRY_NUMBER='1' AIRFLOW_CTX_DAG_RUN_ID='scheduled__2024-03-19T00:00:00+00:00'
[2024-03-20T20:55:40.808+0000] {sql.py:274} INFO - Executing: CREATE TABLE IF NOT EXISTS craverolucio_coderhouse.carbon_intensity_stg (
    from_date VARCHAR(50) PRIMARY KEY,
    to_date VARCHAR(50) SORTKEY,
    intensity_max SMALLINT,
    intensity_average SMALLINT,
    intensity_min SMALLINT,
    intensity_index VARCHAR(50)
);
[2024-03-20T20:55:40.865+0000] {base.py:73} INFO - Using connection ID 'coderhouse_redshift' for task execution.
[2024-03-20T20:55:43.062+0000] {base.py:73} INFO - Using connection ID 'coderhouse_redshift' for task execution.
[2024-03-20T20:56:05.293+0000] {sql.py:418} INFO - Running statement: CREATE TABLE IF NOT EXISTS craverolucio_coderhouse.carbon_intensity_stg (
    from_date VARCHAR(50) PRIMARY KEY,
    to_date VARCHAR(50) SORTKEY,
    intensity_max SMALLINT,
    intensity_average SMALLINT,
    intensity_min SMALLINT,
    intensity_index VARCHAR(50)
);, parameters: None
[2024-03-20T20:56:07.689+0000] {taskinstance.py:1400} INFO - Marking task as SUCCESS. dag_id=dag_carbon_intensity, task_id=create_stage_table_task, execution_date=20240319T000000, start_date=20240320T205539, end_date=20240320T205607
[2024-03-20T20:56:08.287+0000] {local_task_job_runner.py:228} INFO - Task exited with return code 0
