[2024-03-20T21:56:41.021+0000] {logging_mixin.py:154} INFO - Changing /opt/***/logs/dag_id=dag_carbon_intensity/run_id=scheduled__2024-03-18T00:00:00+00:00/task_id=load_data permission to 509
[2024-03-20T21:56:41.254+0000] {logging_mixin.py:154} INFO - Changing /opt/***/logs/dag_id=dag_carbon_intensity/run_id=scheduled__2024-03-18T00:00:00+00:00/task_id=load_data permission to 509
[2024-03-20T21:56:41.372+0000] {taskinstance.py:1159} INFO - Dependencies all met for dep_context=non-requeueable deps ti=<TaskInstance: dag_carbon_intensity.load_data scheduled__2024-03-18T00:00:00+00:00 [queued]>
[2024-03-20T21:56:41.391+0000] {taskinstance.py:1159} INFO - Dependencies all met for dep_context=requeueable deps ti=<TaskInstance: dag_carbon_intensity.load_data scheduled__2024-03-18T00:00:00+00:00 [queued]>
[2024-03-20T21:56:41.404+0000] {taskinstance.py:1361} INFO - Starting attempt 1 of 4
[2024-03-20T21:56:41.505+0000] {taskinstance.py:1382} INFO - Executing <Task(PythonOperator): load_data> on 2024-03-18 00:00:00+00:00
[2024-03-20T21:56:41.513+0000] {standard_task_runner.py:57} INFO - Started process 172 to run task
[2024-03-20T21:56:41.519+0000] {standard_task_runner.py:84} INFO - Running: ['***', 'tasks', 'run', 'dag_carbon_intensity', 'load_data', 'scheduled__2024-03-18T00:00:00+00:00', '--job-id', '373', '--raw', '--subdir', 'DAGS_FOLDER/dag_carbon_intensity.py', '--cfg-path', '/tmp/tmpp_uqnxz7']
[2024-03-20T21:56:41.532+0000] {standard_task_runner.py:85} INFO - Job 373: Subtask load_data
[2024-03-20T21:56:41.694+0000] {logging_mixin.py:154} INFO - Changing /opt/***/logs/dag_id=dag_carbon_intensity/run_id=scheduled__2024-03-18T00:00:00+00:00/task_id=load_data permission to 509
[2024-03-20T21:56:41.725+0000] {task_command.py:416} INFO - Running <TaskInstance: dag_carbon_intensity.load_data scheduled__2024-03-18T00:00:00+00:00 [running]> on host 22418b784949
[2024-03-20T21:56:42.011+0000] {taskinstance.py:1662} INFO - Exporting env vars: AIRFLOW_CTX_DAG_OWNER='***' AIRFLOW_CTX_DAG_ID='dag_carbon_intensity' AIRFLOW_CTX_TASK_ID='load_data' AIRFLOW_CTX_EXECUTION_DATE='2024-03-18T00:00:00+00:00' AIRFLOW_CTX_TRY_NUMBER='1' AIRFLOW_CTX_DAG_RUN_ID='scheduled__2024-03-18T00:00:00+00:00'
[2024-03-20T21:56:42.015+0000] {utils.py:37} INFO - Obteniendo datos de https://api.carbonintensity.org.uk/intensity/stats/2024-03-18T00:00Z/2024-03-19T23:59Z/24...
[2024-03-20T21:56:42.017+0000] {utils.py:38} INFO - Desde: 2024-03-18T00:00Z
[2024-03-20T21:56:42.018+0000] {utils.py:39} INFO - Hasta: 2024-03-19T23:59Z
[2024-03-20T21:56:43.413+0000] {utils.py:44} INFO - https://api.carbonintensity.org.uk/intensity/stats/2024-03-18T00:00Z/2024-03-19T23:59Z/24
[2024-03-20T21:56:43.414+0000] {utils.py:45} INFO - Datos obtenidos exitosamente... Procesando datos...
[2024-03-20T21:56:43.516+0000] {utils.py:57} INFO - Datos procesados exitosamente
[2024-03-20T21:56:43.540+0000] {utils.py:94} INFO - Conectándose a la base de datos...
[2024-03-20T21:56:43.543+0000] {utils.py:100} INFO - Conexión a la base de datos establecida exitosamente
[2024-03-20T21:56:46.657+0000] {utils.py:123} INFO - Cargando datos en la tabla carbon_intensity_stg...
[2024-03-20T21:57:02.227+0000] {utils.py:136} INFO - Datos cargados exitosamente
[2024-03-20T21:57:02.252+0000] {utils.py:137} INFO - Cargando datos en la tabla carbon_intensity...
[2024-03-20T21:57:03.018+0000] {utils.py:157} INFO - Datos cargados exitosamente
[2024-03-20T21:57:03.399+0000] {python.py:194} INFO - Done. Returned value was: None
[2024-03-20T21:57:03.441+0000] {taskinstance.py:1400} INFO - Marking task as SUCCESS. dag_id=dag_carbon_intensity, task_id=load_data, execution_date=20240318T000000, start_date=20240320T215641, end_date=20240320T215703
[2024-03-20T21:57:03.546+0000] {local_task_job_runner.py:228} INFO - Task exited with return code 0
[2024-03-20T21:57:03.691+0000] {taskinstance.py:2778} INFO - 0 downstream tasks scheduled from follow-on schedule check
