[2024-03-23T22:51:23.441+0000] {logging_mixin.py:154} INFO - Changing /opt/***/logs/dag_id=dag_carbon_intensity/run_id=scheduled__2024-03-21T00:00:00+00:00/task_id=load_data permission to 509
[2024-03-23T22:51:23.787+0000] {logging_mixin.py:154} INFO - Changing /opt/***/logs/dag_id=dag_carbon_intensity/run_id=scheduled__2024-03-21T00:00:00+00:00/task_id=load_data permission to 509
[2024-03-23T22:51:23.997+0000] {taskinstance.py:1159} INFO - Dependencies all met for dep_context=non-requeueable deps ti=<TaskInstance: dag_carbon_intensity.load_data scheduled__2024-03-21T00:00:00+00:00 [queued]>
[2024-03-23T22:51:24.044+0000] {taskinstance.py:1159} INFO - Dependencies all met for dep_context=requeueable deps ti=<TaskInstance: dag_carbon_intensity.load_data scheduled__2024-03-21T00:00:00+00:00 [queued]>
[2024-03-23T22:51:24.046+0000] {taskinstance.py:1361} INFO - Starting attempt 1 of 4
[2024-03-23T22:51:24.110+0000] {taskinstance.py:1382} INFO - Executing <Task(PythonOperator): load_data> on 2024-03-21 00:00:00+00:00
[2024-03-23T22:51:24.151+0000] {standard_task_runner.py:57} INFO - Started process 1274 to run task
[2024-03-23T22:51:24.172+0000] {standard_task_runner.py:84} INFO - Running: ['***', 'tasks', 'run', 'dag_carbon_intensity', 'load_data', 'scheduled__2024-03-21T00:00:00+00:00', '--job-id', '398', '--raw', '--subdir', 'DAGS_FOLDER/dag_carbon_intensity.py', '--cfg-path', '/tmp/tmphzk7bk3w']
[2024-03-23T22:51:24.188+0000] {standard_task_runner.py:85} INFO - Job 398: Subtask load_data
[2024-03-23T22:51:24.461+0000] {logging_mixin.py:154} INFO - Changing /opt/***/logs/dag_id=dag_carbon_intensity/run_id=scheduled__2024-03-21T00:00:00+00:00/task_id=load_data permission to 509
[2024-03-23T22:51:24.484+0000] {task_command.py:416} INFO - Running <TaskInstance: dag_carbon_intensity.load_data scheduled__2024-03-21T00:00:00+00:00 [running]> on host a8049dd30460
[2024-03-23T22:51:24.946+0000] {taskinstance.py:1662} INFO - Exporting env vars: AIRFLOW_CTX_DAG_OWNER='***' AIRFLOW_CTX_DAG_ID='dag_carbon_intensity' AIRFLOW_CTX_TASK_ID='load_data' AIRFLOW_CTX_EXECUTION_DATE='2024-03-21T00:00:00+00:00' AIRFLOW_CTX_TRY_NUMBER='1' AIRFLOW_CTX_DAG_RUN_ID='scheduled__2024-03-21T00:00:00+00:00'
[2024-03-23T22:51:24.954+0000] {utils.py:45} INFO - Obteniendo datos de https://api.carbonintensity.org.uk/intensity/stats/2024-03-21T00:00Z/2024-03-22T23:59Z/24...
[2024-03-23T22:51:24.956+0000] {utils.py:46} INFO - Desde: 2024-03-21T00:00Z
[2024-03-23T22:51:24.960+0000] {utils.py:47} INFO - Hasta: 2024-03-22T23:59Z
[2024-03-23T22:51:26.411+0000] {utils.py:52} INFO - https://api.carbonintensity.org.uk/intensity/stats/2024-03-21T00:00Z/2024-03-22T23:59Z/24
[2024-03-23T22:51:26.413+0000] {utils.py:53} INFO - Datos obtenidos exitosamente... Procesando datos...
[2024-03-23T22:51:26.513+0000] {utils.py:65} INFO - Datos procesados exitosamente
[2024-03-23T22:51:26.536+0000] {utils.py:102} INFO - Conectándose a la base de datos...
[2024-03-23T22:51:26.540+0000] {utils.py:108} INFO - Conexión a la base de datos establecida exitosamente
[2024-03-23T22:51:29.337+0000] {utils.py:131} INFO - Cargando datos en la tabla carbon_intensity_stg...
[2024-03-23T22:51:30.802+0000] {utils.py:144} INFO - Datos cargados exitosamente
[2024-03-23T22:51:30.806+0000] {utils.py:145} INFO - Cargando datos en la tabla carbon_intensity...
[2024-03-23T22:51:31.517+0000] {utils.py:165} INFO - Datos cargados exitosamente
[2024-03-23T22:51:31.822+0000] {python.py:194} INFO - Done. Returned value was: None
[2024-03-23T22:51:31.881+0000] {taskinstance.py:1400} INFO - Marking task as SUCCESS. dag_id=dag_carbon_intensity, task_id=load_data, execution_date=20240321T000000, start_date=20240323T225124, end_date=20240323T225131
[2024-03-23T22:51:32.050+0000] {local_task_job_runner.py:228} INFO - Task exited with return code 0
[2024-03-23T22:51:32.106+0000] {taskinstance.py:2778} INFO - 1 downstream tasks scheduled from follow-on schedule check
