[2024-03-08T00:50:54.320+0000] {processor.py:157} INFO - Started process (PID=166) to work on /opt/airflow/dags/dag_luchmeetnet_catchup.py
[2024-03-08T00:50:54.323+0000] {processor.py:829} INFO - Processing file /opt/airflow/dags/dag_luchmeetnet_catchup.py for tasks to queue
[2024-03-08T00:50:54.325+0000] {logging_mixin.py:154} INFO - [2024-03-08T00:50:54.325+0000] {dagbag.py:536} INFO - Filling up the DagBag from /opt/airflow/dags/dag_luchmeetnet_catchup.py
[2024-03-08T00:50:57.208+0000] {processor.py:839} INFO - DAG(s) dict_keys(['dag_luchmeetnet_catchup']) retrieved from /opt/airflow/dags/dag_luchmeetnet_catchup.py
[2024-03-08T00:50:57.734+0000] {logging_mixin.py:154} INFO - [2024-03-08T00:50:57.734+0000] {manager.py:499} INFO - Created Permission View: %s
[2024-03-08T00:50:57.761+0000] {logging_mixin.py:154} INFO - [2024-03-08T00:50:57.761+0000] {manager.py:499} INFO - Created Permission View: %s
[2024-03-08T00:50:57.780+0000] {logging_mixin.py:154} INFO - [2024-03-08T00:50:57.779+0000] {manager.py:499} INFO - Created Permission View: %s
[2024-03-08T00:50:57.781+0000] {logging_mixin.py:154} INFO - [2024-03-08T00:50:57.781+0000] {dag.py:2941} INFO - Sync 1 DAGs
[2024-03-08T00:50:57.801+0000] {logging_mixin.py:154} INFO - [2024-03-08T00:50:57.800+0000] {dag.py:2963} INFO - Creating ORM DAG for dag_luchmeetnet_catchup
[2024-03-08T00:50:57.820+0000] {logging_mixin.py:154} INFO - [2024-03-08T00:50:57.820+0000] {dag.py:3722} INFO - Setting next_dagrun for dag_luchmeetnet_catchup to 2023-11-27T00:00:00+00:00, run_after=2023-11-27T01:00:00+00:00
[2024-03-08T00:50:57.858+0000] {processor.py:179} INFO - Processing /opt/airflow/dags/dag_luchmeetnet_catchup.py took 3.543 seconds
[2024-03-08T00:51:07.992+0000] {processor.py:157} INFO - Started process (PID=183) to work on /opt/airflow/dags/dag_luchmeetnet_catchup.py
[2024-03-08T00:51:07.994+0000] {processor.py:829} INFO - Processing file /opt/airflow/dags/dag_luchmeetnet_catchup.py for tasks to queue
[2024-03-08T00:51:07.998+0000] {logging_mixin.py:154} INFO - [2024-03-08T00:51:07.997+0000] {dagbag.py:536} INFO - Filling up the DagBag from /opt/airflow/dags/dag_luchmeetnet_catchup.py
[2024-03-08T00:51:10.441+0000] {processor.py:839} INFO - DAG(s) dict_keys(['dag_luchmeetnet_catchup']) retrieved from /opt/airflow/dags/dag_luchmeetnet_catchup.py
[2024-03-08T00:51:10.488+0000] {logging_mixin.py:154} INFO - [2024-03-08T00:51:10.487+0000] {dag.py:2941} INFO - Sync 1 DAGs
[2024-03-08T00:51:10.523+0000] {logging_mixin.py:154} INFO - [2024-03-08T00:51:10.522+0000] {dag.py:3722} INFO - Setting next_dagrun for dag_luchmeetnet_catchup to 2023-11-27T00:00:00+00:00, run_after=2023-11-27T01:00:00+00:00
[2024-03-08T00:51:10.553+0000] {processor.py:179} INFO - Processing /opt/airflow/dags/dag_luchmeetnet_catchup.py took 2.567 seconds
[2024-03-08T00:51:20.705+0000] {processor.py:157} INFO - Started process (PID=200) to work on /opt/airflow/dags/dag_luchmeetnet_catchup.py
[2024-03-08T00:51:20.707+0000] {processor.py:829} INFO - Processing file /opt/airflow/dags/dag_luchmeetnet_catchup.py for tasks to queue
[2024-03-08T00:51:20.710+0000] {logging_mixin.py:154} INFO - [2024-03-08T00:51:20.710+0000] {dagbag.py:536} INFO - Filling up the DagBag from /opt/airflow/dags/dag_luchmeetnet_catchup.py
[2024-03-08T00:51:21.405+0000] {processor.py:839} INFO - DAG(s) dict_keys(['dag_luchmeetnet_catchup']) retrieved from /opt/airflow/dags/dag_luchmeetnet_catchup.py
[2024-03-08T00:51:21.443+0000] {logging_mixin.py:154} INFO - [2024-03-08T00:51:21.442+0000] {dag.py:2941} INFO - Sync 1 DAGs
[2024-03-08T00:51:21.484+0000] {logging_mixin.py:154} INFO - [2024-03-08T00:51:21.483+0000] {dag.py:3722} INFO - Setting next_dagrun for dag_luchmeetnet_catchup to 2023-11-27T00:00:00+00:00, run_after=2023-11-27T01:00:00+00:00
[2024-03-08T00:51:21.564+0000] {processor.py:179} INFO - Processing /opt/airflow/dags/dag_luchmeetnet_catchup.py took 0.863 seconds
[2024-03-08T00:51:31.794+0000] {processor.py:157} INFO - Started process (PID=217) to work on /opt/airflow/dags/dag_luchmeetnet_catchup.py
[2024-03-08T00:51:31.796+0000] {processor.py:829} INFO - Processing file /opt/airflow/dags/dag_luchmeetnet_catchup.py for tasks to queue
[2024-03-08T00:51:31.799+0000] {logging_mixin.py:154} INFO - [2024-03-08T00:51:31.798+0000] {dagbag.py:536} INFO - Filling up the DagBag from /opt/airflow/dags/dag_luchmeetnet_catchup.py
[2024-03-08T00:51:32.559+0000] {processor.py:839} INFO - DAG(s) dict_keys(['dag_luchmeetnet_catchup']) retrieved from /opt/airflow/dags/dag_luchmeetnet_catchup.py
[2024-03-08T00:51:32.599+0000] {logging_mixin.py:154} INFO - [2024-03-08T00:51:32.599+0000] {dag.py:2941} INFO - Sync 1 DAGs
[2024-03-08T00:51:32.632+0000] {logging_mixin.py:154} INFO - [2024-03-08T00:51:32.632+0000] {dag.py:3722} INFO - Setting next_dagrun for dag_luchmeetnet_catchup to 2023-11-27T00:00:00+00:00, run_after=2023-11-27T01:00:00+00:00
[2024-03-08T00:51:32.663+0000] {processor.py:179} INFO - Processing /opt/airflow/dags/dag_luchmeetnet_catchup.py took 0.874 seconds
[2024-03-08T00:51:42.802+0000] {processor.py:157} INFO - Started process (PID=234) to work on /opt/airflow/dags/dag_luchmeetnet_catchup.py
[2024-03-08T00:51:42.804+0000] {processor.py:829} INFO - Processing file /opt/airflow/dags/dag_luchmeetnet_catchup.py for tasks to queue
[2024-03-08T00:51:42.806+0000] {logging_mixin.py:154} INFO - [2024-03-08T00:51:42.806+0000] {dagbag.py:536} INFO - Filling up the DagBag from /opt/airflow/dags/dag_luchmeetnet_catchup.py
[2024-03-08T00:51:43.553+0000] {processor.py:839} INFO - DAG(s) dict_keys(['dag_luchmeetnet_catchup']) retrieved from /opt/airflow/dags/dag_luchmeetnet_catchup.py
[2024-03-08T00:51:43.594+0000] {logging_mixin.py:154} INFO - [2024-03-08T00:51:43.593+0000] {dag.py:2941} INFO - Sync 1 DAGs
[2024-03-08T00:51:43.635+0000] {logging_mixin.py:154} INFO - [2024-03-08T00:51:43.634+0000] {dag.py:3722} INFO - Setting next_dagrun for dag_luchmeetnet_catchup to 2023-11-27T00:00:00+00:00, run_after=2023-11-27T01:00:00+00:00
[2024-03-08T00:51:43.722+0000] {processor.py:179} INFO - Processing /opt/airflow/dags/dag_luchmeetnet_catchup.py took 0.926 seconds
[2024-03-08T00:51:54.104+0000] {processor.py:157} INFO - Started process (PID=251) to work on /opt/airflow/dags/dag_luchmeetnet_catchup.py
[2024-03-08T00:51:54.107+0000] {processor.py:829} INFO - Processing file /opt/airflow/dags/dag_luchmeetnet_catchup.py for tasks to queue
[2024-03-08T00:51:54.109+0000] {logging_mixin.py:154} INFO - [2024-03-08T00:51:54.108+0000] {dagbag.py:536} INFO - Filling up the DagBag from /opt/airflow/dags/dag_luchmeetnet_catchup.py
[2024-03-08T00:51:55.817+0000] {processor.py:839} INFO - DAG(s) dict_keys(['dag_luchmeetnet_catchup']) retrieved from /opt/airflow/dags/dag_luchmeetnet_catchup.py
[2024-03-08T00:51:55.910+0000] {logging_mixin.py:154} INFO - [2024-03-08T00:51:55.910+0000] {dag.py:2941} INFO - Sync 1 DAGs
[2024-03-08T00:51:55.960+0000] {logging_mixin.py:154} INFO - [2024-03-08T00:51:55.960+0000] {dag.py:3722} INFO - Setting next_dagrun for dag_luchmeetnet_catchup to 2023-11-27T00:00:00+00:00, run_after=2023-11-27T01:00:00+00:00
[2024-03-08T00:51:56.014+0000] {processor.py:179} INFO - Processing /opt/airflow/dags/dag_luchmeetnet_catchup.py took 1.918 seconds
[2024-03-08T00:52:06.206+0000] {processor.py:157} INFO - Started process (PID=268) to work on /opt/airflow/dags/dag_luchmeetnet_catchup.py
[2024-03-08T00:52:06.208+0000] {processor.py:829} INFO - Processing file /opt/airflow/dags/dag_luchmeetnet_catchup.py for tasks to queue
[2024-03-08T00:52:06.210+0000] {logging_mixin.py:154} INFO - [2024-03-08T00:52:06.210+0000] {dagbag.py:536} INFO - Filling up the DagBag from /opt/airflow/dags/dag_luchmeetnet_catchup.py
[2024-03-08T00:52:08.007+0000] {processor.py:839} INFO - DAG(s) dict_keys(['dag_luchmeetnet_catchup']) retrieved from /opt/airflow/dags/dag_luchmeetnet_catchup.py
[2024-03-08T00:52:08.040+0000] {logging_mixin.py:154} INFO - [2024-03-08T00:52:08.040+0000] {dag.py:2941} INFO - Sync 1 DAGs
[2024-03-08T00:52:08.076+0000] {logging_mixin.py:154} INFO - [2024-03-08T00:52:08.075+0000] {dag.py:3722} INFO - Setting next_dagrun for dag_luchmeetnet_catchup to 2023-11-27T00:00:00+00:00, run_after=2023-11-27T01:00:00+00:00
[2024-03-08T00:52:08.107+0000] {processor.py:179} INFO - Processing /opt/airflow/dags/dag_luchmeetnet_catchup.py took 1.907 seconds
[2024-03-08T00:52:18.264+0000] {processor.py:157} INFO - Started process (PID=285) to work on /opt/airflow/dags/dag_luchmeetnet_catchup.py
[2024-03-08T00:52:18.269+0000] {processor.py:829} INFO - Processing file /opt/airflow/dags/dag_luchmeetnet_catchup.py for tasks to queue
[2024-03-08T00:52:18.272+0000] {logging_mixin.py:154} INFO - [2024-03-08T00:52:18.272+0000] {dagbag.py:536} INFO - Filling up the DagBag from /opt/airflow/dags/dag_luchmeetnet_catchup.py
[2024-03-08T00:52:18.877+0000] {processor.py:839} INFO - DAG(s) dict_keys(['dag_luchmeetnet_catchup']) retrieved from /opt/airflow/dags/dag_luchmeetnet_catchup.py
[2024-03-08T00:52:18.940+0000] {logging_mixin.py:154} INFO - [2024-03-08T00:52:18.939+0000] {dag.py:2941} INFO - Sync 1 DAGs
[2024-03-08T00:52:19.045+0000] {logging_mixin.py:154} INFO - [2024-03-08T00:52:19.044+0000] {dag.py:3722} INFO - Setting next_dagrun for dag_luchmeetnet_catchup to 2023-11-27T00:00:00+00:00, run_after=2023-11-27T01:00:00+00:00
[2024-03-08T00:52:19.172+0000] {processor.py:179} INFO - Processing /opt/airflow/dags/dag_luchmeetnet_catchup.py took 0.914 seconds
[2024-03-08T00:52:29.403+0000] {processor.py:157} INFO - Started process (PID=302) to work on /opt/airflow/dags/dag_luchmeetnet_catchup.py
[2024-03-08T00:52:29.406+0000] {processor.py:829} INFO - Processing file /opt/airflow/dags/dag_luchmeetnet_catchup.py for tasks to queue
[2024-03-08T00:52:29.409+0000] {logging_mixin.py:154} INFO - [2024-03-08T00:52:29.409+0000] {dagbag.py:536} INFO - Filling up the DagBag from /opt/airflow/dags/dag_luchmeetnet_catchup.py
[2024-03-08T00:52:30.258+0000] {processor.py:839} INFO - DAG(s) dict_keys(['dag_luchmeetnet_catchup']) retrieved from /opt/airflow/dags/dag_luchmeetnet_catchup.py
[2024-03-08T00:52:30.300+0000] {logging_mixin.py:154} INFO - [2024-03-08T00:52:30.299+0000] {dag.py:2941} INFO - Sync 1 DAGs
[2024-03-08T00:52:30.339+0000] {logging_mixin.py:154} INFO - [2024-03-08T00:52:30.338+0000] {dag.py:3722} INFO - Setting next_dagrun for dag_luchmeetnet_catchup to 2023-11-27T00:00:00+00:00, run_after=2023-11-27T01:00:00+00:00
[2024-03-08T00:52:30.367+0000] {processor.py:179} INFO - Processing /opt/airflow/dags/dag_luchmeetnet_catchup.py took 0.972 seconds
[2024-03-08T00:52:40.565+0000] {processor.py:157} INFO - Started process (PID=319) to work on /opt/airflow/dags/dag_luchmeetnet_catchup.py
[2024-03-08T00:52:40.568+0000] {processor.py:829} INFO - Processing file /opt/airflow/dags/dag_luchmeetnet_catchup.py for tasks to queue
[2024-03-08T00:52:40.573+0000] {logging_mixin.py:154} INFO - [2024-03-08T00:52:40.573+0000] {dagbag.py:536} INFO - Filling up the DagBag from /opt/airflow/dags/dag_luchmeetnet_catchup.py
[2024-03-08T00:52:41.564+0000] {processor.py:839} INFO - DAG(s) dict_keys(['dag_luchmeetnet_catchup']) retrieved from /opt/airflow/dags/dag_luchmeetnet_catchup.py
[2024-03-08T00:52:41.621+0000] {logging_mixin.py:154} INFO - [2024-03-08T00:52:41.620+0000] {dag.py:2941} INFO - Sync 1 DAGs
[2024-03-08T00:52:41.652+0000] {logging_mixin.py:154} INFO - [2024-03-08T00:52:41.652+0000] {dag.py:3722} INFO - Setting next_dagrun for dag_luchmeetnet_catchup to 2023-11-27T00:00:00+00:00, run_after=2023-11-27T01:00:00+00:00
[2024-03-08T00:52:41.788+0000] {processor.py:179} INFO - Processing /opt/airflow/dags/dag_luchmeetnet_catchup.py took 1.230 seconds
[2024-03-08T00:52:51.911+0000] {processor.py:157} INFO - Started process (PID=336) to work on /opt/airflow/dags/dag_luchmeetnet_catchup.py
[2024-03-08T00:52:51.914+0000] {processor.py:829} INFO - Processing file /opt/airflow/dags/dag_luchmeetnet_catchup.py for tasks to queue
[2024-03-08T00:52:51.917+0000] {logging_mixin.py:154} INFO - [2024-03-08T00:52:51.916+0000] {dagbag.py:536} INFO - Filling up the DagBag from /opt/airflow/dags/dag_luchmeetnet_catchup.py
[2024-03-08T00:52:52.572+0000] {processor.py:839} INFO - DAG(s) dict_keys(['dag_luchmeetnet_catchup']) retrieved from /opt/airflow/dags/dag_luchmeetnet_catchup.py
[2024-03-08T00:52:52.622+0000] {logging_mixin.py:154} INFO - [2024-03-08T00:52:52.621+0000] {dag.py:2941} INFO - Sync 1 DAGs
[2024-03-08T00:52:52.666+0000] {logging_mixin.py:154} INFO - [2024-03-08T00:52:52.665+0000] {dag.py:3722} INFO - Setting next_dagrun for dag_luchmeetnet_catchup to 2023-11-27T00:00:00+00:00, run_after=2023-11-27T01:00:00+00:00
[2024-03-08T00:52:52.704+0000] {processor.py:179} INFO - Processing /opt/airflow/dags/dag_luchmeetnet_catchup.py took 0.798 seconds
[2024-03-08T00:55:53.678+0000] {processor.py:157} INFO - Started process (PID=353) to work on /opt/airflow/dags/dag_luchmeetnet_catchup.py
[2024-03-08T00:55:53.727+0000] {processor.py:829} INFO - Processing file /opt/airflow/dags/dag_luchmeetnet_catchup.py for tasks to queue
[2024-03-08T00:55:53.746+0000] {logging_mixin.py:154} INFO - [2024-03-08T00:55:53.746+0000] {dagbag.py:536} INFO - Filling up the DagBag from /opt/airflow/dags/dag_luchmeetnet_catchup.py
[2024-03-08T00:55:56.651+0000] {processor.py:839} INFO - DAG(s) dict_keys(['dag_luchmeetnet_catchup']) retrieved from /opt/airflow/dags/dag_luchmeetnet_catchup.py
[2024-03-08T00:55:56.805+0000] {logging_mixin.py:154} INFO - [2024-03-08T00:55:56.805+0000] {dag.py:2941} INFO - Sync 1 DAGs
[2024-03-08T00:55:57.030+0000] {logging_mixin.py:154} INFO - [2024-03-08T00:55:57.029+0000] {dag.py:3722} INFO - Setting next_dagrun for dag_luchmeetnet_catchup to 2023-11-27T00:00:00+00:00, run_after=2023-11-27T01:00:00+00:00
[2024-03-08T00:55:57.169+0000] {processor.py:179} INFO - Processing /opt/airflow/dags/dag_luchmeetnet_catchup.py took 3.496 seconds
[2024-03-08T01:45:00.283+0000] {processor.py:157} INFO - Started process (PID=374) to work on /opt/airflow/dags/dag_luchmeetnet_catchup.py
[2024-03-08T01:45:00.312+0000] {processor.py:829} INFO - Processing file /opt/airflow/dags/dag_luchmeetnet_catchup.py for tasks to queue
[2024-03-08T01:45:00.420+0000] {logging_mixin.py:154} INFO - [2024-03-08T01:45:00.348+0000] {dagbag.py:536} INFO - Filling up the DagBag from /opt/airflow/dags/dag_luchmeetnet_catchup.py
[2024-03-08T01:45:04.805+0000] {processor.py:839} INFO - DAG(s) dict_keys(['dag_luchmeetnet_catchup']) retrieved from /opt/airflow/dags/dag_luchmeetnet_catchup.py
[2024-03-08T01:45:05.719+0000] {logging_mixin.py:154} INFO - [2024-03-08T01:45:05.719+0000] {dag.py:2941} INFO - Sync 1 DAGs
[2024-03-08T01:45:05.801+0000] {logging_mixin.py:154} INFO - [2024-03-08T01:45:05.801+0000] {dag.py:3722} INFO - Setting next_dagrun for dag_luchmeetnet_catchup to 2023-11-27T00:00:00+00:00, run_after=2023-11-27T01:00:00+00:00
[2024-03-08T01:45:05.872+0000] {processor.py:179} INFO - Processing /opt/airflow/dags/dag_luchmeetnet_catchup.py took 6.323 seconds
[2024-03-08T01:45:16.029+0000] {processor.py:157} INFO - Started process (PID=391) to work on /opt/airflow/dags/dag_luchmeetnet_catchup.py
[2024-03-08T01:45:16.032+0000] {processor.py:829} INFO - Processing file /opt/airflow/dags/dag_luchmeetnet_catchup.py for tasks to queue
[2024-03-08T01:45:16.035+0000] {logging_mixin.py:154} INFO - [2024-03-08T01:45:16.034+0000] {dagbag.py:536} INFO - Filling up the DagBag from /opt/airflow/dags/dag_luchmeetnet_catchup.py
[2024-03-08T01:45:16.506+0000] {processor.py:839} INFO - DAG(s) dict_keys(['dag_luchmeetnet_catchup']) retrieved from /opt/airflow/dags/dag_luchmeetnet_catchup.py
[2024-03-08T01:45:16.724+0000] {logging_mixin.py:154} INFO - [2024-03-08T01:45:16.723+0000] {dag.py:2941} INFO - Sync 1 DAGs
[2024-03-08T01:45:16.757+0000] {logging_mixin.py:154} INFO - [2024-03-08T01:45:16.757+0000] {dag.py:3722} INFO - Setting next_dagrun for dag_luchmeetnet_catchup to 2023-11-27T00:00:00+00:00, run_after=2023-11-27T01:00:00+00:00
[2024-03-08T01:45:16.781+0000] {processor.py:179} INFO - Processing /opt/airflow/dags/dag_luchmeetnet_catchup.py took 0.757 seconds
[2024-03-08T01:45:26.919+0000] {processor.py:157} INFO - Started process (PID=408) to work on /opt/airflow/dags/dag_luchmeetnet_catchup.py
[2024-03-08T01:45:26.921+0000] {processor.py:829} INFO - Processing file /opt/airflow/dags/dag_luchmeetnet_catchup.py for tasks to queue
[2024-03-08T01:45:26.925+0000] {logging_mixin.py:154} INFO - [2024-03-08T01:45:26.924+0000] {dagbag.py:536} INFO - Filling up the DagBag from /opt/airflow/dags/dag_luchmeetnet_catchup.py
[2024-03-08T01:45:27.555+0000] {processor.py:839} INFO - DAG(s) dict_keys(['dag_luchmeetnet_catchup']) retrieved from /opt/airflow/dags/dag_luchmeetnet_catchup.py
[2024-03-08T01:45:27.589+0000] {logging_mixin.py:154} INFO - [2024-03-08T01:45:27.588+0000] {dag.py:2941} INFO - Sync 1 DAGs
[2024-03-08T01:45:27.616+0000] {logging_mixin.py:154} INFO - [2024-03-08T01:45:27.616+0000] {dag.py:3722} INFO - Setting next_dagrun for dag_luchmeetnet_catchup to 2023-11-27T00:00:00+00:00, run_after=2023-11-27T01:00:00+00:00
[2024-03-08T01:45:27.646+0000] {processor.py:179} INFO - Processing /opt/airflow/dags/dag_luchmeetnet_catchup.py took 0.734 seconds
[2024-03-08T01:45:37.767+0000] {processor.py:157} INFO - Started process (PID=425) to work on /opt/airflow/dags/dag_luchmeetnet_catchup.py
[2024-03-08T01:45:37.770+0000] {processor.py:829} INFO - Processing file /opt/airflow/dags/dag_luchmeetnet_catchup.py for tasks to queue
[2024-03-08T01:45:37.772+0000] {logging_mixin.py:154} INFO - [2024-03-08T01:45:37.772+0000] {dagbag.py:536} INFO - Filling up the DagBag from /opt/airflow/dags/dag_luchmeetnet_catchup.py
[2024-03-08T01:45:38.545+0000] {processor.py:839} INFO - DAG(s) dict_keys(['dag_luchmeetnet_catchup']) retrieved from /opt/airflow/dags/dag_luchmeetnet_catchup.py
[2024-03-08T01:45:38.584+0000] {logging_mixin.py:154} INFO - [2024-03-08T01:45:38.583+0000] {dag.py:2941} INFO - Sync 1 DAGs
[2024-03-08T01:45:38.614+0000] {logging_mixin.py:154} INFO - [2024-03-08T01:45:38.613+0000] {dag.py:3722} INFO - Setting next_dagrun for dag_luchmeetnet_catchup to 2023-11-27T00:00:00+00:00, run_after=2023-11-27T01:00:00+00:00
[2024-03-08T01:45:38.640+0000] {processor.py:179} INFO - Processing /opt/airflow/dags/dag_luchmeetnet_catchup.py took 0.879 seconds
[2024-03-08T01:45:48.792+0000] {processor.py:157} INFO - Started process (PID=442) to work on /opt/airflow/dags/dag_luchmeetnet_catchup.py
[2024-03-08T01:45:48.794+0000] {processor.py:829} INFO - Processing file /opt/airflow/dags/dag_luchmeetnet_catchup.py for tasks to queue
[2024-03-08T01:45:48.797+0000] {logging_mixin.py:154} INFO - [2024-03-08T01:45:48.797+0000] {dagbag.py:536} INFO - Filling up the DagBag from /opt/airflow/dags/dag_luchmeetnet_catchup.py
[2024-03-08T01:45:49.528+0000] {processor.py:839} INFO - DAG(s) dict_keys(['dag_luchmeetnet_catchup']) retrieved from /opt/airflow/dags/dag_luchmeetnet_catchup.py
[2024-03-08T01:45:49.583+0000] {logging_mixin.py:154} INFO - [2024-03-08T01:45:49.583+0000] {dag.py:2941} INFO - Sync 1 DAGs
[2024-03-08T01:45:49.620+0000] {logging_mixin.py:154} INFO - [2024-03-08T01:45:49.619+0000] {dag.py:3722} INFO - Setting next_dagrun for dag_luchmeetnet_catchup to 2023-11-27T00:00:00+00:00, run_after=2023-11-27T01:00:00+00:00
[2024-03-08T01:45:49.662+0000] {processor.py:179} INFO - Processing /opt/airflow/dags/dag_luchmeetnet_catchup.py took 0.878 seconds
[2024-03-08T01:45:59.831+0000] {processor.py:157} INFO - Started process (PID=459) to work on /opt/airflow/dags/dag_luchmeetnet_catchup.py
[2024-03-08T01:45:59.833+0000] {processor.py:829} INFO - Processing file /opt/airflow/dags/dag_luchmeetnet_catchup.py for tasks to queue
[2024-03-08T01:45:59.836+0000] {logging_mixin.py:154} INFO - [2024-03-08T01:45:59.835+0000] {dagbag.py:536} INFO - Filling up the DagBag from /opt/airflow/dags/dag_luchmeetnet_catchup.py
[2024-03-08T01:46:00.439+0000] {processor.py:839} INFO - DAG(s) dict_keys(['dag_luchmeetnet_catchup']) retrieved from /opt/airflow/dags/dag_luchmeetnet_catchup.py
[2024-03-08T01:46:00.477+0000] {logging_mixin.py:154} INFO - [2024-03-08T01:46:00.476+0000] {dag.py:2941} INFO - Sync 1 DAGs
[2024-03-08T01:46:00.528+0000] {logging_mixin.py:154} INFO - [2024-03-08T01:46:00.527+0000] {dag.py:3722} INFO - Setting next_dagrun for dag_luchmeetnet_catchup to 2023-11-27T00:00:00+00:00, run_after=2023-11-27T01:00:00+00:00
[2024-03-08T01:46:00.562+0000] {processor.py:179} INFO - Processing /opt/airflow/dags/dag_luchmeetnet_catchup.py took 0.737 seconds
[2024-03-08T01:46:10.830+0000] {processor.py:157} INFO - Started process (PID=476) to work on /opt/airflow/dags/dag_luchmeetnet_catchup.py
[2024-03-08T01:46:10.832+0000] {processor.py:829} INFO - Processing file /opt/airflow/dags/dag_luchmeetnet_catchup.py for tasks to queue
[2024-03-08T01:46:10.835+0000] {logging_mixin.py:154} INFO - [2024-03-08T01:46:10.834+0000] {dagbag.py:536} INFO - Filling up the DagBag from /opt/airflow/dags/dag_luchmeetnet_catchup.py
[2024-03-08T01:46:11.466+0000] {processor.py:839} INFO - DAG(s) dict_keys(['dag_luchmeetnet_catchup']) retrieved from /opt/airflow/dags/dag_luchmeetnet_catchup.py
[2024-03-08T01:46:11.501+0000] {logging_mixin.py:154} INFO - [2024-03-08T01:46:11.501+0000] {dag.py:2941} INFO - Sync 1 DAGs
[2024-03-08T01:46:11.533+0000] {logging_mixin.py:154} INFO - [2024-03-08T01:46:11.533+0000] {dag.py:3722} INFO - Setting next_dagrun for dag_luchmeetnet_catchup to 2023-11-27T00:00:00+00:00, run_after=2023-11-27T01:00:00+00:00
[2024-03-08T01:46:11.559+0000] {processor.py:179} INFO - Processing /opt/airflow/dags/dag_luchmeetnet_catchup.py took 0.735 seconds
[2024-03-08T01:46:22.145+0000] {processor.py:157} INFO - Started process (PID=493) to work on /opt/airflow/dags/dag_luchmeetnet_catchup.py
[2024-03-08T01:46:22.224+0000] {processor.py:829} INFO - Processing file /opt/airflow/dags/dag_luchmeetnet_catchup.py for tasks to queue
[2024-03-08T01:46:22.298+0000] {logging_mixin.py:154} INFO - [2024-03-08T01:46:22.297+0000] {dagbag.py:536} INFO - Filling up the DagBag from /opt/airflow/dags/dag_luchmeetnet_catchup.py
[2024-03-08T01:46:25.724+0000] {processor.py:839} INFO - DAG(s) dict_keys(['dag_luchmeetnet_catchup']) retrieved from /opt/airflow/dags/dag_luchmeetnet_catchup.py
[2024-03-08T01:46:25.827+0000] {logging_mixin.py:154} INFO - [2024-03-08T01:46:25.826+0000] {dag.py:2941} INFO - Sync 1 DAGs
[2024-03-08T01:46:25.984+0000] {logging_mixin.py:154} INFO - [2024-03-08T01:46:25.984+0000] {dag.py:3722} INFO - Setting next_dagrun for dag_luchmeetnet_catchup to 2023-11-27T00:00:00+00:00, run_after=2023-11-27T01:00:00+00:00
[2024-03-08T01:46:26.093+0000] {processor.py:179} INFO - Processing /opt/airflow/dags/dag_luchmeetnet_catchup.py took 3.955 seconds
[2024-03-08T01:46:36.872+0000] {processor.py:157} INFO - Started process (PID=510) to work on /opt/airflow/dags/dag_luchmeetnet_catchup.py
[2024-03-08T01:46:36.884+0000] {processor.py:829} INFO - Processing file /opt/airflow/dags/dag_luchmeetnet_catchup.py for tasks to queue
[2024-03-08T01:46:36.980+0000] {logging_mixin.py:154} INFO - [2024-03-08T01:46:36.979+0000] {dagbag.py:536} INFO - Filling up the DagBag from /opt/airflow/dags/dag_luchmeetnet_catchup.py
[2024-03-08T01:46:39.617+0000] {processor.py:839} INFO - DAG(s) dict_keys(['dag_luchmeetnet_catchup']) retrieved from /opt/airflow/dags/dag_luchmeetnet_catchup.py
[2024-03-08T01:46:39.759+0000] {logging_mixin.py:154} INFO - [2024-03-08T01:46:39.758+0000] {dag.py:2941} INFO - Sync 1 DAGs
[2024-03-08T01:46:39.945+0000] {logging_mixin.py:154} INFO - [2024-03-08T01:46:39.945+0000] {dag.py:3722} INFO - Setting next_dagrun for dag_luchmeetnet_catchup to 2023-11-27T00:00:00+00:00, run_after=2023-11-27T01:00:00+00:00
[2024-03-08T01:46:40.057+0000] {processor.py:179} INFO - Processing /opt/airflow/dags/dag_luchmeetnet_catchup.py took 3.191 seconds
[2024-03-08T01:46:59.164+0000] {processor.py:157} INFO - Started process (PID=527) to work on /opt/airflow/dags/dag_luchmeetnet_catchup.py
[2024-03-08T01:46:59.211+0000] {processor.py:829} INFO - Processing file /opt/airflow/dags/dag_luchmeetnet_catchup.py for tasks to queue
[2024-03-08T01:46:59.257+0000] {logging_mixin.py:154} INFO - [2024-03-08T01:46:59.257+0000] {dagbag.py:536} INFO - Filling up the DagBag from /opt/airflow/dags/dag_luchmeetnet_catchup.py
[2024-03-08T01:47:02.127+0000] {processor.py:839} INFO - DAG(s) dict_keys(['dag_luchmeetnet_catchup']) retrieved from /opt/airflow/dags/dag_luchmeetnet_catchup.py
[2024-03-08T01:47:02.293+0000] {logging_mixin.py:154} INFO - [2024-03-08T01:47:02.292+0000] {dag.py:2941} INFO - Sync 1 DAGs
[2024-03-08T01:47:02.475+0000] {logging_mixin.py:154} INFO - [2024-03-08T01:47:02.474+0000] {dag.py:3722} INFO - Setting next_dagrun for dag_luchmeetnet_catchup to 2023-11-27T00:00:00+00:00, run_after=2023-11-27T01:00:00+00:00
[2024-03-08T01:47:02.653+0000] {processor.py:179} INFO - Processing /opt/airflow/dags/dag_luchmeetnet_catchup.py took 3.494 seconds
[2024-03-08T01:47:13.048+0000] {processor.py:157} INFO - Started process (PID=560) to work on /opt/airflow/dags/dag_luchmeetnet_catchup.py
[2024-03-08T01:47:13.059+0000] {processor.py:829} INFO - Processing file /opt/airflow/dags/dag_luchmeetnet_catchup.py for tasks to queue
[2024-03-08T01:47:13.066+0000] {logging_mixin.py:154} INFO - [2024-03-08T01:47:13.065+0000] {dagbag.py:536} INFO - Filling up the DagBag from /opt/airflow/dags/dag_luchmeetnet_catchup.py
[2024-03-08T01:47:15.991+0000] {processor.py:839} INFO - DAG(s) dict_keys(['dag_luchmeetnet_catchup']) retrieved from /opt/airflow/dags/dag_luchmeetnet_catchup.py
[2024-03-08T01:47:16.121+0000] {logging_mixin.py:154} INFO - [2024-03-08T01:47:16.120+0000] {dag.py:2941} INFO - Sync 1 DAGs
[2024-03-08T01:47:16.273+0000] {logging_mixin.py:154} INFO - [2024-03-08T01:47:16.273+0000] {dag.py:3722} INFO - Setting next_dagrun for dag_luchmeetnet_catchup to 2023-11-27T00:00:00+00:00, run_after=2023-11-27T01:00:00+00:00
[2024-03-08T01:47:16.371+0000] {processor.py:179} INFO - Processing /opt/airflow/dags/dag_luchmeetnet_catchup.py took 3.329 seconds
[2024-03-08T01:47:27.200+0000] {processor.py:157} INFO - Started process (PID=577) to work on /opt/airflow/dags/dag_luchmeetnet_catchup.py
[2024-03-08T01:47:27.238+0000] {processor.py:829} INFO - Processing file /opt/airflow/dags/dag_luchmeetnet_catchup.py for tasks to queue
[2024-03-08T01:47:27.264+0000] {logging_mixin.py:154} INFO - [2024-03-08T01:47:27.264+0000] {dagbag.py:536} INFO - Filling up the DagBag from /opt/airflow/dags/dag_luchmeetnet_catchup.py
[2024-03-08T01:48:39.435+0000] {processor.py:157} INFO - Started process (PID=602) to work on /opt/airflow/dags/dag_luchmeetnet_catchup.py
[2024-03-08T01:48:39.465+0000] {processor.py:829} INFO - Processing file /opt/airflow/dags/dag_luchmeetnet_catchup.py for tasks to queue
[2024-03-08T01:48:39.538+0000] {logging_mixin.py:154} INFO - [2024-03-08T01:48:39.499+0000] {dagbag.py:536} INFO - Filling up the DagBag from /opt/airflow/dags/dag_luchmeetnet_catchup.py
[2024-03-08T01:48:53.599+0000] {processor.py:839} INFO - DAG(s) dict_keys(['dag_luchmeetnet_catchup']) retrieved from /opt/airflow/dags/dag_luchmeetnet_catchup.py
[2024-03-08T01:48:53.707+0000] {logging_mixin.py:154} INFO - [2024-03-08T01:48:53.706+0000] {dag.py:2941} INFO - Sync 1 DAGs
[2024-03-08T01:48:53.768+0000] {logging_mixin.py:154} INFO - [2024-03-08T01:48:53.768+0000] {dag.py:3722} INFO - Setting next_dagrun for dag_luchmeetnet_catchup to 2023-11-27T00:00:00+00:00, run_after=2023-11-27T01:00:00+00:00
[2024-03-08T01:48:53.838+0000] {processor.py:179} INFO - Processing /opt/airflow/dags/dag_luchmeetnet_catchup.py took 16.799 seconds
[2024-03-08T01:49:04.494+0000] {processor.py:157} INFO - Started process (PID=651) to work on /opt/airflow/dags/dag_luchmeetnet_catchup.py
[2024-03-08T01:49:04.512+0000] {processor.py:829} INFO - Processing file /opt/airflow/dags/dag_luchmeetnet_catchup.py for tasks to queue
[2024-03-08T01:49:04.559+0000] {logging_mixin.py:154} INFO - [2024-03-08T01:49:04.551+0000] {dagbag.py:536} INFO - Filling up the DagBag from /opt/airflow/dags/dag_luchmeetnet_catchup.py
[2024-03-08T01:49:08.307+0000] {processor.py:839} INFO - DAG(s) dict_keys(['dag_luchmeetnet_catchup']) retrieved from /opt/airflow/dags/dag_luchmeetnet_catchup.py
[2024-03-08T01:49:08.535+0000] {logging_mixin.py:154} INFO - [2024-03-08T01:49:08.534+0000] {dag.py:2941} INFO - Sync 1 DAGs
[2024-03-08T01:49:08.712+0000] {logging_mixin.py:154} INFO - [2024-03-08T01:49:08.712+0000] {dag.py:3722} INFO - Setting next_dagrun for dag_luchmeetnet_catchup to 2023-11-27T00:00:00+00:00, run_after=2023-11-27T01:00:00+00:00
[2024-03-08T01:49:09.023+0000] {processor.py:179} INFO - Processing /opt/airflow/dags/dag_luchmeetnet_catchup.py took 4.585 seconds
[2024-03-08T01:49:19.866+0000] {processor.py:157} INFO - Started process (PID=706) to work on /opt/airflow/dags/dag_luchmeetnet_catchup.py
[2024-03-08T01:49:19.868+0000] {processor.py:829} INFO - Processing file /opt/airflow/dags/dag_luchmeetnet_catchup.py for tasks to queue
[2024-03-08T01:49:19.875+0000] {logging_mixin.py:154} INFO - [2024-03-08T01:49:19.874+0000] {dagbag.py:536} INFO - Filling up the DagBag from /opt/airflow/dags/dag_luchmeetnet_catchup.py
[2024-03-08T01:49:21.159+0000] {processor.py:839} INFO - DAG(s) dict_keys(['dag_luchmeetnet_catchup']) retrieved from /opt/airflow/dags/dag_luchmeetnet_catchup.py
[2024-03-08T01:49:21.205+0000] {logging_mixin.py:154} INFO - [2024-03-08T01:49:21.202+0000] {dag.py:2941} INFO - Sync 1 DAGs
[2024-03-08T01:49:21.256+0000] {logging_mixin.py:154} INFO - [2024-03-08T01:49:21.256+0000] {dag.py:3722} INFO - Setting next_dagrun for dag_luchmeetnet_catchup to 2023-11-27T00:00:00+00:00, run_after=2023-11-27T01:00:00+00:00
[2024-03-08T01:49:21.301+0000] {processor.py:179} INFO - Processing /opt/airflow/dags/dag_luchmeetnet_catchup.py took 1.443 seconds
[2024-03-08T01:49:32.604+0000] {processor.py:157} INFO - Started process (PID=763) to work on /opt/airflow/dags/dag_luchmeetnet_catchup.py
[2024-03-08T01:49:32.611+0000] {processor.py:829} INFO - Processing file /opt/airflow/dags/dag_luchmeetnet_catchup.py for tasks to queue
[2024-03-08T01:49:32.618+0000] {logging_mixin.py:154} INFO - [2024-03-08T01:49:32.616+0000] {dagbag.py:536} INFO - Filling up the DagBag from /opt/airflow/dags/dag_luchmeetnet_catchup.py
[2024-03-08T01:49:34.149+0000] {processor.py:839} INFO - DAG(s) dict_keys(['dag_luchmeetnet_catchup']) retrieved from /opt/airflow/dags/dag_luchmeetnet_catchup.py
[2024-03-08T01:49:34.218+0000] {logging_mixin.py:154} INFO - [2024-03-08T01:49:34.217+0000] {dag.py:2941} INFO - Sync 1 DAGs
[2024-03-08T01:49:34.264+0000] {logging_mixin.py:154} INFO - [2024-03-08T01:49:34.263+0000] {dag.py:3722} INFO - Setting next_dagrun for dag_luchmeetnet_catchup to 2023-11-27T00:00:00+00:00, run_after=2023-11-27T01:00:00+00:00
[2024-03-08T01:49:34.301+0000] {processor.py:179} INFO - Processing /opt/airflow/dags/dag_luchmeetnet_catchup.py took 1.722 seconds
[2024-03-08T01:49:44.941+0000] {processor.py:157} INFO - Started process (PID=811) to work on /opt/airflow/dags/dag_luchmeetnet_catchup.py
[2024-03-08T01:49:44.945+0000] {processor.py:829} INFO - Processing file /opt/airflow/dags/dag_luchmeetnet_catchup.py for tasks to queue
[2024-03-08T01:49:44.956+0000] {logging_mixin.py:154} INFO - [2024-03-08T01:49:44.949+0000] {dagbag.py:536} INFO - Filling up the DagBag from /opt/airflow/dags/dag_luchmeetnet_catchup.py
[2024-03-08T01:49:47.842+0000] {processor.py:839} INFO - DAG(s) dict_keys(['dag_luchmeetnet_catchup']) retrieved from /opt/airflow/dags/dag_luchmeetnet_catchup.py
[2024-03-08T01:49:47.906+0000] {logging_mixin.py:154} INFO - [2024-03-08T01:49:47.906+0000] {dag.py:2941} INFO - Sync 1 DAGs
[2024-03-08T01:49:47.962+0000] {logging_mixin.py:154} INFO - [2024-03-08T01:49:47.961+0000] {dag.py:3722} INFO - Setting next_dagrun for dag_luchmeetnet_catchup to 2023-11-27T00:00:00+00:00, run_after=2023-11-27T01:00:00+00:00
[2024-03-08T01:49:48.001+0000] {processor.py:179} INFO - Processing /opt/airflow/dags/dag_luchmeetnet_catchup.py took 3.095 seconds
[2024-03-08T01:49:58.802+0000] {processor.py:157} INFO - Started process (PID=859) to work on /opt/airflow/dags/dag_luchmeetnet_catchup.py
[2024-03-08T01:49:58.827+0000] {processor.py:829} INFO - Processing file /opt/airflow/dags/dag_luchmeetnet_catchup.py for tasks to queue
[2024-03-08T01:49:58.860+0000] {logging_mixin.py:154} INFO - [2024-03-08T01:49:58.860+0000] {dagbag.py:536} INFO - Filling up the DagBag from /opt/airflow/dags/dag_luchmeetnet_catchup.py
[2024-03-08T01:50:01.542+0000] {processor.py:839} INFO - DAG(s) dict_keys(['dag_luchmeetnet_catchup']) retrieved from /opt/airflow/dags/dag_luchmeetnet_catchup.py
[2024-03-08T01:50:01.619+0000] {logging_mixin.py:154} INFO - [2024-03-08T01:50:01.618+0000] {dag.py:2941} INFO - Sync 1 DAGs
[2024-03-08T01:50:01.682+0000] {logging_mixin.py:154} INFO - [2024-03-08T01:50:01.682+0000] {dag.py:3722} INFO - Setting next_dagrun for dag_luchmeetnet_catchup to 2023-11-27T00:00:00+00:00, run_after=2023-11-27T01:00:00+00:00
[2024-03-08T01:50:01.738+0000] {processor.py:179} INFO - Processing /opt/airflow/dags/dag_luchmeetnet_catchup.py took 3.064 seconds
[2024-03-08T01:50:12.048+0000] {processor.py:157} INFO - Started process (PID=897) to work on /opt/airflow/dags/dag_luchmeetnet_catchup.py
[2024-03-08T01:50:12.052+0000] {processor.py:829} INFO - Processing file /opt/airflow/dags/dag_luchmeetnet_catchup.py for tasks to queue
[2024-03-08T01:50:12.059+0000] {logging_mixin.py:154} INFO - [2024-03-08T01:50:12.058+0000] {dagbag.py:536} INFO - Filling up the DagBag from /opt/airflow/dags/dag_luchmeetnet_catchup.py
[2024-03-08T01:50:13.152+0000] {processor.py:839} INFO - DAG(s) dict_keys(['dag_luchmeetnet_catchup']) retrieved from /opt/airflow/dags/dag_luchmeetnet_catchup.py
[2024-03-08T01:50:13.196+0000] {logging_mixin.py:154} INFO - [2024-03-08T01:50:13.195+0000] {dag.py:2941} INFO - Sync 1 DAGs
[2024-03-08T01:50:13.232+0000] {logging_mixin.py:154} INFO - [2024-03-08T01:50:13.232+0000] {dag.py:3722} INFO - Setting next_dagrun for dag_luchmeetnet_catchup to 2023-11-27T00:00:00+00:00, run_after=2023-11-27T01:00:00+00:00
[2024-03-08T01:50:13.280+0000] {processor.py:179} INFO - Processing /opt/airflow/dags/dag_luchmeetnet_catchup.py took 1.243 seconds
[2024-03-08T01:50:23.635+0000] {processor.py:157} INFO - Started process (PID=932) to work on /opt/airflow/dags/dag_luchmeetnet_catchup.py
[2024-03-08T01:50:23.637+0000] {processor.py:829} INFO - Processing file /opt/airflow/dags/dag_luchmeetnet_catchup.py for tasks to queue
[2024-03-08T01:50:23.640+0000] {logging_mixin.py:154} INFO - [2024-03-08T01:50:23.639+0000] {dagbag.py:536} INFO - Filling up the DagBag from /opt/airflow/dags/dag_luchmeetnet_catchup.py
[2024-03-08T01:50:24.812+0000] {processor.py:839} INFO - DAG(s) dict_keys(['dag_luchmeetnet_catchup']) retrieved from /opt/airflow/dags/dag_luchmeetnet_catchup.py
[2024-03-08T01:50:24.895+0000] {logging_mixin.py:154} INFO - [2024-03-08T01:50:24.894+0000] {dag.py:2941} INFO - Sync 1 DAGs
[2024-03-08T01:50:24.949+0000] {logging_mixin.py:154} INFO - [2024-03-08T01:50:24.949+0000] {dag.py:3722} INFO - Setting next_dagrun for dag_luchmeetnet_catchup to 2023-11-27T00:00:00+00:00, run_after=2023-11-27T01:00:00+00:00
[2024-03-08T01:50:25.020+0000] {processor.py:179} INFO - Processing /opt/airflow/dags/dag_luchmeetnet_catchup.py took 1.392 seconds
[2024-03-08T01:50:35.343+0000] {processor.py:157} INFO - Started process (PID=955) to work on /opt/airflow/dags/dag_luchmeetnet_catchup.py
[2024-03-08T01:50:35.345+0000] {processor.py:829} INFO - Processing file /opt/airflow/dags/dag_luchmeetnet_catchup.py for tasks to queue
[2024-03-08T01:50:35.347+0000] {logging_mixin.py:154} INFO - [2024-03-08T01:50:35.347+0000] {dagbag.py:536} INFO - Filling up the DagBag from /opt/airflow/dags/dag_luchmeetnet_catchup.py
[2024-03-08T01:50:36.371+0000] {processor.py:839} INFO - DAG(s) dict_keys(['dag_luchmeetnet_catchup']) retrieved from /opt/airflow/dags/dag_luchmeetnet_catchup.py
[2024-03-08T01:50:36.424+0000] {logging_mixin.py:154} INFO - [2024-03-08T01:50:36.423+0000] {dag.py:2941} INFO - Sync 1 DAGs
[2024-03-08T01:50:36.466+0000] {logging_mixin.py:154} INFO - [2024-03-08T01:50:36.466+0000] {dag.py:3722} INFO - Setting next_dagrun for dag_luchmeetnet_catchup to 2023-11-27T00:00:00+00:00, run_after=2023-11-27T01:00:00+00:00
[2024-03-08T01:50:36.500+0000] {processor.py:179} INFO - Processing /opt/airflow/dags/dag_luchmeetnet_catchup.py took 1.163 seconds
[2024-03-08T01:50:46.748+0000] {processor.py:157} INFO - Started process (PID=972) to work on /opt/airflow/dags/dag_luchmeetnet_catchup.py
[2024-03-08T01:50:46.768+0000] {processor.py:829} INFO - Processing file /opt/airflow/dags/dag_luchmeetnet_catchup.py for tasks to queue
[2024-03-08T01:50:46.773+0000] {logging_mixin.py:154} INFO - [2024-03-08T01:50:46.772+0000] {dagbag.py:536} INFO - Filling up the DagBag from /opt/airflow/dags/dag_luchmeetnet_catchup.py
[2024-03-08T01:50:48.703+0000] {processor.py:839} INFO - DAG(s) dict_keys(['dag_luchmeetnet_catchup']) retrieved from /opt/airflow/dags/dag_luchmeetnet_catchup.py
[2024-03-08T01:50:48.824+0000] {logging_mixin.py:154} INFO - [2024-03-08T01:50:48.823+0000] {dag.py:2941} INFO - Sync 1 DAGs
[2024-03-08T01:50:48.902+0000] {logging_mixin.py:154} INFO - [2024-03-08T01:50:48.902+0000] {dag.py:3722} INFO - Setting next_dagrun for dag_luchmeetnet_catchup to 2023-11-27T00:00:00+00:00, run_after=2023-11-27T01:00:00+00:00
[2024-03-08T01:50:48.948+0000] {processor.py:179} INFO - Processing /opt/airflow/dags/dag_luchmeetnet_catchup.py took 2.215 seconds
[2024-03-08T01:50:59.128+0000] {processor.py:157} INFO - Started process (PID=989) to work on /opt/airflow/dags/dag_luchmeetnet_catchup.py
[2024-03-08T01:50:59.131+0000] {processor.py:829} INFO - Processing file /opt/airflow/dags/dag_luchmeetnet_catchup.py for tasks to queue
[2024-03-08T01:50:59.134+0000] {logging_mixin.py:154} INFO - [2024-03-08T01:50:59.133+0000] {dagbag.py:536} INFO - Filling up the DagBag from /opt/airflow/dags/dag_luchmeetnet_catchup.py
[2024-03-08T01:51:00.381+0000] {processor.py:839} INFO - DAG(s) dict_keys(['dag_luchmeetnet_catchup']) retrieved from /opt/airflow/dags/dag_luchmeetnet_catchup.py
[2024-03-08T01:51:00.436+0000] {logging_mixin.py:154} INFO - [2024-03-08T01:51:00.436+0000] {dag.py:2941} INFO - Sync 1 DAGs
[2024-03-08T01:51:00.480+0000] {logging_mixin.py:154} INFO - [2024-03-08T01:51:00.479+0000] {dag.py:3722} INFO - Setting next_dagrun for dag_luchmeetnet_catchup to 2023-11-27T00:00:00+00:00, run_after=2023-11-27T01:00:00+00:00
[2024-03-08T01:51:00.512+0000] {processor.py:179} INFO - Processing /opt/airflow/dags/dag_luchmeetnet_catchup.py took 1.391 seconds
[2024-03-08T01:51:10.707+0000] {processor.py:157} INFO - Started process (PID=1006) to work on /opt/airflow/dags/dag_luchmeetnet_catchup.py
[2024-03-08T01:51:10.710+0000] {processor.py:829} INFO - Processing file /opt/airflow/dags/dag_luchmeetnet_catchup.py for tasks to queue
[2024-03-08T01:51:10.712+0000] {logging_mixin.py:154} INFO - [2024-03-08T01:51:10.712+0000] {dagbag.py:536} INFO - Filling up the DagBag from /opt/airflow/dags/dag_luchmeetnet_catchup.py
[2024-03-08T01:51:11.255+0000] {processor.py:839} INFO - DAG(s) dict_keys(['dag_luchmeetnet_catchup']) retrieved from /opt/airflow/dags/dag_luchmeetnet_catchup.py
[2024-03-08T01:51:11.533+0000] {logging_mixin.py:154} INFO - [2024-03-08T01:51:11.529+0000] {dag.py:2941} INFO - Sync 1 DAGs
[2024-03-08T01:51:11.580+0000] {logging_mixin.py:154} INFO - [2024-03-08T01:51:11.580+0000] {dag.py:3722} INFO - Setting next_dagrun for dag_luchmeetnet_catchup to 2023-11-27T00:00:00+00:00, run_after=2023-11-27T01:00:00+00:00
[2024-03-08T01:51:11.621+0000] {processor.py:179} INFO - Processing /opt/airflow/dags/dag_luchmeetnet_catchup.py took 0.922 seconds
[2024-03-08T01:51:21.758+0000] {processor.py:157} INFO - Started process (PID=1023) to work on /opt/airflow/dags/dag_luchmeetnet_catchup.py
[2024-03-08T01:51:21.761+0000] {processor.py:829} INFO - Processing file /opt/airflow/dags/dag_luchmeetnet_catchup.py for tasks to queue
[2024-03-08T01:51:21.764+0000] {logging_mixin.py:154} INFO - [2024-03-08T01:51:21.763+0000] {dagbag.py:536} INFO - Filling up the DagBag from /opt/airflow/dags/dag_luchmeetnet_catchup.py
[2024-03-08T01:51:22.451+0000] {processor.py:839} INFO - DAG(s) dict_keys(['dag_luchmeetnet_catchup']) retrieved from /opt/airflow/dags/dag_luchmeetnet_catchup.py
[2024-03-08T01:51:22.490+0000] {logging_mixin.py:154} INFO - [2024-03-08T01:51:22.490+0000] {dag.py:2941} INFO - Sync 1 DAGs
[2024-03-08T01:51:22.522+0000] {logging_mixin.py:154} INFO - [2024-03-08T01:51:22.522+0000] {dag.py:3722} INFO - Setting next_dagrun for dag_luchmeetnet_catchup to 2023-11-27T00:00:00+00:00, run_after=2023-11-27T01:00:00+00:00
[2024-03-08T01:51:22.545+0000] {processor.py:179} INFO - Processing /opt/airflow/dags/dag_luchmeetnet_catchup.py took 0.792 seconds
[2024-03-08T01:51:32.743+0000] {processor.py:157} INFO - Started process (PID=1040) to work on /opt/airflow/dags/dag_luchmeetnet_catchup.py
[2024-03-08T01:51:32.745+0000] {processor.py:829} INFO - Processing file /opt/airflow/dags/dag_luchmeetnet_catchup.py for tasks to queue
[2024-03-08T01:51:32.748+0000] {logging_mixin.py:154} INFO - [2024-03-08T01:51:32.748+0000] {dagbag.py:536} INFO - Filling up the DagBag from /opt/airflow/dags/dag_luchmeetnet_catchup.py
[2024-03-08T01:51:33.542+0000] {processor.py:839} INFO - DAG(s) dict_keys(['dag_luchmeetnet_catchup']) retrieved from /opt/airflow/dags/dag_luchmeetnet_catchup.py
[2024-03-08T01:51:33.576+0000] {logging_mixin.py:154} INFO - [2024-03-08T01:51:33.575+0000] {dag.py:2941} INFO - Sync 1 DAGs
[2024-03-08T01:51:33.606+0000] {logging_mixin.py:154} INFO - [2024-03-08T01:51:33.605+0000] {dag.py:3722} INFO - Setting next_dagrun for dag_luchmeetnet_catchup to 2023-11-27T00:00:00+00:00, run_after=2023-11-27T01:00:00+00:00
[2024-03-08T01:51:33.634+0000] {processor.py:179} INFO - Processing /opt/airflow/dags/dag_luchmeetnet_catchup.py took 0.898 seconds
[2024-03-08T01:51:43.955+0000] {processor.py:157} INFO - Started process (PID=1057) to work on /opt/airflow/dags/dag_luchmeetnet_catchup.py
[2024-03-08T01:51:43.957+0000] {processor.py:829} INFO - Processing file /opt/airflow/dags/dag_luchmeetnet_catchup.py for tasks to queue
[2024-03-08T01:51:43.960+0000] {logging_mixin.py:154} INFO - [2024-03-08T01:51:43.959+0000] {dagbag.py:536} INFO - Filling up the DagBag from /opt/airflow/dags/dag_luchmeetnet_catchup.py
[2024-03-08T01:51:44.767+0000] {processor.py:839} INFO - DAG(s) dict_keys(['dag_luchmeetnet_catchup']) retrieved from /opt/airflow/dags/dag_luchmeetnet_catchup.py
[2024-03-08T01:51:44.810+0000] {logging_mixin.py:154} INFO - [2024-03-08T01:51:44.809+0000] {dag.py:2941} INFO - Sync 1 DAGs
[2024-03-08T01:51:44.846+0000] {logging_mixin.py:154} INFO - [2024-03-08T01:51:44.845+0000] {dag.py:3722} INFO - Setting next_dagrun for dag_luchmeetnet_catchup to 2023-11-27T00:00:00+00:00, run_after=2023-11-27T01:00:00+00:00
[2024-03-08T01:51:44.877+0000] {processor.py:179} INFO - Processing /opt/airflow/dags/dag_luchmeetnet_catchup.py took 0.928 seconds
[2024-03-08T01:51:55.059+0000] {processor.py:157} INFO - Started process (PID=1074) to work on /opt/airflow/dags/dag_luchmeetnet_catchup.py
[2024-03-08T01:51:55.061+0000] {processor.py:829} INFO - Processing file /opt/airflow/dags/dag_luchmeetnet_catchup.py for tasks to queue
[2024-03-08T01:51:55.064+0000] {logging_mixin.py:154} INFO - [2024-03-08T01:51:55.063+0000] {dagbag.py:536} INFO - Filling up the DagBag from /opt/airflow/dags/dag_luchmeetnet_catchup.py
[2024-03-08T01:51:55.866+0000] {processor.py:839} INFO - DAG(s) dict_keys(['dag_luchmeetnet_catchup']) retrieved from /opt/airflow/dags/dag_luchmeetnet_catchup.py
[2024-03-08T01:51:55.901+0000] {logging_mixin.py:154} INFO - [2024-03-08T01:51:55.900+0000] {dag.py:2941} INFO - Sync 1 DAGs
[2024-03-08T01:51:55.932+0000] {logging_mixin.py:154} INFO - [2024-03-08T01:51:55.932+0000] {dag.py:3722} INFO - Setting next_dagrun for dag_luchmeetnet_catchup to 2023-11-27T00:00:00+00:00, run_after=2023-11-27T01:00:00+00:00
[2024-03-08T01:51:55.957+0000] {processor.py:179} INFO - Processing /opt/airflow/dags/dag_luchmeetnet_catchup.py took 0.905 seconds
[2024-03-08T01:52:06.115+0000] {processor.py:157} INFO - Started process (PID=1091) to work on /opt/airflow/dags/dag_luchmeetnet_catchup.py
[2024-03-08T01:52:06.117+0000] {processor.py:829} INFO - Processing file /opt/airflow/dags/dag_luchmeetnet_catchup.py for tasks to queue
[2024-03-08T01:52:06.119+0000] {logging_mixin.py:154} INFO - [2024-03-08T01:52:06.119+0000] {dagbag.py:536} INFO - Filling up the DagBag from /opt/airflow/dags/dag_luchmeetnet_catchup.py
[2024-03-08T01:52:06.715+0000] {processor.py:839} INFO - DAG(s) dict_keys(['dag_luchmeetnet_catchup']) retrieved from /opt/airflow/dags/dag_luchmeetnet_catchup.py
[2024-03-08T01:52:06.755+0000] {logging_mixin.py:154} INFO - [2024-03-08T01:52:06.755+0000] {dag.py:2941} INFO - Sync 1 DAGs
[2024-03-08T01:52:06.792+0000] {logging_mixin.py:154} INFO - [2024-03-08T01:52:06.792+0000] {dag.py:3722} INFO - Setting next_dagrun for dag_luchmeetnet_catchup to 2023-11-27T00:00:00+00:00, run_after=2023-11-27T01:00:00+00:00
[2024-03-08T01:52:06.861+0000] {processor.py:179} INFO - Processing /opt/airflow/dags/dag_luchmeetnet_catchup.py took 0.753 seconds
[2024-03-08T01:52:17.171+0000] {processor.py:157} INFO - Started process (PID=1108) to work on /opt/airflow/dags/dag_luchmeetnet_catchup.py
[2024-03-08T01:52:17.176+0000] {processor.py:829} INFO - Processing file /opt/airflow/dags/dag_luchmeetnet_catchup.py for tasks to queue
[2024-03-08T01:52:17.183+0000] {logging_mixin.py:154} INFO - [2024-03-08T01:52:17.182+0000] {dagbag.py:536} INFO - Filling up the DagBag from /opt/airflow/dags/dag_luchmeetnet_catchup.py
[2024-03-08T01:52:18.679+0000] {processor.py:839} INFO - DAG(s) dict_keys(['dag_luchmeetnet_catchup']) retrieved from /opt/airflow/dags/dag_luchmeetnet_catchup.py
[2024-03-08T01:52:18.742+0000] {logging_mixin.py:154} INFO - [2024-03-08T01:52:18.741+0000] {dag.py:2941} INFO - Sync 1 DAGs
[2024-03-08T01:52:18.786+0000] {logging_mixin.py:154} INFO - [2024-03-08T01:52:18.785+0000] {dag.py:3722} INFO - Setting next_dagrun for dag_luchmeetnet_catchup to 2023-11-27T00:00:00+00:00, run_after=2023-11-27T01:00:00+00:00
[2024-03-08T01:52:18.823+0000] {processor.py:179} INFO - Processing /opt/airflow/dags/dag_luchmeetnet_catchup.py took 1.658 seconds
[2024-03-08T01:52:28.990+0000] {processor.py:157} INFO - Started process (PID=1125) to work on /opt/airflow/dags/dag_luchmeetnet_catchup.py
[2024-03-08T01:52:28.994+0000] {processor.py:829} INFO - Processing file /opt/airflow/dags/dag_luchmeetnet_catchup.py for tasks to queue
[2024-03-08T01:52:28.997+0000] {logging_mixin.py:154} INFO - [2024-03-08T01:52:28.997+0000] {dagbag.py:536} INFO - Filling up the DagBag from /opt/airflow/dags/dag_luchmeetnet_catchup.py
[2024-03-08T01:52:30.217+0000] {processor.py:839} INFO - DAG(s) dict_keys(['dag_luchmeetnet_catchup']) retrieved from /opt/airflow/dags/dag_luchmeetnet_catchup.py
[2024-03-08T01:52:30.262+0000] {logging_mixin.py:154} INFO - [2024-03-08T01:52:30.261+0000] {dag.py:2941} INFO - Sync 1 DAGs
[2024-03-08T01:52:30.293+0000] {logging_mixin.py:154} INFO - [2024-03-08T01:52:30.293+0000] {dag.py:3722} INFO - Setting next_dagrun for dag_luchmeetnet_catchup to 2023-11-27T00:00:00+00:00, run_after=2023-11-27T01:00:00+00:00
[2024-03-08T01:52:30.375+0000] {processor.py:179} INFO - Processing /opt/airflow/dags/dag_luchmeetnet_catchup.py took 1.394 seconds
[2024-03-08T01:52:40.731+0000] {processor.py:157} INFO - Started process (PID=1142) to work on /opt/airflow/dags/dag_luchmeetnet_catchup.py
[2024-03-08T01:52:40.733+0000] {processor.py:829} INFO - Processing file /opt/airflow/dags/dag_luchmeetnet_catchup.py for tasks to queue
[2024-03-08T01:52:40.736+0000] {logging_mixin.py:154} INFO - [2024-03-08T01:52:40.735+0000] {dagbag.py:536} INFO - Filling up the DagBag from /opt/airflow/dags/dag_luchmeetnet_catchup.py
[2024-03-08T01:52:41.482+0000] {processor.py:839} INFO - DAG(s) dict_keys(['dag_luchmeetnet_catchup']) retrieved from /opt/airflow/dags/dag_luchmeetnet_catchup.py
[2024-03-08T01:52:41.527+0000] {logging_mixin.py:154} INFO - [2024-03-08T01:52:41.526+0000] {dag.py:2941} INFO - Sync 1 DAGs
[2024-03-08T01:52:41.558+0000] {logging_mixin.py:154} INFO - [2024-03-08T01:52:41.558+0000] {dag.py:3722} INFO - Setting next_dagrun for dag_luchmeetnet_catchup to 2023-11-27T00:00:00+00:00, run_after=2023-11-27T01:00:00+00:00
[2024-03-08T01:52:41.585+0000] {processor.py:179} INFO - Processing /opt/airflow/dags/dag_luchmeetnet_catchup.py took 0.860 seconds
[2024-03-08T01:52:51.762+0000] {processor.py:157} INFO - Started process (PID=1159) to work on /opt/airflow/dags/dag_luchmeetnet_catchup.py
[2024-03-08T01:52:51.764+0000] {processor.py:829} INFO - Processing file /opt/airflow/dags/dag_luchmeetnet_catchup.py for tasks to queue
[2024-03-08T01:52:51.766+0000] {logging_mixin.py:154} INFO - [2024-03-08T01:52:51.766+0000] {dagbag.py:536} INFO - Filling up the DagBag from /opt/airflow/dags/dag_luchmeetnet_catchup.py
[2024-03-08T01:52:52.425+0000] {processor.py:839} INFO - DAG(s) dict_keys(['dag_luchmeetnet_catchup']) retrieved from /opt/airflow/dags/dag_luchmeetnet_catchup.py
[2024-03-08T01:52:52.497+0000] {logging_mixin.py:154} INFO - [2024-03-08T01:52:52.496+0000] {dag.py:2941} INFO - Sync 1 DAGs
[2024-03-08T01:52:52.541+0000] {logging_mixin.py:154} INFO - [2024-03-08T01:52:52.540+0000] {dag.py:3722} INFO - Setting next_dagrun for dag_luchmeetnet_catchup to 2023-11-27T00:00:00+00:00, run_after=2023-11-27T01:00:00+00:00
[2024-03-08T01:52:52.582+0000] {processor.py:179} INFO - Processing /opt/airflow/dags/dag_luchmeetnet_catchup.py took 0.825 seconds
[2024-03-08T01:53:02.883+0000] {processor.py:157} INFO - Started process (PID=1181) to work on /opt/airflow/dags/dag_luchmeetnet_catchup.py
[2024-03-08T01:53:02.886+0000] {processor.py:829} INFO - Processing file /opt/airflow/dags/dag_luchmeetnet_catchup.py for tasks to queue
[2024-03-08T01:53:02.891+0000] {logging_mixin.py:154} INFO - [2024-03-08T01:53:02.889+0000] {dagbag.py:536} INFO - Filling up the DagBag from /opt/airflow/dags/dag_luchmeetnet_catchup.py
[2024-03-08T01:53:03.667+0000] {processor.py:839} INFO - DAG(s) dict_keys(['dag_luchmeetnet_catchup']) retrieved from /opt/airflow/dags/dag_luchmeetnet_catchup.py
[2024-03-08T01:53:03.717+0000] {logging_mixin.py:154} INFO - [2024-03-08T01:53:03.716+0000] {dag.py:2941} INFO - Sync 1 DAGs
[2024-03-08T01:53:03.781+0000] {logging_mixin.py:154} INFO - [2024-03-08T01:53:03.781+0000] {dag.py:3722} INFO - Setting next_dagrun for dag_luchmeetnet_catchup to 2023-11-27T00:00:00+00:00, run_after=2023-11-27T01:00:00+00:00
[2024-03-08T01:53:03.813+0000] {processor.py:179} INFO - Processing /opt/airflow/dags/dag_luchmeetnet_catchup.py took 0.937 seconds
[2024-03-08T01:53:14.057+0000] {processor.py:157} INFO - Started process (PID=1198) to work on /opt/airflow/dags/dag_luchmeetnet_catchup.py
[2024-03-08T01:53:14.059+0000] {processor.py:829} INFO - Processing file /opt/airflow/dags/dag_luchmeetnet_catchup.py for tasks to queue
[2024-03-08T01:53:14.062+0000] {logging_mixin.py:154} INFO - [2024-03-08T01:53:14.062+0000] {dagbag.py:536} INFO - Filling up the DagBag from /opt/airflow/dags/dag_luchmeetnet_catchup.py
[2024-03-08T01:53:14.902+0000] {processor.py:839} INFO - DAG(s) dict_keys(['dag_luchmeetnet_catchup']) retrieved from /opt/airflow/dags/dag_luchmeetnet_catchup.py
[2024-03-08T01:53:14.943+0000] {logging_mixin.py:154} INFO - [2024-03-08T01:53:14.943+0000] {dag.py:2941} INFO - Sync 1 DAGs
[2024-03-08T01:53:14.974+0000] {logging_mixin.py:154} INFO - [2024-03-08T01:53:14.974+0000] {dag.py:3722} INFO - Setting next_dagrun for dag_luchmeetnet_catchup to 2023-11-27T00:00:00+00:00, run_after=2023-11-27T01:00:00+00:00
[2024-03-08T01:53:15.000+0000] {processor.py:179} INFO - Processing /opt/airflow/dags/dag_luchmeetnet_catchup.py took 0.955 seconds
[2024-03-08T01:53:25.198+0000] {processor.py:157} INFO - Started process (PID=1215) to work on /opt/airflow/dags/dag_luchmeetnet_catchup.py
[2024-03-08T01:53:25.201+0000] {processor.py:829} INFO - Processing file /opt/airflow/dags/dag_luchmeetnet_catchup.py for tasks to queue
[2024-03-08T01:53:25.203+0000] {logging_mixin.py:154} INFO - [2024-03-08T01:53:25.202+0000] {dagbag.py:536} INFO - Filling up the DagBag from /opt/airflow/dags/dag_luchmeetnet_catchup.py
[2024-03-08T01:53:26.027+0000] {processor.py:839} INFO - DAG(s) dict_keys(['dag_luchmeetnet_catchup']) retrieved from /opt/airflow/dags/dag_luchmeetnet_catchup.py
[2024-03-08T01:53:26.080+0000] {logging_mixin.py:154} INFO - [2024-03-08T01:53:26.080+0000] {dag.py:2941} INFO - Sync 1 DAGs
[2024-03-08T01:53:26.110+0000] {logging_mixin.py:154} INFO - [2024-03-08T01:53:26.110+0000] {dag.py:3722} INFO - Setting next_dagrun for dag_luchmeetnet_catchup to 2023-11-27T00:00:00+00:00, run_after=2023-11-27T01:00:00+00:00
[2024-03-08T01:53:26.136+0000] {processor.py:179} INFO - Processing /opt/airflow/dags/dag_luchmeetnet_catchup.py took 0.945 seconds
[2024-03-08T01:53:36.351+0000] {processor.py:157} INFO - Started process (PID=1232) to work on /opt/airflow/dags/dag_luchmeetnet_catchup.py
[2024-03-08T01:53:36.358+0000] {processor.py:829} INFO - Processing file /opt/airflow/dags/dag_luchmeetnet_catchup.py for tasks to queue
[2024-03-08T01:53:36.360+0000] {logging_mixin.py:154} INFO - [2024-03-08T01:53:36.360+0000] {dagbag.py:536} INFO - Filling up the DagBag from /opt/airflow/dags/dag_luchmeetnet_catchup.py
[2024-03-08T01:53:37.332+0000] {processor.py:839} INFO - DAG(s) dict_keys(['dag_luchmeetnet_catchup']) retrieved from /opt/airflow/dags/dag_luchmeetnet_catchup.py
[2024-03-08T01:53:37.366+0000] {logging_mixin.py:154} INFO - [2024-03-08T01:53:37.365+0000] {dag.py:2941} INFO - Sync 1 DAGs
[2024-03-08T01:53:37.402+0000] {logging_mixin.py:154} INFO - [2024-03-08T01:53:37.401+0000] {dag.py:3722} INFO - Setting next_dagrun for dag_luchmeetnet_catchup to 2023-11-27T00:00:00+00:00, run_after=2023-11-27T01:00:00+00:00
[2024-03-08T01:53:37.425+0000] {processor.py:179} INFO - Processing /opt/airflow/dags/dag_luchmeetnet_catchup.py took 1.081 seconds
[2024-03-08T01:53:47.619+0000] {processor.py:157} INFO - Started process (PID=1249) to work on /opt/airflow/dags/dag_luchmeetnet_catchup.py
[2024-03-08T01:53:47.624+0000] {processor.py:829} INFO - Processing file /opt/airflow/dags/dag_luchmeetnet_catchup.py for tasks to queue
[2024-03-08T01:53:47.627+0000] {logging_mixin.py:154} INFO - [2024-03-08T01:53:47.626+0000] {dagbag.py:536} INFO - Filling up the DagBag from /opt/airflow/dags/dag_luchmeetnet_catchup.py
[2024-03-08T01:53:48.752+0000] {processor.py:839} INFO - DAG(s) dict_keys(['dag_luchmeetnet_catchup']) retrieved from /opt/airflow/dags/dag_luchmeetnet_catchup.py
[2024-03-08T01:53:48.825+0000] {logging_mixin.py:154} INFO - [2024-03-08T01:53:48.824+0000] {dag.py:2941} INFO - Sync 1 DAGs
[2024-03-08T01:53:48.872+0000] {logging_mixin.py:154} INFO - [2024-03-08T01:53:48.872+0000] {dag.py:3722} INFO - Setting next_dagrun for dag_luchmeetnet_catchup to 2023-11-27T00:00:00+00:00, run_after=2023-11-27T01:00:00+00:00
[2024-03-08T01:53:48.918+0000] {processor.py:179} INFO - Processing /opt/airflow/dags/dag_luchmeetnet_catchup.py took 1.309 seconds
[2024-03-08T01:53:59.103+0000] {processor.py:157} INFO - Started process (PID=1266) to work on /opt/airflow/dags/dag_luchmeetnet_catchup.py
[2024-03-08T01:53:59.106+0000] {processor.py:829} INFO - Processing file /opt/airflow/dags/dag_luchmeetnet_catchup.py for tasks to queue
[2024-03-08T01:53:59.108+0000] {logging_mixin.py:154} INFO - [2024-03-08T01:53:59.108+0000] {dagbag.py:536} INFO - Filling up the DagBag from /opt/airflow/dags/dag_luchmeetnet_catchup.py
[2024-03-08T01:53:59.978+0000] {processor.py:839} INFO - DAG(s) dict_keys(['dag_luchmeetnet_catchup']) retrieved from /opt/airflow/dags/dag_luchmeetnet_catchup.py
[2024-03-08T01:54:00.039+0000] {logging_mixin.py:154} INFO - [2024-03-08T01:54:00.038+0000] {dag.py:2941} INFO - Sync 1 DAGs
[2024-03-08T01:54:00.072+0000] {logging_mixin.py:154} INFO - [2024-03-08T01:54:00.071+0000] {dag.py:3722} INFO - Setting next_dagrun for dag_luchmeetnet_catchup to 2023-11-27T00:00:00+00:00, run_after=2023-11-27T01:00:00+00:00
[2024-03-08T01:54:00.097+0000] {processor.py:179} INFO - Processing /opt/airflow/dags/dag_luchmeetnet_catchup.py took 1.003 seconds
[2024-03-08T01:54:10.281+0000] {processor.py:157} INFO - Started process (PID=1283) to work on /opt/airflow/dags/dag_luchmeetnet_catchup.py
[2024-03-08T01:54:10.283+0000] {processor.py:829} INFO - Processing file /opt/airflow/dags/dag_luchmeetnet_catchup.py for tasks to queue
[2024-03-08T01:54:10.286+0000] {logging_mixin.py:154} INFO - [2024-03-08T01:54:10.286+0000] {dagbag.py:536} INFO - Filling up the DagBag from /opt/airflow/dags/dag_luchmeetnet_catchup.py
[2024-03-08T01:54:10.996+0000] {processor.py:839} INFO - DAG(s) dict_keys(['dag_luchmeetnet_catchup']) retrieved from /opt/airflow/dags/dag_luchmeetnet_catchup.py
[2024-03-08T01:54:11.030+0000] {logging_mixin.py:154} INFO - [2024-03-08T01:54:11.030+0000] {dag.py:2941} INFO - Sync 1 DAGs
[2024-03-08T01:54:11.060+0000] {logging_mixin.py:154} INFO - [2024-03-08T01:54:11.060+0000] {dag.py:3722} INFO - Setting next_dagrun for dag_luchmeetnet_catchup to 2023-11-27T00:00:00+00:00, run_after=2023-11-27T01:00:00+00:00
[2024-03-08T01:54:11.086+0000] {processor.py:179} INFO - Processing /opt/airflow/dags/dag_luchmeetnet_catchup.py took 0.811 seconds
[2024-03-08T01:54:21.275+0000] {processor.py:157} INFO - Started process (PID=1300) to work on /opt/airflow/dags/dag_luchmeetnet_catchup.py
[2024-03-08T01:54:21.280+0000] {processor.py:829} INFO - Processing file /opt/airflow/dags/dag_luchmeetnet_catchup.py for tasks to queue
[2024-03-08T01:54:21.284+0000] {logging_mixin.py:154} INFO - [2024-03-08T01:54:21.283+0000] {dagbag.py:536} INFO - Filling up the DagBag from /opt/airflow/dags/dag_luchmeetnet_catchup.py
[2024-03-08T01:54:21.939+0000] {processor.py:839} INFO - DAG(s) dict_keys(['dag_luchmeetnet_catchup']) retrieved from /opt/airflow/dags/dag_luchmeetnet_catchup.py
[2024-03-08T01:54:22.027+0000] {logging_mixin.py:154} INFO - [2024-03-08T01:54:22.026+0000] {dag.py:2941} INFO - Sync 1 DAGs
[2024-03-08T01:54:22.143+0000] {logging_mixin.py:154} INFO - [2024-03-08T01:54:22.134+0000] {dag.py:3722} INFO - Setting next_dagrun for dag_luchmeetnet_catchup to 2023-11-27T00:00:00+00:00, run_after=2023-11-27T01:00:00+00:00
[2024-03-08T01:54:22.243+0000] {processor.py:179} INFO - Processing /opt/airflow/dags/dag_luchmeetnet_catchup.py took 0.978 seconds
[2024-03-08T01:54:32.487+0000] {processor.py:157} INFO - Started process (PID=1317) to work on /opt/airflow/dags/dag_luchmeetnet_catchup.py
[2024-03-08T01:54:32.539+0000] {processor.py:829} INFO - Processing file /opt/airflow/dags/dag_luchmeetnet_catchup.py for tasks to queue
[2024-03-08T01:54:32.544+0000] {logging_mixin.py:154} INFO - [2024-03-08T01:54:32.544+0000] {dagbag.py:536} INFO - Filling up the DagBag from /opt/airflow/dags/dag_luchmeetnet_catchup.py
[2024-03-08T01:54:33.421+0000] {processor.py:839} INFO - DAG(s) dict_keys(['dag_luchmeetnet_catchup']) retrieved from /opt/airflow/dags/dag_luchmeetnet_catchup.py
[2024-03-08T01:54:33.474+0000] {logging_mixin.py:154} INFO - [2024-03-08T01:54:33.473+0000] {dag.py:2941} INFO - Sync 1 DAGs
[2024-03-08T01:54:33.514+0000] {logging_mixin.py:154} INFO - [2024-03-08T01:54:33.513+0000] {dag.py:3722} INFO - Setting next_dagrun for dag_luchmeetnet_catchup to 2023-11-27T00:00:00+00:00, run_after=2023-11-27T01:00:00+00:00
[2024-03-08T01:54:33.551+0000] {processor.py:179} INFO - Processing /opt/airflow/dags/dag_luchmeetnet_catchup.py took 1.070 seconds
[2024-03-08T01:54:43.762+0000] {processor.py:157} INFO - Started process (PID=1334) to work on /opt/airflow/dags/dag_luchmeetnet_catchup.py
[2024-03-08T01:54:43.766+0000] {processor.py:829} INFO - Processing file /opt/airflow/dags/dag_luchmeetnet_catchup.py for tasks to queue
[2024-03-08T01:54:43.769+0000] {logging_mixin.py:154} INFO - [2024-03-08T01:54:43.768+0000] {dagbag.py:536} INFO - Filling up the DagBag from /opt/airflow/dags/dag_luchmeetnet_catchup.py
[2024-03-08T01:54:44.516+0000] {processor.py:839} INFO - DAG(s) dict_keys(['dag_luchmeetnet_catchup']) retrieved from /opt/airflow/dags/dag_luchmeetnet_catchup.py
[2024-03-08T01:54:44.555+0000] {logging_mixin.py:154} INFO - [2024-03-08T01:54:44.555+0000] {dag.py:2941} INFO - Sync 1 DAGs
[2024-03-08T01:54:44.650+0000] {logging_mixin.py:154} INFO - [2024-03-08T01:54:44.649+0000] {dag.py:3722} INFO - Setting next_dagrun for dag_luchmeetnet_catchup to 2023-11-27T00:00:00+00:00, run_after=2023-11-27T01:00:00+00:00
[2024-03-08T01:54:44.697+0000] {processor.py:179} INFO - Processing /opt/airflow/dags/dag_luchmeetnet_catchup.py took 0.941 seconds
[2024-03-08T01:54:54.897+0000] {processor.py:157} INFO - Started process (PID=1351) to work on /opt/airflow/dags/dag_luchmeetnet_catchup.py
[2024-03-08T01:54:54.903+0000] {processor.py:829} INFO - Processing file /opt/airflow/dags/dag_luchmeetnet_catchup.py for tasks to queue
[2024-03-08T01:54:54.909+0000] {logging_mixin.py:154} INFO - [2024-03-08T01:54:54.907+0000] {dagbag.py:536} INFO - Filling up the DagBag from /opt/airflow/dags/dag_luchmeetnet_catchup.py
[2024-03-08T01:54:55.845+0000] {processor.py:839} INFO - DAG(s) dict_keys(['dag_luchmeetnet_catchup']) retrieved from /opt/airflow/dags/dag_luchmeetnet_catchup.py
[2024-03-08T01:54:55.907+0000] {logging_mixin.py:154} INFO - [2024-03-08T01:54:55.906+0000] {dag.py:2941} INFO - Sync 1 DAGs
[2024-03-08T01:54:55.966+0000] {logging_mixin.py:154} INFO - [2024-03-08T01:54:55.966+0000] {dag.py:3722} INFO - Setting next_dagrun for dag_luchmeetnet_catchup to 2023-11-27T00:00:00+00:00, run_after=2023-11-27T01:00:00+00:00
[2024-03-08T01:54:56.009+0000] {processor.py:179} INFO - Processing /opt/airflow/dags/dag_luchmeetnet_catchup.py took 1.124 seconds
[2024-03-08T01:55:06.228+0000] {processor.py:157} INFO - Started process (PID=1368) to work on /opt/airflow/dags/dag_luchmeetnet_catchup.py
[2024-03-08T01:55:06.230+0000] {processor.py:829} INFO - Processing file /opt/airflow/dags/dag_luchmeetnet_catchup.py for tasks to queue
[2024-03-08T01:55:06.233+0000] {logging_mixin.py:154} INFO - [2024-03-08T01:55:06.232+0000] {dagbag.py:536} INFO - Filling up the DagBag from /opt/airflow/dags/dag_luchmeetnet_catchup.py
[2024-03-08T01:55:07.280+0000] {processor.py:839} INFO - DAG(s) dict_keys(['dag_luchmeetnet_catchup']) retrieved from /opt/airflow/dags/dag_luchmeetnet_catchup.py
[2024-03-08T01:55:07.343+0000] {logging_mixin.py:154} INFO - [2024-03-08T01:55:07.342+0000] {dag.py:2941} INFO - Sync 1 DAGs
[2024-03-08T01:55:07.375+0000] {logging_mixin.py:154} INFO - [2024-03-08T01:55:07.375+0000] {dag.py:3722} INFO - Setting next_dagrun for dag_luchmeetnet_catchup to 2023-11-27T00:00:00+00:00, run_after=2023-11-27T01:00:00+00:00
[2024-03-08T01:55:07.399+0000] {processor.py:179} INFO - Processing /opt/airflow/dags/dag_luchmeetnet_catchup.py took 1.177 seconds
[2024-03-08T01:55:13.605+0000] {processor.py:157} INFO - Started process (PID=1385) to work on /opt/airflow/dags/dag_luchmeetnet_catchup.py
[2024-03-08T01:55:13.608+0000] {processor.py:829} INFO - Processing file /opt/airflow/dags/dag_luchmeetnet_catchup.py for tasks to queue
[2024-03-08T01:55:13.609+0000] {logging_mixin.py:154} INFO - [2024-03-08T01:55:13.609+0000] {dagbag.py:536} INFO - Filling up the DagBag from /opt/airflow/dags/dag_luchmeetnet_catchup.py
[2024-03-08T01:55:14.211+0000] {processor.py:839} INFO - DAG(s) dict_keys(['dag_luchmeetnet_catchup']) retrieved from /opt/airflow/dags/dag_luchmeetnet_catchup.py
[2024-03-08T01:55:14.338+0000] {logging_mixin.py:154} INFO - [2024-03-08T01:55:14.337+0000] {dag.py:2941} INFO - Sync 1 DAGs
[2024-03-08T01:55:14.364+0000] {logging_mixin.py:154} INFO - [2024-03-08T01:55:14.364+0000] {dag.py:3722} INFO - Setting next_dagrun for dag_luchmeetnet_catchup to 2023-11-27T00:00:00+00:00, run_after=2023-11-27T01:00:00+00:00
[2024-03-08T01:55:14.423+0000] {processor.py:179} INFO - Processing /opt/airflow/dags/dag_luchmeetnet_catchup.py took 0.823 seconds
[2024-03-08T01:55:24.675+0000] {processor.py:157} INFO - Started process (PID=1402) to work on /opt/airflow/dags/dag_luchmeetnet_catchup.py
[2024-03-08T01:55:24.677+0000] {processor.py:829} INFO - Processing file /opt/airflow/dags/dag_luchmeetnet_catchup.py for tasks to queue
[2024-03-08T01:55:24.678+0000] {logging_mixin.py:154} INFO - [2024-03-08T01:55:24.678+0000] {dagbag.py:536} INFO - Filling up the DagBag from /opt/airflow/dags/dag_luchmeetnet_catchup.py
[2024-03-08T01:55:25.363+0000] {processor.py:839} INFO - DAG(s) dict_keys(['dag_luchmeetnet_catchup']) retrieved from /opt/airflow/dags/dag_luchmeetnet_catchup.py
[2024-03-08T01:55:25.381+0000] {logging_mixin.py:154} INFO - [2024-03-08T01:55:25.380+0000] {dag.py:2941} INFO - Sync 1 DAGs
[2024-03-08T01:55:25.408+0000] {logging_mixin.py:154} INFO - [2024-03-08T01:55:25.408+0000] {dag.py:3722} INFO - Setting next_dagrun for dag_luchmeetnet_catchup to 2023-11-27T00:00:00+00:00, run_after=2023-11-27T01:00:00+00:00
[2024-03-08T01:55:25.431+0000] {processor.py:179} INFO - Processing /opt/airflow/dags/dag_luchmeetnet_catchup.py took 0.761 seconds
[2024-03-08T01:55:35.564+0000] {processor.py:157} INFO - Started process (PID=1419) to work on /opt/airflow/dags/dag_luchmeetnet_catchup.py
[2024-03-08T01:55:35.568+0000] {processor.py:829} INFO - Processing file /opt/airflow/dags/dag_luchmeetnet_catchup.py for tasks to queue
[2024-03-08T01:55:35.570+0000] {logging_mixin.py:154} INFO - [2024-03-08T01:55:35.569+0000] {dagbag.py:536} INFO - Filling up the DagBag from /opt/airflow/dags/dag_luchmeetnet_catchup.py
[2024-03-08T01:55:36.088+0000] {processor.py:839} INFO - DAG(s) dict_keys(['dag_luchmeetnet_catchup']) retrieved from /opt/airflow/dags/dag_luchmeetnet_catchup.py
[2024-03-08T01:55:36.107+0000] {logging_mixin.py:154} INFO - [2024-03-08T01:55:36.106+0000] {dag.py:2941} INFO - Sync 1 DAGs
[2024-03-08T01:55:36.133+0000] {logging_mixin.py:154} INFO - [2024-03-08T01:55:36.133+0000] {dag.py:3722} INFO - Setting next_dagrun for dag_luchmeetnet_catchup to 2023-11-27T00:00:00+00:00, run_after=2023-11-27T01:00:00+00:00
[2024-03-08T01:55:36.157+0000] {processor.py:179} INFO - Processing /opt/airflow/dags/dag_luchmeetnet_catchup.py took 0.597 seconds
[2024-03-08T01:55:46.758+0000] {processor.py:157} INFO - Started process (PID=1436) to work on /opt/airflow/dags/dag_luchmeetnet_catchup.py
[2024-03-08T01:55:46.760+0000] {processor.py:829} INFO - Processing file /opt/airflow/dags/dag_luchmeetnet_catchup.py for tasks to queue
[2024-03-08T01:55:46.763+0000] {logging_mixin.py:154} INFO - [2024-03-08T01:55:46.762+0000] {dagbag.py:536} INFO - Filling up the DagBag from /opt/airflow/dags/dag_luchmeetnet_catchup.py
[2024-03-08T01:55:47.467+0000] {processor.py:839} INFO - DAG(s) dict_keys(['dag_luchmeetnet_catchup']) retrieved from /opt/airflow/dags/dag_luchmeetnet_catchup.py
[2024-03-08T01:55:47.500+0000] {logging_mixin.py:154} INFO - [2024-03-08T01:55:47.499+0000] {dag.py:2941} INFO - Sync 1 DAGs
[2024-03-08T01:55:47.526+0000] {logging_mixin.py:154} INFO - [2024-03-08T01:55:47.525+0000] {dag.py:3722} INFO - Setting next_dagrun for dag_luchmeetnet_catchup to 2023-11-27T00:00:00+00:00, run_after=2023-11-27T01:00:00+00:00
[2024-03-08T01:55:47.548+0000] {processor.py:179} INFO - Processing /opt/airflow/dags/dag_luchmeetnet_catchup.py took 0.796 seconds
[2024-03-08T01:55:58.017+0000] {processor.py:157} INFO - Started process (PID=1453) to work on /opt/airflow/dags/dag_luchmeetnet_catchup.py
[2024-03-08T01:55:58.019+0000] {processor.py:829} INFO - Processing file /opt/airflow/dags/dag_luchmeetnet_catchup.py for tasks to queue
[2024-03-08T01:55:58.021+0000] {logging_mixin.py:154} INFO - [2024-03-08T01:55:58.021+0000] {dagbag.py:536} INFO - Filling up the DagBag from /opt/airflow/dags/dag_luchmeetnet_catchup.py
[2024-03-08T01:55:59.032+0000] {processor.py:839} INFO - DAG(s) dict_keys(['dag_luchmeetnet_catchup']) retrieved from /opt/airflow/dags/dag_luchmeetnet_catchup.py
[2024-03-08T01:55:59.084+0000] {logging_mixin.py:154} INFO - [2024-03-08T01:55:59.084+0000] {dag.py:2941} INFO - Sync 1 DAGs
[2024-03-08T01:55:59.118+0000] {logging_mixin.py:154} INFO - [2024-03-08T01:55:59.118+0000] {dag.py:3722} INFO - Setting next_dagrun for dag_luchmeetnet_catchup to 2023-11-27T00:00:00+00:00, run_after=2023-11-27T01:00:00+00:00
[2024-03-08T01:55:59.156+0000] {processor.py:179} INFO - Processing /opt/airflow/dags/dag_luchmeetnet_catchup.py took 1.145 seconds
[2024-03-08T01:56:09.368+0000] {processor.py:157} INFO - Started process (PID=1470) to work on /opt/airflow/dags/dag_luchmeetnet_catchup.py
[2024-03-08T01:56:09.370+0000] {processor.py:829} INFO - Processing file /opt/airflow/dags/dag_luchmeetnet_catchup.py for tasks to queue
[2024-03-08T01:56:09.374+0000] {logging_mixin.py:154} INFO - [2024-03-08T01:56:09.373+0000] {dagbag.py:536} INFO - Filling up the DagBag from /opt/airflow/dags/dag_luchmeetnet_catchup.py
[2024-03-08T01:56:10.232+0000] {processor.py:839} INFO - DAG(s) dict_keys(['dag_luchmeetnet_catchup']) retrieved from /opt/airflow/dags/dag_luchmeetnet_catchup.py
[2024-03-08T01:56:10.317+0000] {logging_mixin.py:154} INFO - [2024-03-08T01:56:10.316+0000] {dag.py:2941} INFO - Sync 1 DAGs
[2024-03-08T01:56:10.373+0000] {logging_mixin.py:154} INFO - [2024-03-08T01:56:10.372+0000] {dag.py:3722} INFO - Setting next_dagrun for dag_luchmeetnet_catchup to 2023-11-27T00:00:00+00:00, run_after=2023-11-27T01:00:00+00:00
[2024-03-08T01:56:10.432+0000] {processor.py:179} INFO - Processing /opt/airflow/dags/dag_luchmeetnet_catchup.py took 1.069 seconds
[2024-03-08T01:56:20.713+0000] {processor.py:157} INFO - Started process (PID=1487) to work on /opt/airflow/dags/dag_luchmeetnet_catchup.py
[2024-03-08T01:56:20.715+0000] {processor.py:829} INFO - Processing file /opt/airflow/dags/dag_luchmeetnet_catchup.py for tasks to queue
[2024-03-08T01:56:20.717+0000] {logging_mixin.py:154} INFO - [2024-03-08T01:56:20.717+0000] {dagbag.py:536} INFO - Filling up the DagBag from /opt/airflow/dags/dag_luchmeetnet_catchup.py
[2024-03-08T01:56:21.370+0000] {processor.py:839} INFO - DAG(s) dict_keys(['dag_luchmeetnet_catchup']) retrieved from /opt/airflow/dags/dag_luchmeetnet_catchup.py
[2024-03-08T01:56:21.400+0000] {logging_mixin.py:154} INFO - [2024-03-08T01:56:21.399+0000] {dag.py:2941} INFO - Sync 1 DAGs
[2024-03-08T01:56:21.429+0000] {logging_mixin.py:154} INFO - [2024-03-08T01:56:21.429+0000] {dag.py:3722} INFO - Setting next_dagrun for dag_luchmeetnet_catchup to 2023-11-27T00:00:00+00:00, run_after=2023-11-27T01:00:00+00:00
[2024-03-08T01:56:21.455+0000] {processor.py:179} INFO - Processing /opt/airflow/dags/dag_luchmeetnet_catchup.py took 0.750 seconds
[2024-03-08T01:56:32.012+0000] {processor.py:157} INFO - Started process (PID=1509) to work on /opt/airflow/dags/dag_luchmeetnet_catchup.py
[2024-03-08T01:56:32.016+0000] {processor.py:829} INFO - Processing file /opt/airflow/dags/dag_luchmeetnet_catchup.py for tasks to queue
[2024-03-08T01:56:32.018+0000] {logging_mixin.py:154} INFO - [2024-03-08T01:56:32.018+0000] {dagbag.py:536} INFO - Filling up the DagBag from /opt/airflow/dags/dag_luchmeetnet_catchup.py
[2024-03-08T01:56:32.640+0000] {processor.py:839} INFO - DAG(s) dict_keys(['dag_luchmeetnet_catchup']) retrieved from /opt/airflow/dags/dag_luchmeetnet_catchup.py
[2024-03-08T01:56:32.671+0000] {logging_mixin.py:154} INFO - [2024-03-08T01:56:32.670+0000] {dag.py:2941} INFO - Sync 1 DAGs
[2024-03-08T01:56:32.696+0000] {logging_mixin.py:154} INFO - [2024-03-08T01:56:32.696+0000] {dag.py:3722} INFO - Setting next_dagrun for dag_luchmeetnet_catchup to 2023-11-27T00:00:00+00:00, run_after=2023-11-27T01:00:00+00:00
[2024-03-08T01:56:32.718+0000] {processor.py:179} INFO - Processing /opt/airflow/dags/dag_luchmeetnet_catchup.py took 0.711 seconds
[2024-03-08T01:56:43.327+0000] {processor.py:157} INFO - Started process (PID=1526) to work on /opt/airflow/dags/dag_luchmeetnet_catchup.py
[2024-03-08T01:56:43.330+0000] {processor.py:829} INFO - Processing file /opt/airflow/dags/dag_luchmeetnet_catchup.py for tasks to queue
[2024-03-08T01:56:43.332+0000] {logging_mixin.py:154} INFO - [2024-03-08T01:56:43.332+0000] {dagbag.py:536} INFO - Filling up the DagBag from /opt/airflow/dags/dag_luchmeetnet_catchup.py
[2024-03-08T01:56:43.886+0000] {processor.py:839} INFO - DAG(s) dict_keys(['dag_luchmeetnet_catchup']) retrieved from /opt/airflow/dags/dag_luchmeetnet_catchup.py
[2024-03-08T01:56:43.915+0000] {logging_mixin.py:154} INFO - [2024-03-08T01:56:43.914+0000] {dag.py:2941} INFO - Sync 1 DAGs
[2024-03-08T01:56:43.938+0000] {logging_mixin.py:154} INFO - [2024-03-08T01:56:43.938+0000] {dag.py:3722} INFO - Setting next_dagrun for dag_luchmeetnet_catchup to 2023-11-27T00:00:00+00:00, run_after=2023-11-27T01:00:00+00:00
[2024-03-08T01:56:43.961+0000] {processor.py:179} INFO - Processing /opt/airflow/dags/dag_luchmeetnet_catchup.py took 0.640 seconds
[2024-03-08T01:56:54.595+0000] {processor.py:157} INFO - Started process (PID=1543) to work on /opt/airflow/dags/dag_luchmeetnet_catchup.py
[2024-03-08T01:56:54.598+0000] {processor.py:829} INFO - Processing file /opt/airflow/dags/dag_luchmeetnet_catchup.py for tasks to queue
[2024-03-08T01:56:54.601+0000] {logging_mixin.py:154} INFO - [2024-03-08T01:56:54.601+0000] {dagbag.py:536} INFO - Filling up the DagBag from /opt/airflow/dags/dag_luchmeetnet_catchup.py
[2024-03-08T01:56:55.207+0000] {processor.py:839} INFO - DAG(s) dict_keys(['dag_luchmeetnet_catchup']) retrieved from /opt/airflow/dags/dag_luchmeetnet_catchup.py
[2024-03-08T01:56:55.290+0000] {logging_mixin.py:154} INFO - [2024-03-08T01:56:55.289+0000] {dag.py:2941} INFO - Sync 1 DAGs
[2024-03-08T01:56:55.332+0000] {logging_mixin.py:154} INFO - [2024-03-08T01:56:55.332+0000] {dag.py:3722} INFO - Setting next_dagrun for dag_luchmeetnet_catchup to 2023-11-27T00:00:00+00:00, run_after=2023-11-27T01:00:00+00:00
[2024-03-08T01:56:55.362+0000] {processor.py:179} INFO - Processing /opt/airflow/dags/dag_luchmeetnet_catchup.py took 0.772 seconds
[2024-03-08T01:57:05.838+0000] {processor.py:157} INFO - Started process (PID=1560) to work on /opt/airflow/dags/dag_luchmeetnet_catchup.py
[2024-03-08T01:57:05.841+0000] {processor.py:829} INFO - Processing file /opt/airflow/dags/dag_luchmeetnet_catchup.py for tasks to queue
[2024-03-08T01:57:05.844+0000] {logging_mixin.py:154} INFO - [2024-03-08T01:57:05.843+0000] {dagbag.py:536} INFO - Filling up the DagBag from /opt/airflow/dags/dag_luchmeetnet_catchup.py
[2024-03-08T01:57:06.727+0000] {processor.py:839} INFO - DAG(s) dict_keys(['dag_luchmeetnet_catchup']) retrieved from /opt/airflow/dags/dag_luchmeetnet_catchup.py
[2024-03-08T01:57:06.755+0000] {logging_mixin.py:154} INFO - [2024-03-08T01:57:06.755+0000] {dag.py:2941} INFO - Sync 1 DAGs
[2024-03-08T01:57:06.781+0000] {logging_mixin.py:154} INFO - [2024-03-08T01:57:06.781+0000] {dag.py:3722} INFO - Setting next_dagrun for dag_luchmeetnet_catchup to 2023-11-27T00:00:00+00:00, run_after=2023-11-27T01:00:00+00:00
[2024-03-08T01:57:06.808+0000] {processor.py:179} INFO - Processing /opt/airflow/dags/dag_luchmeetnet_catchup.py took 0.976 seconds
[2024-03-08T01:57:17.076+0000] {processor.py:157} INFO - Started process (PID=1577) to work on /opt/airflow/dags/dag_luchmeetnet_catchup.py
[2024-03-08T01:57:17.078+0000] {processor.py:829} INFO - Processing file /opt/airflow/dags/dag_luchmeetnet_catchup.py for tasks to queue
[2024-03-08T01:57:17.081+0000] {logging_mixin.py:154} INFO - [2024-03-08T01:57:17.080+0000] {dagbag.py:536} INFO - Filling up the DagBag from /opt/airflow/dags/dag_luchmeetnet_catchup.py
[2024-03-08T01:57:18.221+0000] {processor.py:839} INFO - DAG(s) dict_keys(['dag_luchmeetnet_catchup']) retrieved from /opt/airflow/dags/dag_luchmeetnet_catchup.py
[2024-03-08T01:57:18.276+0000] {logging_mixin.py:154} INFO - [2024-03-08T01:57:18.275+0000] {dag.py:2941} INFO - Sync 1 DAGs
[2024-03-08T01:57:18.337+0000] {logging_mixin.py:154} INFO - [2024-03-08T01:57:18.336+0000] {dag.py:3722} INFO - Setting next_dagrun for dag_luchmeetnet_catchup to 2023-11-27T00:00:00+00:00, run_after=2023-11-27T01:00:00+00:00
[2024-03-08T01:57:18.404+0000] {processor.py:179} INFO - Processing /opt/airflow/dags/dag_luchmeetnet_catchup.py took 1.333 seconds
[2024-03-08T01:57:28.541+0000] {processor.py:157} INFO - Started process (PID=1594) to work on /opt/airflow/dags/dag_luchmeetnet_catchup.py
[2024-03-08T01:57:28.545+0000] {processor.py:829} INFO - Processing file /opt/airflow/dags/dag_luchmeetnet_catchup.py for tasks to queue
[2024-03-08T01:57:28.549+0000] {logging_mixin.py:154} INFO - [2024-03-08T01:57:28.548+0000] {dagbag.py:536} INFO - Filling up the DagBag from /opt/airflow/dags/dag_luchmeetnet_catchup.py
[2024-03-08T01:57:29.240+0000] {processor.py:839} INFO - DAG(s) dict_keys(['dag_luchmeetnet_catchup']) retrieved from /opt/airflow/dags/dag_luchmeetnet_catchup.py
[2024-03-08T01:57:29.276+0000] {logging_mixin.py:154} INFO - [2024-03-08T01:57:29.276+0000] {dag.py:2941} INFO - Sync 1 DAGs
[2024-03-08T01:57:29.304+0000] {logging_mixin.py:154} INFO - [2024-03-08T01:57:29.304+0000] {dag.py:3722} INFO - Setting next_dagrun for dag_luchmeetnet_catchup to 2023-11-27T00:00:00+00:00, run_after=2023-11-27T01:00:00+00:00
[2024-03-08T01:57:29.336+0000] {processor.py:179} INFO - Processing /opt/airflow/dags/dag_luchmeetnet_catchup.py took 0.801 seconds
[2024-03-08T01:57:40.282+0000] {processor.py:157} INFO - Started process (PID=1611) to work on /opt/airflow/dags/dag_luchmeetnet_catchup.py
[2024-03-08T01:57:40.284+0000] {processor.py:829} INFO - Processing file /opt/airflow/dags/dag_luchmeetnet_catchup.py for tasks to queue
[2024-03-08T01:57:40.286+0000] {logging_mixin.py:154} INFO - [2024-03-08T01:57:40.286+0000] {dagbag.py:536} INFO - Filling up the DagBag from /opt/airflow/dags/dag_luchmeetnet_catchup.py
[2024-03-08T01:57:40.778+0000] {processor.py:839} INFO - DAG(s) dict_keys(['dag_luchmeetnet_catchup']) retrieved from /opt/airflow/dags/dag_luchmeetnet_catchup.py
[2024-03-08T01:57:40.830+0000] {logging_mixin.py:154} INFO - [2024-03-08T01:57:40.829+0000] {dag.py:2941} INFO - Sync 1 DAGs
[2024-03-08T01:57:40.860+0000] {logging_mixin.py:154} INFO - [2024-03-08T01:57:40.860+0000] {dag.py:3722} INFO - Setting next_dagrun for dag_luchmeetnet_catchup to 2023-11-27T00:00:00+00:00, run_after=2023-11-27T01:00:00+00:00
[2024-03-08T01:57:40.886+0000] {processor.py:179} INFO - Processing /opt/airflow/dags/dag_luchmeetnet_catchup.py took 0.609 seconds
[2024-03-08T01:57:51.456+0000] {processor.py:157} INFO - Started process (PID=1628) to work on /opt/airflow/dags/dag_luchmeetnet_catchup.py
[2024-03-08T01:57:51.458+0000] {processor.py:829} INFO - Processing file /opt/airflow/dags/dag_luchmeetnet_catchup.py for tasks to queue
[2024-03-08T01:57:51.460+0000] {logging_mixin.py:154} INFO - [2024-03-08T01:57:51.459+0000] {dagbag.py:536} INFO - Filling up the DagBag from /opt/airflow/dags/dag_luchmeetnet_catchup.py
[2024-03-08T01:57:51.983+0000] {processor.py:839} INFO - DAG(s) dict_keys(['dag_luchmeetnet_catchup']) retrieved from /opt/airflow/dags/dag_luchmeetnet_catchup.py
[2024-03-08T01:57:52.021+0000] {logging_mixin.py:154} INFO - [2024-03-08T01:57:52.020+0000] {dag.py:2941} INFO - Sync 1 DAGs
[2024-03-08T01:57:52.053+0000] {logging_mixin.py:154} INFO - [2024-03-08T01:57:52.053+0000] {dag.py:3722} INFO - Setting next_dagrun for dag_luchmeetnet_catchup to 2023-11-27T00:00:00+00:00, run_after=2023-11-27T01:00:00+00:00
[2024-03-08T01:57:52.078+0000] {processor.py:179} INFO - Processing /opt/airflow/dags/dag_luchmeetnet_catchup.py took 0.626 seconds
[2024-03-08T01:58:02.666+0000] {processor.py:157} INFO - Started process (PID=1645) to work on /opt/airflow/dags/dag_luchmeetnet_catchup.py
[2024-03-08T01:58:02.668+0000] {processor.py:829} INFO - Processing file /opt/airflow/dags/dag_luchmeetnet_catchup.py for tasks to queue
[2024-03-08T01:58:02.669+0000] {logging_mixin.py:154} INFO - [2024-03-08T01:58:02.669+0000] {dagbag.py:536} INFO - Filling up the DagBag from /opt/airflow/dags/dag_luchmeetnet_catchup.py
[2024-03-08T01:58:03.250+0000] {processor.py:839} INFO - DAG(s) dict_keys(['dag_luchmeetnet_catchup']) retrieved from /opt/airflow/dags/dag_luchmeetnet_catchup.py
[2024-03-08T01:58:03.286+0000] {logging_mixin.py:154} INFO - [2024-03-08T01:58:03.286+0000] {dag.py:2941} INFO - Sync 1 DAGs
[2024-03-08T01:58:03.334+0000] {logging_mixin.py:154} INFO - [2024-03-08T01:58:03.334+0000] {dag.py:3722} INFO - Setting next_dagrun for dag_luchmeetnet_catchup to 2023-11-27T00:00:00+00:00, run_after=2023-11-27T01:00:00+00:00
[2024-03-08T01:58:03.396+0000] {processor.py:179} INFO - Processing /opt/airflow/dags/dag_luchmeetnet_catchup.py took 0.735 seconds
[2024-03-08T01:58:14.053+0000] {processor.py:157} INFO - Started process (PID=1662) to work on /opt/airflow/dags/dag_luchmeetnet_catchup.py
[2024-03-08T01:58:14.055+0000] {processor.py:829} INFO - Processing file /opt/airflow/dags/dag_luchmeetnet_catchup.py for tasks to queue
[2024-03-08T01:58:14.060+0000] {logging_mixin.py:154} INFO - [2024-03-08T01:58:14.059+0000] {dagbag.py:536} INFO - Filling up the DagBag from /opt/airflow/dags/dag_luchmeetnet_catchup.py
[2024-03-08T01:58:14.928+0000] {processor.py:839} INFO - DAG(s) dict_keys(['dag_luchmeetnet_catchup']) retrieved from /opt/airflow/dags/dag_luchmeetnet_catchup.py
[2024-03-08T01:58:14.962+0000] {logging_mixin.py:154} INFO - [2024-03-08T01:58:14.961+0000] {dag.py:2941} INFO - Sync 1 DAGs
[2024-03-08T01:58:14.987+0000] {logging_mixin.py:154} INFO - [2024-03-08T01:58:14.987+0000] {dag.py:3722} INFO - Setting next_dagrun for dag_luchmeetnet_catchup to 2023-11-27T00:00:00+00:00, run_after=2023-11-27T01:00:00+00:00
[2024-03-08T01:58:15.010+0000] {processor.py:179} INFO - Processing /opt/airflow/dags/dag_luchmeetnet_catchup.py took 0.961 seconds
[2024-03-08T01:58:25.158+0000] {processor.py:157} INFO - Started process (PID=1679) to work on /opt/airflow/dags/dag_luchmeetnet_catchup.py
[2024-03-08T01:58:25.161+0000] {processor.py:829} INFO - Processing file /opt/airflow/dags/dag_luchmeetnet_catchup.py for tasks to queue
[2024-03-08T01:58:25.164+0000] {logging_mixin.py:154} INFO - [2024-03-08T01:58:25.163+0000] {dagbag.py:536} INFO - Filling up the DagBag from /opt/airflow/dags/dag_luchmeetnet_catchup.py
[2024-03-08T01:58:25.734+0000] {processor.py:839} INFO - DAG(s) dict_keys(['dag_luchmeetnet_catchup']) retrieved from /opt/airflow/dags/dag_luchmeetnet_catchup.py
[2024-03-08T01:58:25.768+0000] {logging_mixin.py:154} INFO - [2024-03-08T01:58:25.767+0000] {dag.py:2941} INFO - Sync 1 DAGs
[2024-03-08T01:58:25.794+0000] {logging_mixin.py:154} INFO - [2024-03-08T01:58:25.794+0000] {dag.py:3722} INFO - Setting next_dagrun for dag_luchmeetnet_catchup to 2023-11-27T00:00:00+00:00, run_after=2023-11-27T01:00:00+00:00
[2024-03-08T01:58:25.818+0000] {processor.py:179} INFO - Processing /opt/airflow/dags/dag_luchmeetnet_catchup.py took 0.667 seconds
[2024-03-08T01:58:35.987+0000] {processor.py:157} INFO - Started process (PID=1696) to work on /opt/airflow/dags/dag_luchmeetnet_catchup.py
[2024-03-08T01:58:35.989+0000] {processor.py:829} INFO - Processing file /opt/airflow/dags/dag_luchmeetnet_catchup.py for tasks to queue
[2024-03-08T01:58:35.991+0000] {logging_mixin.py:154} INFO - [2024-03-08T01:58:35.991+0000] {dagbag.py:536} INFO - Filling up the DagBag from /opt/airflow/dags/dag_luchmeetnet_catchup.py
[2024-03-08T01:58:36.632+0000] {processor.py:839} INFO - DAG(s) dict_keys(['dag_luchmeetnet_catchup']) retrieved from /opt/airflow/dags/dag_luchmeetnet_catchup.py
[2024-03-08T01:58:36.661+0000] {logging_mixin.py:154} INFO - [2024-03-08T01:58:36.660+0000] {dag.py:2941} INFO - Sync 1 DAGs
[2024-03-08T01:58:36.684+0000] {logging_mixin.py:154} INFO - [2024-03-08T01:58:36.684+0000] {dag.py:3722} INFO - Setting next_dagrun for dag_luchmeetnet_catchup to 2023-11-27T00:00:00+00:00, run_after=2023-11-27T01:00:00+00:00
[2024-03-08T01:58:36.705+0000] {processor.py:179} INFO - Processing /opt/airflow/dags/dag_luchmeetnet_catchup.py took 0.724 seconds
[2024-03-08T01:58:46.850+0000] {processor.py:157} INFO - Started process (PID=1713) to work on /opt/airflow/dags/dag_luchmeetnet_catchup.py
[2024-03-08T01:58:46.853+0000] {processor.py:829} INFO - Processing file /opt/airflow/dags/dag_luchmeetnet_catchup.py for tasks to queue
[2024-03-08T01:58:46.855+0000] {logging_mixin.py:154} INFO - [2024-03-08T01:58:46.854+0000] {dagbag.py:536} INFO - Filling up the DagBag from /opt/airflow/dags/dag_luchmeetnet_catchup.py
[2024-03-08T01:58:48.007+0000] {processor.py:839} INFO - DAG(s) dict_keys(['dag_luchmeetnet_catchup']) retrieved from /opt/airflow/dags/dag_luchmeetnet_catchup.py
[2024-03-08T01:58:48.067+0000] {logging_mixin.py:154} INFO - [2024-03-08T01:58:48.067+0000] {dag.py:2941} INFO - Sync 1 DAGs
[2024-03-08T01:58:48.114+0000] {logging_mixin.py:154} INFO - [2024-03-08T01:58:48.114+0000] {dag.py:3722} INFO - Setting next_dagrun for dag_luchmeetnet_catchup to 2023-11-27T00:00:00+00:00, run_after=2023-11-27T01:00:00+00:00
[2024-03-08T01:58:48.145+0000] {processor.py:179} INFO - Processing /opt/airflow/dags/dag_luchmeetnet_catchup.py took 1.301 seconds
[2024-03-08T01:58:58.280+0000] {processor.py:157} INFO - Started process (PID=1735) to work on /opt/airflow/dags/dag_luchmeetnet_catchup.py
[2024-03-08T01:58:58.282+0000] {processor.py:829} INFO - Processing file /opt/airflow/dags/dag_luchmeetnet_catchup.py for tasks to queue
[2024-03-08T01:58:58.284+0000] {logging_mixin.py:154} INFO - [2024-03-08T01:58:58.284+0000] {dagbag.py:536} INFO - Filling up the DagBag from /opt/airflow/dags/dag_luchmeetnet_catchup.py
[2024-03-08T01:58:59.194+0000] {processor.py:839} INFO - DAG(s) dict_keys(['dag_luchmeetnet_catchup']) retrieved from /opt/airflow/dags/dag_luchmeetnet_catchup.py
[2024-03-08T01:58:59.233+0000] {logging_mixin.py:154} INFO - [2024-03-08T01:58:59.232+0000] {dag.py:2941} INFO - Sync 1 DAGs
[2024-03-08T01:58:59.266+0000] {logging_mixin.py:154} INFO - [2024-03-08T01:58:59.266+0000] {dag.py:3722} INFO - Setting next_dagrun for dag_luchmeetnet_catchup to 2023-11-27T00:00:00+00:00, run_after=2023-11-27T01:00:00+00:00
[2024-03-08T01:58:59.318+0000] {processor.py:179} INFO - Processing /opt/airflow/dags/dag_luchmeetnet_catchup.py took 1.043 seconds
[2024-03-08T01:59:09.436+0000] {processor.py:157} INFO - Started process (PID=1752) to work on /opt/airflow/dags/dag_luchmeetnet_catchup.py
[2024-03-08T01:59:09.438+0000] {processor.py:829} INFO - Processing file /opt/airflow/dags/dag_luchmeetnet_catchup.py for tasks to queue
[2024-03-08T01:59:09.440+0000] {logging_mixin.py:154} INFO - [2024-03-08T01:59:09.439+0000] {dagbag.py:536} INFO - Filling up the DagBag from /opt/airflow/dags/dag_luchmeetnet_catchup.py
[2024-03-08T01:59:10.100+0000] {processor.py:839} INFO - DAG(s) dict_keys(['dag_luchmeetnet_catchup']) retrieved from /opt/airflow/dags/dag_luchmeetnet_catchup.py
[2024-03-08T01:59:10.143+0000] {logging_mixin.py:154} INFO - [2024-03-08T01:59:10.142+0000] {dag.py:2941} INFO - Sync 1 DAGs
[2024-03-08T01:59:10.190+0000] {logging_mixin.py:154} INFO - [2024-03-08T01:59:10.189+0000] {dag.py:3722} INFO - Setting next_dagrun for dag_luchmeetnet_catchup to 2023-11-27T00:00:00+00:00, run_after=2023-11-27T01:00:00+00:00
[2024-03-08T01:59:10.224+0000] {processor.py:179} INFO - Processing /opt/airflow/dags/dag_luchmeetnet_catchup.py took 0.792 seconds
[2024-03-08T01:59:20.704+0000] {processor.py:157} INFO - Started process (PID=1769) to work on /opt/airflow/dags/dag_luchmeetnet_catchup.py
[2024-03-08T01:59:20.706+0000] {processor.py:829} INFO - Processing file /opt/airflow/dags/dag_luchmeetnet_catchup.py for tasks to queue
[2024-03-08T01:59:20.709+0000] {logging_mixin.py:154} INFO - [2024-03-08T01:59:20.708+0000] {dagbag.py:536} INFO - Filling up the DagBag from /opt/airflow/dags/dag_luchmeetnet_catchup.py
[2024-03-08T01:59:21.328+0000] {processor.py:839} INFO - DAG(s) dict_keys(['dag_luchmeetnet_catchup']) retrieved from /opt/airflow/dags/dag_luchmeetnet_catchup.py
[2024-03-08T01:59:21.368+0000] {logging_mixin.py:154} INFO - [2024-03-08T01:59:21.367+0000] {dag.py:2941} INFO - Sync 1 DAGs
[2024-03-08T01:59:21.397+0000] {logging_mixin.py:154} INFO - [2024-03-08T01:59:21.396+0000] {dag.py:3722} INFO - Setting next_dagrun for dag_luchmeetnet_catchup to 2023-11-27T00:00:00+00:00, run_after=2023-11-27T01:00:00+00:00
[2024-03-08T01:59:21.424+0000] {processor.py:179} INFO - Processing /opt/airflow/dags/dag_luchmeetnet_catchup.py took 0.726 seconds
