[2024-03-08T00:50:54.475+0000] {processor.py:157} INFO - Started process (PID=169) to work on /opt/airflow/dags/dag_luchmeetnet.py
[2024-03-08T00:50:54.477+0000] {processor.py:829} INFO - Processing file /opt/airflow/dags/dag_luchmeetnet.py for tasks to queue
[2024-03-08T00:50:54.479+0000] {logging_mixin.py:154} INFO - [2024-03-08T00:50:54.478+0000] {dagbag.py:536} INFO - Filling up the DagBag from /opt/airflow/dags/dag_luchmeetnet.py
[2024-03-08T00:50:57.305+0000] {processor.py:839} INFO - DAG(s) dict_keys(['dag_luchmeetnet_v2']) retrieved from /opt/airflow/dags/dag_luchmeetnet.py
[2024-03-08T00:50:57.742+0000] {logging_mixin.py:154} INFO - [2024-03-08T00:50:57.741+0000] {manager.py:499} INFO - Created Permission View: %s
[2024-03-08T00:50:57.764+0000] {logging_mixin.py:154} INFO - [2024-03-08T00:50:57.763+0000] {manager.py:499} INFO - Created Permission View: %s
[2024-03-08T00:50:57.778+0000] {logging_mixin.py:154} INFO - [2024-03-08T00:50:57.778+0000] {manager.py:499} INFO - Created Permission View: %s
[2024-03-08T00:50:57.781+0000] {logging_mixin.py:154} INFO - [2024-03-08T00:50:57.780+0000] {dag.py:2941} INFO - Sync 1 DAGs
[2024-03-08T00:50:57.804+0000] {logging_mixin.py:154} INFO - [2024-03-08T00:50:57.803+0000] {dag.py:2963} INFO - Creating ORM DAG for dag_luchmeetnet_v2
[2024-03-08T00:50:57.828+0000] {logging_mixin.py:154} INFO - [2024-03-08T00:50:57.827+0000] {dag.py:3722} INFO - Setting next_dagrun for dag_luchmeetnet_v2 to 2024-03-07T23:00:00+00:00, run_after=2024-03-08T00:00:00+00:00
[2024-03-08T00:50:57.869+0000] {processor.py:179} INFO - Processing /opt/airflow/dags/dag_luchmeetnet.py took 3.398 seconds
[2024-03-08T00:51:08.007+0000] {processor.py:157} INFO - Started process (PID=186) to work on /opt/airflow/dags/dag_luchmeetnet.py
[2024-03-08T00:51:08.010+0000] {processor.py:829} INFO - Processing file /opt/airflow/dags/dag_luchmeetnet.py for tasks to queue
[2024-03-08T00:51:08.013+0000] {logging_mixin.py:154} INFO - [2024-03-08T00:51:08.013+0000] {dagbag.py:536} INFO - Filling up the DagBag from /opt/airflow/dags/dag_luchmeetnet.py
[2024-03-08T00:51:10.448+0000] {processor.py:839} INFO - DAG(s) dict_keys(['dag_luchmeetnet_v2']) retrieved from /opt/airflow/dags/dag_luchmeetnet.py
[2024-03-08T00:51:10.486+0000] {logging_mixin.py:154} INFO - [2024-03-08T00:51:10.485+0000] {dag.py:2941} INFO - Sync 1 DAGs
[2024-03-08T00:51:10.521+0000] {logging_mixin.py:154} INFO - [2024-03-08T00:51:10.521+0000] {dag.py:3722} INFO - Setting next_dagrun for dag_luchmeetnet_v2 to 2024-03-07T23:00:00+00:00, run_after=2024-03-08T00:00:00+00:00
[2024-03-08T00:51:10.551+0000] {processor.py:179} INFO - Processing /opt/airflow/dags/dag_luchmeetnet.py took 2.551 seconds
[2024-03-08T00:51:20.722+0000] {processor.py:157} INFO - Started process (PID=203) to work on /opt/airflow/dags/dag_luchmeetnet.py
[2024-03-08T00:51:20.725+0000] {processor.py:829} INFO - Processing file /opt/airflow/dags/dag_luchmeetnet.py for tasks to queue
[2024-03-08T00:51:20.727+0000] {logging_mixin.py:154} INFO - [2024-03-08T00:51:20.727+0000] {dagbag.py:536} INFO - Filling up the DagBag from /opt/airflow/dags/dag_luchmeetnet.py
[2024-03-08T00:51:21.410+0000] {processor.py:839} INFO - DAG(s) dict_keys(['dag_luchmeetnet_v2']) retrieved from /opt/airflow/dags/dag_luchmeetnet.py
[2024-03-08T00:51:21.443+0000] {logging_mixin.py:154} INFO - [2024-03-08T00:51:21.442+0000] {dag.py:2941} INFO - Sync 1 DAGs
[2024-03-08T00:51:21.486+0000] {logging_mixin.py:154} INFO - [2024-03-08T00:51:21.485+0000] {dag.py:3722} INFO - Setting next_dagrun for dag_luchmeetnet_v2 to 2024-03-07T23:00:00+00:00, run_after=2024-03-08T00:00:00+00:00
[2024-03-08T00:51:21.617+0000] {processor.py:179} INFO - Processing /opt/airflow/dags/dag_luchmeetnet.py took 0.901 seconds
[2024-03-08T00:51:31.808+0000] {processor.py:157} INFO - Started process (PID=220) to work on /opt/airflow/dags/dag_luchmeetnet.py
[2024-03-08T00:51:31.810+0000] {processor.py:829} INFO - Processing file /opt/airflow/dags/dag_luchmeetnet.py for tasks to queue
[2024-03-08T00:51:31.812+0000] {logging_mixin.py:154} INFO - [2024-03-08T00:51:31.811+0000] {dagbag.py:536} INFO - Filling up the DagBag from /opt/airflow/dags/dag_luchmeetnet.py
[2024-03-08T00:51:32.568+0000] {processor.py:839} INFO - DAG(s) dict_keys(['dag_luchmeetnet_v2']) retrieved from /opt/airflow/dags/dag_luchmeetnet.py
[2024-03-08T00:51:32.602+0000] {logging_mixin.py:154} INFO - [2024-03-08T00:51:32.602+0000] {dag.py:2941} INFO - Sync 1 DAGs
[2024-03-08T00:51:32.634+0000] {logging_mixin.py:154} INFO - [2024-03-08T00:51:32.633+0000] {dag.py:3722} INFO - Setting next_dagrun for dag_luchmeetnet_v2 to 2024-03-07T23:00:00+00:00, run_after=2024-03-08T00:00:00+00:00
[2024-03-08T00:51:32.665+0000] {processor.py:179} INFO - Processing /opt/airflow/dags/dag_luchmeetnet.py took 0.863 seconds
[2024-03-08T00:51:42.814+0000] {processor.py:157} INFO - Started process (PID=237) to work on /opt/airflow/dags/dag_luchmeetnet.py
[2024-03-08T00:51:42.816+0000] {processor.py:829} INFO - Processing file /opt/airflow/dags/dag_luchmeetnet.py for tasks to queue
[2024-03-08T00:51:42.818+0000] {logging_mixin.py:154} INFO - [2024-03-08T00:51:42.818+0000] {dagbag.py:536} INFO - Filling up the DagBag from /opt/airflow/dags/dag_luchmeetnet.py
[2024-03-08T00:51:43.566+0000] {processor.py:839} INFO - DAG(s) dict_keys(['dag_luchmeetnet_v2']) retrieved from /opt/airflow/dags/dag_luchmeetnet.py
[2024-03-08T00:51:43.603+0000] {logging_mixin.py:154} INFO - [2024-03-08T00:51:43.601+0000] {dag.py:2941} INFO - Sync 1 DAGs
[2024-03-08T00:51:43.648+0000] {logging_mixin.py:154} INFO - [2024-03-08T00:51:43.647+0000] {dag.py:3722} INFO - Setting next_dagrun for dag_luchmeetnet_v2 to 2024-03-07T23:00:00+00:00, run_after=2024-03-08T00:00:00+00:00
[2024-03-08T00:51:43.724+0000] {processor.py:179} INFO - Processing /opt/airflow/dags/dag_luchmeetnet.py took 0.914 seconds
[2024-03-08T00:51:54.128+0000] {processor.py:157} INFO - Started process (PID=254) to work on /opt/airflow/dags/dag_luchmeetnet.py
[2024-03-08T00:51:54.130+0000] {processor.py:829} INFO - Processing file /opt/airflow/dags/dag_luchmeetnet.py for tasks to queue
[2024-03-08T00:51:54.132+0000] {logging_mixin.py:154} INFO - [2024-03-08T00:51:54.131+0000] {dagbag.py:536} INFO - Filling up the DagBag from /opt/airflow/dags/dag_luchmeetnet.py
[2024-03-08T00:51:55.831+0000] {processor.py:839} INFO - DAG(s) dict_keys(['dag_luchmeetnet_v2']) retrieved from /opt/airflow/dags/dag_luchmeetnet.py
[2024-03-08T00:51:55.912+0000] {logging_mixin.py:154} INFO - [2024-03-08T00:51:55.910+0000] {dag.py:2941} INFO - Sync 1 DAGs
[2024-03-08T00:51:55.966+0000] {logging_mixin.py:154} INFO - [2024-03-08T00:51:55.966+0000] {dag.py:3722} INFO - Setting next_dagrun for dag_luchmeetnet_v2 to 2024-03-07T23:00:00+00:00, run_after=2024-03-08T00:00:00+00:00
[2024-03-08T00:51:56.067+0000] {processor.py:179} INFO - Processing /opt/airflow/dags/dag_luchmeetnet.py took 1.947 seconds
[2024-03-08T00:52:06.221+0000] {processor.py:157} INFO - Started process (PID=271) to work on /opt/airflow/dags/dag_luchmeetnet.py
[2024-03-08T00:52:06.223+0000] {processor.py:829} INFO - Processing file /opt/airflow/dags/dag_luchmeetnet.py for tasks to queue
[2024-03-08T00:52:06.225+0000] {logging_mixin.py:154} INFO - [2024-03-08T00:52:06.224+0000] {dagbag.py:536} INFO - Filling up the DagBag from /opt/airflow/dags/dag_luchmeetnet.py
[2024-03-08T00:52:08.014+0000] {processor.py:839} INFO - DAG(s) dict_keys(['dag_luchmeetnet_v2']) retrieved from /opt/airflow/dags/dag_luchmeetnet.py
[2024-03-08T00:52:08.052+0000] {logging_mixin.py:154} INFO - [2024-03-08T00:52:08.051+0000] {dag.py:2941} INFO - Sync 1 DAGs
[2024-03-08T00:52:08.091+0000] {logging_mixin.py:154} INFO - [2024-03-08T00:52:08.091+0000] {dag.py:3722} INFO - Setting next_dagrun for dag_luchmeetnet_v2 to 2024-03-07T23:00:00+00:00, run_after=2024-03-08T00:00:00+00:00
[2024-03-08T00:52:08.121+0000] {processor.py:179} INFO - Processing /opt/airflow/dags/dag_luchmeetnet.py took 1.906 seconds
[2024-03-08T00:52:18.280+0000] {processor.py:157} INFO - Started process (PID=288) to work on /opt/airflow/dags/dag_luchmeetnet.py
[2024-03-08T00:52:18.282+0000] {processor.py:829} INFO - Processing file /opt/airflow/dags/dag_luchmeetnet.py for tasks to queue
[2024-03-08T00:52:18.286+0000] {logging_mixin.py:154} INFO - [2024-03-08T00:52:18.285+0000] {dagbag.py:536} INFO - Filling up the DagBag from /opt/airflow/dags/dag_luchmeetnet.py
[2024-03-08T00:52:18.888+0000] {processor.py:839} INFO - DAG(s) dict_keys(['dag_luchmeetnet_v2']) retrieved from /opt/airflow/dags/dag_luchmeetnet.py
[2024-03-08T00:52:18.966+0000] {logging_mixin.py:154} INFO - [2024-03-08T00:52:18.964+0000] {dag.py:2941} INFO - Sync 1 DAGs
[2024-03-08T00:52:19.107+0000] {logging_mixin.py:154} INFO - [2024-03-08T00:52:19.107+0000] {dag.py:3722} INFO - Setting next_dagrun for dag_luchmeetnet_v2 to 2024-03-07T23:00:00+00:00, run_after=2024-03-08T00:00:00+00:00
[2024-03-08T00:52:19.233+0000] {processor.py:179} INFO - Processing /opt/airflow/dags/dag_luchmeetnet.py took 0.959 seconds
[2024-03-08T00:52:29.422+0000] {processor.py:157} INFO - Started process (PID=305) to work on /opt/airflow/dags/dag_luchmeetnet.py
[2024-03-08T00:52:29.425+0000] {processor.py:829} INFO - Processing file /opt/airflow/dags/dag_luchmeetnet.py for tasks to queue
[2024-03-08T00:52:29.427+0000] {logging_mixin.py:154} INFO - [2024-03-08T00:52:29.426+0000] {dagbag.py:536} INFO - Filling up the DagBag from /opt/airflow/dags/dag_luchmeetnet.py
[2024-03-08T00:52:30.268+0000] {processor.py:839} INFO - DAG(s) dict_keys(['dag_luchmeetnet_v2']) retrieved from /opt/airflow/dags/dag_luchmeetnet.py
[2024-03-08T00:52:30.314+0000] {logging_mixin.py:154} INFO - [2024-03-08T00:52:30.313+0000] {dag.py:2941} INFO - Sync 1 DAGs
[2024-03-08T00:52:30.348+0000] {logging_mixin.py:154} INFO - [2024-03-08T00:52:30.348+0000] {dag.py:3722} INFO - Setting next_dagrun for dag_luchmeetnet_v2 to 2024-03-07T23:00:00+00:00, run_after=2024-03-08T00:00:00+00:00
[2024-03-08T00:52:30.378+0000] {processor.py:179} INFO - Processing /opt/airflow/dags/dag_luchmeetnet.py took 0.965 seconds
[2024-03-08T00:52:40.590+0000] {processor.py:157} INFO - Started process (PID=322) to work on /opt/airflow/dags/dag_luchmeetnet.py
[2024-03-08T00:52:40.592+0000] {processor.py:829} INFO - Processing file /opt/airflow/dags/dag_luchmeetnet.py for tasks to queue
[2024-03-08T00:52:40.594+0000] {logging_mixin.py:154} INFO - [2024-03-08T00:52:40.594+0000] {dagbag.py:536} INFO - Filling up the DagBag from /opt/airflow/dags/dag_luchmeetnet.py
[2024-03-08T00:52:41.572+0000] {processor.py:839} INFO - DAG(s) dict_keys(['dag_luchmeetnet_v2']) retrieved from /opt/airflow/dags/dag_luchmeetnet.py
[2024-03-08T00:52:41.621+0000] {logging_mixin.py:154} INFO - [2024-03-08T00:52:41.620+0000] {dag.py:2941} INFO - Sync 1 DAGs
[2024-03-08T00:52:41.651+0000] {logging_mixin.py:154} INFO - [2024-03-08T00:52:41.651+0000] {dag.py:3722} INFO - Setting next_dagrun for dag_luchmeetnet_v2 to 2024-03-07T23:00:00+00:00, run_after=2024-03-08T00:00:00+00:00
[2024-03-08T00:52:41.725+0000] {processor.py:179} INFO - Processing /opt/airflow/dags/dag_luchmeetnet.py took 1.141 seconds
[2024-03-08T00:52:51.930+0000] {processor.py:157} INFO - Started process (PID=339) to work on /opt/airflow/dags/dag_luchmeetnet.py
[2024-03-08T00:52:51.932+0000] {processor.py:829} INFO - Processing file /opt/airflow/dags/dag_luchmeetnet.py for tasks to queue
[2024-03-08T00:52:51.934+0000] {logging_mixin.py:154} INFO - [2024-03-08T00:52:51.934+0000] {dagbag.py:536} INFO - Filling up the DagBag from /opt/airflow/dags/dag_luchmeetnet.py
[2024-03-08T00:52:52.579+0000] {processor.py:839} INFO - DAG(s) dict_keys(['dag_luchmeetnet_v2']) retrieved from /opt/airflow/dags/dag_luchmeetnet.py
[2024-03-08T00:52:52.633+0000] {logging_mixin.py:154} INFO - [2024-03-08T00:52:52.630+0000] {dag.py:2941} INFO - Sync 1 DAGs
[2024-03-08T00:52:52.681+0000] {logging_mixin.py:154} INFO - [2024-03-08T00:52:52.680+0000] {dag.py:3722} INFO - Setting next_dagrun for dag_luchmeetnet_v2 to 2024-03-07T23:00:00+00:00, run_after=2024-03-08T00:00:00+00:00
[2024-03-08T00:52:52.714+0000] {processor.py:179} INFO - Processing /opt/airflow/dags/dag_luchmeetnet.py took 0.790 seconds
[2024-03-08T00:55:53.678+0000] {processor.py:157} INFO - Started process (PID=356) to work on /opt/airflow/dags/dag_luchmeetnet.py
[2024-03-08T00:55:53.746+0000] {processor.py:829} INFO - Processing file /opt/airflow/dags/dag_luchmeetnet.py for tasks to queue
[2024-03-08T00:55:53.773+0000] {logging_mixin.py:154} INFO - [2024-03-08T00:55:53.773+0000] {dagbag.py:536} INFO - Filling up the DagBag from /opt/airflow/dags/dag_luchmeetnet.py
[2024-03-08T00:55:56.639+0000] {processor.py:839} INFO - DAG(s) dict_keys(['dag_luchmeetnet_v2']) retrieved from /opt/airflow/dags/dag_luchmeetnet.py
[2024-03-08T00:55:56.837+0000] {logging_mixin.py:154} INFO - [2024-03-08T00:55:56.836+0000] {dag.py:2941} INFO - Sync 1 DAGs
[2024-03-08T00:55:57.050+0000] {logging_mixin.py:154} INFO - [2024-03-08T00:55:57.049+0000] {dag.py:3722} INFO - Setting next_dagrun for dag_luchmeetnet_v2 to 2024-03-07T23:00:00+00:00, run_after=2024-03-08T00:00:00+00:00
[2024-03-08T00:55:57.152+0000] {processor.py:179} INFO - Processing /opt/airflow/dags/dag_luchmeetnet.py took 3.479 seconds
[2024-03-08T01:45:00.283+0000] {processor.py:157} INFO - Started process (PID=375) to work on /opt/airflow/dags/dag_luchmeetnet.py
[2024-03-08T01:45:00.312+0000] {processor.py:829} INFO - Processing file /opt/airflow/dags/dag_luchmeetnet.py for tasks to queue
[2024-03-08T01:45:00.420+0000] {logging_mixin.py:154} INFO - [2024-03-08T01:45:00.348+0000] {dagbag.py:536} INFO - Filling up the DagBag from /opt/airflow/dags/dag_luchmeetnet.py
[2024-03-08T01:45:04.809+0000] {processor.py:839} INFO - DAG(s) dict_keys(['dag_luchmeetnet_v2']) retrieved from /opt/airflow/dags/dag_luchmeetnet.py
[2024-03-08T01:45:05.722+0000] {logging_mixin.py:154} INFO - [2024-03-08T01:45:05.721+0000] {dag.py:2941} INFO - Sync 1 DAGs
[2024-03-08T01:45:05.802+0000] {logging_mixin.py:154} INFO - [2024-03-08T01:45:05.802+0000] {dag.py:3722} INFO - Setting next_dagrun for dag_luchmeetnet_v2 to 2024-03-08T00:00:00+00:00, run_after=2024-03-08T01:00:00+00:00
[2024-03-08T01:45:05.872+0000] {processor.py:179} INFO - Processing /opt/airflow/dags/dag_luchmeetnet.py took 6.323 seconds
[2024-03-08T01:45:16.042+0000] {processor.py:157} INFO - Started process (PID=394) to work on /opt/airflow/dags/dag_luchmeetnet.py
[2024-03-08T01:45:16.044+0000] {processor.py:829} INFO - Processing file /opt/airflow/dags/dag_luchmeetnet.py for tasks to queue
[2024-03-08T01:45:16.047+0000] {logging_mixin.py:154} INFO - [2024-03-08T01:45:16.046+0000] {dagbag.py:536} INFO - Filling up the DagBag from /opt/airflow/dags/dag_luchmeetnet.py
[2024-03-08T01:45:16.514+0000] {processor.py:839} INFO - DAG(s) dict_keys(['dag_luchmeetnet_v2']) retrieved from /opt/airflow/dags/dag_luchmeetnet.py
[2024-03-08T01:45:16.736+0000] {logging_mixin.py:154} INFO - [2024-03-08T01:45:16.735+0000] {dag.py:2941} INFO - Sync 1 DAGs
[2024-03-08T01:45:16.766+0000] {logging_mixin.py:154} INFO - [2024-03-08T01:45:16.766+0000] {dag.py:3722} INFO - Setting next_dagrun for dag_luchmeetnet_v2 to 2024-03-08T00:00:00+00:00, run_after=2024-03-08T01:00:00+00:00
[2024-03-08T01:45:16.795+0000] {processor.py:179} INFO - Processing /opt/airflow/dags/dag_luchmeetnet.py took 0.758 seconds
[2024-03-08T01:45:26.933+0000] {processor.py:157} INFO - Started process (PID=411) to work on /opt/airflow/dags/dag_luchmeetnet.py
[2024-03-08T01:45:26.936+0000] {processor.py:829} INFO - Processing file /opt/airflow/dags/dag_luchmeetnet.py for tasks to queue
[2024-03-08T01:45:26.940+0000] {logging_mixin.py:154} INFO - [2024-03-08T01:45:26.939+0000] {dagbag.py:536} INFO - Filling up the DagBag from /opt/airflow/dags/dag_luchmeetnet.py
[2024-03-08T01:45:27.552+0000] {processor.py:839} INFO - DAG(s) dict_keys(['dag_luchmeetnet_v2']) retrieved from /opt/airflow/dags/dag_luchmeetnet.py
[2024-03-08T01:45:27.589+0000] {logging_mixin.py:154} INFO - [2024-03-08T01:45:27.588+0000] {dag.py:2941} INFO - Sync 1 DAGs
[2024-03-08T01:45:27.617+0000] {logging_mixin.py:154} INFO - [2024-03-08T01:45:27.617+0000] {dag.py:3722} INFO - Setting next_dagrun for dag_luchmeetnet_v2 to 2024-03-08T00:00:00+00:00, run_after=2024-03-08T01:00:00+00:00
[2024-03-08T01:45:27.644+0000] {processor.py:179} INFO - Processing /opt/airflow/dags/dag_luchmeetnet.py took 0.717 seconds
[2024-03-08T01:45:37.782+0000] {processor.py:157} INFO - Started process (PID=428) to work on /opt/airflow/dags/dag_luchmeetnet.py
[2024-03-08T01:45:37.785+0000] {processor.py:829} INFO - Processing file /opt/airflow/dags/dag_luchmeetnet.py for tasks to queue
[2024-03-08T01:45:37.788+0000] {logging_mixin.py:154} INFO - [2024-03-08T01:45:37.788+0000] {dagbag.py:536} INFO - Filling up the DagBag from /opt/airflow/dags/dag_luchmeetnet.py
[2024-03-08T01:45:38.561+0000] {processor.py:839} INFO - DAG(s) dict_keys(['dag_luchmeetnet_v2']) retrieved from /opt/airflow/dags/dag_luchmeetnet.py
[2024-03-08T01:45:38.601+0000] {logging_mixin.py:154} INFO - [2024-03-08T01:45:38.600+0000] {dag.py:2941} INFO - Sync 1 DAGs
[2024-03-08T01:45:38.634+0000] {logging_mixin.py:154} INFO - [2024-03-08T01:45:38.634+0000] {dag.py:3722} INFO - Setting next_dagrun for dag_luchmeetnet_v2 to 2024-03-08T00:00:00+00:00, run_after=2024-03-08T01:00:00+00:00
[2024-03-08T01:45:38.666+0000] {processor.py:179} INFO - Processing /opt/airflow/dags/dag_luchmeetnet.py took 0.890 seconds
[2024-03-08T01:45:48.810+0000] {processor.py:157} INFO - Started process (PID=445) to work on /opt/airflow/dags/dag_luchmeetnet.py
[2024-03-08T01:45:48.812+0000] {processor.py:829} INFO - Processing file /opt/airflow/dags/dag_luchmeetnet.py for tasks to queue
[2024-03-08T01:45:48.815+0000] {logging_mixin.py:154} INFO - [2024-03-08T01:45:48.813+0000] {dagbag.py:536} INFO - Filling up the DagBag from /opt/airflow/dags/dag_luchmeetnet.py
[2024-03-08T01:45:49.575+0000] {processor.py:839} INFO - DAG(s) dict_keys(['dag_luchmeetnet_v2']) retrieved from /opt/airflow/dags/dag_luchmeetnet.py
[2024-03-08T01:45:49.617+0000] {logging_mixin.py:154} INFO - [2024-03-08T01:45:49.616+0000] {dag.py:2941} INFO - Sync 1 DAGs
[2024-03-08T01:45:49.652+0000] {logging_mixin.py:154} INFO - [2024-03-08T01:45:49.652+0000] {dag.py:3722} INFO - Setting next_dagrun for dag_luchmeetnet_v2 to 2024-03-08T00:00:00+00:00, run_after=2024-03-08T01:00:00+00:00
[2024-03-08T01:45:49.690+0000] {processor.py:179} INFO - Processing /opt/airflow/dags/dag_luchmeetnet.py took 0.887 seconds
[2024-03-08T01:45:59.848+0000] {processor.py:157} INFO - Started process (PID=462) to work on /opt/airflow/dags/dag_luchmeetnet.py
[2024-03-08T01:45:59.850+0000] {processor.py:829} INFO - Processing file /opt/airflow/dags/dag_luchmeetnet.py for tasks to queue
[2024-03-08T01:45:59.853+0000] {logging_mixin.py:154} INFO - [2024-03-08T01:45:59.852+0000] {dagbag.py:536} INFO - Filling up the DagBag from /opt/airflow/dags/dag_luchmeetnet.py
[2024-03-08T01:46:00.453+0000] {processor.py:839} INFO - DAG(s) dict_keys(['dag_luchmeetnet_v2']) retrieved from /opt/airflow/dags/dag_luchmeetnet.py
[2024-03-08T01:46:00.500+0000] {logging_mixin.py:154} INFO - [2024-03-08T01:46:00.499+0000] {dag.py:2941} INFO - Sync 1 DAGs
[2024-03-08T01:46:00.545+0000] {logging_mixin.py:154} INFO - [2024-03-08T01:46:00.544+0000] {dag.py:3722} INFO - Setting next_dagrun for dag_luchmeetnet_v2 to 2024-03-08T00:00:00+00:00, run_after=2024-03-08T01:00:00+00:00
[2024-03-08T01:46:00.599+0000] {processor.py:179} INFO - Processing /opt/airflow/dags/dag_luchmeetnet.py took 0.756 seconds
[2024-03-08T01:46:10.848+0000] {processor.py:157} INFO - Started process (PID=479) to work on /opt/airflow/dags/dag_luchmeetnet.py
[2024-03-08T01:46:10.850+0000] {processor.py:829} INFO - Processing file /opt/airflow/dags/dag_luchmeetnet.py for tasks to queue
[2024-03-08T01:46:10.854+0000] {logging_mixin.py:154} INFO - [2024-03-08T01:46:10.853+0000] {dagbag.py:536} INFO - Filling up the DagBag from /opt/airflow/dags/dag_luchmeetnet.py
[2024-03-08T01:46:11.477+0000] {processor.py:839} INFO - DAG(s) dict_keys(['dag_luchmeetnet_v2']) retrieved from /opt/airflow/dags/dag_luchmeetnet.py
[2024-03-08T01:46:11.515+0000] {logging_mixin.py:154} INFO - [2024-03-08T01:46:11.514+0000] {dag.py:2941} INFO - Sync 1 DAGs
[2024-03-08T01:46:11.546+0000] {logging_mixin.py:154} INFO - [2024-03-08T01:46:11.546+0000] {dag.py:3722} INFO - Setting next_dagrun for dag_luchmeetnet_v2 to 2024-03-08T00:00:00+00:00, run_after=2024-03-08T01:00:00+00:00
[2024-03-08T01:46:11.578+0000] {processor.py:179} INFO - Processing /opt/airflow/dags/dag_luchmeetnet.py took 0.736 seconds
[2024-03-08T01:46:22.365+0000] {processor.py:157} INFO - Started process (PID=496) to work on /opt/airflow/dags/dag_luchmeetnet.py
[2024-03-08T01:46:22.473+0000] {processor.py:829} INFO - Processing file /opt/airflow/dags/dag_luchmeetnet.py for tasks to queue
[2024-03-08T01:46:22.599+0000] {logging_mixin.py:154} INFO - [2024-03-08T01:46:22.598+0000] {dagbag.py:536} INFO - Filling up the DagBag from /opt/airflow/dags/dag_luchmeetnet.py
[2024-03-08T01:46:25.900+0000] {processor.py:839} INFO - DAG(s) dict_keys(['dag_luchmeetnet_v2']) retrieved from /opt/airflow/dags/dag_luchmeetnet.py
[2024-03-08T01:46:26.075+0000] {logging_mixin.py:154} INFO - [2024-03-08T01:46:26.074+0000] {dag.py:2941} INFO - Sync 1 DAGs
[2024-03-08T01:46:26.252+0000] {logging_mixin.py:154} INFO - [2024-03-08T01:46:26.251+0000] {dag.py:3722} INFO - Setting next_dagrun for dag_luchmeetnet_v2 to 2024-03-08T00:00:00+00:00, run_after=2024-03-08T01:00:00+00:00
[2024-03-08T01:46:26.352+0000] {processor.py:179} INFO - Processing /opt/airflow/dags/dag_luchmeetnet.py took 3.992 seconds
[2024-03-08T01:46:36.893+0000] {processor.py:157} INFO - Started process (PID=513) to work on /opt/airflow/dags/dag_luchmeetnet.py
[2024-03-08T01:46:36.979+0000] {processor.py:829} INFO - Processing file /opt/airflow/dags/dag_luchmeetnet.py for tasks to queue
[2024-03-08T01:46:36.990+0000] {logging_mixin.py:154} INFO - [2024-03-08T01:46:36.989+0000] {dagbag.py:536} INFO - Filling up the DagBag from /opt/airflow/dags/dag_luchmeetnet.py
[2024-03-08T01:46:39.673+0000] {processor.py:839} INFO - DAG(s) dict_keys(['dag_luchmeetnet_v2']) retrieved from /opt/airflow/dags/dag_luchmeetnet.py
[2024-03-08T01:46:39.865+0000] {logging_mixin.py:154} INFO - [2024-03-08T01:46:39.864+0000] {dag.py:2941} INFO - Sync 1 DAGs
[2024-03-08T01:46:39.979+0000] {logging_mixin.py:154} INFO - [2024-03-08T01:46:39.979+0000] {dag.py:3722} INFO - Setting next_dagrun for dag_luchmeetnet_v2 to 2024-03-08T00:00:00+00:00, run_after=2024-03-08T01:00:00+00:00
[2024-03-08T01:46:40.136+0000] {processor.py:179} INFO - Processing /opt/airflow/dags/dag_luchmeetnet.py took 3.249 seconds
[2024-03-08T01:46:59.169+0000] {processor.py:157} INFO - Started process (PID=530) to work on /opt/airflow/dags/dag_luchmeetnet.py
[2024-03-08T01:46:59.211+0000] {processor.py:829} INFO - Processing file /opt/airflow/dags/dag_luchmeetnet.py for tasks to queue
[2024-03-08T01:46:59.257+0000] {logging_mixin.py:154} INFO - [2024-03-08T01:46:59.257+0000] {dagbag.py:536} INFO - Filling up the DagBag from /opt/airflow/dags/dag_luchmeetnet.py
[2024-03-08T01:47:02.196+0000] {processor.py:839} INFO - DAG(s) dict_keys(['dag_luchmeetnet_v2']) retrieved from /opt/airflow/dags/dag_luchmeetnet.py
[2024-03-08T01:47:02.421+0000] {logging_mixin.py:154} INFO - [2024-03-08T01:47:02.420+0000] {dag.py:2941} INFO - Sync 1 DAGs
[2024-03-08T01:47:02.594+0000] {logging_mixin.py:154} INFO - [2024-03-08T01:47:02.594+0000] {dag.py:3722} INFO - Setting next_dagrun for dag_luchmeetnet_v2 to 2024-03-08T00:00:00+00:00, run_after=2024-03-08T01:00:00+00:00
[2024-03-08T01:47:02.827+0000] {processor.py:179} INFO - Processing /opt/airflow/dags/dag_luchmeetnet.py took 3.670 seconds
[2024-03-08T01:47:14.320+0000] {processor.py:157} INFO - Started process (PID=564) to work on /opt/airflow/dags/dag_luchmeetnet.py
[2024-03-08T01:47:14.432+0000] {processor.py:829} INFO - Processing file /opt/airflow/dags/dag_luchmeetnet.py for tasks to queue
[2024-03-08T01:47:14.501+0000] {logging_mixin.py:154} INFO - [2024-03-08T01:47:14.500+0000] {dagbag.py:536} INFO - Filling up the DagBag from /opt/airflow/dags/dag_luchmeetnet.py
[2024-03-08T01:47:17.438+0000] {processor.py:839} INFO - DAG(s) dict_keys(['dag_luchmeetnet_v2']) retrieved from /opt/airflow/dags/dag_luchmeetnet.py
[2024-03-08T01:47:17.658+0000] {logging_mixin.py:154} INFO - [2024-03-08T01:47:17.644+0000] {dag.py:2941} INFO - Sync 1 DAGs
[2024-03-08T01:47:17.947+0000] {logging_mixin.py:154} INFO - [2024-03-08T01:47:17.947+0000] {dag.py:3722} INFO - Setting next_dagrun for dag_luchmeetnet_v2 to 2024-03-08T00:00:00+00:00, run_after=2024-03-08T01:00:00+00:00
[2024-03-08T01:47:18.045+0000] {processor.py:179} INFO - Processing /opt/airflow/dags/dag_luchmeetnet.py took 3.742 seconds
[2024-03-08T01:47:29.252+0000] {processor.py:157} INFO - Started process (PID=581) to work on /opt/airflow/dags/dag_luchmeetnet.py
[2024-03-08T01:47:29.367+0000] {processor.py:829} INFO - Processing file /opt/airflow/dags/dag_luchmeetnet.py for tasks to queue
[2024-03-08T01:47:29.499+0000] {logging_mixin.py:154} INFO - [2024-03-08T01:47:29.485+0000] {dagbag.py:536} INFO - Filling up the DagBag from /opt/airflow/dags/dag_luchmeetnet.py
[2024-03-08T01:48:46.105+0000] {processor.py:157} INFO - Started process (PID=613) to work on /opt/airflow/dags/dag_luchmeetnet.py
[2024-03-08T01:48:46.110+0000] {processor.py:829} INFO - Processing file /opt/airflow/dags/dag_luchmeetnet.py for tasks to queue
[2024-03-08T01:48:46.114+0000] {logging_mixin.py:154} INFO - [2024-03-08T01:48:46.113+0000] {dagbag.py:536} INFO - Filling up the DagBag from /opt/airflow/dags/dag_luchmeetnet.py
[2024-03-08T01:48:53.394+0000] {processor.py:839} INFO - DAG(s) dict_keys(['dag_luchmeetnet_v2']) retrieved from /opt/airflow/dags/dag_luchmeetnet.py
[2024-03-08T01:48:53.584+0000] {logging_mixin.py:154} INFO - [2024-03-08T01:48:53.579+0000] {dag.py:2941} INFO - Sync 1 DAGs
[2024-03-08T01:48:53.670+0000] {logging_mixin.py:154} INFO - [2024-03-08T01:48:53.670+0000] {dag.py:3722} INFO - Setting next_dagrun for dag_luchmeetnet_v2 to 2024-03-08T00:00:00+00:00, run_after=2024-03-08T01:00:00+00:00
[2024-03-08T01:48:53.751+0000] {processor.py:179} INFO - Processing /opt/airflow/dags/dag_luchmeetnet.py took 7.654 seconds
[2024-03-08T01:49:04.605+0000] {processor.py:157} INFO - Started process (PID=654) to work on /opt/airflow/dags/dag_luchmeetnet.py
[2024-03-08T01:49:04.617+0000] {processor.py:829} INFO - Processing file /opt/airflow/dags/dag_luchmeetnet.py for tasks to queue
[2024-03-08T01:49:04.622+0000] {logging_mixin.py:154} INFO - [2024-03-08T01:49:04.621+0000] {dagbag.py:536} INFO - Filling up the DagBag from /opt/airflow/dags/dag_luchmeetnet.py
[2024-03-08T01:49:07.058+0000] {processor.py:839} INFO - DAG(s) dict_keys(['dag_luchmeetnet_v2']) retrieved from /opt/airflow/dags/dag_luchmeetnet.py
[2024-03-08T01:49:07.338+0000] {logging_mixin.py:154} INFO - [2024-03-08T01:49:07.336+0000] {dag.py:2941} INFO - Sync 1 DAGs
[2024-03-08T01:49:07.527+0000] {logging_mixin.py:154} INFO - [2024-03-08T01:49:07.524+0000] {dag.py:3722} INFO - Setting next_dagrun for dag_luchmeetnet_v2 to 2024-03-08T00:00:00+00:00, run_after=2024-03-08T01:00:00+00:00
[2024-03-08T01:49:07.865+0000] {processor.py:179} INFO - Processing /opt/airflow/dags/dag_luchmeetnet.py took 3.292 seconds
[2024-03-08T01:49:18.834+0000] {processor.py:157} INFO - Started process (PID=702) to work on /opt/airflow/dags/dag_luchmeetnet.py
[2024-03-08T01:49:18.837+0000] {processor.py:829} INFO - Processing file /opt/airflow/dags/dag_luchmeetnet.py for tasks to queue
[2024-03-08T01:49:18.840+0000] {logging_mixin.py:154} INFO - [2024-03-08T01:49:18.839+0000] {dagbag.py:536} INFO - Filling up the DagBag from /opt/airflow/dags/dag_luchmeetnet.py
[2024-03-08T01:49:20.122+0000] {processor.py:839} INFO - DAG(s) dict_keys(['dag_luchmeetnet_v2']) retrieved from /opt/airflow/dags/dag_luchmeetnet.py
[2024-03-08T01:49:20.192+0000] {logging_mixin.py:154} INFO - [2024-03-08T01:49:20.191+0000] {dag.py:2941} INFO - Sync 1 DAGs
[2024-03-08T01:49:20.240+0000] {logging_mixin.py:154} INFO - [2024-03-08T01:49:20.239+0000] {dag.py:3722} INFO - Setting next_dagrun for dag_luchmeetnet_v2 to 2024-03-08T00:00:00+00:00, run_after=2024-03-08T01:00:00+00:00
[2024-03-08T01:49:20.285+0000] {processor.py:179} INFO - Processing /opt/airflow/dags/dag_luchmeetnet.py took 1.457 seconds
[2024-03-08T01:49:30.535+0000] {processor.py:157} INFO - Started process (PID=747) to work on /opt/airflow/dags/dag_luchmeetnet.py
[2024-03-08T01:49:30.544+0000] {processor.py:829} INFO - Processing file /opt/airflow/dags/dag_luchmeetnet.py for tasks to queue
[2024-03-08T01:49:30.550+0000] {logging_mixin.py:154} INFO - [2024-03-08T01:49:30.550+0000] {dagbag.py:536} INFO - Filling up the DagBag from /opt/airflow/dags/dag_luchmeetnet.py
[2024-03-08T01:49:32.855+0000] {processor.py:839} INFO - DAG(s) dict_keys(['dag_luchmeetnet_v2']) retrieved from /opt/airflow/dags/dag_luchmeetnet.py
[2024-03-08T01:49:32.955+0000] {logging_mixin.py:154} INFO - [2024-03-08T01:49:32.953+0000] {dag.py:2941} INFO - Sync 1 DAGs
[2024-03-08T01:49:33.013+0000] {logging_mixin.py:154} INFO - [2024-03-08T01:49:33.013+0000] {dag.py:3722} INFO - Setting next_dagrun for dag_luchmeetnet_v2 to 2024-03-08T00:00:00+00:00, run_after=2024-03-08T01:00:00+00:00
[2024-03-08T01:49:33.071+0000] {processor.py:179} INFO - Processing /opt/airflow/dags/dag_luchmeetnet.py took 2.554 seconds
[2024-03-08T01:49:43.477+0000] {processor.py:157} INFO - Started process (PID=798) to work on /opt/airflow/dags/dag_luchmeetnet.py
[2024-03-08T01:49:43.497+0000] {processor.py:829} INFO - Processing file /opt/airflow/dags/dag_luchmeetnet.py for tasks to queue
[2024-03-08T01:49:43.536+0000] {logging_mixin.py:154} INFO - [2024-03-08T01:49:43.536+0000] {dagbag.py:536} INFO - Filling up the DagBag from /opt/airflow/dags/dag_luchmeetnet.py
[2024-03-08T01:49:46.938+0000] {processor.py:839} INFO - DAG(s) dict_keys(['dag_luchmeetnet_v2']) retrieved from /opt/airflow/dags/dag_luchmeetnet.py
[2024-03-08T01:49:47.274+0000] {logging_mixin.py:154} INFO - [2024-03-08T01:49:47.272+0000] {dag.py:2941} INFO - Sync 1 DAGs
[2024-03-08T01:49:47.405+0000] {logging_mixin.py:154} INFO - [2024-03-08T01:49:47.405+0000] {dag.py:3722} INFO - Setting next_dagrun for dag_luchmeetnet_v2 to 2024-03-08T00:00:00+00:00, run_after=2024-03-08T01:00:00+00:00
[2024-03-08T01:49:47.529+0000] {processor.py:179} INFO - Processing /opt/airflow/dags/dag_luchmeetnet.py took 4.062 seconds
[2024-03-08T01:49:58.251+0000] {processor.py:157} INFO - Started process (PID=856) to work on /opt/airflow/dags/dag_luchmeetnet.py
[2024-03-08T01:49:58.298+0000] {processor.py:829} INFO - Processing file /opt/airflow/dags/dag_luchmeetnet.py for tasks to queue
[2024-03-08T01:49:58.335+0000] {logging_mixin.py:154} INFO - [2024-03-08T01:49:58.334+0000] {dagbag.py:536} INFO - Filling up the DagBag from /opt/airflow/dags/dag_luchmeetnet.py
[2024-03-08T01:50:00.982+0000] {processor.py:839} INFO - DAG(s) dict_keys(['dag_luchmeetnet_v2']) retrieved from /opt/airflow/dags/dag_luchmeetnet.py
[2024-03-08T01:50:01.122+0000] {logging_mixin.py:154} INFO - [2024-03-08T01:50:01.121+0000] {dag.py:2941} INFO - Sync 1 DAGs
[2024-03-08T01:50:01.258+0000] {logging_mixin.py:154} INFO - [2024-03-08T01:50:01.257+0000] {dag.py:3722} INFO - Setting next_dagrun for dag_luchmeetnet_v2 to 2024-03-08T00:00:00+00:00, run_after=2024-03-08T01:00:00+00:00
[2024-03-08T01:50:01.322+0000] {processor.py:179} INFO - Processing /opt/airflow/dags/dag_luchmeetnet.py took 3.079 seconds
[2024-03-08T01:50:12.069+0000] {processor.py:157} INFO - Started process (PID=900) to work on /opt/airflow/dags/dag_luchmeetnet.py
[2024-03-08T01:50:12.071+0000] {processor.py:829} INFO - Processing file /opt/airflow/dags/dag_luchmeetnet.py for tasks to queue
[2024-03-08T01:50:12.079+0000] {logging_mixin.py:154} INFO - [2024-03-08T01:50:12.077+0000] {dagbag.py:536} INFO - Filling up the DagBag from /opt/airflow/dags/dag_luchmeetnet.py
[2024-03-08T01:50:13.194+0000] {processor.py:839} INFO - DAG(s) dict_keys(['dag_luchmeetnet_v2']) retrieved from /opt/airflow/dags/dag_luchmeetnet.py
[2024-03-08T01:50:13.245+0000] {logging_mixin.py:154} INFO - [2024-03-08T01:50:13.244+0000] {dag.py:2941} INFO - Sync 1 DAGs
[2024-03-08T01:50:13.290+0000] {logging_mixin.py:154} INFO - [2024-03-08T01:50:13.290+0000] {dag.py:3722} INFO - Setting next_dagrun for dag_luchmeetnet_v2 to 2024-03-08T00:00:00+00:00, run_after=2024-03-08T01:00:00+00:00
[2024-03-08T01:50:13.332+0000] {processor.py:179} INFO - Processing /opt/airflow/dags/dag_luchmeetnet.py took 1.271 seconds
[2024-03-08T01:50:23.648+0000] {processor.py:157} INFO - Started process (PID=935) to work on /opt/airflow/dags/dag_luchmeetnet.py
[2024-03-08T01:50:23.651+0000] {processor.py:829} INFO - Processing file /opt/airflow/dags/dag_luchmeetnet.py for tasks to queue
[2024-03-08T01:50:23.654+0000] {logging_mixin.py:154} INFO - [2024-03-08T01:50:23.654+0000] {dagbag.py:536} INFO - Filling up the DagBag from /opt/airflow/dags/dag_luchmeetnet.py
[2024-03-08T01:50:24.907+0000] {processor.py:839} INFO - DAG(s) dict_keys(['dag_luchmeetnet_v2']) retrieved from /opt/airflow/dags/dag_luchmeetnet.py
[2024-03-08T01:50:24.986+0000] {logging_mixin.py:154} INFO - [2024-03-08T01:50:24.981+0000] {dag.py:2941} INFO - Sync 1 DAGs
[2024-03-08T01:50:25.114+0000] {logging_mixin.py:154} INFO - [2024-03-08T01:50:25.113+0000] {dag.py:3722} INFO - Setting next_dagrun for dag_luchmeetnet_v2 to 2024-03-08T00:00:00+00:00, run_after=2024-03-08T01:00:00+00:00
[2024-03-08T01:50:25.185+0000] {processor.py:179} INFO - Processing /opt/airflow/dags/dag_luchmeetnet.py took 1.543 seconds
[2024-03-08T01:50:35.356+0000] {processor.py:157} INFO - Started process (PID=958) to work on /opt/airflow/dags/dag_luchmeetnet.py
[2024-03-08T01:50:35.358+0000] {processor.py:829} INFO - Processing file /opt/airflow/dags/dag_luchmeetnet.py for tasks to queue
[2024-03-08T01:50:35.360+0000] {logging_mixin.py:154} INFO - [2024-03-08T01:50:35.360+0000] {dagbag.py:536} INFO - Filling up the DagBag from /opt/airflow/dags/dag_luchmeetnet.py
[2024-03-08T01:50:36.402+0000] {processor.py:839} INFO - DAG(s) dict_keys(['dag_luchmeetnet_v2']) retrieved from /opt/airflow/dags/dag_luchmeetnet.py
[2024-03-08T01:50:36.449+0000] {logging_mixin.py:154} INFO - [2024-03-08T01:50:36.446+0000] {dag.py:2941} INFO - Sync 1 DAGs
[2024-03-08T01:50:36.489+0000] {logging_mixin.py:154} INFO - [2024-03-08T01:50:36.489+0000] {dag.py:3722} INFO - Setting next_dagrun for dag_luchmeetnet_v2 to 2024-03-08T00:00:00+00:00, run_after=2024-03-08T01:00:00+00:00
[2024-03-08T01:50:36.542+0000] {processor.py:179} INFO - Processing /opt/airflow/dags/dag_luchmeetnet.py took 1.191 seconds
[2024-03-08T01:50:46.786+0000] {processor.py:157} INFO - Started process (PID=975) to work on /opt/airflow/dags/dag_luchmeetnet.py
[2024-03-08T01:50:46.797+0000] {processor.py:829} INFO - Processing file /opt/airflow/dags/dag_luchmeetnet.py for tasks to queue
[2024-03-08T01:50:46.823+0000] {logging_mixin.py:154} INFO - [2024-03-08T01:50:46.822+0000] {dagbag.py:536} INFO - Filling up the DagBag from /opt/airflow/dags/dag_luchmeetnet.py
[2024-03-08T01:50:48.787+0000] {processor.py:839} INFO - DAG(s) dict_keys(['dag_luchmeetnet_v2']) retrieved from /opt/airflow/dags/dag_luchmeetnet.py
[2024-03-08T01:50:48.887+0000] {logging_mixin.py:154} INFO - [2024-03-08T01:50:48.886+0000] {dag.py:2941} INFO - Sync 1 DAGs
[2024-03-08T01:50:48.936+0000] {logging_mixin.py:154} INFO - [2024-03-08T01:50:48.936+0000] {dag.py:3722} INFO - Setting next_dagrun for dag_luchmeetnet_v2 to 2024-03-08T00:00:00+00:00, run_after=2024-03-08T01:00:00+00:00
[2024-03-08T01:50:48.990+0000] {processor.py:179} INFO - Processing /opt/airflow/dags/dag_luchmeetnet.py took 2.211 seconds
[2024-03-08T01:50:59.150+0000] {processor.py:157} INFO - Started process (PID=992) to work on /opt/airflow/dags/dag_luchmeetnet.py
[2024-03-08T01:50:59.153+0000] {processor.py:829} INFO - Processing file /opt/airflow/dags/dag_luchmeetnet.py for tasks to queue
[2024-03-08T01:50:59.158+0000] {logging_mixin.py:154} INFO - [2024-03-08T01:50:59.158+0000] {dagbag.py:536} INFO - Filling up the DagBag from /opt/airflow/dags/dag_luchmeetnet.py
[2024-03-08T01:51:00.426+0000] {processor.py:839} INFO - DAG(s) dict_keys(['dag_luchmeetnet_v2']) retrieved from /opt/airflow/dags/dag_luchmeetnet.py
[2024-03-08T01:51:00.474+0000] {logging_mixin.py:154} INFO - [2024-03-08T01:51:00.474+0000] {dag.py:2941} INFO - Sync 1 DAGs
[2024-03-08T01:51:00.515+0000] {logging_mixin.py:154} INFO - [2024-03-08T01:51:00.514+0000] {dag.py:3722} INFO - Setting next_dagrun for dag_luchmeetnet_v2 to 2024-03-08T00:00:00+00:00, run_after=2024-03-08T01:00:00+00:00
[2024-03-08T01:51:00.550+0000] {processor.py:179} INFO - Processing /opt/airflow/dags/dag_luchmeetnet.py took 1.408 seconds
[2024-03-08T01:51:10.728+0000] {processor.py:157} INFO - Started process (PID=1009) to work on /opt/airflow/dags/dag_luchmeetnet.py
[2024-03-08T01:51:10.730+0000] {processor.py:829} INFO - Processing file /opt/airflow/dags/dag_luchmeetnet.py for tasks to queue
[2024-03-08T01:51:10.732+0000] {logging_mixin.py:154} INFO - [2024-03-08T01:51:10.732+0000] {dagbag.py:536} INFO - Filling up the DagBag from /opt/airflow/dags/dag_luchmeetnet.py
[2024-03-08T01:51:11.260+0000] {processor.py:839} INFO - DAG(s) dict_keys(['dag_luchmeetnet_v2']) retrieved from /opt/airflow/dags/dag_luchmeetnet.py
[2024-03-08T01:51:11.544+0000] {logging_mixin.py:154} INFO - [2024-03-08T01:51:11.542+0000] {dag.py:2941} INFO - Sync 1 DAGs
[2024-03-08T01:51:11.587+0000] {logging_mixin.py:154} INFO - [2024-03-08T01:51:11.587+0000] {dag.py:3722} INFO - Setting next_dagrun for dag_luchmeetnet_v2 to 2024-03-08T00:00:00+00:00, run_after=2024-03-08T01:00:00+00:00
[2024-03-08T01:51:11.628+0000] {processor.py:179} INFO - Processing /opt/airflow/dags/dag_luchmeetnet.py took 0.909 seconds
[2024-03-08T01:51:21.775+0000] {processor.py:157} INFO - Started process (PID=1026) to work on /opt/airflow/dags/dag_luchmeetnet.py
[2024-03-08T01:51:21.777+0000] {processor.py:829} INFO - Processing file /opt/airflow/dags/dag_luchmeetnet.py for tasks to queue
[2024-03-08T01:51:21.779+0000] {logging_mixin.py:154} INFO - [2024-03-08T01:51:21.779+0000] {dagbag.py:536} INFO - Filling up the DagBag from /opt/airflow/dags/dag_luchmeetnet.py
[2024-03-08T01:51:22.478+0000] {processor.py:839} INFO - DAG(s) dict_keys(['dag_luchmeetnet_v2']) retrieved from /opt/airflow/dags/dag_luchmeetnet.py
[2024-03-08T01:51:22.516+0000] {logging_mixin.py:154} INFO - [2024-03-08T01:51:22.515+0000] {dag.py:2941} INFO - Sync 1 DAGs
[2024-03-08T01:51:22.547+0000] {logging_mixin.py:154} INFO - [2024-03-08T01:51:22.546+0000] {dag.py:3722} INFO - Setting next_dagrun for dag_luchmeetnet_v2 to 2024-03-08T00:00:00+00:00, run_after=2024-03-08T01:00:00+00:00
[2024-03-08T01:51:22.583+0000] {processor.py:179} INFO - Processing /opt/airflow/dags/dag_luchmeetnet.py took 0.816 seconds
[2024-03-08T01:51:32.752+0000] {processor.py:157} INFO - Started process (PID=1043) to work on /opt/airflow/dags/dag_luchmeetnet.py
[2024-03-08T01:51:32.754+0000] {processor.py:829} INFO - Processing file /opt/airflow/dags/dag_luchmeetnet.py for tasks to queue
[2024-03-08T01:51:32.758+0000] {logging_mixin.py:154} INFO - [2024-03-08T01:51:32.757+0000] {dagbag.py:536} INFO - Filling up the DagBag from /opt/airflow/dags/dag_luchmeetnet.py
[2024-03-08T01:51:33.533+0000] {processor.py:839} INFO - DAG(s) dict_keys(['dag_luchmeetnet_v2']) retrieved from /opt/airflow/dags/dag_luchmeetnet.py
[2024-03-08T01:51:33.567+0000] {logging_mixin.py:154} INFO - [2024-03-08T01:51:33.566+0000] {dag.py:2941} INFO - Sync 1 DAGs
[2024-03-08T01:51:33.597+0000] {logging_mixin.py:154} INFO - [2024-03-08T01:51:33.597+0000] {dag.py:3722} INFO - Setting next_dagrun for dag_luchmeetnet_v2 to 2024-03-08T00:00:00+00:00, run_after=2024-03-08T01:00:00+00:00
[2024-03-08T01:51:33.624+0000] {processor.py:179} INFO - Processing /opt/airflow/dags/dag_luchmeetnet.py took 0.877 seconds
[2024-03-08T01:51:43.971+0000] {processor.py:157} INFO - Started process (PID=1060) to work on /opt/airflow/dags/dag_luchmeetnet.py
[2024-03-08T01:51:43.974+0000] {processor.py:829} INFO - Processing file /opt/airflow/dags/dag_luchmeetnet.py for tasks to queue
[2024-03-08T01:51:43.976+0000] {logging_mixin.py:154} INFO - [2024-03-08T01:51:43.975+0000] {dagbag.py:536} INFO - Filling up the DagBag from /opt/airflow/dags/dag_luchmeetnet.py
[2024-03-08T01:51:44.779+0000] {processor.py:839} INFO - DAG(s) dict_keys(['dag_luchmeetnet_v2']) retrieved from /opt/airflow/dags/dag_luchmeetnet.py
[2024-03-08T01:51:44.820+0000] {logging_mixin.py:154} INFO - [2024-03-08T01:51:44.819+0000] {dag.py:2941} INFO - Sync 1 DAGs
[2024-03-08T01:51:44.864+0000] {logging_mixin.py:154} INFO - [2024-03-08T01:51:44.864+0000] {dag.py:3722} INFO - Setting next_dagrun for dag_luchmeetnet_v2 to 2024-03-08T00:00:00+00:00, run_after=2024-03-08T01:00:00+00:00
[2024-03-08T01:51:44.903+0000] {processor.py:179} INFO - Processing /opt/airflow/dags/dag_luchmeetnet.py took 0.938 seconds
[2024-03-08T01:51:55.072+0000] {processor.py:157} INFO - Started process (PID=1077) to work on /opt/airflow/dags/dag_luchmeetnet.py
[2024-03-08T01:51:55.076+0000] {processor.py:829} INFO - Processing file /opt/airflow/dags/dag_luchmeetnet.py for tasks to queue
[2024-03-08T01:51:55.079+0000] {logging_mixin.py:154} INFO - [2024-03-08T01:51:55.078+0000] {dagbag.py:536} INFO - Filling up the DagBag from /opt/airflow/dags/dag_luchmeetnet.py
[2024-03-08T01:51:55.868+0000] {processor.py:839} INFO - DAG(s) dict_keys(['dag_luchmeetnet_v2']) retrieved from /opt/airflow/dags/dag_luchmeetnet.py
[2024-03-08T01:51:55.903+0000] {logging_mixin.py:154} INFO - [2024-03-08T01:51:55.903+0000] {dag.py:2941} INFO - Sync 1 DAGs
[2024-03-08T01:51:55.934+0000] {logging_mixin.py:154} INFO - [2024-03-08T01:51:55.934+0000] {dag.py:3722} INFO - Setting next_dagrun for dag_luchmeetnet_v2 to 2024-03-08T00:00:00+00:00, run_after=2024-03-08T01:00:00+00:00
[2024-03-08T01:51:55.963+0000] {processor.py:179} INFO - Processing /opt/airflow/dags/dag_luchmeetnet.py took 0.899 seconds
[2024-03-08T01:52:06.130+0000] {processor.py:157} INFO - Started process (PID=1094) to work on /opt/airflow/dags/dag_luchmeetnet.py
[2024-03-08T01:52:06.133+0000] {processor.py:829} INFO - Processing file /opt/airflow/dags/dag_luchmeetnet.py for tasks to queue
[2024-03-08T01:52:06.135+0000] {logging_mixin.py:154} INFO - [2024-03-08T01:52:06.134+0000] {dagbag.py:536} INFO - Filling up the DagBag from /opt/airflow/dags/dag_luchmeetnet.py
[2024-03-08T01:52:06.731+0000] {processor.py:839} INFO - DAG(s) dict_keys(['dag_luchmeetnet_v2']) retrieved from /opt/airflow/dags/dag_luchmeetnet.py
[2024-03-08T01:52:06.771+0000] {logging_mixin.py:154} INFO - [2024-03-08T01:52:06.770+0000] {dag.py:2941} INFO - Sync 1 DAGs
[2024-03-08T01:52:06.831+0000] {logging_mixin.py:154} INFO - [2024-03-08T01:52:06.831+0000] {dag.py:3722} INFO - Setting next_dagrun for dag_luchmeetnet_v2 to 2024-03-08T00:00:00+00:00, run_after=2024-03-08T01:00:00+00:00
[2024-03-08T01:52:06.910+0000] {processor.py:179} INFO - Processing /opt/airflow/dags/dag_luchmeetnet.py took 0.788 seconds
[2024-03-08T01:52:17.171+0000] {processor.py:157} INFO - Started process (PID=1111) to work on /opt/airflow/dags/dag_luchmeetnet.py
[2024-03-08T01:52:17.177+0000] {processor.py:829} INFO - Processing file /opt/airflow/dags/dag_luchmeetnet.py for tasks to queue
[2024-03-08T01:52:17.180+0000] {logging_mixin.py:154} INFO - [2024-03-08T01:52:17.179+0000] {dagbag.py:536} INFO - Filling up the DagBag from /opt/airflow/dags/dag_luchmeetnet.py
[2024-03-08T01:52:18.617+0000] {processor.py:839} INFO - DAG(s) dict_keys(['dag_luchmeetnet_v2']) retrieved from /opt/airflow/dags/dag_luchmeetnet.py
[2024-03-08T01:52:18.706+0000] {logging_mixin.py:154} INFO - [2024-03-08T01:52:18.704+0000] {dag.py:2941} INFO - Sync 1 DAGs
[2024-03-08T01:52:18.754+0000] {logging_mixin.py:154} INFO - [2024-03-08T01:52:18.754+0000] {dag.py:3722} INFO - Setting next_dagrun for dag_luchmeetnet_v2 to 2024-03-08T00:00:00+00:00, run_after=2024-03-08T01:00:00+00:00
[2024-03-08T01:52:18.796+0000] {processor.py:179} INFO - Processing /opt/airflow/dags/dag_luchmeetnet.py took 1.631 seconds
[2024-03-08T01:52:29.020+0000] {processor.py:157} INFO - Started process (PID=1128) to work on /opt/airflow/dags/dag_luchmeetnet.py
[2024-03-08T01:52:29.024+0000] {processor.py:829} INFO - Processing file /opt/airflow/dags/dag_luchmeetnet.py for tasks to queue
[2024-03-08T01:52:29.027+0000] {logging_mixin.py:154} INFO - [2024-03-08T01:52:29.027+0000] {dagbag.py:536} INFO - Filling up the DagBag from /opt/airflow/dags/dag_luchmeetnet.py
[2024-03-08T01:52:30.258+0000] {processor.py:839} INFO - DAG(s) dict_keys(['dag_luchmeetnet_v2']) retrieved from /opt/airflow/dags/dag_luchmeetnet.py
[2024-03-08T01:52:30.295+0000] {logging_mixin.py:154} INFO - [2024-03-08T01:52:30.294+0000] {dag.py:2941} INFO - Sync 1 DAGs
[2024-03-08T01:52:30.414+0000] {logging_mixin.py:154} INFO - [2024-03-08T01:52:30.414+0000] {dag.py:3722} INFO - Setting next_dagrun for dag_luchmeetnet_v2 to 2024-03-08T00:00:00+00:00, run_after=2024-03-08T01:00:00+00:00
[2024-03-08T01:52:30.500+0000] {processor.py:179} INFO - Processing /opt/airflow/dags/dag_luchmeetnet.py took 1.487 seconds
[2024-03-08T01:52:40.747+0000] {processor.py:157} INFO - Started process (PID=1145) to work on /opt/airflow/dags/dag_luchmeetnet.py
[2024-03-08T01:52:40.749+0000] {processor.py:829} INFO - Processing file /opt/airflow/dags/dag_luchmeetnet.py for tasks to queue
[2024-03-08T01:52:40.751+0000] {logging_mixin.py:154} INFO - [2024-03-08T01:52:40.751+0000] {dagbag.py:536} INFO - Filling up the DagBag from /opt/airflow/dags/dag_luchmeetnet.py
[2024-03-08T01:52:41.503+0000] {processor.py:839} INFO - DAG(s) dict_keys(['dag_luchmeetnet_v2']) retrieved from /opt/airflow/dags/dag_luchmeetnet.py
[2024-03-08T01:52:41.544+0000] {logging_mixin.py:154} INFO - [2024-03-08T01:52:41.543+0000] {dag.py:2941} INFO - Sync 1 DAGs
[2024-03-08T01:52:41.579+0000] {logging_mixin.py:154} INFO - [2024-03-08T01:52:41.578+0000] {dag.py:3722} INFO - Setting next_dagrun for dag_luchmeetnet_v2 to 2024-03-08T00:00:00+00:00, run_after=2024-03-08T01:00:00+00:00
[2024-03-08T01:52:41.609+0000] {processor.py:179} INFO - Processing /opt/airflow/dags/dag_luchmeetnet.py took 0.868 seconds
[2024-03-08T01:52:51.776+0000] {processor.py:157} INFO - Started process (PID=1162) to work on /opt/airflow/dags/dag_luchmeetnet.py
[2024-03-08T01:52:51.778+0000] {processor.py:829} INFO - Processing file /opt/airflow/dags/dag_luchmeetnet.py for tasks to queue
[2024-03-08T01:52:51.781+0000] {logging_mixin.py:154} INFO - [2024-03-08T01:52:51.780+0000] {dagbag.py:536} INFO - Filling up the DagBag from /opt/airflow/dags/dag_luchmeetnet.py
[2024-03-08T01:52:52.449+0000] {processor.py:839} INFO - DAG(s) dict_keys(['dag_luchmeetnet_v2']) retrieved from /opt/airflow/dags/dag_luchmeetnet.py
[2024-03-08T01:52:52.502+0000] {logging_mixin.py:154} INFO - [2024-03-08T01:52:52.501+0000] {dag.py:2941} INFO - Sync 1 DAGs
[2024-03-08T01:52:52.547+0000] {logging_mixin.py:154} INFO - [2024-03-08T01:52:52.546+0000] {dag.py:3722} INFO - Setting next_dagrun for dag_luchmeetnet_v2 to 2024-03-08T00:00:00+00:00, run_after=2024-03-08T01:00:00+00:00
[2024-03-08T01:52:52.582+0000] {processor.py:179} INFO - Processing /opt/airflow/dags/dag_luchmeetnet.py took 0.813 seconds
[2024-03-08T01:53:02.899+0000] {processor.py:157} INFO - Started process (PID=1184) to work on /opt/airflow/dags/dag_luchmeetnet.py
[2024-03-08T01:53:02.901+0000] {processor.py:829} INFO - Processing file /opt/airflow/dags/dag_luchmeetnet.py for tasks to queue
[2024-03-08T01:53:02.903+0000] {logging_mixin.py:154} INFO - [2024-03-08T01:53:02.903+0000] {dagbag.py:536} INFO - Filling up the DagBag from /opt/airflow/dags/dag_luchmeetnet.py
[2024-03-08T01:53:03.670+0000] {processor.py:839} INFO - DAG(s) dict_keys(['dag_luchmeetnet_v2']) retrieved from /opt/airflow/dags/dag_luchmeetnet.py
[2024-03-08T01:53:03.733+0000] {logging_mixin.py:154} INFO - [2024-03-08T01:53:03.724+0000] {dag.py:2941} INFO - Sync 1 DAGs
[2024-03-08T01:53:03.786+0000] {logging_mixin.py:154} INFO - [2024-03-08T01:53:03.786+0000] {dag.py:3722} INFO - Setting next_dagrun for dag_luchmeetnet_v2 to 2024-03-08T00:00:00+00:00, run_after=2024-03-08T01:00:00+00:00
[2024-03-08T01:53:03.826+0000] {processor.py:179} INFO - Processing /opt/airflow/dags/dag_luchmeetnet.py took 0.933 seconds
[2024-03-08T01:53:14.066+0000] {processor.py:157} INFO - Started process (PID=1201) to work on /opt/airflow/dags/dag_luchmeetnet.py
[2024-03-08T01:53:14.069+0000] {processor.py:829} INFO - Processing file /opt/airflow/dags/dag_luchmeetnet.py for tasks to queue
[2024-03-08T01:53:14.072+0000] {logging_mixin.py:154} INFO - [2024-03-08T01:53:14.071+0000] {dagbag.py:536} INFO - Filling up the DagBag from /opt/airflow/dags/dag_luchmeetnet.py
[2024-03-08T01:53:14.926+0000] {processor.py:839} INFO - DAG(s) dict_keys(['dag_luchmeetnet_v2']) retrieved from /opt/airflow/dags/dag_luchmeetnet.py
[2024-03-08T01:53:14.966+0000] {logging_mixin.py:154} INFO - [2024-03-08T01:53:14.965+0000] {dag.py:2941} INFO - Sync 1 DAGs
[2024-03-08T01:53:14.997+0000] {logging_mixin.py:154} INFO - [2024-03-08T01:53:14.997+0000] {dag.py:3722} INFO - Setting next_dagrun for dag_luchmeetnet_v2 to 2024-03-08T00:00:00+00:00, run_after=2024-03-08T01:00:00+00:00
[2024-03-08T01:53:15.024+0000] {processor.py:179} INFO - Processing /opt/airflow/dags/dag_luchmeetnet.py took 0.966 seconds
[2024-03-08T01:53:25.209+0000] {processor.py:157} INFO - Started process (PID=1218) to work on /opt/airflow/dags/dag_luchmeetnet.py
[2024-03-08T01:53:25.211+0000] {processor.py:829} INFO - Processing file /opt/airflow/dags/dag_luchmeetnet.py for tasks to queue
[2024-03-08T01:53:25.213+0000] {logging_mixin.py:154} INFO - [2024-03-08T01:53:25.213+0000] {dagbag.py:536} INFO - Filling up the DagBag from /opt/airflow/dags/dag_luchmeetnet.py
[2024-03-08T01:53:26.028+0000] {processor.py:839} INFO - DAG(s) dict_keys(['dag_luchmeetnet_v2']) retrieved from /opt/airflow/dags/dag_luchmeetnet.py
[2024-03-08T01:53:26.088+0000] {logging_mixin.py:154} INFO - [2024-03-08T01:53:26.087+0000] {dag.py:2941} INFO - Sync 1 DAGs
[2024-03-08T01:53:26.119+0000] {logging_mixin.py:154} INFO - [2024-03-08T01:53:26.119+0000] {dag.py:3722} INFO - Setting next_dagrun for dag_luchmeetnet_v2 to 2024-03-08T00:00:00+00:00, run_after=2024-03-08T01:00:00+00:00
[2024-03-08T01:53:26.147+0000] {processor.py:179} INFO - Processing /opt/airflow/dags/dag_luchmeetnet.py took 0.945 seconds
[2024-03-08T01:53:36.371+0000] {processor.py:157} INFO - Started process (PID=1235) to work on /opt/airflow/dags/dag_luchmeetnet.py
[2024-03-08T01:53:36.373+0000] {processor.py:829} INFO - Processing file /opt/airflow/dags/dag_luchmeetnet.py for tasks to queue
[2024-03-08T01:53:36.376+0000] {logging_mixin.py:154} INFO - [2024-03-08T01:53:36.375+0000] {dagbag.py:536} INFO - Filling up the DagBag from /opt/airflow/dags/dag_luchmeetnet.py
[2024-03-08T01:53:37.392+0000] {processor.py:839} INFO - DAG(s) dict_keys(['dag_luchmeetnet_v2']) retrieved from /opt/airflow/dags/dag_luchmeetnet.py
[2024-03-08T01:53:37.430+0000] {logging_mixin.py:154} INFO - [2024-03-08T01:53:37.428+0000] {dag.py:2941} INFO - Sync 1 DAGs
[2024-03-08T01:53:37.460+0000] {logging_mixin.py:154} INFO - [2024-03-08T01:53:37.460+0000] {dag.py:3722} INFO - Setting next_dagrun for dag_luchmeetnet_v2 to 2024-03-08T00:00:00+00:00, run_after=2024-03-08T01:00:00+00:00
[2024-03-08T01:53:37.481+0000] {processor.py:179} INFO - Processing /opt/airflow/dags/dag_luchmeetnet.py took 1.117 seconds
[2024-03-08T01:53:47.638+0000] {processor.py:157} INFO - Started process (PID=1252) to work on /opt/airflow/dags/dag_luchmeetnet.py
[2024-03-08T01:53:47.641+0000] {processor.py:829} INFO - Processing file /opt/airflow/dags/dag_luchmeetnet.py for tasks to queue
[2024-03-08T01:53:47.644+0000] {logging_mixin.py:154} INFO - [2024-03-08T01:53:47.644+0000] {dagbag.py:536} INFO - Filling up the DagBag from /opt/airflow/dags/dag_luchmeetnet.py
[2024-03-08T01:53:48.780+0000] {processor.py:839} INFO - DAG(s) dict_keys(['dag_luchmeetnet_v2']) retrieved from /opt/airflow/dags/dag_luchmeetnet.py
[2024-03-08T01:53:48.851+0000] {logging_mixin.py:154} INFO - [2024-03-08T01:53:48.851+0000] {dag.py:2941} INFO - Sync 1 DAGs
[2024-03-08T01:53:48.895+0000] {logging_mixin.py:154} INFO - [2024-03-08T01:53:48.895+0000] {dag.py:3722} INFO - Setting next_dagrun for dag_luchmeetnet_v2 to 2024-03-08T00:00:00+00:00, run_after=2024-03-08T01:00:00+00:00
[2024-03-08T01:53:48.936+0000] {processor.py:179} INFO - Processing /opt/airflow/dags/dag_luchmeetnet.py took 1.310 seconds
[2024-03-08T01:53:59.117+0000] {processor.py:157} INFO - Started process (PID=1269) to work on /opt/airflow/dags/dag_luchmeetnet.py
[2024-03-08T01:53:59.120+0000] {processor.py:829} INFO - Processing file /opt/airflow/dags/dag_luchmeetnet.py for tasks to queue
[2024-03-08T01:53:59.123+0000] {logging_mixin.py:154} INFO - [2024-03-08T01:53:59.122+0000] {dagbag.py:536} INFO - Filling up the DagBag from /opt/airflow/dags/dag_luchmeetnet.py
[2024-03-08T01:54:00.024+0000] {processor.py:839} INFO - DAG(s) dict_keys(['dag_luchmeetnet_v2']) retrieved from /opt/airflow/dags/dag_luchmeetnet.py
[2024-03-08T01:54:00.066+0000] {logging_mixin.py:154} INFO - [2024-03-08T01:54:00.065+0000] {dag.py:2941} INFO - Sync 1 DAGs
[2024-03-08T01:54:00.096+0000] {logging_mixin.py:154} INFO - [2024-03-08T01:54:00.096+0000] {dag.py:3722} INFO - Setting next_dagrun for dag_luchmeetnet_v2 to 2024-03-08T00:00:00+00:00, run_after=2024-03-08T01:00:00+00:00
[2024-03-08T01:54:00.129+0000] {processor.py:179} INFO - Processing /opt/airflow/dags/dag_luchmeetnet.py took 1.019 seconds
[2024-03-08T01:54:10.295+0000] {processor.py:157} INFO - Started process (PID=1286) to work on /opt/airflow/dags/dag_luchmeetnet.py
[2024-03-08T01:54:10.297+0000] {processor.py:829} INFO - Processing file /opt/airflow/dags/dag_luchmeetnet.py for tasks to queue
[2024-03-08T01:54:10.299+0000] {logging_mixin.py:154} INFO - [2024-03-08T01:54:10.298+0000] {dagbag.py:536} INFO - Filling up the DagBag from /opt/airflow/dags/dag_luchmeetnet.py
[2024-03-08T01:54:11.000+0000] {processor.py:839} INFO - DAG(s) dict_keys(['dag_luchmeetnet_v2']) retrieved from /opt/airflow/dags/dag_luchmeetnet.py
[2024-03-08T01:54:11.036+0000] {logging_mixin.py:154} INFO - [2024-03-08T01:54:11.035+0000] {dag.py:2941} INFO - Sync 1 DAGs
[2024-03-08T01:54:11.066+0000] {logging_mixin.py:154} INFO - [2024-03-08T01:54:11.066+0000] {dag.py:3722} INFO - Setting next_dagrun for dag_luchmeetnet_v2 to 2024-03-08T00:00:00+00:00, run_after=2024-03-08T01:00:00+00:00
[2024-03-08T01:54:11.094+0000] {processor.py:179} INFO - Processing /opt/airflow/dags/dag_luchmeetnet.py took 0.805 seconds
[2024-03-08T01:54:21.298+0000] {processor.py:157} INFO - Started process (PID=1303) to work on /opt/airflow/dags/dag_luchmeetnet.py
[2024-03-08T01:54:21.301+0000] {processor.py:829} INFO - Processing file /opt/airflow/dags/dag_luchmeetnet.py for tasks to queue
[2024-03-08T01:54:21.303+0000] {logging_mixin.py:154} INFO - [2024-03-08T01:54:21.303+0000] {dagbag.py:536} INFO - Filling up the DagBag from /opt/airflow/dags/dag_luchmeetnet.py
[2024-03-08T01:54:21.967+0000] {processor.py:839} INFO - DAG(s) dict_keys(['dag_luchmeetnet_v2']) retrieved from /opt/airflow/dags/dag_luchmeetnet.py
[2024-03-08T01:54:22.049+0000] {logging_mixin.py:154} INFO - [2024-03-08T01:54:22.048+0000] {dag.py:2941} INFO - Sync 1 DAGs
[2024-03-08T01:54:22.141+0000] {logging_mixin.py:154} INFO - [2024-03-08T01:54:22.141+0000] {dag.py:3722} INFO - Setting next_dagrun for dag_luchmeetnet_v2 to 2024-03-08T00:00:00+00:00, run_after=2024-03-08T01:00:00+00:00
[2024-03-08T01:54:22.256+0000] {processor.py:179} INFO - Processing /opt/airflow/dags/dag_luchmeetnet.py took 0.967 seconds
[2024-03-08T01:54:32.592+0000] {processor.py:157} INFO - Started process (PID=1320) to work on /opt/airflow/dags/dag_luchmeetnet.py
[2024-03-08T01:54:32.601+0000] {processor.py:829} INFO - Processing file /opt/airflow/dags/dag_luchmeetnet.py for tasks to queue
[2024-03-08T01:54:32.617+0000] {logging_mixin.py:154} INFO - [2024-03-08T01:54:32.604+0000] {dagbag.py:536} INFO - Filling up the DagBag from /opt/airflow/dags/dag_luchmeetnet.py
[2024-03-08T01:54:33.434+0000] {processor.py:839} INFO - DAG(s) dict_keys(['dag_luchmeetnet_v2']) retrieved from /opt/airflow/dags/dag_luchmeetnet.py
[2024-03-08T01:54:33.487+0000] {logging_mixin.py:154} INFO - [2024-03-08T01:54:33.486+0000] {dag.py:2941} INFO - Sync 1 DAGs
[2024-03-08T01:54:33.541+0000] {logging_mixin.py:154} INFO - [2024-03-08T01:54:33.540+0000] {dag.py:3722} INFO - Setting next_dagrun for dag_luchmeetnet_v2 to 2024-03-08T00:00:00+00:00, run_after=2024-03-08T01:00:00+00:00
[2024-03-08T01:54:33.585+0000] {processor.py:179} INFO - Processing /opt/airflow/dags/dag_luchmeetnet.py took 1.002 seconds
[2024-03-08T01:54:43.783+0000] {processor.py:157} INFO - Started process (PID=1337) to work on /opt/airflow/dags/dag_luchmeetnet.py
[2024-03-08T01:54:43.787+0000] {processor.py:829} INFO - Processing file /opt/airflow/dags/dag_luchmeetnet.py for tasks to queue
[2024-03-08T01:54:43.790+0000] {logging_mixin.py:154} INFO - [2024-03-08T01:54:43.789+0000] {dagbag.py:536} INFO - Filling up the DagBag from /opt/airflow/dags/dag_luchmeetnet.py
[2024-03-08T01:54:44.534+0000] {processor.py:839} INFO - DAG(s) dict_keys(['dag_luchmeetnet_v2']) retrieved from /opt/airflow/dags/dag_luchmeetnet.py
[2024-03-08T01:54:44.616+0000] {logging_mixin.py:154} INFO - [2024-03-08T01:54:44.615+0000] {dag.py:2941} INFO - Sync 1 DAGs
[2024-03-08T01:54:44.694+0000] {logging_mixin.py:154} INFO - [2024-03-08T01:54:44.694+0000] {dag.py:3722} INFO - Setting next_dagrun for dag_luchmeetnet_v2 to 2024-03-08T00:00:00+00:00, run_after=2024-03-08T01:00:00+00:00
[2024-03-08T01:54:44.731+0000] {processor.py:179} INFO - Processing /opt/airflow/dags/dag_luchmeetnet.py took 0.955 seconds
[2024-03-08T01:54:54.912+0000] {processor.py:157} INFO - Started process (PID=1354) to work on /opt/airflow/dags/dag_luchmeetnet.py
[2024-03-08T01:54:54.917+0000] {processor.py:829} INFO - Processing file /opt/airflow/dags/dag_luchmeetnet.py for tasks to queue
[2024-03-08T01:54:54.922+0000] {logging_mixin.py:154} INFO - [2024-03-08T01:54:54.921+0000] {dagbag.py:536} INFO - Filling up the DagBag from /opt/airflow/dags/dag_luchmeetnet.py
[2024-03-08T01:54:55.818+0000] {processor.py:839} INFO - DAG(s) dict_keys(['dag_luchmeetnet_v2']) retrieved from /opt/airflow/dags/dag_luchmeetnet.py
[2024-03-08T01:54:55.883+0000] {logging_mixin.py:154} INFO - [2024-03-08T01:54:55.881+0000] {dag.py:2941} INFO - Sync 1 DAGs
[2024-03-08T01:54:55.936+0000] {logging_mixin.py:154} INFO - [2024-03-08T01:54:55.936+0000] {dag.py:3722} INFO - Setting next_dagrun for dag_luchmeetnet_v2 to 2024-03-08T00:00:00+00:00, run_after=2024-03-08T01:00:00+00:00
[2024-03-08T01:54:55.984+0000] {processor.py:179} INFO - Processing /opt/airflow/dags/dag_luchmeetnet.py took 1.082 seconds
[2024-03-08T01:55:06.243+0000] {processor.py:157} INFO - Started process (PID=1371) to work on /opt/airflow/dags/dag_luchmeetnet.py
[2024-03-08T01:55:06.246+0000] {processor.py:829} INFO - Processing file /opt/airflow/dags/dag_luchmeetnet.py for tasks to queue
[2024-03-08T01:55:06.248+0000] {logging_mixin.py:154} INFO - [2024-03-08T01:55:06.248+0000] {dagbag.py:536} INFO - Filling up the DagBag from /opt/airflow/dags/dag_luchmeetnet.py
[2024-03-08T01:55:07.294+0000] {processor.py:839} INFO - DAG(s) dict_keys(['dag_luchmeetnet_v2']) retrieved from /opt/airflow/dags/dag_luchmeetnet.py
[2024-03-08T01:55:07.348+0000] {logging_mixin.py:154} INFO - [2024-03-08T01:55:07.347+0000] {dag.py:2941} INFO - Sync 1 DAGs
[2024-03-08T01:55:07.380+0000] {logging_mixin.py:154} INFO - [2024-03-08T01:55:07.380+0000] {dag.py:3722} INFO - Setting next_dagrun for dag_luchmeetnet_v2 to 2024-03-08T00:00:00+00:00, run_after=2024-03-08T01:00:00+00:00
[2024-03-08T01:55:07.408+0000] {processor.py:179} INFO - Processing /opt/airflow/dags/dag_luchmeetnet.py took 1.173 seconds
[2024-03-08T01:55:17.563+0000] {processor.py:157} INFO - Started process (PID=1391) to work on /opt/airflow/dags/dag_luchmeetnet.py
[2024-03-08T01:55:17.566+0000] {processor.py:829} INFO - Processing file /opt/airflow/dags/dag_luchmeetnet.py for tasks to queue
[2024-03-08T01:55:17.570+0000] {logging_mixin.py:154} INFO - [2024-03-08T01:55:17.569+0000] {dagbag.py:536} INFO - Filling up the DagBag from /opt/airflow/dags/dag_luchmeetnet.py
[2024-03-08T01:55:18.460+0000] {processor.py:839} INFO - DAG(s) dict_keys(['dag_luchmeetnet_v2']) retrieved from /opt/airflow/dags/dag_luchmeetnet.py
[2024-03-08T01:55:18.501+0000] {logging_mixin.py:154} INFO - [2024-03-08T01:55:18.498+0000] {dag.py:2941} INFO - Sync 1 DAGs
[2024-03-08T01:55:18.536+0000] {logging_mixin.py:154} INFO - [2024-03-08T01:55:18.536+0000] {dag.py:3722} INFO - Setting next_dagrun for dag_luchmeetnet_v2 to 2024-03-08T00:00:00+00:00, run_after=2024-03-08T01:00:00+00:00
[2024-03-08T01:55:18.569+0000] {processor.py:179} INFO - Processing /opt/airflow/dags/dag_luchmeetnet.py took 1.017 seconds
[2024-03-08T01:55:28.746+0000] {processor.py:157} INFO - Started process (PID=1413) to work on /opt/airflow/dags/dag_luchmeetnet.py
[2024-03-08T01:55:28.750+0000] {processor.py:829} INFO - Processing file /opt/airflow/dags/dag_luchmeetnet.py for tasks to queue
[2024-03-08T01:55:28.752+0000] {logging_mixin.py:154} INFO - [2024-03-08T01:55:28.752+0000] {dagbag.py:536} INFO - Filling up the DagBag from /opt/airflow/dags/dag_luchmeetnet.py
[2024-03-08T01:55:29.490+0000] {processor.py:839} INFO - DAG(s) dict_keys(['dag_luchmeetnet_v2']) retrieved from /opt/airflow/dags/dag_luchmeetnet.py
[2024-03-08T01:55:29.529+0000] {logging_mixin.py:154} INFO - [2024-03-08T01:55:29.528+0000] {dag.py:2941} INFO - Sync 1 DAGs
[2024-03-08T01:55:29.559+0000] {logging_mixin.py:154} INFO - [2024-03-08T01:55:29.558+0000] {dag.py:3722} INFO - Setting next_dagrun for dag_luchmeetnet_v2 to 2024-03-08T00:00:00+00:00, run_after=2024-03-08T01:00:00+00:00
[2024-03-08T01:55:29.590+0000] {processor.py:179} INFO - Processing /opt/airflow/dags/dag_luchmeetnet.py took 0.851 seconds
[2024-03-08T01:55:39.735+0000] {processor.py:157} INFO - Started process (PID=1430) to work on /opt/airflow/dags/dag_luchmeetnet.py
[2024-03-08T01:55:39.738+0000] {processor.py:829} INFO - Processing file /opt/airflow/dags/dag_luchmeetnet.py for tasks to queue
[2024-03-08T01:55:39.741+0000] {logging_mixin.py:154} INFO - [2024-03-08T01:55:39.741+0000] {dagbag.py:536} INFO - Filling up the DagBag from /opt/airflow/dags/dag_luchmeetnet.py
[2024-03-08T01:55:40.576+0000] {processor.py:839} INFO - DAG(s) dict_keys(['dag_luchmeetnet_v2']) retrieved from /opt/airflow/dags/dag_luchmeetnet.py
[2024-03-08T01:55:40.612+0000] {logging_mixin.py:154} INFO - [2024-03-08T01:55:40.611+0000] {dag.py:2941} INFO - Sync 1 DAGs
[2024-03-08T01:55:40.639+0000] {logging_mixin.py:154} INFO - [2024-03-08T01:55:40.639+0000] {dag.py:3722} INFO - Setting next_dagrun for dag_luchmeetnet_v2 to 2024-03-08T00:00:00+00:00, run_after=2024-03-08T01:00:00+00:00
[2024-03-08T01:55:40.663+0000] {processor.py:179} INFO - Processing /opt/airflow/dags/dag_luchmeetnet.py took 0.934 seconds
[2024-03-08T01:55:51.030+0000] {processor.py:157} INFO - Started process (PID=1447) to work on /opt/airflow/dags/dag_luchmeetnet.py
[2024-03-08T01:55:51.032+0000] {processor.py:829} INFO - Processing file /opt/airflow/dags/dag_luchmeetnet.py for tasks to queue
[2024-03-08T01:55:51.034+0000] {logging_mixin.py:154} INFO - [2024-03-08T01:55:51.034+0000] {dagbag.py:536} INFO - Filling up the DagBag from /opt/airflow/dags/dag_luchmeetnet.py
[2024-03-08T01:55:51.836+0000] {processor.py:839} INFO - DAG(s) dict_keys(['dag_luchmeetnet_v2']) retrieved from /opt/airflow/dags/dag_luchmeetnet.py
[2024-03-08T01:55:51.872+0000] {logging_mixin.py:154} INFO - [2024-03-08T01:55:51.871+0000] {dag.py:2941} INFO - Sync 1 DAGs
[2024-03-08T01:55:51.898+0000] {logging_mixin.py:154} INFO - [2024-03-08T01:55:51.898+0000] {dag.py:3722} INFO - Setting next_dagrun for dag_luchmeetnet_v2 to 2024-03-08T00:00:00+00:00, run_after=2024-03-08T01:00:00+00:00
[2024-03-08T01:55:51.923+0000] {processor.py:179} INFO - Processing /opt/airflow/dags/dag_luchmeetnet.py took 0.897 seconds
[2024-03-08T01:56:02.244+0000] {processor.py:157} INFO - Started process (PID=1464) to work on /opt/airflow/dags/dag_luchmeetnet.py
[2024-03-08T01:56:02.245+0000] {processor.py:829} INFO - Processing file /opt/airflow/dags/dag_luchmeetnet.py for tasks to queue
[2024-03-08T01:56:02.247+0000] {logging_mixin.py:154} INFO - [2024-03-08T01:56:02.247+0000] {dagbag.py:536} INFO - Filling up the DagBag from /opt/airflow/dags/dag_luchmeetnet.py
[2024-03-08T01:56:02.841+0000] {processor.py:839} INFO - DAG(s) dict_keys(['dag_luchmeetnet_v2']) retrieved from /opt/airflow/dags/dag_luchmeetnet.py
[2024-03-08T01:56:02.884+0000] {logging_mixin.py:154} INFO - [2024-03-08T01:56:02.884+0000] {dag.py:2941} INFO - Sync 1 DAGs
[2024-03-08T01:56:02.927+0000] {logging_mixin.py:154} INFO - [2024-03-08T01:56:02.927+0000] {dag.py:3722} INFO - Setting next_dagrun for dag_luchmeetnet_v2 to 2024-03-08T00:00:00+00:00, run_after=2024-03-08T01:00:00+00:00
[2024-03-08T01:56:02.962+0000] {processor.py:179} INFO - Processing /opt/airflow/dags/dag_luchmeetnet.py took 0.723 seconds
[2024-03-08T01:56:13.537+0000] {processor.py:157} INFO - Started process (PID=1481) to work on /opt/airflow/dags/dag_luchmeetnet.py
[2024-03-08T01:56:13.539+0000] {processor.py:829} INFO - Processing file /opt/airflow/dags/dag_luchmeetnet.py for tasks to queue
[2024-03-08T01:56:13.542+0000] {logging_mixin.py:154} INFO - [2024-03-08T01:56:13.542+0000] {dagbag.py:536} INFO - Filling up the DagBag from /opt/airflow/dags/dag_luchmeetnet.py
[2024-03-08T01:56:14.206+0000] {processor.py:839} INFO - DAG(s) dict_keys(['dag_luchmeetnet_v2']) retrieved from /opt/airflow/dags/dag_luchmeetnet.py
[2024-03-08T01:56:14.243+0000] {logging_mixin.py:154} INFO - [2024-03-08T01:56:14.242+0000] {dag.py:2941} INFO - Sync 1 DAGs
[2024-03-08T01:56:14.269+0000] {logging_mixin.py:154} INFO - [2024-03-08T01:56:14.269+0000] {dag.py:3722} INFO - Setting next_dagrun for dag_luchmeetnet_v2 to 2024-03-08T00:00:00+00:00, run_after=2024-03-08T01:00:00+00:00
[2024-03-08T01:56:14.297+0000] {processor.py:179} INFO - Processing /opt/airflow/dags/dag_luchmeetnet.py took 0.765 seconds
[2024-03-08T01:56:24.583+0000] {processor.py:157} INFO - Started process (PID=1498) to work on /opt/airflow/dags/dag_luchmeetnet.py
[2024-03-08T01:56:24.587+0000] {processor.py:829} INFO - Processing file /opt/airflow/dags/dag_luchmeetnet.py for tasks to queue
[2024-03-08T01:56:24.591+0000] {logging_mixin.py:154} INFO - [2024-03-08T01:56:24.590+0000] {dagbag.py:536} INFO - Filling up the DagBag from /opt/airflow/dags/dag_luchmeetnet.py
[2024-03-08T01:56:25.173+0000] {processor.py:839} INFO - DAG(s) dict_keys(['dag_luchmeetnet_v2']) retrieved from /opt/airflow/dags/dag_luchmeetnet.py
[2024-03-08T01:56:25.206+0000] {logging_mixin.py:154} INFO - [2024-03-08T01:56:25.206+0000] {dag.py:2941} INFO - Sync 1 DAGs
[2024-03-08T01:56:25.231+0000] {logging_mixin.py:154} INFO - [2024-03-08T01:56:25.231+0000] {dag.py:3722} INFO - Setting next_dagrun for dag_luchmeetnet_v2 to 2024-03-08T00:00:00+00:00, run_after=2024-03-08T01:00:00+00:00
[2024-03-08T01:56:25.256+0000] {processor.py:179} INFO - Processing /opt/airflow/dags/dag_luchmeetnet.py took 0.683 seconds
[2024-03-08T01:56:35.793+0000] {processor.py:157} INFO - Started process (PID=1515) to work on /opt/airflow/dags/dag_luchmeetnet.py
[2024-03-08T01:56:35.795+0000] {processor.py:829} INFO - Processing file /opt/airflow/dags/dag_luchmeetnet.py for tasks to queue
[2024-03-08T01:56:35.798+0000] {logging_mixin.py:154} INFO - [2024-03-08T01:56:35.797+0000] {dagbag.py:536} INFO - Filling up the DagBag from /opt/airflow/dags/dag_luchmeetnet.py
[2024-03-08T01:56:36.396+0000] {processor.py:839} INFO - DAG(s) dict_keys(['dag_luchmeetnet_v2']) retrieved from /opt/airflow/dags/dag_luchmeetnet.py
[2024-03-08T01:56:36.428+0000] {logging_mixin.py:154} INFO - [2024-03-08T01:56:36.427+0000] {dag.py:2941} INFO - Sync 1 DAGs
[2024-03-08T01:56:36.455+0000] {logging_mixin.py:154} INFO - [2024-03-08T01:56:36.454+0000] {dag.py:3722} INFO - Setting next_dagrun for dag_luchmeetnet_v2 to 2024-03-08T00:00:00+00:00, run_after=2024-03-08T01:00:00+00:00
[2024-03-08T01:56:36.480+0000] {processor.py:179} INFO - Processing /opt/airflow/dags/dag_luchmeetnet.py took 0.691 seconds
[2024-03-08T01:56:47.079+0000] {processor.py:157} INFO - Started process (PID=1532) to work on /opt/airflow/dags/dag_luchmeetnet.py
[2024-03-08T01:56:47.081+0000] {processor.py:829} INFO - Processing file /opt/airflow/dags/dag_luchmeetnet.py for tasks to queue
[2024-03-08T01:56:47.084+0000] {logging_mixin.py:154} INFO - [2024-03-08T01:56:47.083+0000] {dagbag.py:536} INFO - Filling up the DagBag from /opt/airflow/dags/dag_luchmeetnet.py
[2024-03-08T01:56:48.499+0000] {processor.py:839} INFO - DAG(s) dict_keys(['dag_luchmeetnet_v2']) retrieved from /opt/airflow/dags/dag_luchmeetnet.py
[2024-03-08T01:56:48.559+0000] {logging_mixin.py:154} INFO - [2024-03-08T01:56:48.558+0000] {dag.py:2941} INFO - Sync 1 DAGs
[2024-03-08T01:56:48.602+0000] {logging_mixin.py:154} INFO - [2024-03-08T01:56:48.601+0000] {dag.py:3722} INFO - Setting next_dagrun for dag_luchmeetnet_v2 to 2024-03-08T00:00:00+00:00, run_after=2024-03-08T01:00:00+00:00
[2024-03-08T01:56:48.640+0000] {processor.py:179} INFO - Processing /opt/airflow/dags/dag_luchmeetnet.py took 1.566 seconds
[2024-03-08T01:56:58.769+0000] {processor.py:157} INFO - Started process (PID=1549) to work on /opt/airflow/dags/dag_luchmeetnet.py
[2024-03-08T01:56:58.771+0000] {processor.py:829} INFO - Processing file /opt/airflow/dags/dag_luchmeetnet.py for tasks to queue
[2024-03-08T01:56:58.773+0000] {logging_mixin.py:154} INFO - [2024-03-08T01:56:58.772+0000] {dagbag.py:536} INFO - Filling up the DagBag from /opt/airflow/dags/dag_luchmeetnet.py
[2024-03-08T01:56:59.514+0000] {processor.py:839} INFO - DAG(s) dict_keys(['dag_luchmeetnet_v2']) retrieved from /opt/airflow/dags/dag_luchmeetnet.py
[2024-03-08T01:56:59.579+0000] {logging_mixin.py:154} INFO - [2024-03-08T01:56:59.579+0000] {dag.py:2941} INFO - Sync 1 DAGs
[2024-03-08T01:56:59.609+0000] {logging_mixin.py:154} INFO - [2024-03-08T01:56:59.609+0000] {dag.py:3722} INFO - Setting next_dagrun for dag_luchmeetnet_v2 to 2024-03-08T00:00:00+00:00, run_after=2024-03-08T01:00:00+00:00
[2024-03-08T01:56:59.655+0000] {processor.py:179} INFO - Processing /opt/airflow/dags/dag_luchmeetnet.py took 0.892 seconds
[2024-03-08T01:57:09.859+0000] {processor.py:157} INFO - Started process (PID=1566) to work on /opt/airflow/dags/dag_luchmeetnet.py
[2024-03-08T01:57:09.861+0000] {processor.py:829} INFO - Processing file /opt/airflow/dags/dag_luchmeetnet.py for tasks to queue
[2024-03-08T01:57:09.863+0000] {logging_mixin.py:154} INFO - [2024-03-08T01:57:09.863+0000] {dagbag.py:536} INFO - Filling up the DagBag from /opt/airflow/dags/dag_luchmeetnet.py
[2024-03-08T01:57:10.839+0000] {processor.py:839} INFO - DAG(s) dict_keys(['dag_luchmeetnet_v2']) retrieved from /opt/airflow/dags/dag_luchmeetnet.py
[2024-03-08T01:57:10.869+0000] {logging_mixin.py:154} INFO - [2024-03-08T01:57:10.868+0000] {dag.py:2941} INFO - Sync 1 DAGs
[2024-03-08T01:57:10.898+0000] {logging_mixin.py:154} INFO - [2024-03-08T01:57:10.898+0000] {dag.py:3722} INFO - Setting next_dagrun for dag_luchmeetnet_v2 to 2024-03-08T00:00:00+00:00, run_after=2024-03-08T01:00:00+00:00
[2024-03-08T01:57:10.924+0000] {processor.py:179} INFO - Processing /opt/airflow/dags/dag_luchmeetnet.py took 1.070 seconds
[2024-03-08T01:57:21.327+0000] {processor.py:157} INFO - Started process (PID=1583) to work on /opt/airflow/dags/dag_luchmeetnet.py
[2024-03-08T01:57:21.329+0000] {processor.py:829} INFO - Processing file /opt/airflow/dags/dag_luchmeetnet.py for tasks to queue
[2024-03-08T01:57:21.331+0000] {logging_mixin.py:154} INFO - [2024-03-08T01:57:21.330+0000] {dagbag.py:536} INFO - Filling up the DagBag from /opt/airflow/dags/dag_luchmeetnet.py
[2024-03-08T01:57:22.009+0000] {processor.py:839} INFO - DAG(s) dict_keys(['dag_luchmeetnet_v2']) retrieved from /opt/airflow/dags/dag_luchmeetnet.py
[2024-03-08T01:57:22.048+0000] {logging_mixin.py:154} INFO - [2024-03-08T01:57:22.048+0000] {dag.py:2941} INFO - Sync 1 DAGs
[2024-03-08T01:57:22.081+0000] {logging_mixin.py:154} INFO - [2024-03-08T01:57:22.081+0000] {dag.py:3722} INFO - Setting next_dagrun for dag_luchmeetnet_v2 to 2024-03-08T00:00:00+00:00, run_after=2024-03-08T01:00:00+00:00
[2024-03-08T01:57:22.108+0000] {processor.py:179} INFO - Processing /opt/airflow/dags/dag_luchmeetnet.py took 0.785 seconds
[2024-03-08T01:57:32.415+0000] {processor.py:157} INFO - Started process (PID=1600) to work on /opt/airflow/dags/dag_luchmeetnet.py
[2024-03-08T01:57:32.417+0000] {processor.py:829} INFO - Processing file /opt/airflow/dags/dag_luchmeetnet.py for tasks to queue
[2024-03-08T01:57:32.420+0000] {logging_mixin.py:154} INFO - [2024-03-08T01:57:32.419+0000] {dagbag.py:536} INFO - Filling up the DagBag from /opt/airflow/dags/dag_luchmeetnet.py
[2024-03-08T01:57:33.207+0000] {processor.py:839} INFO - DAG(s) dict_keys(['dag_luchmeetnet_v2']) retrieved from /opt/airflow/dags/dag_luchmeetnet.py
[2024-03-08T01:57:33.243+0000] {logging_mixin.py:154} INFO - [2024-03-08T01:57:33.242+0000] {dag.py:2941} INFO - Sync 1 DAGs
[2024-03-08T01:57:33.276+0000] {logging_mixin.py:154} INFO - [2024-03-08T01:57:33.275+0000] {dag.py:3722} INFO - Setting next_dagrun for dag_luchmeetnet_v2 to 2024-03-08T00:00:00+00:00, run_after=2024-03-08T01:00:00+00:00
[2024-03-08T01:57:33.301+0000] {processor.py:179} INFO - Processing /opt/airflow/dags/dag_luchmeetnet.py took 0.893 seconds
[2024-03-08T01:57:43.467+0000] {processor.py:157} INFO - Started process (PID=1620) to work on /opt/airflow/dags/dag_luchmeetnet.py
[2024-03-08T01:57:43.469+0000] {processor.py:829} INFO - Processing file /opt/airflow/dags/dag_luchmeetnet.py for tasks to queue
[2024-03-08T01:57:43.472+0000] {logging_mixin.py:154} INFO - [2024-03-08T01:57:43.471+0000] {dagbag.py:536} INFO - Filling up the DagBag from /opt/airflow/dags/dag_luchmeetnet.py
[2024-03-08T01:57:44.272+0000] {processor.py:839} INFO - DAG(s) dict_keys(['dag_luchmeetnet_v2']) retrieved from /opt/airflow/dags/dag_luchmeetnet.py
[2024-03-08T01:57:44.311+0000] {logging_mixin.py:154} INFO - [2024-03-08T01:57:44.310+0000] {dag.py:2941} INFO - Sync 1 DAGs
[2024-03-08T01:57:44.344+0000] {logging_mixin.py:154} INFO - [2024-03-08T01:57:44.343+0000] {dag.py:3722} INFO - Setting next_dagrun for dag_luchmeetnet_v2 to 2024-03-08T00:00:00+00:00, run_after=2024-03-08T01:00:00+00:00
[2024-03-08T01:57:44.368+0000] {processor.py:179} INFO - Processing /opt/airflow/dags/dag_luchmeetnet.py took 0.911 seconds
[2024-03-08T01:57:54.901+0000] {processor.py:157} INFO - Started process (PID=1639) to work on /opt/airflow/dags/dag_luchmeetnet.py
[2024-03-08T01:57:54.903+0000] {processor.py:829} INFO - Processing file /opt/airflow/dags/dag_luchmeetnet.py for tasks to queue
[2024-03-08T01:57:54.906+0000] {logging_mixin.py:154} INFO - [2024-03-08T01:57:54.906+0000] {dagbag.py:536} INFO - Filling up the DagBag from /opt/airflow/dags/dag_luchmeetnet.py
[2024-03-08T01:57:55.465+0000] {processor.py:839} INFO - DAG(s) dict_keys(['dag_luchmeetnet_v2']) retrieved from /opt/airflow/dags/dag_luchmeetnet.py
[2024-03-08T01:57:55.503+0000] {logging_mixin.py:154} INFO - [2024-03-08T01:57:55.501+0000] {dag.py:2941} INFO - Sync 1 DAGs
[2024-03-08T01:57:55.530+0000] {logging_mixin.py:154} INFO - [2024-03-08T01:57:55.530+0000] {dag.py:3722} INFO - Setting next_dagrun for dag_luchmeetnet_v2 to 2024-03-08T00:00:00+00:00, run_after=2024-03-08T01:00:00+00:00
[2024-03-08T01:57:55.550+0000] {processor.py:179} INFO - Processing /opt/airflow/dags/dag_luchmeetnet.py took 0.653 seconds
[2024-03-08T01:58:06.144+0000] {processor.py:157} INFO - Started process (PID=1656) to work on /opt/airflow/dags/dag_luchmeetnet.py
[2024-03-08T01:58:06.146+0000] {processor.py:829} INFO - Processing file /opt/airflow/dags/dag_luchmeetnet.py for tasks to queue
[2024-03-08T01:58:06.149+0000] {logging_mixin.py:154} INFO - [2024-03-08T01:58:06.149+0000] {dagbag.py:536} INFO - Filling up the DagBag from /opt/airflow/dags/dag_luchmeetnet.py
[2024-03-08T01:58:06.855+0000] {processor.py:839} INFO - DAG(s) dict_keys(['dag_luchmeetnet_v2']) retrieved from /opt/airflow/dags/dag_luchmeetnet.py
[2024-03-08T01:58:06.893+0000] {logging_mixin.py:154} INFO - [2024-03-08T01:58:06.892+0000] {dag.py:2941} INFO - Sync 1 DAGs
[2024-03-08T01:58:06.919+0000] {logging_mixin.py:154} INFO - [2024-03-08T01:58:06.918+0000] {dag.py:3722} INFO - Setting next_dagrun for dag_luchmeetnet_v2 to 2024-03-08T00:00:00+00:00, run_after=2024-03-08T01:00:00+00:00
[2024-03-08T01:58:06.944+0000] {processor.py:179} INFO - Processing /opt/airflow/dags/dag_luchmeetnet.py took 0.806 seconds
[2024-03-08T01:58:17.082+0000] {processor.py:157} INFO - Started process (PID=1673) to work on /opt/airflow/dags/dag_luchmeetnet.py
[2024-03-08T01:58:17.085+0000] {processor.py:829} INFO - Processing file /opt/airflow/dags/dag_luchmeetnet.py for tasks to queue
[2024-03-08T01:58:17.088+0000] {logging_mixin.py:154} INFO - [2024-03-08T01:58:17.087+0000] {dagbag.py:536} INFO - Filling up the DagBag from /opt/airflow/dags/dag_luchmeetnet.py
[2024-03-08T01:58:18.012+0000] {processor.py:839} INFO - DAG(s) dict_keys(['dag_luchmeetnet_v2']) retrieved from /opt/airflow/dags/dag_luchmeetnet.py
[2024-03-08T01:58:18.116+0000] {logging_mixin.py:154} INFO - [2024-03-08T01:58:18.114+0000] {dag.py:2941} INFO - Sync 1 DAGs
[2024-03-08T01:58:18.179+0000] {logging_mixin.py:154} INFO - [2024-03-08T01:58:18.179+0000] {dag.py:3722} INFO - Setting next_dagrun for dag_luchmeetnet_v2 to 2024-03-08T00:00:00+00:00, run_after=2024-03-08T01:00:00+00:00
[2024-03-08T01:58:18.215+0000] {processor.py:179} INFO - Processing /opt/airflow/dags/dag_luchmeetnet.py took 1.138 seconds
[2024-03-08T01:58:28.377+0000] {processor.py:157} INFO - Started process (PID=1690) to work on /opt/airflow/dags/dag_luchmeetnet.py
[2024-03-08T01:58:28.379+0000] {processor.py:829} INFO - Processing file /opt/airflow/dags/dag_luchmeetnet.py for tasks to queue
[2024-03-08T01:58:28.381+0000] {logging_mixin.py:154} INFO - [2024-03-08T01:58:28.381+0000] {dagbag.py:536} INFO - Filling up the DagBag from /opt/airflow/dags/dag_luchmeetnet.py
[2024-03-08T01:58:28.981+0000] {processor.py:839} INFO - DAG(s) dict_keys(['dag_luchmeetnet_v2']) retrieved from /opt/airflow/dags/dag_luchmeetnet.py
[2024-03-08T01:58:29.023+0000] {logging_mixin.py:154} INFO - [2024-03-08T01:58:29.023+0000] {dag.py:2941} INFO - Sync 1 DAGs
[2024-03-08T01:58:29.058+0000] {logging_mixin.py:154} INFO - [2024-03-08T01:58:29.057+0000] {dag.py:3722} INFO - Setting next_dagrun for dag_luchmeetnet_v2 to 2024-03-08T00:00:00+00:00, run_after=2024-03-08T01:00:00+00:00
[2024-03-08T01:58:29.085+0000] {processor.py:179} INFO - Processing /opt/airflow/dags/dag_luchmeetnet.py took 0.713 seconds
[2024-03-08T01:58:39.220+0000] {processor.py:157} INFO - Started process (PID=1707) to work on /opt/airflow/dags/dag_luchmeetnet.py
[2024-03-08T01:58:39.222+0000] {processor.py:829} INFO - Processing file /opt/airflow/dags/dag_luchmeetnet.py for tasks to queue
[2024-03-08T01:58:39.225+0000] {logging_mixin.py:154} INFO - [2024-03-08T01:58:39.225+0000] {dagbag.py:536} INFO - Filling up the DagBag from /opt/airflow/dags/dag_luchmeetnet.py
[2024-03-08T01:58:39.780+0000] {processor.py:839} INFO - DAG(s) dict_keys(['dag_luchmeetnet_v2']) retrieved from /opt/airflow/dags/dag_luchmeetnet.py
[2024-03-08T01:58:39.818+0000] {logging_mixin.py:154} INFO - [2024-03-08T01:58:39.817+0000] {dag.py:2941} INFO - Sync 1 DAGs
[2024-03-08T01:58:39.847+0000] {logging_mixin.py:154} INFO - [2024-03-08T01:58:39.847+0000] {dag.py:3722} INFO - Setting next_dagrun for dag_luchmeetnet_v2 to 2024-03-08T00:00:00+00:00, run_after=2024-03-08T01:00:00+00:00
[2024-03-08T01:58:39.871+0000] {processor.py:179} INFO - Processing /opt/airflow/dags/dag_luchmeetnet.py took 0.656 seconds
[2024-03-08T01:58:50.094+0000] {processor.py:157} INFO - Started process (PID=1724) to work on /opt/airflow/dags/dag_luchmeetnet.py
[2024-03-08T01:58:50.096+0000] {processor.py:829} INFO - Processing file /opt/airflow/dags/dag_luchmeetnet.py for tasks to queue
[2024-03-08T01:58:50.098+0000] {logging_mixin.py:154} INFO - [2024-03-08T01:58:50.098+0000] {dagbag.py:536} INFO - Filling up the DagBag from /opt/airflow/dags/dag_luchmeetnet.py
[2024-03-08T01:58:50.777+0000] {processor.py:839} INFO - DAG(s) dict_keys(['dag_luchmeetnet_v2']) retrieved from /opt/airflow/dags/dag_luchmeetnet.py
[2024-03-08T01:58:50.809+0000] {logging_mixin.py:154} INFO - [2024-03-08T01:58:50.808+0000] {dag.py:2941} INFO - Sync 1 DAGs
[2024-03-08T01:58:50.837+0000] {logging_mixin.py:154} INFO - [2024-03-08T01:58:50.837+0000] {dag.py:3722} INFO - Setting next_dagrun for dag_luchmeetnet_v2 to 2024-03-08T00:00:00+00:00, run_after=2024-03-08T01:00:00+00:00
[2024-03-08T01:58:50.863+0000] {processor.py:179} INFO - Processing /opt/airflow/dags/dag_luchmeetnet.py took 0.775 seconds
[2024-03-08T01:59:01.314+0000] {processor.py:157} INFO - Started process (PID=1741) to work on /opt/airflow/dags/dag_luchmeetnet.py
[2024-03-08T01:59:01.315+0000] {processor.py:829} INFO - Processing file /opt/airflow/dags/dag_luchmeetnet.py for tasks to queue
[2024-03-08T01:59:01.318+0000] {logging_mixin.py:154} INFO - [2024-03-08T01:59:01.317+0000] {dagbag.py:536} INFO - Filling up the DagBag from /opt/airflow/dags/dag_luchmeetnet.py
[2024-03-08T01:59:01.945+0000] {processor.py:839} INFO - DAG(s) dict_keys(['dag_luchmeetnet_v2']) retrieved from /opt/airflow/dags/dag_luchmeetnet.py
[2024-03-08T01:59:01.982+0000] {logging_mixin.py:154} INFO - [2024-03-08T01:59:01.981+0000] {dag.py:2941} INFO - Sync 1 DAGs
[2024-03-08T01:59:02.012+0000] {logging_mixin.py:154} INFO - [2024-03-08T01:59:02.011+0000] {dag.py:3722} INFO - Setting next_dagrun for dag_luchmeetnet_v2 to 2024-03-08T00:00:00+00:00, run_after=2024-03-08T01:00:00+00:00
[2024-03-08T01:59:02.049+0000] {processor.py:179} INFO - Processing /opt/airflow/dags/dag_luchmeetnet.py took 0.740 seconds
[2024-03-08T01:59:12.298+0000] {processor.py:157} INFO - Started process (PID=1758) to work on /opt/airflow/dags/dag_luchmeetnet.py
[2024-03-08T01:59:12.301+0000] {processor.py:829} INFO - Processing file /opt/airflow/dags/dag_luchmeetnet.py for tasks to queue
[2024-03-08T01:59:12.303+0000] {logging_mixin.py:154} INFO - [2024-03-08T01:59:12.302+0000] {dagbag.py:536} INFO - Filling up the DagBag from /opt/airflow/dags/dag_luchmeetnet.py
[2024-03-08T01:59:12.930+0000] {processor.py:839} INFO - DAG(s) dict_keys(['dag_luchmeetnet_v2']) retrieved from /opt/airflow/dags/dag_luchmeetnet.py
[2024-03-08T01:59:12.964+0000] {logging_mixin.py:154} INFO - [2024-03-08T01:59:12.964+0000] {dag.py:2941} INFO - Sync 1 DAGs
[2024-03-08T01:59:12.990+0000] {logging_mixin.py:154} INFO - [2024-03-08T01:59:12.990+0000] {dag.py:3722} INFO - Setting next_dagrun for dag_luchmeetnet_v2 to 2024-03-08T00:00:00+00:00, run_after=2024-03-08T01:00:00+00:00
[2024-03-08T01:59:13.014+0000] {processor.py:179} INFO - Processing /opt/airflow/dags/dag_luchmeetnet.py took 0.721 seconds
[2024-03-08T01:59:23.530+0000] {processor.py:157} INFO - Started process (PID=1775) to work on /opt/airflow/dags/dag_luchmeetnet.py
[2024-03-08T01:59:23.532+0000] {processor.py:829} INFO - Processing file /opt/airflow/dags/dag_luchmeetnet.py for tasks to queue
[2024-03-08T01:59:23.534+0000] {logging_mixin.py:154} INFO - [2024-03-08T01:59:23.533+0000] {dagbag.py:536} INFO - Filling up the DagBag from /opt/airflow/dags/dag_luchmeetnet.py
[2024-03-08T01:59:24.175+0000] {processor.py:839} INFO - DAG(s) dict_keys(['dag_luchmeetnet_v2']) retrieved from /opt/airflow/dags/dag_luchmeetnet.py
[2024-03-08T01:59:24.224+0000] {logging_mixin.py:154} INFO - [2024-03-08T01:59:24.223+0000] {dag.py:2941} INFO - Sync 1 DAGs
[2024-03-08T01:59:24.266+0000] {logging_mixin.py:154} INFO - [2024-03-08T01:59:24.265+0000] {dag.py:3722} INFO - Setting next_dagrun for dag_luchmeetnet_v2 to 2024-03-08T00:00:00+00:00, run_after=2024-03-08T01:00:00+00:00
[2024-03-08T01:59:24.311+0000] {processor.py:179} INFO - Processing /opt/airflow/dags/dag_luchmeetnet.py took 0.785 seconds
