[2024-03-08T00:50:57.934+0000] {processor.py:157} INFO - Started process (PID=178) to work on /opt/airflow/dags/dag_catchup.py
[2024-03-08T00:50:57.936+0000] {processor.py:829} INFO - Processing file /opt/airflow/dags/dag_catchup.py for tasks to queue
[2024-03-08T00:50:57.942+0000] {logging_mixin.py:154} INFO - [2024-03-08T00:50:57.942+0000] {dagbag.py:536} INFO - Filling up the DagBag from /opt/airflow/dags/dag_catchup.py
[2024-03-08T00:50:58.009+0000] {processor.py:839} INFO - DAG(s) dict_keys(['dag_catchup']) retrieved from /opt/airflow/dags/dag_catchup.py
[2024-03-08T00:50:58.202+0000] {logging_mixin.py:154} INFO - [2024-03-08T00:50:58.202+0000] {manager.py:499} INFO - Created Permission View: %s
[2024-03-08T00:50:58.221+0000] {logging_mixin.py:154} INFO - [2024-03-08T00:50:58.221+0000] {manager.py:499} INFO - Created Permission View: %s
[2024-03-08T00:50:58.233+0000] {logging_mixin.py:154} INFO - [2024-03-08T00:50:58.233+0000] {manager.py:499} INFO - Created Permission View: %s
[2024-03-08T00:50:58.234+0000] {logging_mixin.py:154} INFO - [2024-03-08T00:50:58.234+0000] {dag.py:2941} INFO - Sync 1 DAGs
[2024-03-08T00:50:58.260+0000] {logging_mixin.py:154} INFO - [2024-03-08T00:50:58.260+0000] {dag.py:2963} INFO - Creating ORM DAG for dag_catchup
[2024-03-08T00:50:58.279+0000] {logging_mixin.py:154} INFO - [2024-03-08T00:50:58.279+0000] {dag.py:3722} INFO - Setting next_dagrun for dag_catchup to 2023-11-10T00:00:00+00:00, run_after=2023-11-11T00:00:00+00:00
[2024-03-08T00:50:58.306+0000] {processor.py:179} INFO - Processing /opt/airflow/dags/dag_catchup.py took 0.376 seconds
[2024-03-08T00:51:10.613+0000] {processor.py:157} INFO - Started process (PID=195) to work on /opt/airflow/dags/dag_catchup.py
[2024-03-08T00:51:10.615+0000] {processor.py:829} INFO - Processing file /opt/airflow/dags/dag_catchup.py for tasks to queue
[2024-03-08T00:51:10.621+0000] {logging_mixin.py:154} INFO - [2024-03-08T00:51:10.616+0000] {dagbag.py:536} INFO - Filling up the DagBag from /opt/airflow/dags/dag_catchup.py
[2024-03-08T00:51:10.657+0000] {processor.py:839} INFO - DAG(s) dict_keys(['dag_catchup']) retrieved from /opt/airflow/dags/dag_catchup.py
[2024-03-08T00:51:10.683+0000] {logging_mixin.py:154} INFO - [2024-03-08T00:51:10.683+0000] {dag.py:2941} INFO - Sync 1 DAGs
[2024-03-08T00:51:10.728+0000] {logging_mixin.py:154} INFO - [2024-03-08T00:51:10.727+0000] {dag.py:3722} INFO - Setting next_dagrun for dag_catchup to 2023-11-10T00:00:00+00:00, run_after=2023-11-11T00:00:00+00:00
[2024-03-08T00:51:10.755+0000] {processor.py:179} INFO - Processing /opt/airflow/dags/dag_catchup.py took 0.146 seconds
[2024-03-08T00:51:21.637+0000] {processor.py:157} INFO - Started process (PID=210) to work on /opt/airflow/dags/dag_catchup.py
[2024-03-08T00:51:21.640+0000] {processor.py:829} INFO - Processing file /opt/airflow/dags/dag_catchup.py for tasks to queue
[2024-03-08T00:51:21.642+0000] {logging_mixin.py:154} INFO - [2024-03-08T00:51:21.641+0000] {dagbag.py:536} INFO - Filling up the DagBag from /opt/airflow/dags/dag_catchup.py
[2024-03-08T00:51:21.675+0000] {processor.py:839} INFO - DAG(s) dict_keys(['dag_catchup']) retrieved from /opt/airflow/dags/dag_catchup.py
[2024-03-08T00:51:21.985+0000] {logging_mixin.py:154} INFO - [2024-03-08T00:51:21.985+0000] {dag.py:2941} INFO - Sync 1 DAGs
[2024-03-08T00:51:22.025+0000] {logging_mixin.py:154} INFO - [2024-03-08T00:51:22.025+0000] {dag.py:3722} INFO - Setting next_dagrun for dag_catchup to 2023-11-10T00:00:00+00:00, run_after=2023-11-11T00:00:00+00:00
[2024-03-08T00:51:22.091+0000] {processor.py:179} INFO - Processing /opt/airflow/dags/dag_catchup.py took 0.461 seconds
[2024-03-08T00:51:32.733+0000] {processor.py:157} INFO - Started process (PID=229) to work on /opt/airflow/dags/dag_catchup.py
[2024-03-08T00:51:32.736+0000] {processor.py:829} INFO - Processing file /opt/airflow/dags/dag_catchup.py for tasks to queue
[2024-03-08T00:51:32.739+0000] {logging_mixin.py:154} INFO - [2024-03-08T00:51:32.738+0000] {dagbag.py:536} INFO - Filling up the DagBag from /opt/airflow/dags/dag_catchup.py
[2024-03-08T00:51:32.772+0000] {processor.py:839} INFO - DAG(s) dict_keys(['dag_catchup']) retrieved from /opt/airflow/dags/dag_catchup.py
[2024-03-08T00:51:32.818+0000] {logging_mixin.py:154} INFO - [2024-03-08T00:51:32.818+0000] {dag.py:2941} INFO - Sync 1 DAGs
[2024-03-08T00:51:32.844+0000] {logging_mixin.py:154} INFO - [2024-03-08T00:51:32.844+0000] {dag.py:3722} INFO - Setting next_dagrun for dag_catchup to 2023-11-10T00:00:00+00:00, run_after=2023-11-11T00:00:00+00:00
[2024-03-08T00:51:32.867+0000] {processor.py:179} INFO - Processing /opt/airflow/dags/dag_catchup.py took 0.141 seconds
[2024-03-08T00:51:43.787+0000] {processor.py:157} INFO - Started process (PID=246) to work on /opt/airflow/dags/dag_catchup.py
[2024-03-08T00:51:43.789+0000] {processor.py:829} INFO - Processing file /opt/airflow/dags/dag_catchup.py for tasks to queue
[2024-03-08T00:51:43.792+0000] {logging_mixin.py:154} INFO - [2024-03-08T00:51:43.792+0000] {dagbag.py:536} INFO - Filling up the DagBag from /opt/airflow/dags/dag_catchup.py
[2024-03-08T00:51:43.894+0000] {processor.py:839} INFO - DAG(s) dict_keys(['dag_catchup']) retrieved from /opt/airflow/dags/dag_catchup.py
[2024-03-08T00:51:43.979+0000] {logging_mixin.py:154} INFO - [2024-03-08T00:51:43.979+0000] {dag.py:2941} INFO - Sync 1 DAGs
[2024-03-08T00:51:44.081+0000] {logging_mixin.py:154} INFO - [2024-03-08T00:51:44.080+0000] {dag.py:3722} INFO - Setting next_dagrun for dag_catchup to 2023-11-10T00:00:00+00:00, run_after=2023-11-11T00:00:00+00:00
[2024-03-08T00:51:44.124+0000] {processor.py:179} INFO - Processing /opt/airflow/dags/dag_catchup.py took 0.342 seconds
[2024-03-08T00:51:56.099+0000] {processor.py:157} INFO - Started process (PID=261) to work on /opt/airflow/dags/dag_catchup.py
[2024-03-08T00:51:56.102+0000] {processor.py:829} INFO - Processing file /opt/airflow/dags/dag_catchup.py for tasks to queue
[2024-03-08T00:51:56.104+0000] {logging_mixin.py:154} INFO - [2024-03-08T00:51:56.104+0000] {dagbag.py:536} INFO - Filling up the DagBag from /opt/airflow/dags/dag_catchup.py
[2024-03-08T00:51:56.166+0000] {processor.py:839} INFO - DAG(s) dict_keys(['dag_catchup']) retrieved from /opt/airflow/dags/dag_catchup.py
[2024-03-08T00:51:56.275+0000] {logging_mixin.py:154} INFO - [2024-03-08T00:51:56.275+0000] {dag.py:2941} INFO - Sync 1 DAGs
[2024-03-08T00:51:56.346+0000] {logging_mixin.py:154} INFO - [2024-03-08T00:51:56.346+0000] {dag.py:3722} INFO - Setting next_dagrun for dag_catchup to 2023-11-10T00:00:00+00:00, run_after=2023-11-11T00:00:00+00:00
[2024-03-08T00:51:56.390+0000] {processor.py:179} INFO - Processing /opt/airflow/dags/dag_catchup.py took 0.297 seconds
[2024-03-08T00:52:08.163+0000] {processor.py:157} INFO - Started process (PID=280) to work on /opt/airflow/dags/dag_catchup.py
[2024-03-08T00:52:08.165+0000] {processor.py:829} INFO - Processing file /opt/airflow/dags/dag_catchup.py for tasks to queue
[2024-03-08T00:52:08.166+0000] {logging_mixin.py:154} INFO - [2024-03-08T00:52:08.166+0000] {dagbag.py:536} INFO - Filling up the DagBag from /opt/airflow/dags/dag_catchup.py
[2024-03-08T00:52:08.192+0000] {processor.py:839} INFO - DAG(s) dict_keys(['dag_catchup']) retrieved from /opt/airflow/dags/dag_catchup.py
[2024-03-08T00:52:08.225+0000] {logging_mixin.py:154} INFO - [2024-03-08T00:52:08.225+0000] {dag.py:2941} INFO - Sync 1 DAGs
[2024-03-08T00:52:08.254+0000] {logging_mixin.py:154} INFO - [2024-03-08T00:52:08.253+0000] {dag.py:3722} INFO - Setting next_dagrun for dag_catchup to 2023-11-10T00:00:00+00:00, run_after=2023-11-11T00:00:00+00:00
[2024-03-08T00:52:08.277+0000] {processor.py:179} INFO - Processing /opt/airflow/dags/dag_catchup.py took 0.117 seconds
[2024-03-08T00:52:19.282+0000] {processor.py:157} INFO - Started process (PID=295) to work on /opt/airflow/dags/dag_catchup.py
[2024-03-08T00:52:19.286+0000] {processor.py:829} INFO - Processing file /opt/airflow/dags/dag_catchup.py for tasks to queue
[2024-03-08T00:52:19.290+0000] {logging_mixin.py:154} INFO - [2024-03-08T00:52:19.290+0000] {dagbag.py:536} INFO - Filling up the DagBag from /opt/airflow/dags/dag_catchup.py
[2024-03-08T00:52:19.373+0000] {processor.py:839} INFO - DAG(s) dict_keys(['dag_catchup']) retrieved from /opt/airflow/dags/dag_catchup.py
[2024-03-08T00:52:19.424+0000] {logging_mixin.py:154} INFO - [2024-03-08T00:52:19.423+0000] {dag.py:2941} INFO - Sync 1 DAGs
[2024-03-08T00:52:19.543+0000] {logging_mixin.py:154} INFO - [2024-03-08T00:52:19.543+0000] {dag.py:3722} INFO - Setting next_dagrun for dag_catchup to 2023-11-10T00:00:00+00:00, run_after=2023-11-11T00:00:00+00:00
[2024-03-08T00:52:19.582+0000] {processor.py:179} INFO - Processing /opt/airflow/dags/dag_catchup.py took 0.310 seconds
[2024-03-08T00:52:30.423+0000] {processor.py:157} INFO - Started process (PID=314) to work on /opt/airflow/dags/dag_catchup.py
[2024-03-08T00:52:30.425+0000] {processor.py:829} INFO - Processing file /opt/airflow/dags/dag_catchup.py for tasks to queue
[2024-03-08T00:52:30.426+0000] {logging_mixin.py:154} INFO - [2024-03-08T00:52:30.426+0000] {dagbag.py:536} INFO - Filling up the DagBag from /opt/airflow/dags/dag_catchup.py
[2024-03-08T00:52:30.451+0000] {processor.py:839} INFO - DAG(s) dict_keys(['dag_catchup']) retrieved from /opt/airflow/dags/dag_catchup.py
[2024-03-08T00:52:30.485+0000] {logging_mixin.py:154} INFO - [2024-03-08T00:52:30.484+0000] {dag.py:2941} INFO - Sync 1 DAGs
[2024-03-08T00:52:30.514+0000] {logging_mixin.py:154} INFO - [2024-03-08T00:52:30.514+0000] {dag.py:3722} INFO - Setting next_dagrun for dag_catchup to 2023-11-10T00:00:00+00:00, run_after=2023-11-11T00:00:00+00:00
[2024-03-08T00:52:30.538+0000] {processor.py:179} INFO - Processing /opt/airflow/dags/dag_catchup.py took 0.118 seconds
[2024-03-08T00:52:41.802+0000] {processor.py:157} INFO - Started process (PID=329) to work on /opt/airflow/dags/dag_catchup.py
[2024-03-08T00:52:41.803+0000] {processor.py:829} INFO - Processing file /opt/airflow/dags/dag_catchup.py for tasks to queue
[2024-03-08T00:52:41.829+0000] {logging_mixin.py:154} INFO - [2024-03-08T00:52:41.829+0000] {dagbag.py:536} INFO - Filling up the DagBag from /opt/airflow/dags/dag_catchup.py
[2024-03-08T00:52:41.871+0000] {processor.py:839} INFO - DAG(s) dict_keys(['dag_catchup']) retrieved from /opt/airflow/dags/dag_catchup.py
[2024-03-08T00:52:41.953+0000] {logging_mixin.py:154} INFO - [2024-03-08T00:52:41.953+0000] {dag.py:2941} INFO - Sync 1 DAGs
[2024-03-08T00:52:41.985+0000] {logging_mixin.py:154} INFO - [2024-03-08T00:52:41.985+0000] {dag.py:3722} INFO - Setting next_dagrun for dag_catchup to 2023-11-10T00:00:00+00:00, run_after=2023-11-11T00:00:00+00:00
[2024-03-08T00:52:42.038+0000] {processor.py:179} INFO - Processing /opt/airflow/dags/dag_catchup.py took 0.241 seconds
[2024-03-08T00:52:52.764+0000] {processor.py:157} INFO - Started process (PID=348) to work on /opt/airflow/dags/dag_catchup.py
[2024-03-08T00:52:52.766+0000] {processor.py:829} INFO - Processing file /opt/airflow/dags/dag_catchup.py for tasks to queue
[2024-03-08T00:52:52.768+0000] {logging_mixin.py:154} INFO - [2024-03-08T00:52:52.767+0000] {dagbag.py:536} INFO - Filling up the DagBag from /opt/airflow/dags/dag_catchup.py
[2024-03-08T00:52:52.797+0000] {processor.py:839} INFO - DAG(s) dict_keys(['dag_catchup']) retrieved from /opt/airflow/dags/dag_catchup.py
[2024-03-08T00:52:52.832+0000] {logging_mixin.py:154} INFO - [2024-03-08T00:52:52.832+0000] {dag.py:2941} INFO - Sync 1 DAGs
[2024-03-08T00:52:52.860+0000] {logging_mixin.py:154} INFO - [2024-03-08T00:52:52.859+0000] {dag.py:3722} INFO - Setting next_dagrun for dag_catchup to 2023-11-10T00:00:00+00:00, run_after=2023-11-11T00:00:00+00:00
[2024-03-08T00:52:52.881+0000] {processor.py:179} INFO - Processing /opt/airflow/dags/dag_catchup.py took 0.121 seconds
[2024-03-08T00:55:57.633+0000] {processor.py:157} INFO - Started process (PID=365) to work on /opt/airflow/dags/dag_catchup.py
[2024-03-08T00:55:57.644+0000] {processor.py:829} INFO - Processing file /opt/airflow/dags/dag_catchup.py for tasks to queue
[2024-03-08T00:55:57.687+0000] {logging_mixin.py:154} INFO - [2024-03-08T00:55:57.686+0000] {dagbag.py:536} INFO - Filling up the DagBag from /opt/airflow/dags/dag_catchup.py
[2024-03-08T00:55:57.967+0000] {processor.py:839} INFO - DAG(s) dict_keys(['dag_catchup']) retrieved from /opt/airflow/dags/dag_catchup.py
[2024-03-08T00:55:58.122+0000] {logging_mixin.py:154} INFO - [2024-03-08T00:55:58.122+0000] {dag.py:2941} INFO - Sync 1 DAGs
[2024-03-08T00:55:58.245+0000] {logging_mixin.py:154} INFO - [2024-03-08T00:55:58.245+0000] {dag.py:3722} INFO - Setting next_dagrun for dag_catchup to 2023-11-10T00:00:00+00:00, run_after=2023-11-11T00:00:00+00:00
[2024-03-08T00:55:58.339+0000] {processor.py:179} INFO - Processing /opt/airflow/dags/dag_catchup.py took 0.712 seconds
[2024-03-08T01:45:05.963+0000] {processor.py:157} INFO - Started process (PID=386) to work on /opt/airflow/dags/dag_catchup.py
[2024-03-08T01:45:05.965+0000] {processor.py:829} INFO - Processing file /opt/airflow/dags/dag_catchup.py for tasks to queue
[2024-03-08T01:45:05.967+0000] {logging_mixin.py:154} INFO - [2024-03-08T01:45:05.967+0000] {dagbag.py:536} INFO - Filling up the DagBag from /opt/airflow/dags/dag_catchup.py
[2024-03-08T01:45:06.005+0000] {processor.py:839} INFO - DAG(s) dict_keys(['dag_catchup']) retrieved from /opt/airflow/dags/dag_catchup.py
[2024-03-08T01:45:06.057+0000] {logging_mixin.py:154} INFO - [2024-03-08T01:45:06.057+0000] {dag.py:2941} INFO - Sync 1 DAGs
[2024-03-08T01:45:06.106+0000] {logging_mixin.py:154} INFO - [2024-03-08T01:45:06.105+0000] {dag.py:3722} INFO - Setting next_dagrun for dag_catchup to 2023-11-10T00:00:00+00:00, run_after=2023-11-11T00:00:00+00:00
[2024-03-08T01:45:06.142+0000] {processor.py:179} INFO - Processing /opt/airflow/dags/dag_catchup.py took 0.185 seconds
[2024-03-08T01:45:16.840+0000] {processor.py:157} INFO - Started process (PID=403) to work on /opt/airflow/dags/dag_catchup.py
[2024-03-08T01:45:16.842+0000] {processor.py:829} INFO - Processing file /opt/airflow/dags/dag_catchup.py for tasks to queue
[2024-03-08T01:45:16.844+0000] {logging_mixin.py:154} INFO - [2024-03-08T01:45:16.844+0000] {dagbag.py:536} INFO - Filling up the DagBag from /opt/airflow/dags/dag_catchup.py
[2024-03-08T01:45:16.872+0000] {processor.py:839} INFO - DAG(s) dict_keys(['dag_catchup']) retrieved from /opt/airflow/dags/dag_catchup.py
[2024-03-08T01:45:16.906+0000] {logging_mixin.py:154} INFO - [2024-03-08T01:45:16.906+0000] {dag.py:2941} INFO - Sync 1 DAGs
[2024-03-08T01:45:16.936+0000] {logging_mixin.py:154} INFO - [2024-03-08T01:45:16.935+0000] {dag.py:3722} INFO - Setting next_dagrun for dag_catchup to 2023-11-10T00:00:00+00:00, run_after=2023-11-11T00:00:00+00:00
[2024-03-08T01:45:16.960+0000] {processor.py:179} INFO - Processing /opt/airflow/dags/dag_catchup.py took 0.124 seconds
[2024-03-08T01:45:27.697+0000] {processor.py:157} INFO - Started process (PID=420) to work on /opt/airflow/dags/dag_catchup.py
[2024-03-08T01:45:27.698+0000] {processor.py:829} INFO - Processing file /opt/airflow/dags/dag_catchup.py for tasks to queue
[2024-03-08T01:45:27.700+0000] {logging_mixin.py:154} INFO - [2024-03-08T01:45:27.700+0000] {dagbag.py:536} INFO - Filling up the DagBag from /opt/airflow/dags/dag_catchup.py
[2024-03-08T01:45:27.725+0000] {processor.py:839} INFO - DAG(s) dict_keys(['dag_catchup']) retrieved from /opt/airflow/dags/dag_catchup.py
[2024-03-08T01:45:27.759+0000] {logging_mixin.py:154} INFO - [2024-03-08T01:45:27.759+0000] {dag.py:2941} INFO - Sync 1 DAGs
[2024-03-08T01:45:27.786+0000] {logging_mixin.py:154} INFO - [2024-03-08T01:45:27.786+0000] {dag.py:3722} INFO - Setting next_dagrun for dag_catchup to 2023-11-10T00:00:00+00:00, run_after=2023-11-11T00:00:00+00:00
[2024-03-08T01:45:27.809+0000] {processor.py:179} INFO - Processing /opt/airflow/dags/dag_catchup.py took 0.117 seconds
[2024-03-08T01:45:38.699+0000] {processor.py:157} INFO - Started process (PID=437) to work on /opt/airflow/dags/dag_catchup.py
[2024-03-08T01:45:38.700+0000] {processor.py:829} INFO - Processing file /opt/airflow/dags/dag_catchup.py for tasks to queue
[2024-03-08T01:45:38.702+0000] {logging_mixin.py:154} INFO - [2024-03-08T01:45:38.702+0000] {dagbag.py:536} INFO - Filling up the DagBag from /opt/airflow/dags/dag_catchup.py
[2024-03-08T01:45:38.728+0000] {processor.py:839} INFO - DAG(s) dict_keys(['dag_catchup']) retrieved from /opt/airflow/dags/dag_catchup.py
[2024-03-08T01:45:38.765+0000] {logging_mixin.py:154} INFO - [2024-03-08T01:45:38.765+0000] {dag.py:2941} INFO - Sync 1 DAGs
[2024-03-08T01:45:38.796+0000] {logging_mixin.py:154} INFO - [2024-03-08T01:45:38.796+0000] {dag.py:3722} INFO - Setting next_dagrun for dag_catchup to 2023-11-10T00:00:00+00:00, run_after=2023-11-11T00:00:00+00:00
[2024-03-08T01:45:38.823+0000] {processor.py:179} INFO - Processing /opt/airflow/dags/dag_catchup.py took 0.129 seconds
[2024-03-08T01:45:49.740+0000] {processor.py:157} INFO - Started process (PID=454) to work on /opt/airflow/dags/dag_catchup.py
[2024-03-08T01:45:49.742+0000] {processor.py:829} INFO - Processing file /opt/airflow/dags/dag_catchup.py for tasks to queue
[2024-03-08T01:45:49.744+0000] {logging_mixin.py:154} INFO - [2024-03-08T01:45:49.744+0000] {dagbag.py:536} INFO - Filling up the DagBag from /opt/airflow/dags/dag_catchup.py
[2024-03-08T01:45:49.779+0000] {processor.py:839} INFO - DAG(s) dict_keys(['dag_catchup']) retrieved from /opt/airflow/dags/dag_catchup.py
[2024-03-08T01:45:49.819+0000] {logging_mixin.py:154} INFO - [2024-03-08T01:45:49.818+0000] {dag.py:2941} INFO - Sync 1 DAGs
[2024-03-08T01:45:49.852+0000] {logging_mixin.py:154} INFO - [2024-03-08T01:45:49.852+0000] {dag.py:3722} INFO - Setting next_dagrun for dag_catchup to 2023-11-10T00:00:00+00:00, run_after=2023-11-11T00:00:00+00:00
[2024-03-08T01:45:49.900+0000] {processor.py:179} INFO - Processing /opt/airflow/dags/dag_catchup.py took 0.165 seconds
[2024-03-08T01:46:00.717+0000] {processor.py:157} INFO - Started process (PID=471) to work on /opt/airflow/dags/dag_catchup.py
[2024-03-08T01:46:00.740+0000] {processor.py:829} INFO - Processing file /opt/airflow/dags/dag_catchup.py for tasks to queue
[2024-03-08T01:46:00.744+0000] {logging_mixin.py:154} INFO - [2024-03-08T01:46:00.743+0000] {dagbag.py:536} INFO - Filling up the DagBag from /opt/airflow/dags/dag_catchup.py
[2024-03-08T01:46:00.805+0000] {processor.py:839} INFO - DAG(s) dict_keys(['dag_catchup']) retrieved from /opt/airflow/dags/dag_catchup.py
[2024-03-08T01:46:00.872+0000] {logging_mixin.py:154} INFO - [2024-03-08T01:46:00.872+0000] {dag.py:2941} INFO - Sync 1 DAGs
[2024-03-08T01:46:00.937+0000] {logging_mixin.py:154} INFO - [2024-03-08T01:46:00.936+0000] {dag.py:3722} INFO - Setting next_dagrun for dag_catchup to 2023-11-10T00:00:00+00:00, run_after=2023-11-11T00:00:00+00:00
[2024-03-08T01:46:00.966+0000] {processor.py:179} INFO - Processing /opt/airflow/dags/dag_catchup.py took 0.255 seconds
[2024-03-08T01:46:11.632+0000] {processor.py:157} INFO - Started process (PID=488) to work on /opt/airflow/dags/dag_catchup.py
[2024-03-08T01:46:11.635+0000] {processor.py:829} INFO - Processing file /opt/airflow/dags/dag_catchup.py for tasks to queue
[2024-03-08T01:46:11.638+0000] {logging_mixin.py:154} INFO - [2024-03-08T01:46:11.637+0000] {dagbag.py:536} INFO - Filling up the DagBag from /opt/airflow/dags/dag_catchup.py
[2024-03-08T01:46:11.673+0000] {processor.py:839} INFO - DAG(s) dict_keys(['dag_catchup']) retrieved from /opt/airflow/dags/dag_catchup.py
[2024-03-08T01:46:11.725+0000] {logging_mixin.py:154} INFO - [2024-03-08T01:46:11.725+0000] {dag.py:2941} INFO - Sync 1 DAGs
[2024-03-08T01:46:11.776+0000] {logging_mixin.py:154} INFO - [2024-03-08T01:46:11.776+0000] {dag.py:3722} INFO - Setting next_dagrun for dag_catchup to 2023-11-10T00:00:00+00:00, run_after=2023-11-11T00:00:00+00:00
[2024-03-08T01:46:11.832+0000] {processor.py:179} INFO - Processing /opt/airflow/dags/dag_catchup.py took 0.205 seconds
[2024-03-08T01:46:26.942+0000] {processor.py:157} INFO - Started process (PID=505) to work on /opt/airflow/dags/dag_catchup.py
[2024-03-08T01:46:26.967+0000] {processor.py:829} INFO - Processing file /opt/airflow/dags/dag_catchup.py for tasks to queue
[2024-03-08T01:46:27.003+0000] {logging_mixin.py:154} INFO - [2024-03-08T01:46:27.002+0000] {dagbag.py:536} INFO - Filling up the DagBag from /opt/airflow/dags/dag_catchup.py
[2024-03-08T01:46:27.269+0000] {processor.py:839} INFO - DAG(s) dict_keys(['dag_catchup']) retrieved from /opt/airflow/dags/dag_catchup.py
[2024-03-08T01:46:27.397+0000] {logging_mixin.py:154} INFO - [2024-03-08T01:46:27.397+0000] {dag.py:2941} INFO - Sync 1 DAGs
[2024-03-08T01:46:27.585+0000] {logging_mixin.py:154} INFO - [2024-03-08T01:46:27.584+0000] {dag.py:3722} INFO - Setting next_dagrun for dag_catchup to 2023-11-10T00:00:00+00:00, run_after=2023-11-11T00:00:00+00:00
[2024-03-08T01:46:27.691+0000] {processor.py:179} INFO - Processing /opt/airflow/dags/dag_catchup.py took 0.755 seconds
[2024-03-08T01:46:41.328+0000] {processor.py:157} INFO - Started process (PID=522) to work on /opt/airflow/dags/dag_catchup.py
[2024-03-08T01:46:41.375+0000] {processor.py:829} INFO - Processing file /opt/airflow/dags/dag_catchup.py for tasks to queue
[2024-03-08T01:46:41.385+0000] {logging_mixin.py:154} INFO - [2024-03-08T01:46:41.384+0000] {dagbag.py:536} INFO - Filling up the DagBag from /opt/airflow/dags/dag_catchup.py
[2024-03-08T01:46:41.549+0000] {processor.py:839} INFO - DAG(s) dict_keys(['dag_catchup']) retrieved from /opt/airflow/dags/dag_catchup.py
[2024-03-08T01:46:41.701+0000] {logging_mixin.py:154} INFO - [2024-03-08T01:46:41.700+0000] {dag.py:2941} INFO - Sync 1 DAGs
[2024-03-08T01:46:41.835+0000] {logging_mixin.py:154} INFO - [2024-03-08T01:46:41.834+0000] {dag.py:3722} INFO - Setting next_dagrun for dag_catchup to 2023-11-10T00:00:00+00:00, run_after=2023-11-11T00:00:00+00:00
[2024-03-08T01:46:41.976+0000] {processor.py:179} INFO - Processing /opt/airflow/dags/dag_catchup.py took 0.654 seconds
[2024-03-08T01:47:10.402+0000] {processor.py:157} INFO - Started process (PID=539) to work on /opt/airflow/dags/dag_catchup.py
[2024-03-08T01:47:10.408+0000] {processor.py:829} INFO - Processing file /opt/airflow/dags/dag_catchup.py for tasks to queue
[2024-03-08T01:47:10.411+0000] {logging_mixin.py:154} INFO - [2024-03-08T01:47:10.410+0000] {dagbag.py:536} INFO - Filling up the DagBag from /opt/airflow/dags/dag_catchup.py
[2024-03-08T01:47:10.504+0000] {processor.py:839} INFO - DAG(s) dict_keys(['dag_catchup']) retrieved from /opt/airflow/dags/dag_catchup.py
[2024-03-08T01:47:10.621+0000] {logging_mixin.py:154} INFO - [2024-03-08T01:47:10.620+0000] {dag.py:2941} INFO - Sync 1 DAGs
[2024-03-08T01:47:10.843+0000] {processor.py:179} INFO - Processing /opt/airflow/dags/dag_catchup.py took 0.457 seconds
[2024-03-08T01:47:21.663+0000] {processor.py:157} INFO - Started process (PID=572) to work on /opt/airflow/dags/dag_catchup.py
[2024-03-08T01:47:21.683+0000] {processor.py:829} INFO - Processing file /opt/airflow/dags/dag_catchup.py for tasks to queue
[2024-03-08T01:47:21.708+0000] {logging_mixin.py:154} INFO - [2024-03-08T01:47:21.707+0000] {dagbag.py:536} INFO - Filling up the DagBag from /opt/airflow/dags/dag_catchup.py
[2024-03-08T01:47:22.136+0000] {processor.py:839} INFO - DAG(s) dict_keys(['dag_catchup']) retrieved from /opt/airflow/dags/dag_catchup.py
[2024-03-08T01:47:22.430+0000] {logging_mixin.py:154} INFO - [2024-03-08T01:47:22.429+0000] {dag.py:2941} INFO - Sync 1 DAGs
[2024-03-08T01:47:22.755+0000] {processor.py:179} INFO - Processing /opt/airflow/dags/dag_catchup.py took 1.098 seconds
[2024-03-08T01:48:39.435+0000] {processor.py:157} INFO - Started process (PID=601) to work on /opt/airflow/dags/dag_catchup.py
[2024-03-08T01:48:39.465+0000] {processor.py:829} INFO - Processing file /opt/airflow/dags/dag_catchup.py for tasks to queue
[2024-03-08T01:48:39.538+0000] {logging_mixin.py:154} INFO - [2024-03-08T01:48:39.499+0000] {dagbag.py:536} INFO - Filling up the DagBag from /opt/airflow/dags/dag_catchup.py
[2024-03-08T01:48:41.982+0000] {processor.py:839} INFO - DAG(s) dict_keys(['dag_catchup']) retrieved from /opt/airflow/dags/dag_catchup.py
[2024-03-08T01:48:42.956+0000] {logging_mixin.py:154} INFO - [2024-03-08T01:48:42.956+0000] {dag.py:2941} INFO - Sync 1 DAGs
[2024-03-08T01:48:43.274+0000] {logging_mixin.py:154} INFO - [2024-03-08T01:48:43.273+0000] {dag.py:3722} INFO - Setting next_dagrun for dag_catchup to 2023-11-25T00:00:00+00:00, run_after=2023-11-26T00:00:00+00:00
[2024-03-08T01:48:43.401+0000] {processor.py:179} INFO - Processing /opt/airflow/dags/dag_catchup.py took 6.348 seconds
[2024-03-08T01:48:53.871+0000] {processor.py:157} INFO - Started process (PID=622) to work on /opt/airflow/dags/dag_catchup.py
[2024-03-08T01:48:53.874+0000] {processor.py:829} INFO - Processing file /opt/airflow/dags/dag_catchup.py for tasks to queue
[2024-03-08T01:48:53.881+0000] {logging_mixin.py:154} INFO - [2024-03-08T01:48:53.881+0000] {dagbag.py:536} INFO - Filling up the DagBag from /opt/airflow/dags/dag_catchup.py
[2024-03-08T01:48:53.944+0000] {processor.py:839} INFO - DAG(s) dict_keys(['dag_catchup']) retrieved from /opt/airflow/dags/dag_catchup.py
[2024-03-08T01:48:54.017+0000] {logging_mixin.py:154} INFO - [2024-03-08T01:48:54.017+0000] {dag.py:2941} INFO - Sync 1 DAGs
[2024-03-08T01:48:54.084+0000] {logging_mixin.py:154} INFO - [2024-03-08T01:48:54.082+0000] {dag.py:3722} INFO - Setting next_dagrun for dag_catchup to 2023-11-29T00:00:00+00:00, run_after=2023-11-30T00:00:00+00:00
[2024-03-08T01:48:54.128+0000] {processor.py:179} INFO - Processing /opt/airflow/dags/dag_catchup.py took 0.268 seconds
[2024-03-08T01:49:08.465+0000] {processor.py:157} INFO - Started process (PID=671) to work on /opt/airflow/dags/dag_catchup.py
[2024-03-08T01:49:08.499+0000] {processor.py:829} INFO - Processing file /opt/airflow/dags/dag_catchup.py for tasks to queue
[2024-03-08T01:49:08.578+0000] {logging_mixin.py:154} INFO - [2024-03-08T01:49:08.577+0000] {dagbag.py:536} INFO - Filling up the DagBag from /opt/airflow/dags/dag_catchup.py
[2024-03-08T01:49:09.112+0000] {processor.py:839} INFO - DAG(s) dict_keys(['dag_catchup']) retrieved from /opt/airflow/dags/dag_catchup.py
[2024-03-08T01:49:09.431+0000] {logging_mixin.py:154} INFO - [2024-03-08T01:49:09.417+0000] {dag.py:2941} INFO - Sync 1 DAGs
[2024-03-08T01:49:09.610+0000] {logging_mixin.py:154} INFO - [2024-03-08T01:49:09.605+0000] {dag.py:3722} INFO - Setting next_dagrun for dag_catchup to 2023-12-16T00:00:00+00:00, run_after=2023-12-17T00:00:00+00:00
[2024-03-08T01:49:09.697+0000] {processor.py:179} INFO - Processing /opt/airflow/dags/dag_catchup.py took 1.263 seconds
[2024-03-08T01:49:20.411+0000] {processor.py:157} INFO - Started process (PID=712) to work on /opt/airflow/dags/dag_catchup.py
[2024-03-08T01:49:20.415+0000] {processor.py:829} INFO - Processing file /opt/airflow/dags/dag_catchup.py for tasks to queue
[2024-03-08T01:49:20.422+0000] {logging_mixin.py:154} INFO - [2024-03-08T01:49:20.419+0000] {dagbag.py:536} INFO - Filling up the DagBag from /opt/airflow/dags/dag_catchup.py
[2024-03-08T01:49:20.490+0000] {processor.py:839} INFO - DAG(s) dict_keys(['dag_catchup']) retrieved from /opt/airflow/dags/dag_catchup.py
[2024-03-08T01:49:20.607+0000] {logging_mixin.py:154} INFO - [2024-03-08T01:49:20.602+0000] {dag.py:2941} INFO - Sync 1 DAGs
[2024-03-08T01:49:20.682+0000] {logging_mixin.py:154} INFO - [2024-03-08T01:49:20.681+0000] {dag.py:3722} INFO - Setting next_dagrun for dag_catchup to 2023-12-26T00:00:00+00:00, run_after=2023-12-27T00:00:00+00:00
[2024-03-08T01:49:20.747+0000] {processor.py:179} INFO - Processing /opt/airflow/dags/dag_catchup.py took 0.345 seconds
[2024-03-08T01:49:31.407+0000] {processor.py:157} INFO - Started process (PID=754) to work on /opt/airflow/dags/dag_catchup.py
[2024-03-08T01:49:31.409+0000] {processor.py:829} INFO - Processing file /opt/airflow/dags/dag_catchup.py for tasks to queue
[2024-03-08T01:49:31.419+0000] {logging_mixin.py:154} INFO - [2024-03-08T01:49:31.418+0000] {dagbag.py:536} INFO - Filling up the DagBag from /opt/airflow/dags/dag_catchup.py
[2024-03-08T01:49:31.747+0000] {processor.py:839} INFO - DAG(s) dict_keys(['dag_catchup']) retrieved from /opt/airflow/dags/dag_catchup.py
[2024-03-08T01:49:31.901+0000] {logging_mixin.py:154} INFO - [2024-03-08T01:49:31.900+0000] {dag.py:2941} INFO - Sync 1 DAGs
[2024-03-08T01:49:32.143+0000] {logging_mixin.py:154} INFO - [2024-03-08T01:49:32.142+0000] {dag.py:3722} INFO - Setting next_dagrun for dag_catchup to 2024-01-14T00:00:00+00:00, run_after=2024-01-15T00:00:00+00:00
[2024-03-08T01:49:32.322+0000] {processor.py:179} INFO - Processing /opt/airflow/dags/dag_catchup.py took 0.940 seconds
[2024-03-08T01:49:43.548+0000] {processor.py:157} INFO - Started process (PID=800) to work on /opt/airflow/dags/dag_catchup.py
[2024-03-08T01:49:43.572+0000] {processor.py:829} INFO - Processing file /opt/airflow/dags/dag_catchup.py for tasks to queue
[2024-03-08T01:49:43.606+0000] {logging_mixin.py:154} INFO - [2024-03-08T01:49:43.606+0000] {dagbag.py:536} INFO - Filling up the DagBag from /opt/airflow/dags/dag_catchup.py
[2024-03-08T01:49:43.778+0000] {processor.py:839} INFO - DAG(s) dict_keys(['dag_catchup']) retrieved from /opt/airflow/dags/dag_catchup.py
[2024-03-08T01:49:43.891+0000] {logging_mixin.py:154} INFO - [2024-03-08T01:49:43.891+0000] {dag.py:2941} INFO - Sync 1 DAGs
[2024-03-08T01:49:44.373+0000] {logging_mixin.py:154} INFO - [2024-03-08T01:49:44.373+0000] {dag.py:3722} INFO - Setting next_dagrun for dag_catchup to 2024-01-30T00:00:00+00:00, run_after=2024-01-31T00:00:00+00:00
[2024-03-08T01:49:44.612+0000] {processor.py:179} INFO - Processing /opt/airflow/dags/dag_catchup.py took 1.091 seconds
[2024-03-08T01:49:55.143+0000] {processor.py:157} INFO - Started process (PID=841) to work on /opt/airflow/dags/dag_catchup.py
[2024-03-08T01:49:55.145+0000] {processor.py:829} INFO - Processing file /opt/airflow/dags/dag_catchup.py for tasks to queue
[2024-03-08T01:49:55.147+0000] {logging_mixin.py:154} INFO - [2024-03-08T01:49:55.147+0000] {dagbag.py:536} INFO - Filling up the DagBag from /opt/airflow/dags/dag_catchup.py
[2024-03-08T01:49:55.177+0000] {processor.py:839} INFO - DAG(s) dict_keys(['dag_catchup']) retrieved from /opt/airflow/dags/dag_catchup.py
[2024-03-08T01:49:55.214+0000] {logging_mixin.py:154} INFO - [2024-03-08T01:49:55.214+0000] {dag.py:2941} INFO - Sync 1 DAGs
[2024-03-08T01:49:55.246+0000] {logging_mixin.py:154} INFO - [2024-03-08T01:49:55.245+0000] {dag.py:3722} INFO - Setting next_dagrun for dag_catchup to 2024-02-08T00:00:00+00:00, run_after=2024-02-09T00:00:00+00:00
[2024-03-08T01:49:55.275+0000] {processor.py:179} INFO - Processing /opt/airflow/dags/dag_catchup.py took 0.136 seconds
[2024-03-08T01:50:05.475+0000] {processor.py:157} INFO - Started process (PID=878) to work on /opt/airflow/dags/dag_catchup.py
[2024-03-08T01:50:05.482+0000] {processor.py:829} INFO - Processing file /opt/airflow/dags/dag_catchup.py for tasks to queue
[2024-03-08T01:50:05.484+0000] {logging_mixin.py:154} INFO - [2024-03-08T01:50:05.483+0000] {dagbag.py:536} INFO - Filling up the DagBag from /opt/airflow/dags/dag_catchup.py
[2024-03-08T01:50:05.544+0000] {processor.py:839} INFO - DAG(s) dict_keys(['dag_catchup']) retrieved from /opt/airflow/dags/dag_catchup.py
[2024-03-08T01:50:05.699+0000] {logging_mixin.py:154} INFO - [2024-03-08T01:50:05.699+0000] {dag.py:2941} INFO - Sync 1 DAGs
[2024-03-08T01:50:05.978+0000] {logging_mixin.py:154} INFO - [2024-03-08T01:50:05.977+0000] {dag.py:3722} INFO - Setting next_dagrun for dag_catchup to 2024-02-21T00:00:00+00:00, run_after=2024-02-22T00:00:00+00:00
[2024-03-08T01:50:06.076+0000] {processor.py:179} INFO - Processing /opt/airflow/dags/dag_catchup.py took 0.609 seconds
[2024-03-08T01:50:16.943+0000] {processor.py:157} INFO - Started process (PID=917) to work on /opt/airflow/dags/dag_catchup.py
[2024-03-08T01:50:16.993+0000] {processor.py:829} INFO - Processing file /opt/airflow/dags/dag_catchup.py for tasks to queue
[2024-03-08T01:50:17.042+0000] {logging_mixin.py:154} INFO - [2024-03-08T01:50:17.042+0000] {dagbag.py:536} INFO - Filling up the DagBag from /opt/airflow/dags/dag_catchup.py
[2024-03-08T01:50:17.369+0000] {processor.py:839} INFO - DAG(s) dict_keys(['dag_catchup']) retrieved from /opt/airflow/dags/dag_catchup.py
[2024-03-08T01:50:17.561+0000] {logging_mixin.py:154} INFO - [2024-03-08T01:50:17.561+0000] {dag.py:2941} INFO - Sync 1 DAGs
[2024-03-08T01:50:17.888+0000] {logging_mixin.py:154} INFO - [2024-03-08T01:50:17.841+0000] {dag.py:3722} INFO - Setting next_dagrun for dag_catchup to 2024-03-04T00:00:00+00:00, run_after=2024-03-05T00:00:00+00:00
[2024-03-08T01:50:18.380+0000] {processor.py:179} INFO - Processing /opt/airflow/dags/dag_catchup.py took 1.456 seconds
[2024-03-08T01:50:29.194+0000] {processor.py:157} INFO - Started process (PID=950) to work on /opt/airflow/dags/dag_catchup.py
[2024-03-08T01:50:29.196+0000] {processor.py:829} INFO - Processing file /opt/airflow/dags/dag_catchup.py for tasks to queue
[2024-03-08T01:50:29.198+0000] {logging_mixin.py:154} INFO - [2024-03-08T01:50:29.198+0000] {dagbag.py:536} INFO - Filling up the DagBag from /opt/airflow/dags/dag_catchup.py
[2024-03-08T01:50:29.301+0000] {processor.py:839} INFO - DAG(s) dict_keys(['dag_catchup']) retrieved from /opt/airflow/dags/dag_catchup.py
[2024-03-08T01:50:29.386+0000] {logging_mixin.py:154} INFO - [2024-03-08T01:50:29.385+0000] {dag.py:2941} INFO - Sync 1 DAGs
[2024-03-08T01:50:29.436+0000] {logging_mixin.py:154} INFO - [2024-03-08T01:50:29.436+0000] {dag.py:3722} INFO - Setting next_dagrun for dag_catchup to 2024-03-08T00:00:00+00:00, run_after=2024-03-09T00:00:00+00:00
[2024-03-08T01:50:29.495+0000] {processor.py:179} INFO - Processing /opt/airflow/dags/dag_catchup.py took 0.307 seconds
[2024-03-08T01:50:39.632+0000] {processor.py:157} INFO - Started process (PID=967) to work on /opt/airflow/dags/dag_catchup.py
[2024-03-08T01:50:39.638+0000] {processor.py:829} INFO - Processing file /opt/airflow/dags/dag_catchup.py for tasks to queue
[2024-03-08T01:50:39.641+0000] {logging_mixin.py:154} INFO - [2024-03-08T01:50:39.640+0000] {dagbag.py:536} INFO - Filling up the DagBag from /opt/airflow/dags/dag_catchup.py
[2024-03-08T01:50:39.707+0000] {processor.py:839} INFO - DAG(s) dict_keys(['dag_catchup']) retrieved from /opt/airflow/dags/dag_catchup.py
[2024-03-08T01:50:39.775+0000] {logging_mixin.py:154} INFO - [2024-03-08T01:50:39.774+0000] {dag.py:2941} INFO - Sync 1 DAGs
[2024-03-08T01:50:39.814+0000] {logging_mixin.py:154} INFO - [2024-03-08T01:50:39.813+0000] {dag.py:3722} INFO - Setting next_dagrun for dag_catchup to 2024-03-08T00:00:00+00:00, run_after=2024-03-09T00:00:00+00:00
[2024-03-08T01:50:39.843+0000] {processor.py:179} INFO - Processing /opt/airflow/dags/dag_catchup.py took 0.219 seconds
[2024-03-08T01:50:50.026+0000] {processor.py:157} INFO - Started process (PID=984) to work on /opt/airflow/dags/dag_catchup.py
[2024-03-08T01:50:50.028+0000] {processor.py:829} INFO - Processing file /opt/airflow/dags/dag_catchup.py for tasks to queue
[2024-03-08T01:50:50.030+0000] {logging_mixin.py:154} INFO - [2024-03-08T01:50:50.029+0000] {dagbag.py:536} INFO - Filling up the DagBag from /opt/airflow/dags/dag_catchup.py
[2024-03-08T01:50:50.058+0000] {processor.py:839} INFO - DAG(s) dict_keys(['dag_catchup']) retrieved from /opt/airflow/dags/dag_catchup.py
[2024-03-08T01:50:50.098+0000] {logging_mixin.py:154} INFO - [2024-03-08T01:50:50.098+0000] {dag.py:2941} INFO - Sync 1 DAGs
[2024-03-08T01:50:50.141+0000] {logging_mixin.py:154} INFO - [2024-03-08T01:50:50.141+0000] {dag.py:3722} INFO - Setting next_dagrun for dag_catchup to 2024-03-08T00:00:00+00:00, run_after=2024-03-09T00:00:00+00:00
[2024-03-08T01:50:50.181+0000] {processor.py:179} INFO - Processing /opt/airflow/dags/dag_catchup.py took 0.160 seconds
[2024-03-08T01:51:00.590+0000] {processor.py:157} INFO - Started process (PID=999) to work on /opt/airflow/dags/dag_catchup.py
[2024-03-08T01:51:00.595+0000] {processor.py:829} INFO - Processing file /opt/airflow/dags/dag_catchup.py for tasks to queue
[2024-03-08T01:51:00.597+0000] {logging_mixin.py:154} INFO - [2024-03-08T01:51:00.597+0000] {dagbag.py:536} INFO - Filling up the DagBag from /opt/airflow/dags/dag_catchup.py
[2024-03-08T01:51:00.663+0000] {processor.py:839} INFO - DAG(s) dict_keys(['dag_catchup']) retrieved from /opt/airflow/dags/dag_catchup.py
[2024-03-08T01:51:00.718+0000] {logging_mixin.py:154} INFO - [2024-03-08T01:51:00.717+0000] {dag.py:2941} INFO - Sync 1 DAGs
[2024-03-08T01:51:00.767+0000] {logging_mixin.py:154} INFO - [2024-03-08T01:51:00.767+0000] {dag.py:3722} INFO - Setting next_dagrun for dag_catchup to 2024-03-08T00:00:00+00:00, run_after=2024-03-09T00:00:00+00:00
[2024-03-08T01:51:00.790+0000] {processor.py:179} INFO - Processing /opt/airflow/dags/dag_catchup.py took 0.211 seconds
[2024-03-08T01:51:11.682+0000] {processor.py:157} INFO - Started process (PID=1018) to work on /opt/airflow/dags/dag_catchup.py
[2024-03-08T01:51:11.684+0000] {processor.py:829} INFO - Processing file /opt/airflow/dags/dag_catchup.py for tasks to queue
[2024-03-08T01:51:11.686+0000] {logging_mixin.py:154} INFO - [2024-03-08T01:51:11.685+0000] {dagbag.py:536} INFO - Filling up the DagBag from /opt/airflow/dags/dag_catchup.py
[2024-03-08T01:51:11.714+0000] {processor.py:839} INFO - DAG(s) dict_keys(['dag_catchup']) retrieved from /opt/airflow/dags/dag_catchup.py
[2024-03-08T01:51:11.750+0000] {logging_mixin.py:154} INFO - [2024-03-08T01:51:11.750+0000] {dag.py:2941} INFO - Sync 1 DAGs
[2024-03-08T01:51:11.784+0000] {logging_mixin.py:154} INFO - [2024-03-08T01:51:11.784+0000] {dag.py:3722} INFO - Setting next_dagrun for dag_catchup to 2024-03-08T00:00:00+00:00, run_after=2024-03-09T00:00:00+00:00
[2024-03-08T01:51:11.811+0000] {processor.py:179} INFO - Processing /opt/airflow/dags/dag_catchup.py took 0.134 seconds
[2024-03-08T01:51:22.606+0000] {processor.py:157} INFO - Started process (PID=1033) to work on /opt/airflow/dags/dag_catchup.py
[2024-03-08T01:51:22.609+0000] {processor.py:829} INFO - Processing file /opt/airflow/dags/dag_catchup.py for tasks to queue
[2024-03-08T01:51:22.611+0000] {logging_mixin.py:154} INFO - [2024-03-08T01:51:22.610+0000] {dagbag.py:536} INFO - Filling up the DagBag from /opt/airflow/dags/dag_catchup.py
[2024-03-08T01:51:22.637+0000] {processor.py:839} INFO - DAG(s) dict_keys(['dag_catchup']) retrieved from /opt/airflow/dags/dag_catchup.py
[2024-03-08T01:51:22.671+0000] {logging_mixin.py:154} INFO - [2024-03-08T01:51:22.671+0000] {dag.py:2941} INFO - Sync 1 DAGs
[2024-03-08T01:51:22.699+0000] {logging_mixin.py:154} INFO - [2024-03-08T01:51:22.699+0000] {dag.py:3722} INFO - Setting next_dagrun for dag_catchup to 2024-03-08T00:00:00+00:00, run_after=2024-03-09T00:00:00+00:00
[2024-03-08T01:51:22.723+0000] {processor.py:179} INFO - Processing /opt/airflow/dags/dag_catchup.py took 0.122 seconds
[2024-03-08T01:51:33.685+0000] {processor.py:157} INFO - Started process (PID=1052) to work on /opt/airflow/dags/dag_catchup.py
[2024-03-08T01:51:33.687+0000] {processor.py:829} INFO - Processing file /opt/airflow/dags/dag_catchup.py for tasks to queue
[2024-03-08T01:51:33.689+0000] {logging_mixin.py:154} INFO - [2024-03-08T01:51:33.689+0000] {dagbag.py:536} INFO - Filling up the DagBag from /opt/airflow/dags/dag_catchup.py
[2024-03-08T01:51:33.717+0000] {processor.py:839} INFO - DAG(s) dict_keys(['dag_catchup']) retrieved from /opt/airflow/dags/dag_catchup.py
[2024-03-08T01:51:33.755+0000] {logging_mixin.py:154} INFO - [2024-03-08T01:51:33.754+0000] {dag.py:2941} INFO - Sync 1 DAGs
[2024-03-08T01:51:33.788+0000] {logging_mixin.py:154} INFO - [2024-03-08T01:51:33.788+0000] {dag.py:3722} INFO - Setting next_dagrun for dag_catchup to 2024-03-08T00:00:00+00:00, run_after=2024-03-09T00:00:00+00:00
[2024-03-08T01:51:33.814+0000] {processor.py:179} INFO - Processing /opt/airflow/dags/dag_catchup.py took 0.133 seconds
[2024-03-08T01:51:44.949+0000] {processor.py:157} INFO - Started process (PID=1069) to work on /opt/airflow/dags/dag_catchup.py
[2024-03-08T01:51:44.952+0000] {processor.py:829} INFO - Processing file /opt/airflow/dags/dag_catchup.py for tasks to queue
[2024-03-08T01:51:44.954+0000] {logging_mixin.py:154} INFO - [2024-03-08T01:51:44.954+0000] {dagbag.py:536} INFO - Filling up the DagBag from /opt/airflow/dags/dag_catchup.py
[2024-03-08T01:51:44.986+0000] {processor.py:839} INFO - DAG(s) dict_keys(['dag_catchup']) retrieved from /opt/airflow/dags/dag_catchup.py
[2024-03-08T01:51:45.027+0000] {logging_mixin.py:154} INFO - [2024-03-08T01:51:45.027+0000] {dag.py:2941} INFO - Sync 1 DAGs
[2024-03-08T01:51:45.061+0000] {logging_mixin.py:154} INFO - [2024-03-08T01:51:45.061+0000] {dag.py:3722} INFO - Setting next_dagrun for dag_catchup to 2024-03-08T00:00:00+00:00, run_after=2024-03-09T00:00:00+00:00
[2024-03-08T01:51:45.093+0000] {processor.py:179} INFO - Processing /opt/airflow/dags/dag_catchup.py took 0.148 seconds
[2024-03-08T01:51:56.012+0000] {processor.py:157} INFO - Started process (PID=1086) to work on /opt/airflow/dags/dag_catchup.py
[2024-03-08T01:51:56.014+0000] {processor.py:829} INFO - Processing file /opt/airflow/dags/dag_catchup.py for tasks to queue
[2024-03-08T01:51:56.016+0000] {logging_mixin.py:154} INFO - [2024-03-08T01:51:56.015+0000] {dagbag.py:536} INFO - Filling up the DagBag from /opt/airflow/dags/dag_catchup.py
[2024-03-08T01:51:56.043+0000] {processor.py:839} INFO - DAG(s) dict_keys(['dag_catchup']) retrieved from /opt/airflow/dags/dag_catchup.py
[2024-03-08T01:51:56.080+0000] {logging_mixin.py:154} INFO - [2024-03-08T01:51:56.080+0000] {dag.py:2941} INFO - Sync 1 DAGs
[2024-03-08T01:51:56.109+0000] {logging_mixin.py:154} INFO - [2024-03-08T01:51:56.109+0000] {dag.py:3722} INFO - Setting next_dagrun for dag_catchup to 2024-03-08T00:00:00+00:00, run_after=2024-03-09T00:00:00+00:00
[2024-03-08T01:51:56.135+0000] {processor.py:179} INFO - Processing /opt/airflow/dags/dag_catchup.py took 0.127 seconds
[2024-03-08T01:52:07.036+0000] {processor.py:157} INFO - Started process (PID=1103) to work on /opt/airflow/dags/dag_catchup.py
[2024-03-08T01:52:07.038+0000] {processor.py:829} INFO - Processing file /opt/airflow/dags/dag_catchup.py for tasks to queue
[2024-03-08T01:52:07.042+0000] {logging_mixin.py:154} INFO - [2024-03-08T01:52:07.041+0000] {dagbag.py:536} INFO - Filling up the DagBag from /opt/airflow/dags/dag_catchup.py
[2024-03-08T01:52:07.118+0000] {processor.py:839} INFO - DAG(s) dict_keys(['dag_catchup']) retrieved from /opt/airflow/dags/dag_catchup.py
[2024-03-08T01:52:07.269+0000] {logging_mixin.py:154} INFO - [2024-03-08T01:52:07.269+0000] {dag.py:2941} INFO - Sync 1 DAGs
[2024-03-08T01:52:07.340+0000] {logging_mixin.py:154} INFO - [2024-03-08T01:52:07.340+0000] {dag.py:3722} INFO - Setting next_dagrun for dag_catchup to 2024-03-08T00:00:00+00:00, run_after=2024-03-09T00:00:00+00:00
[2024-03-08T01:52:07.368+0000] {processor.py:179} INFO - Processing /opt/airflow/dags/dag_catchup.py took 0.338 seconds
[2024-03-08T01:52:18.881+0000] {processor.py:157} INFO - Started process (PID=1120) to work on /opt/airflow/dags/dag_catchup.py
[2024-03-08T01:52:18.884+0000] {processor.py:829} INFO - Processing file /opt/airflow/dags/dag_catchup.py for tasks to queue
[2024-03-08T01:52:18.886+0000] {logging_mixin.py:154} INFO - [2024-03-08T01:52:18.886+0000] {dagbag.py:536} INFO - Filling up the DagBag from /opt/airflow/dags/dag_catchup.py
[2024-03-08T01:52:18.964+0000] {processor.py:839} INFO - DAG(s) dict_keys(['dag_catchup']) retrieved from /opt/airflow/dags/dag_catchup.py
[2024-03-08T01:52:19.050+0000] {logging_mixin.py:154} INFO - [2024-03-08T01:52:19.050+0000] {dag.py:2941} INFO - Sync 1 DAGs
[2024-03-08T01:52:19.105+0000] {logging_mixin.py:154} INFO - [2024-03-08T01:52:19.105+0000] {dag.py:3722} INFO - Setting next_dagrun for dag_catchup to 2024-03-08T00:00:00+00:00, run_after=2024-03-09T00:00:00+00:00
[2024-03-08T01:52:19.132+0000] {processor.py:179} INFO - Processing /opt/airflow/dags/dag_catchup.py took 0.257 seconds
[2024-03-08T01:52:30.583+0000] {processor.py:157} INFO - Started process (PID=1135) to work on /opt/airflow/dags/dag_catchup.py
[2024-03-08T01:52:30.597+0000] {processor.py:829} INFO - Processing file /opt/airflow/dags/dag_catchup.py for tasks to queue
[2024-03-08T01:52:30.600+0000] {logging_mixin.py:154} INFO - [2024-03-08T01:52:30.600+0000] {dagbag.py:536} INFO - Filling up the DagBag from /opt/airflow/dags/dag_catchup.py
[2024-03-08T01:52:30.661+0000] {processor.py:839} INFO - DAG(s) dict_keys(['dag_catchup']) retrieved from /opt/airflow/dags/dag_catchup.py
[2024-03-08T01:52:30.726+0000] {logging_mixin.py:154} INFO - [2024-03-08T01:52:30.726+0000] {dag.py:2941} INFO - Sync 1 DAGs
[2024-03-08T01:52:30.809+0000] {logging_mixin.py:154} INFO - [2024-03-08T01:52:30.808+0000] {dag.py:3722} INFO - Setting next_dagrun for dag_catchup to 2024-03-08T00:00:00+00:00, run_after=2024-03-09T00:00:00+00:00
[2024-03-08T01:52:30.849+0000] {processor.py:179} INFO - Processing /opt/airflow/dags/dag_catchup.py took 0.272 seconds
[2024-03-08T01:52:41.653+0000] {processor.py:157} INFO - Started process (PID=1154) to work on /opt/airflow/dags/dag_catchup.py
[2024-03-08T01:52:41.656+0000] {processor.py:829} INFO - Processing file /opt/airflow/dags/dag_catchup.py for tasks to queue
[2024-03-08T01:52:41.658+0000] {logging_mixin.py:154} INFO - [2024-03-08T01:52:41.658+0000] {dagbag.py:536} INFO - Filling up the DagBag from /opt/airflow/dags/dag_catchup.py
[2024-03-08T01:52:41.685+0000] {processor.py:839} INFO - DAG(s) dict_keys(['dag_catchup']) retrieved from /opt/airflow/dags/dag_catchup.py
[2024-03-08T01:52:41.735+0000] {logging_mixin.py:154} INFO - [2024-03-08T01:52:41.735+0000] {dag.py:2941} INFO - Sync 1 DAGs
[2024-03-08T01:52:41.780+0000] {logging_mixin.py:154} INFO - [2024-03-08T01:52:41.780+0000] {dag.py:3722} INFO - Setting next_dagrun for dag_catchup to 2024-03-08T00:00:00+00:00, run_after=2024-03-09T00:00:00+00:00
[2024-03-08T01:52:41.805+0000] {processor.py:179} INFO - Processing /opt/airflow/dags/dag_catchup.py took 0.157 seconds
[2024-03-08T01:52:52.649+0000] {processor.py:157} INFO - Started process (PID=1171) to work on /opt/airflow/dags/dag_catchup.py
[2024-03-08T01:52:52.650+0000] {processor.py:829} INFO - Processing file /opt/airflow/dags/dag_catchup.py for tasks to queue
[2024-03-08T01:52:52.652+0000] {logging_mixin.py:154} INFO - [2024-03-08T01:52:52.652+0000] {dagbag.py:536} INFO - Filling up the DagBag from /opt/airflow/dags/dag_catchup.py
[2024-03-08T01:52:52.680+0000] {processor.py:839} INFO - DAG(s) dict_keys(['dag_catchup']) retrieved from /opt/airflow/dags/dag_catchup.py
[2024-03-08T01:52:52.716+0000] {logging_mixin.py:154} INFO - [2024-03-08T01:52:52.716+0000] {dag.py:2941} INFO - Sync 1 DAGs
[2024-03-08T01:52:52.747+0000] {logging_mixin.py:154} INFO - [2024-03-08T01:52:52.747+0000] {dag.py:3722} INFO - Setting next_dagrun for dag_catchup to 2024-03-08T00:00:00+00:00, run_after=2024-03-09T00:00:00+00:00
[2024-03-08T01:52:52.770+0000] {processor.py:179} INFO - Processing /opt/airflow/dags/dag_catchup.py took 0.127 seconds
[2024-03-08T01:53:01.736+0000] {processor.py:157} INFO - Started process (PID=1176) to work on /opt/airflow/dags/dag_catchup.py
[2024-03-08T01:53:01.738+0000] {processor.py:829} INFO - Processing file /opt/airflow/dags/dag_catchup.py for tasks to queue
[2024-03-08T01:53:01.740+0000] {logging_mixin.py:154} INFO - [2024-03-08T01:53:01.739+0000] {dagbag.py:536} INFO - Filling up the DagBag from /opt/airflow/dags/dag_catchup.py
[2024-03-08T01:53:01.808+0000] {processor.py:839} INFO - DAG(s) dict_keys(['dag_catchup']) retrieved from /opt/airflow/dags/dag_catchup.py
[2024-03-08T01:53:02.039+0000] {logging_mixin.py:154} INFO - [2024-03-08T01:53:02.039+0000] {dag.py:2941} INFO - Sync 1 DAGs
[2024-03-08T01:53:02.065+0000] {logging_mixin.py:154} INFO - [2024-03-08T01:53:02.065+0000] {dag.py:3722} INFO - Setting next_dagrun for dag_catchup to 2024-03-01T00:00:00+00:00, run_after=2024-04-01T00:00:00+00:00
[2024-03-08T01:53:02.095+0000] {processor.py:179} INFO - Processing /opt/airflow/dags/dag_catchup.py took 0.364 seconds
[2024-03-08T01:53:12.989+0000] {processor.py:157} INFO - Started process (PID=1193) to work on /opt/airflow/dags/dag_catchup.py
[2024-03-08T01:53:12.991+0000] {processor.py:829} INFO - Processing file /opt/airflow/dags/dag_catchup.py for tasks to queue
[2024-03-08T01:53:12.993+0000] {logging_mixin.py:154} INFO - [2024-03-08T01:53:12.993+0000] {dagbag.py:536} INFO - Filling up the DagBag from /opt/airflow/dags/dag_catchup.py
[2024-03-08T01:53:13.038+0000] {processor.py:839} INFO - DAG(s) dict_keys(['dag_catchup']) retrieved from /opt/airflow/dags/dag_catchup.py
[2024-03-08T01:53:13.065+0000] {logging_mixin.py:154} INFO - [2024-03-08T01:53:13.064+0000] {dag.py:2941} INFO - Sync 1 DAGs
[2024-03-08T01:53:13.109+0000] {logging_mixin.py:154} INFO - [2024-03-08T01:53:13.109+0000] {dag.py:3722} INFO - Setting next_dagrun for dag_catchup to 2024-03-01T00:00:00+00:00, run_after=2024-04-01T00:00:00+00:00
[2024-03-08T01:53:13.146+0000] {processor.py:179} INFO - Processing /opt/airflow/dags/dag_catchup.py took 0.163 seconds
[2024-03-08T01:53:16.105+0000] {processor.py:157} INFO - Started process (PID=1210) to work on /opt/airflow/dags/dag_catchup.py
[2024-03-08T01:53:16.107+0000] {processor.py:829} INFO - Processing file /opt/airflow/dags/dag_catchup.py for tasks to queue
[2024-03-08T01:53:16.109+0000] {logging_mixin.py:154} INFO - [2024-03-08T01:53:16.108+0000] {dagbag.py:536} INFO - Filling up the DagBag from /opt/airflow/dags/dag_catchup.py
[2024-03-08T01:53:16.161+0000] {processor.py:839} INFO - DAG(s) dict_keys(['dag_catchup']) retrieved from /opt/airflow/dags/dag_catchup.py
[2024-03-08T01:53:16.182+0000] {logging_mixin.py:154} INFO - [2024-03-08T01:53:16.182+0000] {dag.py:2941} INFO - Sync 1 DAGs
[2024-03-08T01:53:16.270+0000] {logging_mixin.py:154} INFO - [2024-03-08T01:53:16.270+0000] {dag.py:3722} INFO - Setting next_dagrun for dag_catchup to 2024-03-08T00:00:00+00:00, run_after=2024-03-09T00:00:00+00:00
[2024-03-08T01:53:16.329+0000] {processor.py:179} INFO - Processing /opt/airflow/dags/dag_catchup.py took 0.228 seconds
[2024-03-08T01:53:27.277+0000] {processor.py:157} INFO - Started process (PID=1227) to work on /opt/airflow/dags/dag_catchup.py
[2024-03-08T01:53:27.280+0000] {processor.py:829} INFO - Processing file /opt/airflow/dags/dag_catchup.py for tasks to queue
[2024-03-08T01:53:27.282+0000] {logging_mixin.py:154} INFO - [2024-03-08T01:53:27.281+0000] {dagbag.py:536} INFO - Filling up the DagBag from /opt/airflow/dags/dag_catchup.py
[2024-03-08T01:53:27.329+0000] {processor.py:839} INFO - DAG(s) dict_keys(['dag_catchup']) retrieved from /opt/airflow/dags/dag_catchup.py
[2024-03-08T01:53:27.365+0000] {logging_mixin.py:154} INFO - [2024-03-08T01:53:27.365+0000] {dag.py:2941} INFO - Sync 1 DAGs
[2024-03-08T01:53:27.441+0000] {logging_mixin.py:154} INFO - [2024-03-08T01:53:27.441+0000] {dag.py:3722} INFO - Setting next_dagrun for dag_catchup to 2024-03-08T00:00:00+00:00, run_after=2024-03-09T00:00:00+00:00
[2024-03-08T01:53:27.487+0000] {processor.py:179} INFO - Processing /opt/airflow/dags/dag_catchup.py took 0.224 seconds
[2024-03-08T01:53:38.488+0000] {processor.py:157} INFO - Started process (PID=1244) to work on /opt/airflow/dags/dag_catchup.py
[2024-03-08T01:53:38.490+0000] {processor.py:829} INFO - Processing file /opt/airflow/dags/dag_catchup.py for tasks to queue
[2024-03-08T01:53:38.493+0000] {logging_mixin.py:154} INFO - [2024-03-08T01:53:38.493+0000] {dagbag.py:536} INFO - Filling up the DagBag from /opt/airflow/dags/dag_catchup.py
[2024-03-08T01:53:38.531+0000] {processor.py:839} INFO - DAG(s) dict_keys(['dag_catchup']) retrieved from /opt/airflow/dags/dag_catchup.py
[2024-03-08T01:53:38.874+0000] {logging_mixin.py:154} INFO - [2024-03-08T01:53:38.874+0000] {dag.py:2941} INFO - Sync 1 DAGs
[2024-03-08T01:53:38.989+0000] {logging_mixin.py:154} INFO - [2024-03-08T01:53:38.988+0000] {dag.py:3722} INFO - Setting next_dagrun for dag_catchup to 2024-03-08T00:00:00+00:00, run_after=2024-03-09T00:00:00+00:00
[2024-03-08T01:53:39.066+0000] {processor.py:179} INFO - Processing /opt/airflow/dags/dag_catchup.py took 0.583 seconds
[2024-03-08T01:53:50.041+0000] {processor.py:157} INFO - Started process (PID=1261) to work on /opt/airflow/dags/dag_catchup.py
[2024-03-08T01:53:50.045+0000] {processor.py:829} INFO - Processing file /opt/airflow/dags/dag_catchup.py for tasks to queue
[2024-03-08T01:53:50.048+0000] {logging_mixin.py:154} INFO - [2024-03-08T01:53:50.047+0000] {dagbag.py:536} INFO - Filling up the DagBag from /opt/airflow/dags/dag_catchup.py
[2024-03-08T01:53:50.097+0000] {processor.py:839} INFO - DAG(s) dict_keys(['dag_catchup']) retrieved from /opt/airflow/dags/dag_catchup.py
[2024-03-08T01:53:50.138+0000] {logging_mixin.py:154} INFO - [2024-03-08T01:53:50.137+0000] {dag.py:2941} INFO - Sync 1 DAGs
[2024-03-08T01:53:50.247+0000] {logging_mixin.py:154} INFO - [2024-03-08T01:53:50.246+0000] {dag.py:3722} INFO - Setting next_dagrun for dag_catchup to 2024-03-08T00:00:00+00:00, run_after=2024-03-09T00:00:00+00:00
[2024-03-08T01:53:50.311+0000] {processor.py:179} INFO - Processing /opt/airflow/dags/dag_catchup.py took 0.275 seconds
[2024-03-08T01:54:01.168+0000] {processor.py:157} INFO - Started process (PID=1278) to work on /opt/airflow/dags/dag_catchup.py
[2024-03-08T01:54:01.171+0000] {processor.py:829} INFO - Processing file /opt/airflow/dags/dag_catchup.py for tasks to queue
[2024-03-08T01:54:01.174+0000] {logging_mixin.py:154} INFO - [2024-03-08T01:54:01.173+0000] {dagbag.py:536} INFO - Filling up the DagBag from /opt/airflow/dags/dag_catchup.py
[2024-03-08T01:54:01.211+0000] {processor.py:839} INFO - DAG(s) dict_keys(['dag_catchup']) retrieved from /opt/airflow/dags/dag_catchup.py
[2024-03-08T01:54:01.231+0000] {logging_mixin.py:154} INFO - [2024-03-08T01:54:01.230+0000] {dag.py:2941} INFO - Sync 1 DAGs
[2024-03-08T01:54:01.263+0000] {logging_mixin.py:154} INFO - [2024-03-08T01:54:01.263+0000] {dag.py:3722} INFO - Setting next_dagrun for dag_catchup to 2024-03-08T00:00:00+00:00, run_after=2024-03-09T00:00:00+00:00
[2024-03-08T01:54:01.287+0000] {processor.py:179} INFO - Processing /opt/airflow/dags/dag_catchup.py took 0.124 seconds
[2024-03-08T01:54:12.151+0000] {processor.py:157} INFO - Started process (PID=1295) to work on /opt/airflow/dags/dag_catchup.py
[2024-03-08T01:54:12.153+0000] {processor.py:829} INFO - Processing file /opt/airflow/dags/dag_catchup.py for tasks to queue
[2024-03-08T01:54:12.155+0000] {logging_mixin.py:154} INFO - [2024-03-08T01:54:12.154+0000] {dagbag.py:536} INFO - Filling up the DagBag from /opt/airflow/dags/dag_catchup.py
[2024-03-08T01:54:12.183+0000] {processor.py:839} INFO - DAG(s) dict_keys(['dag_catchup']) retrieved from /opt/airflow/dags/dag_catchup.py
[2024-03-08T01:54:12.220+0000] {logging_mixin.py:154} INFO - [2024-03-08T01:54:12.220+0000] {dag.py:2941} INFO - Sync 1 DAGs
[2024-03-08T01:54:12.248+0000] {logging_mixin.py:154} INFO - [2024-03-08T01:54:12.248+0000] {dag.py:3722} INFO - Setting next_dagrun for dag_catchup to 2024-03-08T00:00:00+00:00, run_after=2024-03-09T00:00:00+00:00
[2024-03-08T01:54:12.271+0000] {processor.py:179} INFO - Processing /opt/airflow/dags/dag_catchup.py took 0.124 seconds
[2024-03-08T01:54:22.336+0000] {processor.py:157} INFO - Started process (PID=1312) to work on /opt/airflow/dags/dag_catchup.py
[2024-03-08T01:54:22.338+0000] {processor.py:829} INFO - Processing file /opt/airflow/dags/dag_catchup.py for tasks to queue
[2024-03-08T01:54:22.341+0000] {logging_mixin.py:154} INFO - [2024-03-08T01:54:22.340+0000] {dagbag.py:536} INFO - Filling up the DagBag from /opt/airflow/dags/dag_catchup.py
[2024-03-08T01:54:22.380+0000] {processor.py:839} INFO - DAG(s) dict_keys(['dag_catchup']) retrieved from /opt/airflow/dags/dag_catchup.py
[2024-03-08T01:54:22.422+0000] {logging_mixin.py:154} INFO - [2024-03-08T01:54:22.422+0000] {dag.py:2941} INFO - Sync 1 DAGs
[2024-03-08T01:54:22.456+0000] {logging_mixin.py:154} INFO - [2024-03-08T01:54:22.456+0000] {dag.py:3722} INFO - Setting next_dagrun for dag_catchup to 2024-03-08T00:00:00+00:00, run_after=2024-03-09T00:00:00+00:00
[2024-03-08T01:54:22.480+0000] {processor.py:179} INFO - Processing /opt/airflow/dags/dag_catchup.py took 0.149 seconds
[2024-03-08T01:54:33.628+0000] {processor.py:157} INFO - Started process (PID=1329) to work on /opt/airflow/dags/dag_catchup.py
[2024-03-08T01:54:33.630+0000] {processor.py:829} INFO - Processing file /opt/airflow/dags/dag_catchup.py for tasks to queue
[2024-03-08T01:54:33.633+0000] {logging_mixin.py:154} INFO - [2024-03-08T01:54:33.632+0000] {dagbag.py:536} INFO - Filling up the DagBag from /opt/airflow/dags/dag_catchup.py
[2024-03-08T01:54:33.681+0000] {processor.py:839} INFO - DAG(s) dict_keys(['dag_catchup']) retrieved from /opt/airflow/dags/dag_catchup.py
[2024-03-08T01:54:33.738+0000] {logging_mixin.py:154} INFO - [2024-03-08T01:54:33.737+0000] {dag.py:2941} INFO - Sync 1 DAGs
[2024-03-08T01:54:33.784+0000] {logging_mixin.py:154} INFO - [2024-03-08T01:54:33.783+0000] {dag.py:3722} INFO - Setting next_dagrun for dag_catchup to 2024-03-08T00:00:00+00:00, run_after=2024-03-09T00:00:00+00:00
[2024-03-08T01:54:33.818+0000] {processor.py:179} INFO - Processing /opt/airflow/dags/dag_catchup.py took 0.197 seconds
[2024-03-08T01:54:44.773+0000] {processor.py:157} INFO - Started process (PID=1346) to work on /opt/airflow/dags/dag_catchup.py
[2024-03-08T01:54:44.776+0000] {processor.py:829} INFO - Processing file /opt/airflow/dags/dag_catchup.py for tasks to queue
[2024-03-08T01:54:44.777+0000] {logging_mixin.py:154} INFO - [2024-03-08T01:54:44.777+0000] {dagbag.py:536} INFO - Filling up the DagBag from /opt/airflow/dags/dag_catchup.py
[2024-03-08T01:54:44.810+0000] {processor.py:839} INFO - DAG(s) dict_keys(['dag_catchup']) retrieved from /opt/airflow/dags/dag_catchup.py
[2024-03-08T01:54:44.857+0000] {logging_mixin.py:154} INFO - [2024-03-08T01:54:44.857+0000] {dag.py:2941} INFO - Sync 1 DAGs
[2024-03-08T01:54:44.912+0000] {logging_mixin.py:154} INFO - [2024-03-08T01:54:44.911+0000] {dag.py:3722} INFO - Setting next_dagrun for dag_catchup to 2024-03-08T00:00:00+00:00, run_after=2024-03-09T00:00:00+00:00
[2024-03-08T01:54:44.947+0000] {processor.py:179} INFO - Processing /opt/airflow/dags/dag_catchup.py took 0.178 seconds
[2024-03-08T01:54:56.062+0000] {processor.py:157} INFO - Started process (PID=1363) to work on /opt/airflow/dags/dag_catchup.py
[2024-03-08T01:54:56.064+0000] {processor.py:829} INFO - Processing file /opt/airflow/dags/dag_catchup.py for tasks to queue
[2024-03-08T01:54:56.067+0000] {logging_mixin.py:154} INFO - [2024-03-08T01:54:56.066+0000] {dagbag.py:536} INFO - Filling up the DagBag from /opt/airflow/dags/dag_catchup.py
[2024-03-08T01:54:56.115+0000] {processor.py:839} INFO - DAG(s) dict_keys(['dag_catchup']) retrieved from /opt/airflow/dags/dag_catchup.py
[2024-03-08T01:54:56.160+0000] {logging_mixin.py:154} INFO - [2024-03-08T01:54:56.159+0000] {dag.py:2941} INFO - Sync 1 DAGs
[2024-03-08T01:54:56.206+0000] {logging_mixin.py:154} INFO - [2024-03-08T01:54:56.206+0000] {dag.py:3722} INFO - Setting next_dagrun for dag_catchup to 2024-03-08T00:00:00+00:00, run_after=2024-03-09T00:00:00+00:00
[2024-03-08T01:54:56.238+0000] {processor.py:179} INFO - Processing /opt/airflow/dags/dag_catchup.py took 0.181 seconds
[2024-03-08T01:55:07.494+0000] {processor.py:157} INFO - Started process (PID=1380) to work on /opt/airflow/dags/dag_catchup.py
[2024-03-08T01:55:07.498+0000] {processor.py:829} INFO - Processing file /opt/airflow/dags/dag_catchup.py for tasks to queue
[2024-03-08T01:55:07.500+0000] {logging_mixin.py:154} INFO - [2024-03-08T01:55:07.500+0000] {dagbag.py:536} INFO - Filling up the DagBag from /opt/airflow/dags/dag_catchup.py
[2024-03-08T01:55:07.542+0000] {processor.py:839} INFO - DAG(s) dict_keys(['dag_catchup']) retrieved from /opt/airflow/dags/dag_catchup.py
[2024-03-08T01:55:07.592+0000] {logging_mixin.py:154} INFO - [2024-03-08T01:55:07.591+0000] {dag.py:2941} INFO - Sync 1 DAGs
[2024-03-08T01:55:07.638+0000] {logging_mixin.py:154} INFO - [2024-03-08T01:55:07.637+0000] {dag.py:3722} INFO - Setting next_dagrun for dag_catchup to 2024-03-08T00:00:00+00:00, run_after=2024-03-09T00:00:00+00:00
[2024-03-08T01:55:07.663+0000] {processor.py:179} INFO - Processing /opt/airflow/dags/dag_catchup.py took 0.176 seconds
[2024-03-08T01:55:17.810+0000] {processor.py:157} INFO - Started process (PID=1395) to work on /opt/airflow/dags/dag_catchup.py
[2024-03-08T01:55:17.812+0000] {processor.py:829} INFO - Processing file /opt/airflow/dags/dag_catchup.py for tasks to queue
[2024-03-08T01:55:17.815+0000] {logging_mixin.py:154} INFO - [2024-03-08T01:55:17.814+0000] {dagbag.py:536} INFO - Filling up the DagBag from /opt/airflow/dags/dag_catchup.py
[2024-03-08T01:55:17.868+0000] {processor.py:839} INFO - DAG(s) dict_keys(['dag_catchup']) retrieved from /opt/airflow/dags/dag_catchup.py
[2024-03-08T01:55:17.950+0000] {logging_mixin.py:154} INFO - [2024-03-08T01:55:17.949+0000] {dag.py:2941} INFO - Sync 1 DAGs
[2024-03-08T01:55:17.993+0000] {logging_mixin.py:154} INFO - [2024-03-08T01:55:17.992+0000] {dag.py:3722} INFO - Setting next_dagrun for dag_catchup to 2024-03-08T00:00:00+00:00, run_after=2024-03-09T00:00:00+00:00
[2024-03-08T01:55:18.030+0000] {processor.py:179} INFO - Processing /opt/airflow/dags/dag_catchup.py took 0.229 seconds
[2024-03-08T01:55:28.149+0000] {processor.py:157} INFO - Started process (PID=1408) to work on /opt/airflow/dags/dag_catchup.py
[2024-03-08T01:55:28.153+0000] {processor.py:829} INFO - Processing file /opt/airflow/dags/dag_catchup.py for tasks to queue
[2024-03-08T01:55:28.157+0000] {logging_mixin.py:154} INFO - [2024-03-08T01:55:28.156+0000] {dagbag.py:536} INFO - Filling up the DagBag from /opt/airflow/dags/dag_catchup.py
[2024-03-08T01:55:28.247+0000] {processor.py:839} INFO - DAG(s) dict_keys(['dag_catchup']) retrieved from /opt/airflow/dags/dag_catchup.py
[2024-03-08T01:55:28.397+0000] {logging_mixin.py:154} INFO - [2024-03-08T01:55:28.396+0000] {dag.py:2941} INFO - Sync 1 DAGs
[2024-03-08T01:55:28.502+0000] {logging_mixin.py:154} INFO - [2024-03-08T01:55:28.502+0000] {dag.py:3722} INFO - Setting next_dagrun for dag_catchup to 2024-03-08T00:00:00+00:00, run_after=2024-03-09T00:00:00+00:00
[2024-03-08T01:55:28.592+0000] {processor.py:179} INFO - Processing /opt/airflow/dags/dag_catchup.py took 0.450 seconds
[2024-03-08T01:55:38.700+0000] {processor.py:157} INFO - Started process (PID=1425) to work on /opt/airflow/dags/dag_catchup.py
[2024-03-08T01:55:38.702+0000] {processor.py:829} INFO - Processing file /opt/airflow/dags/dag_catchup.py for tasks to queue
[2024-03-08T01:55:38.704+0000] {logging_mixin.py:154} INFO - [2024-03-08T01:55:38.704+0000] {dagbag.py:536} INFO - Filling up the DagBag from /opt/airflow/dags/dag_catchup.py
[2024-03-08T01:55:38.739+0000] {processor.py:839} INFO - DAG(s) dict_keys(['dag_catchup']) retrieved from /opt/airflow/dags/dag_catchup.py
[2024-03-08T01:55:38.785+0000] {logging_mixin.py:154} INFO - [2024-03-08T01:55:38.785+0000] {dag.py:2941} INFO - Sync 1 DAGs
[2024-03-08T01:55:38.821+0000] {logging_mixin.py:154} INFO - [2024-03-08T01:55:38.821+0000] {dag.py:3722} INFO - Setting next_dagrun for dag_catchup to 2024-03-08T00:00:00+00:00, run_after=2024-03-09T00:00:00+00:00
[2024-03-08T01:55:38.848+0000] {processor.py:179} INFO - Processing /opt/airflow/dags/dag_catchup.py took 0.152 seconds
[2024-03-08T01:55:49.023+0000] {processor.py:157} INFO - Started process (PID=1442) to work on /opt/airflow/dags/dag_catchup.py
[2024-03-08T01:55:49.039+0000] {processor.py:829} INFO - Processing file /opt/airflow/dags/dag_catchup.py for tasks to queue
[2024-03-08T01:55:49.046+0000] {logging_mixin.py:154} INFO - [2024-03-08T01:55:49.046+0000] {dagbag.py:536} INFO - Filling up the DagBag from /opt/airflow/dags/dag_catchup.py
[2024-03-08T01:55:49.094+0000] {processor.py:839} INFO - DAG(s) dict_keys(['dag_catchup']) retrieved from /opt/airflow/dags/dag_catchup.py
[2024-03-08T01:55:49.148+0000] {logging_mixin.py:154} INFO - [2024-03-08T01:55:49.147+0000] {dag.py:2941} INFO - Sync 1 DAGs
[2024-03-08T01:55:49.205+0000] {logging_mixin.py:154} INFO - [2024-03-08T01:55:49.203+0000] {dag.py:3722} INFO - Setting next_dagrun for dag_catchup to 2024-03-08T00:00:00+00:00, run_after=2024-03-09T00:00:00+00:00
[2024-03-08T01:55:49.273+0000] {processor.py:179} INFO - Processing /opt/airflow/dags/dag_catchup.py took 0.257 seconds
[2024-03-08T01:56:00.043+0000] {processor.py:157} INFO - Started process (PID=1459) to work on /opt/airflow/dags/dag_catchup.py
[2024-03-08T01:56:00.045+0000] {processor.py:829} INFO - Processing file /opt/airflow/dags/dag_catchup.py for tasks to queue
[2024-03-08T01:56:00.048+0000] {logging_mixin.py:154} INFO - [2024-03-08T01:56:00.047+0000] {dagbag.py:536} INFO - Filling up the DagBag from /opt/airflow/dags/dag_catchup.py
[2024-03-08T01:56:00.087+0000] {processor.py:839} INFO - DAG(s) dict_keys(['dag_catchup']) retrieved from /opt/airflow/dags/dag_catchup.py
[2024-03-08T01:56:00.152+0000] {logging_mixin.py:154} INFO - [2024-03-08T01:56:00.151+0000] {dag.py:2941} INFO - Sync 1 DAGs
[2024-03-08T01:56:00.241+0000] {logging_mixin.py:154} INFO - [2024-03-08T01:56:00.240+0000] {dag.py:3722} INFO - Setting next_dagrun for dag_catchup to 2024-03-08T00:00:00+00:00, run_after=2024-03-09T00:00:00+00:00
[2024-03-08T01:56:00.270+0000] {processor.py:179} INFO - Processing /opt/airflow/dags/dag_catchup.py took 0.233 seconds
[2024-03-08T01:56:10.405+0000] {processor.py:157} INFO - Started process (PID=1474) to work on /opt/airflow/dags/dag_catchup.py
[2024-03-08T01:56:10.408+0000] {processor.py:829} INFO - Processing file /opt/airflow/dags/dag_catchup.py for tasks to queue
[2024-03-08T01:56:10.411+0000] {logging_mixin.py:154} INFO - [2024-03-08T01:56:10.410+0000] {dagbag.py:536} INFO - Filling up the DagBag from /opt/airflow/dags/dag_catchup.py
[2024-03-08T01:56:10.460+0000] {processor.py:839} INFO - DAG(s) dict_keys(['dag_catchup']) retrieved from /opt/airflow/dags/dag_catchup.py
[2024-03-08T01:56:10.505+0000] {logging_mixin.py:154} INFO - [2024-03-08T01:56:10.505+0000] {dag.py:2941} INFO - Sync 1 DAGs
[2024-03-08T01:56:10.540+0000] {logging_mixin.py:154} INFO - [2024-03-08T01:56:10.540+0000] {dag.py:3722} INFO - Setting next_dagrun for dag_catchup to 2024-03-08T00:00:00+00:00, run_after=2024-03-09T00:00:00+00:00
[2024-03-08T01:56:10.570+0000] {processor.py:179} INFO - Processing /opt/airflow/dags/dag_catchup.py took 0.171 seconds
[2024-03-08T01:56:20.730+0000] {processor.py:157} INFO - Started process (PID=1490) to work on /opt/airflow/dags/dag_catchup.py
[2024-03-08T01:56:20.732+0000] {processor.py:829} INFO - Processing file /opt/airflow/dags/dag_catchup.py for tasks to queue
[2024-03-08T01:56:20.735+0000] {logging_mixin.py:154} INFO - [2024-03-08T01:56:20.735+0000] {dagbag.py:536} INFO - Filling up the DagBag from /opt/airflow/dags/dag_catchup.py
[2024-03-08T01:56:20.767+0000] {processor.py:839} INFO - DAG(s) dict_keys(['dag_catchup']) retrieved from /opt/airflow/dags/dag_catchup.py
[2024-03-08T01:56:20.813+0000] {logging_mixin.py:154} INFO - [2024-03-08T01:56:20.812+0000] {dag.py:2941} INFO - Sync 1 DAGs
[2024-03-08T01:56:20.851+0000] {logging_mixin.py:154} INFO - [2024-03-08T01:56:20.851+0000] {dag.py:3722} INFO - Setting next_dagrun for dag_catchup to 2024-03-08T00:00:00+00:00, run_after=2024-03-09T00:00:00+00:00
[2024-03-08T01:56:20.879+0000] {processor.py:179} INFO - Processing /opt/airflow/dags/dag_catchup.py took 0.157 seconds
[2024-03-08T01:56:30.986+0000] {processor.py:157} INFO - Started process (PID=1504) to work on /opt/airflow/dags/dag_catchup.py
[2024-03-08T01:56:30.988+0000] {processor.py:829} INFO - Processing file /opt/airflow/dags/dag_catchup.py for tasks to queue
[2024-03-08T01:56:30.991+0000] {logging_mixin.py:154} INFO - [2024-03-08T01:56:30.990+0000] {dagbag.py:536} INFO - Filling up the DagBag from /opt/airflow/dags/dag_catchup.py
[2024-03-08T01:56:31.021+0000] {processor.py:839} INFO - DAG(s) dict_keys(['dag_catchup']) retrieved from /opt/airflow/dags/dag_catchup.py
[2024-03-08T01:56:31.063+0000] {logging_mixin.py:154} INFO - [2024-03-08T01:56:31.063+0000] {dag.py:2941} INFO - Sync 1 DAGs
[2024-03-08T01:56:31.101+0000] {logging_mixin.py:154} INFO - [2024-03-08T01:56:31.101+0000] {dag.py:3722} INFO - Setting next_dagrun for dag_catchup to 2024-03-08T00:00:00+00:00, run_after=2024-03-09T00:00:00+00:00
[2024-03-08T01:56:31.129+0000] {processor.py:179} INFO - Processing /opt/airflow/dags/dag_catchup.py took 0.148 seconds
[2024-03-08T01:56:41.243+0000] {processor.py:157} INFO - Started process (PID=1521) to work on /opt/airflow/dags/dag_catchup.py
[2024-03-08T01:56:41.245+0000] {processor.py:829} INFO - Processing file /opt/airflow/dags/dag_catchup.py for tasks to queue
[2024-03-08T01:56:41.248+0000] {logging_mixin.py:154} INFO - [2024-03-08T01:56:41.247+0000] {dagbag.py:536} INFO - Filling up the DagBag from /opt/airflow/dags/dag_catchup.py
[2024-03-08T01:56:41.278+0000] {processor.py:839} INFO - DAG(s) dict_keys(['dag_catchup']) retrieved from /opt/airflow/dags/dag_catchup.py
[2024-03-08T01:56:41.315+0000] {logging_mixin.py:154} INFO - [2024-03-08T01:56:41.314+0000] {dag.py:2941} INFO - Sync 1 DAGs
[2024-03-08T01:56:41.345+0000] {logging_mixin.py:154} INFO - [2024-03-08T01:56:41.345+0000] {dag.py:3722} INFO - Setting next_dagrun for dag_catchup to 2024-03-08T00:00:00+00:00, run_after=2024-03-09T00:00:00+00:00
[2024-03-08T01:56:41.370+0000] {processor.py:179} INFO - Processing /opt/airflow/dags/dag_catchup.py took 0.131 seconds
[2024-03-08T01:56:51.515+0000] {processor.py:157} INFO - Started process (PID=1538) to work on /opt/airflow/dags/dag_catchup.py
[2024-03-08T01:56:51.517+0000] {processor.py:829} INFO - Processing file /opt/airflow/dags/dag_catchup.py for tasks to queue
[2024-03-08T01:56:51.520+0000] {logging_mixin.py:154} INFO - [2024-03-08T01:56:51.519+0000] {dagbag.py:536} INFO - Filling up the DagBag from /opt/airflow/dags/dag_catchup.py
[2024-03-08T01:56:51.555+0000] {processor.py:839} INFO - DAG(s) dict_keys(['dag_catchup']) retrieved from /opt/airflow/dags/dag_catchup.py
[2024-03-08T01:56:51.593+0000] {logging_mixin.py:154} INFO - [2024-03-08T01:56:51.593+0000] {dag.py:2941} INFO - Sync 1 DAGs
[2024-03-08T01:56:51.622+0000] {logging_mixin.py:154} INFO - [2024-03-08T01:56:51.621+0000] {dag.py:3722} INFO - Setting next_dagrun for dag_catchup to 2024-03-08T00:00:00+00:00, run_after=2024-03-09T00:00:00+00:00
[2024-03-08T01:56:51.646+0000] {processor.py:179} INFO - Processing /opt/airflow/dags/dag_catchup.py took 0.136 seconds
[2024-03-08T01:57:01.783+0000] {processor.py:157} INFO - Started process (PID=1555) to work on /opt/airflow/dags/dag_catchup.py
[2024-03-08T01:57:01.788+0000] {processor.py:829} INFO - Processing file /opt/airflow/dags/dag_catchup.py for tasks to queue
[2024-03-08T01:57:01.792+0000] {logging_mixin.py:154} INFO - [2024-03-08T01:57:01.791+0000] {dagbag.py:536} INFO - Filling up the DagBag from /opt/airflow/dags/dag_catchup.py
[2024-03-08T01:57:01.828+0000] {processor.py:839} INFO - DAG(s) dict_keys(['dag_catchup']) retrieved from /opt/airflow/dags/dag_catchup.py
[2024-03-08T01:57:01.876+0000] {logging_mixin.py:154} INFO - [2024-03-08T01:57:01.876+0000] {dag.py:2941} INFO - Sync 1 DAGs
[2024-03-08T01:57:01.917+0000] {logging_mixin.py:154} INFO - [2024-03-08T01:57:01.916+0000] {dag.py:3722} INFO - Setting next_dagrun for dag_catchup to 2024-03-08T00:00:00+00:00, run_after=2024-03-09T00:00:00+00:00
[2024-03-08T01:57:01.950+0000] {processor.py:179} INFO - Processing /opt/airflow/dags/dag_catchup.py took 0.184 seconds
[2024-03-08T01:57:12.029+0000] {processor.py:157} INFO - Started process (PID=1572) to work on /opt/airflow/dags/dag_catchup.py
[2024-03-08T01:57:12.034+0000] {processor.py:829} INFO - Processing file /opt/airflow/dags/dag_catchup.py for tasks to queue
[2024-03-08T01:57:12.036+0000] {logging_mixin.py:154} INFO - [2024-03-08T01:57:12.036+0000] {dagbag.py:536} INFO - Filling up the DagBag from /opt/airflow/dags/dag_catchup.py
[2024-03-08T01:57:12.088+0000] {processor.py:839} INFO - DAG(s) dict_keys(['dag_catchup']) retrieved from /opt/airflow/dags/dag_catchup.py
[2024-03-08T01:57:12.160+0000] {logging_mixin.py:154} INFO - [2024-03-08T01:57:12.159+0000] {dag.py:2941} INFO - Sync 1 DAGs
[2024-03-08T01:57:12.197+0000] {logging_mixin.py:154} INFO - [2024-03-08T01:57:12.197+0000] {dag.py:3722} INFO - Setting next_dagrun for dag_catchup to 2024-03-08T00:00:00+00:00, run_after=2024-03-09T00:00:00+00:00
[2024-03-08T01:57:12.225+0000] {processor.py:179} INFO - Processing /opt/airflow/dags/dag_catchup.py took 0.205 seconds
[2024-03-08T01:57:22.494+0000] {processor.py:157} INFO - Started process (PID=1589) to work on /opt/airflow/dags/dag_catchup.py
[2024-03-08T01:57:22.497+0000] {processor.py:829} INFO - Processing file /opt/airflow/dags/dag_catchup.py for tasks to queue
[2024-03-08T01:57:22.499+0000] {logging_mixin.py:154} INFO - [2024-03-08T01:57:22.499+0000] {dagbag.py:536} INFO - Filling up the DagBag from /opt/airflow/dags/dag_catchup.py
[2024-03-08T01:57:22.549+0000] {processor.py:839} INFO - DAG(s) dict_keys(['dag_catchup']) retrieved from /opt/airflow/dags/dag_catchup.py
[2024-03-08T01:57:22.626+0000] {logging_mixin.py:154} INFO - [2024-03-08T01:57:22.625+0000] {dag.py:2941} INFO - Sync 1 DAGs
[2024-03-08T01:57:22.716+0000] {logging_mixin.py:154} INFO - [2024-03-08T01:57:22.716+0000] {dag.py:3722} INFO - Setting next_dagrun for dag_catchup to 2024-03-08T00:00:00+00:00, run_after=2024-03-09T00:00:00+00:00
[2024-03-08T01:57:22.846+0000] {processor.py:179} INFO - Processing /opt/airflow/dags/dag_catchup.py took 0.357 seconds
[2024-03-08T01:57:32.996+0000] {processor.py:157} INFO - Started process (PID=1604) to work on /opt/airflow/dags/dag_catchup.py
[2024-03-08T01:57:32.998+0000] {processor.py:829} INFO - Processing file /opt/airflow/dags/dag_catchup.py for tasks to queue
[2024-03-08T01:57:33.001+0000] {logging_mixin.py:154} INFO - [2024-03-08T01:57:33.000+0000] {dagbag.py:536} INFO - Filling up the DagBag from /opt/airflow/dags/dag_catchup.py
[2024-03-08T01:57:33.043+0000] {processor.py:839} INFO - DAG(s) dict_keys(['dag_catchup']) retrieved from /opt/airflow/dags/dag_catchup.py
[2024-03-08T01:57:33.102+0000] {logging_mixin.py:154} INFO - [2024-03-08T01:57:33.101+0000] {dag.py:2941} INFO - Sync 1 DAGs
[2024-03-08T01:57:33.151+0000] {logging_mixin.py:154} INFO - [2024-03-08T01:57:33.150+0000] {dag.py:3722} INFO - Setting next_dagrun for dag_catchup to 2024-03-08T00:00:00+00:00, run_after=2024-03-09T00:00:00+00:00
[2024-03-08T01:57:33.185+0000] {processor.py:179} INFO - Processing /opt/airflow/dags/dag_catchup.py took 0.194 seconds
[2024-03-08T01:57:43.439+0000] {processor.py:157} INFO - Started process (PID=1617) to work on /opt/airflow/dags/dag_catchup.py
[2024-03-08T01:57:43.448+0000] {processor.py:829} INFO - Processing file /opt/airflow/dags/dag_catchup.py for tasks to queue
[2024-03-08T01:57:43.451+0000] {logging_mixin.py:154} INFO - [2024-03-08T01:57:43.451+0000] {dagbag.py:536} INFO - Filling up the DagBag from /opt/airflow/dags/dag_catchup.py
[2024-03-08T01:57:43.513+0000] {processor.py:839} INFO - DAG(s) dict_keys(['dag_catchup']) retrieved from /opt/airflow/dags/dag_catchup.py
[2024-03-08T01:57:43.592+0000] {logging_mixin.py:154} INFO - [2024-03-08T01:57:43.592+0000] {dag.py:2941} INFO - Sync 1 DAGs
[2024-03-08T01:57:43.667+0000] {logging_mixin.py:154} INFO - [2024-03-08T01:57:43.667+0000] {dag.py:3722} INFO - Setting next_dagrun for dag_catchup to 2024-03-08T00:00:00+00:00, run_after=2024-03-09T00:00:00+00:00
[2024-03-08T01:57:43.718+0000] {processor.py:179} INFO - Processing /opt/airflow/dags/dag_catchup.py took 0.286 seconds
[2024-03-08T01:57:53.876+0000] {processor.py:157} INFO - Started process (PID=1634) to work on /opt/airflow/dags/dag_catchup.py
[2024-03-08T01:57:53.877+0000] {processor.py:829} INFO - Processing file /opt/airflow/dags/dag_catchup.py for tasks to queue
[2024-03-08T01:57:53.879+0000] {logging_mixin.py:154} INFO - [2024-03-08T01:57:53.879+0000] {dagbag.py:536} INFO - Filling up the DagBag from /opt/airflow/dags/dag_catchup.py
[2024-03-08T01:57:53.905+0000] {processor.py:839} INFO - DAG(s) dict_keys(['dag_catchup']) retrieved from /opt/airflow/dags/dag_catchup.py
[2024-03-08T01:57:53.940+0000] {logging_mixin.py:154} INFO - [2024-03-08T01:57:53.940+0000] {dag.py:2941} INFO - Sync 1 DAGs
[2024-03-08T01:57:53.968+0000] {logging_mixin.py:154} INFO - [2024-03-08T01:57:53.968+0000] {dag.py:3722} INFO - Setting next_dagrun for dag_catchup to 2024-03-08T00:00:00+00:00, run_after=2024-03-09T00:00:00+00:00
[2024-03-08T01:57:53.992+0000] {processor.py:179} INFO - Processing /opt/airflow/dags/dag_catchup.py took 0.121 seconds
[2024-03-08T01:58:04.114+0000] {processor.py:157} INFO - Started process (PID=1651) to work on /opt/airflow/dags/dag_catchup.py
[2024-03-08T01:58:04.116+0000] {processor.py:829} INFO - Processing file /opt/airflow/dags/dag_catchup.py for tasks to queue
[2024-03-08T01:58:04.119+0000] {logging_mixin.py:154} INFO - [2024-03-08T01:58:04.118+0000] {dagbag.py:536} INFO - Filling up the DagBag from /opt/airflow/dags/dag_catchup.py
[2024-03-08T01:58:04.150+0000] {processor.py:839} INFO - DAG(s) dict_keys(['dag_catchup']) retrieved from /opt/airflow/dags/dag_catchup.py
[2024-03-08T01:58:04.213+0000] {logging_mixin.py:154} INFO - [2024-03-08T01:58:04.213+0000] {dag.py:2941} INFO - Sync 1 DAGs
[2024-03-08T01:58:04.252+0000] {logging_mixin.py:154} INFO - [2024-03-08T01:58:04.252+0000] {dag.py:3722} INFO - Setting next_dagrun for dag_catchup to 2024-03-08T00:00:00+00:00, run_after=2024-03-09T00:00:00+00:00
[2024-03-08T01:58:04.297+0000] {processor.py:179} INFO - Processing /opt/airflow/dags/dag_catchup.py took 0.187 seconds
[2024-03-08T01:58:14.435+0000] {processor.py:157} INFO - Started process (PID=1666) to work on /opt/airflow/dags/dag_catchup.py
[2024-03-08T01:58:14.437+0000] {processor.py:829} INFO - Processing file /opt/airflow/dags/dag_catchup.py for tasks to queue
[2024-03-08T01:58:14.441+0000] {logging_mixin.py:154} INFO - [2024-03-08T01:58:14.440+0000] {dagbag.py:536} INFO - Filling up the DagBag from /opt/airflow/dags/dag_catchup.py
[2024-03-08T01:58:14.500+0000] {processor.py:839} INFO - DAG(s) dict_keys(['dag_catchup']) retrieved from /opt/airflow/dags/dag_catchup.py
[2024-03-08T01:58:14.577+0000] {logging_mixin.py:154} INFO - [2024-03-08T01:58:14.576+0000] {dag.py:2941} INFO - Sync 1 DAGs
[2024-03-08T01:58:14.640+0000] {logging_mixin.py:154} INFO - [2024-03-08T01:58:14.638+0000] {dag.py:3722} INFO - Setting next_dagrun for dag_catchup to 2024-03-08T00:00:00+00:00, run_after=2024-03-09T00:00:00+00:00
[2024-03-08T01:58:14.687+0000] {processor.py:179} INFO - Processing /opt/airflow/dags/dag_catchup.py took 0.259 seconds
[2024-03-08T01:58:25.172+0000] {processor.py:157} INFO - Started process (PID=1682) to work on /opt/airflow/dags/dag_catchup.py
[2024-03-08T01:58:25.175+0000] {processor.py:829} INFO - Processing file /opt/airflow/dags/dag_catchup.py for tasks to queue
[2024-03-08T01:58:25.177+0000] {logging_mixin.py:154} INFO - [2024-03-08T01:58:25.176+0000] {dagbag.py:536} INFO - Filling up the DagBag from /opt/airflow/dags/dag_catchup.py
[2024-03-08T01:58:25.211+0000] {processor.py:839} INFO - DAG(s) dict_keys(['dag_catchup']) retrieved from /opt/airflow/dags/dag_catchup.py
[2024-03-08T01:58:25.255+0000] {logging_mixin.py:154} INFO - [2024-03-08T01:58:25.254+0000] {dag.py:2941} INFO - Sync 1 DAGs
[2024-03-08T01:58:25.290+0000] {logging_mixin.py:154} INFO - [2024-03-08T01:58:25.289+0000] {dag.py:3722} INFO - Setting next_dagrun for dag_catchup to 2024-03-08T00:00:00+00:00, run_after=2024-03-09T00:00:00+00:00
[2024-03-08T01:58:25.316+0000] {processor.py:179} INFO - Processing /opt/airflow/dags/dag_catchup.py took 0.150 seconds
[2024-03-08T01:58:36.001+0000] {processor.py:157} INFO - Started process (PID=1699) to work on /opt/airflow/dags/dag_catchup.py
[2024-03-08T01:58:36.003+0000] {processor.py:829} INFO - Processing file /opt/airflow/dags/dag_catchup.py for tasks to queue
[2024-03-08T01:58:36.005+0000] {logging_mixin.py:154} INFO - [2024-03-08T01:58:36.004+0000] {dagbag.py:536} INFO - Filling up the DagBag from /opt/airflow/dags/dag_catchup.py
[2024-03-08T01:58:36.041+0000] {processor.py:839} INFO - DAG(s) dict_keys(['dag_catchup']) retrieved from /opt/airflow/dags/dag_catchup.py
[2024-03-08T01:58:36.083+0000] {logging_mixin.py:154} INFO - [2024-03-08T01:58:36.083+0000] {dag.py:2941} INFO - Sync 1 DAGs
[2024-03-08T01:58:36.121+0000] {logging_mixin.py:154} INFO - [2024-03-08T01:58:36.120+0000] {dag.py:3722} INFO - Setting next_dagrun for dag_catchup to 2024-03-08T00:00:00+00:00, run_after=2024-03-09T00:00:00+00:00
[2024-03-08T01:58:36.151+0000] {processor.py:179} INFO - Processing /opt/airflow/dags/dag_catchup.py took 0.156 seconds
[2024-03-08T01:58:46.869+0000] {processor.py:157} INFO - Started process (PID=1716) to work on /opt/airflow/dags/dag_catchup.py
[2024-03-08T01:58:46.872+0000] {processor.py:829} INFO - Processing file /opt/airflow/dags/dag_catchup.py for tasks to queue
[2024-03-08T01:58:46.874+0000] {logging_mixin.py:154} INFO - [2024-03-08T01:58:46.874+0000] {dagbag.py:536} INFO - Filling up the DagBag from /opt/airflow/dags/dag_catchup.py
[2024-03-08T01:58:46.915+0000] {processor.py:839} INFO - DAG(s) dict_keys(['dag_catchup']) retrieved from /opt/airflow/dags/dag_catchup.py
[2024-03-08T01:58:46.963+0000] {logging_mixin.py:154} INFO - [2024-03-08T01:58:46.963+0000] {dag.py:2941} INFO - Sync 1 DAGs
[2024-03-08T01:58:46.999+0000] {logging_mixin.py:154} INFO - [2024-03-08T01:58:46.998+0000] {dag.py:3722} INFO - Setting next_dagrun for dag_catchup to 2024-03-08T00:00:00+00:00, run_after=2024-03-09T00:00:00+00:00
[2024-03-08T01:58:47.027+0000] {processor.py:179} INFO - Processing /opt/airflow/dags/dag_catchup.py took 0.165 seconds
[2024-03-08T01:58:57.262+0000] {processor.py:157} INFO - Started process (PID=1730) to work on /opt/airflow/dags/dag_catchup.py
[2024-03-08T01:58:57.266+0000] {processor.py:829} INFO - Processing file /opt/airflow/dags/dag_catchup.py for tasks to queue
[2024-03-08T01:58:57.278+0000] {logging_mixin.py:154} INFO - [2024-03-08T01:58:57.277+0000] {dagbag.py:536} INFO - Filling up the DagBag from /opt/airflow/dags/dag_catchup.py
[2024-03-08T01:58:57.342+0000] {processor.py:839} INFO - DAG(s) dict_keys(['dag_catchup']) retrieved from /opt/airflow/dags/dag_catchup.py
[2024-03-08T01:58:57.418+0000] {logging_mixin.py:154} INFO - [2024-03-08T01:58:57.418+0000] {dag.py:2941} INFO - Sync 1 DAGs
[2024-03-08T01:58:57.468+0000] {logging_mixin.py:154} INFO - [2024-03-08T01:58:57.468+0000] {dag.py:3722} INFO - Setting next_dagrun for dag_catchup to 2024-03-08T00:00:00+00:00, run_after=2024-03-09T00:00:00+00:00
[2024-03-08T01:58:57.756+0000] {processor.py:179} INFO - Processing /opt/airflow/dags/dag_catchup.py took 0.502 seconds
[2024-03-08T01:59:08.211+0000] {processor.py:157} INFO - Started process (PID=1747) to work on /opt/airflow/dags/dag_catchup.py
[2024-03-08T01:59:08.218+0000] {processor.py:829} INFO - Processing file /opt/airflow/dags/dag_catchup.py for tasks to queue
[2024-03-08T01:59:08.226+0000] {logging_mixin.py:154} INFO - [2024-03-08T01:59:08.225+0000] {dagbag.py:536} INFO - Filling up the DagBag from /opt/airflow/dags/dag_catchup.py
[2024-03-08T01:59:08.334+0000] {processor.py:839} INFO - DAG(s) dict_keys(['dag_catchup']) retrieved from /opt/airflow/dags/dag_catchup.py
[2024-03-08T01:59:08.457+0000] {logging_mixin.py:154} INFO - [2024-03-08T01:59:08.456+0000] {dag.py:2941} INFO - Sync 1 DAGs
[2024-03-08T01:59:08.518+0000] {logging_mixin.py:154} INFO - [2024-03-08T01:59:08.518+0000] {dag.py:3722} INFO - Setting next_dagrun for dag_catchup to 2024-03-08T00:00:00+00:00, run_after=2024-03-09T00:00:00+00:00
[2024-03-08T01:59:08.555+0000] {processor.py:179} INFO - Processing /opt/airflow/dags/dag_catchup.py took 0.352 seconds
[2024-03-08T01:59:18.687+0000] {processor.py:157} INFO - Started process (PID=1764) to work on /opt/airflow/dags/dag_catchup.py
[2024-03-08T01:59:18.692+0000] {processor.py:829} INFO - Processing file /opt/airflow/dags/dag_catchup.py for tasks to queue
[2024-03-08T01:59:18.695+0000] {logging_mixin.py:154} INFO - [2024-03-08T01:59:18.695+0000] {dagbag.py:536} INFO - Filling up the DagBag from /opt/airflow/dags/dag_catchup.py
[2024-03-08T01:59:18.761+0000] {processor.py:839} INFO - DAG(s) dict_keys(['dag_catchup']) retrieved from /opt/airflow/dags/dag_catchup.py
[2024-03-08T01:59:18.822+0000] {logging_mixin.py:154} INFO - [2024-03-08T01:59:18.821+0000] {dag.py:2941} INFO - Sync 1 DAGs
[2024-03-08T01:59:18.866+0000] {logging_mixin.py:154} INFO - [2024-03-08T01:59:18.866+0000] {dag.py:3722} INFO - Setting next_dagrun for dag_catchup to 2024-03-08T00:00:00+00:00, run_after=2024-03-09T00:00:00+00:00
[2024-03-08T01:59:18.896+0000] {processor.py:179} INFO - Processing /opt/airflow/dags/dag_catchup.py took 0.214 seconds
[2024-03-08T01:59:29.024+0000] {processor.py:157} INFO - Started process (PID=1781) to work on /opt/airflow/dags/dag_catchup.py
[2024-03-08T01:59:29.026+0000] {processor.py:829} INFO - Processing file /opt/airflow/dags/dag_catchup.py for tasks to queue
[2024-03-08T01:59:29.028+0000] {logging_mixin.py:154} INFO - [2024-03-08T01:59:29.028+0000] {dagbag.py:536} INFO - Filling up the DagBag from /opt/airflow/dags/dag_catchup.py
[2024-03-08T01:59:29.056+0000] {processor.py:839} INFO - DAG(s) dict_keys(['dag_catchup']) retrieved from /opt/airflow/dags/dag_catchup.py
[2024-03-08T01:59:29.093+0000] {logging_mixin.py:154} INFO - [2024-03-08T01:59:29.093+0000] {dag.py:2941} INFO - Sync 1 DAGs
[2024-03-08T01:59:29.130+0000] {logging_mixin.py:154} INFO - [2024-03-08T01:59:29.130+0000] {dag.py:3722} INFO - Setting next_dagrun for dag_catchup to 2024-03-08T00:00:00+00:00, run_after=2024-03-09T00:00:00+00:00
[2024-03-08T01:59:29.158+0000] {processor.py:179} INFO - Processing /opt/airflow/dags/dag_catchup.py took 0.139 seconds
