[2024-03-20T20:55:39.236+0000] {logging_mixin.py:154} INFO - Changing /opt/***/logs/dag_id=dag_carbon_intensity/run_id=scheduled__2024-03-18T00:00:00+00:00/task_id=create_table_task permission to 509
[2024-03-20T20:55:39.590+0000] {logging_mixin.py:154} INFO - Changing /opt/***/logs/dag_id=dag_carbon_intensity/run_id=scheduled__2024-03-18T00:00:00+00:00/task_id=create_table_task permission to 509
[2024-03-20T20:55:39.811+0000] {taskinstance.py:1159} INFO - Dependencies all met for dep_context=non-requeueable deps ti=<TaskInstance: dag_carbon_intensity.create_table_task scheduled__2024-03-18T00:00:00+00:00 [queued]>
[2024-03-20T20:55:39.867+0000] {taskinstance.py:1159} INFO - Dependencies all met for dep_context=requeueable deps ti=<TaskInstance: dag_carbon_intensity.create_table_task scheduled__2024-03-18T00:00:00+00:00 [queued]>
[2024-03-20T20:55:39.886+0000] {taskinstance.py:1361} INFO - Starting attempt 1 of 4
[2024-03-20T20:55:39.958+0000] {taskinstance.py:1382} INFO - Executing <Task(PostgresOperator): create_table_task> on 2024-03-18 00:00:00+00:00
[2024-03-20T20:55:39.980+0000] {standard_task_runner.py:57} INFO - Started process 176 to run task
[2024-03-20T20:55:39.994+0000] {standard_task_runner.py:84} INFO - Running: ['***', 'tasks', 'run', 'dag_carbon_intensity', 'create_table_task', 'scheduled__2024-03-18T00:00:00+00:00', '--job-id', '283', '--raw', '--subdir', 'DAGS_FOLDER/dag_carbon_intensity.py', '--cfg-path', '/tmp/tmppele3vtr']
[2024-03-20T20:55:40.011+0000] {standard_task_runner.py:85} INFO - Job 283: Subtask create_table_task
[2024-03-20T20:55:40.304+0000] {logging_mixin.py:154} INFO - Changing /opt/***/logs/dag_id=dag_carbon_intensity/run_id=scheduled__2024-03-18T00:00:00+00:00/task_id=create_table_task permission to 509
[2024-03-20T20:55:40.342+0000] {task_command.py:416} INFO - Running <TaskInstance: dag_carbon_intensity.create_table_task scheduled__2024-03-18T00:00:00+00:00 [running]> on host 79a2d80783aa
[2024-03-20T20:55:40.799+0000] {taskinstance.py:1662} INFO - Exporting env vars: AIRFLOW_CTX_DAG_OWNER='***' AIRFLOW_CTX_DAG_ID='dag_carbon_intensity' AIRFLOW_CTX_TASK_ID='create_table_task' AIRFLOW_CTX_EXECUTION_DATE='2024-03-18T00:00:00+00:00' AIRFLOW_CTX_TRY_NUMBER='1' AIRFLOW_CTX_DAG_RUN_ID='scheduled__2024-03-18T00:00:00+00:00'
[2024-03-20T20:55:40.805+0000] {sql.py:274} INFO - Executing: CREATE TABLE IF NOT EXISTS craverolucio_coderhouse.carbon_intensity (
    from_date VARCHAR(50) PRIMARY KEY,
    to_date VARCHAR(50) SORTKEY,
    intensity_max SMALLINT,
    intensity_average SMALLINT,
    intensity_min SMALLINT,
    intensity_index VARCHAR(50)
);
[2024-03-20T20:55:40.850+0000] {base.py:73} INFO - Using connection ID 'coderhouse_redshift' for task execution.
[2024-03-20T20:55:43.067+0000] {base.py:73} INFO - Using connection ID 'coderhouse_redshift' for task execution.
[2024-03-20T20:56:05.300+0000] {sql.py:418} INFO - Running statement: CREATE TABLE IF NOT EXISTS craverolucio_coderhouse.carbon_intensity (
    from_date VARCHAR(50) PRIMARY KEY,
    to_date VARCHAR(50) SORTKEY,
    intensity_max SMALLINT,
    intensity_average SMALLINT,
    intensity_min SMALLINT,
    intensity_index VARCHAR(50)
);, parameters: None
[2024-03-20T20:56:07.682+0000] {taskinstance.py:1400} INFO - Marking task as SUCCESS. dag_id=dag_carbon_intensity, task_id=create_table_task, execution_date=20240318T000000, start_date=20240320T205539, end_date=20240320T205607
[2024-03-20T20:56:08.191+0000] {local_task_job_runner.py:228} INFO - Task exited with return code 0
[2024-03-20T20:56:12.035+0000] {taskinstance.py:2778} INFO - 0 downstream tasks scheduled from follow-on schedule check
