[2024-03-10T19:26:52.997+0000] {logging_mixin.py:154} INFO - Changing /opt/***/logs/dag_id=dag_carbon_intensity/run_id=manual__2024-03-10T19:26:34.101592+00:00/task_id=load_data permission to 509
[2024-03-10T19:26:53.112+0000] {logging_mixin.py:154} INFO - Changing /opt/***/logs/dag_id=dag_carbon_intensity/run_id=manual__2024-03-10T19:26:34.101592+00:00/task_id=load_data permission to 509
[2024-03-10T19:26:53.223+0000] {taskinstance.py:1159} INFO - Dependencies all met for dep_context=non-requeueable deps ti=<TaskInstance: dag_carbon_intensity.load_data manual__2024-03-10T19:26:34.101592+00:00 [queued]>
[2024-03-10T19:26:53.239+0000] {taskinstance.py:1159} INFO - Dependencies all met for dep_context=requeueable deps ti=<TaskInstance: dag_carbon_intensity.load_data manual__2024-03-10T19:26:34.101592+00:00 [queued]>
[2024-03-10T19:26:53.240+0000] {taskinstance.py:1361} INFO - Starting attempt 1 of 4
[2024-03-10T19:26:53.266+0000] {taskinstance.py:1382} INFO - Executing <Task(PythonOperator): load_data> on 2024-03-10 19:26:34.101592+00:00
[2024-03-10T19:26:53.276+0000] {standard_task_runner.py:57} INFO - Started process 11469 to run task
[2024-03-10T19:26:53.283+0000] {standard_task_runner.py:84} INFO - Running: ['***', 'tasks', 'run', 'dag_carbon_intensity', 'load_data', 'manual__2024-03-10T19:26:34.101592+00:00', '--job-id', '244', '--raw', '--subdir', 'DAGS_FOLDER/dag_carbon_intensity.py', '--cfg-path', '/tmp/tmpx_npmtt2']
[2024-03-10T19:26:53.295+0000] {standard_task_runner.py:85} INFO - Job 244: Subtask load_data
[2024-03-10T19:26:53.497+0000] {logging_mixin.py:154} INFO - Changing /opt/***/logs/dag_id=dag_carbon_intensity/run_id=manual__2024-03-10T19:26:34.101592+00:00/task_id=load_data permission to 509
[2024-03-10T19:26:53.513+0000] {task_command.py:416} INFO - Running <TaskInstance: dag_carbon_intensity.load_data manual__2024-03-10T19:26:34.101592+00:00 [running]> on host 79a2d80783aa
[2024-03-10T19:26:54.164+0000] {taskinstance.py:1662} INFO - Exporting env vars: AIRFLOW_CTX_DAG_OWNER='***' AIRFLOW_CTX_DAG_ID='dag_carbon_intensity' AIRFLOW_CTX_TASK_ID='load_data' AIRFLOW_CTX_EXECUTION_DATE='2024-03-10T19:26:34.101592+00:00' AIRFLOW_CTX_TRY_NUMBER='1' AIRFLOW_CTX_DAG_RUN_ID='manual__2024-03-10T19:26:34.101592+00:00'
[2024-03-10T19:26:54.173+0000] {utils.py:37} INFO - Obteniendo datos de https://api.carbonintensity.org.uk/intensity/stats/2024-03-09T00:00Z/2024-03-10T23:59Z/24...
[2024-03-10T19:26:54.175+0000] {utils.py:38} INFO - Desde: 2024-03-09T00:00Z
[2024-03-10T19:26:54.176+0000] {utils.py:39} INFO - Hasta: 2024-03-10T23:59Z
[2024-03-10T19:26:55.169+0000] {utils.py:44} INFO - https://api.carbonintensity.org.uk/intensity/stats/2024-03-09T00:00Z/2024-03-10T23:59Z/24
[2024-03-10T19:26:55.172+0000] {utils.py:45} INFO - Datos obtenidos exitosamente... Procesando datos...
[2024-03-10T19:26:55.239+0000] {utils.py:57} INFO - Datos procesados exitosamente
[2024-03-10T19:26:55.251+0000] {utils.py:94} INFO - Conectándose a la base de datos...
[2024-03-10T19:26:55.253+0000] {utils.py:100} INFO - Conexión a la base de datos establecida exitosamente
[2024-03-10T19:26:58.101+0000] {utils.py:123} INFO - Cargando datos en la tabla carbon_intensity_stg...
[2024-03-10T19:26:59.478+0000] {utils.py:136} INFO - Datos cargados exitosamente
[2024-03-10T19:26:59.484+0000] {utils.py:137} INFO - Cargando datos en la tabla carbon_intensity...
[2024-03-10T19:27:00.086+0000] {utils.py:157} INFO - Datos cargados exitosamente
[2024-03-10T19:27:00.256+0000] {python.py:194} INFO - Done. Returned value was: None
[2024-03-10T19:27:00.278+0000] {taskinstance.py:1400} INFO - Marking task as SUCCESS. dag_id=dag_carbon_intensity, task_id=load_data, execution_date=20240310T192634, start_date=20240310T192653, end_date=20240310T192700
[2024-03-10T19:27:00.341+0000] {local_task_job_runner.py:228} INFO - Task exited with return code 0
[2024-03-10T19:27:00.375+0000] {taskinstance.py:2778} INFO - 0 downstream tasks scheduled from follow-on schedule check
