[2024-03-23T22:51:31.289+0000] {logging_mixin.py:154} INFO - Changing /opt/***/logs/dag_id=dag_carbon_intensity/run_id=manual__2024-03-23T22:51:00.402730+00:00/task_id=load_data permission to 509
[2024-03-23T22:51:31.380+0000] {logging_mixin.py:154} INFO - Changing /opt/***/logs/dag_id=dag_carbon_intensity/run_id=manual__2024-03-23T22:51:00.402730+00:00/task_id=load_data permission to 509
[2024-03-23T22:51:31.511+0000] {taskinstance.py:1159} INFO - Dependencies all met for dep_context=non-requeueable deps ti=<TaskInstance: dag_carbon_intensity.load_data manual__2024-03-23T22:51:00.402730+00:00 [queued]>
[2024-03-23T22:51:31.535+0000] {taskinstance.py:1159} INFO - Dependencies all met for dep_context=requeueable deps ti=<TaskInstance: dag_carbon_intensity.load_data manual__2024-03-23T22:51:00.402730+00:00 [queued]>
[2024-03-23T22:51:31.537+0000] {taskinstance.py:1361} INFO - Starting attempt 1 of 4
[2024-03-23T22:51:31.589+0000] {taskinstance.py:1382} INFO - Executing <Task(PythonOperator): load_data> on 2024-03-23 22:51:00.402730+00:00
[2024-03-23T22:51:31.613+0000] {standard_task_runner.py:57} INFO - Started process 1278 to run task
[2024-03-23T22:51:31.618+0000] {standard_task_runner.py:84} INFO - Running: ['***', 'tasks', 'run', 'dag_carbon_intensity', 'load_data', 'manual__2024-03-23T22:51:00.402730+00:00', '--job-id', '399', '--raw', '--subdir', 'DAGS_FOLDER/dag_carbon_intensity.py', '--cfg-path', '/tmp/tmp02kb9dy4']
[2024-03-23T22:51:31.634+0000] {standard_task_runner.py:85} INFO - Job 399: Subtask load_data
[2024-03-23T22:51:31.821+0000] {logging_mixin.py:154} INFO - Changing /opt/***/logs/dag_id=dag_carbon_intensity/run_id=manual__2024-03-23T22:51:00.402730+00:00/task_id=load_data permission to 509
[2024-03-23T22:51:31.882+0000] {task_command.py:416} INFO - Running <TaskInstance: dag_carbon_intensity.load_data manual__2024-03-23T22:51:00.402730+00:00 [running]> on host a8049dd30460
[2024-03-23T22:51:32.200+0000] {taskinstance.py:1662} INFO - Exporting env vars: AIRFLOW_CTX_DAG_OWNER='***' AIRFLOW_CTX_DAG_ID='dag_carbon_intensity' AIRFLOW_CTX_TASK_ID='load_data' AIRFLOW_CTX_EXECUTION_DATE='2024-03-23T22:51:00.402730+00:00' AIRFLOW_CTX_TRY_NUMBER='1' AIRFLOW_CTX_DAG_RUN_ID='manual__2024-03-23T22:51:00.402730+00:00'
[2024-03-23T22:51:32.208+0000] {utils.py:45} INFO - Obteniendo datos de https://api.carbonintensity.org.uk/intensity/stats/2024-03-22T00:00Z/2024-03-23T23:59Z/24...
[2024-03-23T22:51:32.210+0000] {utils.py:46} INFO - Desde: 2024-03-22T00:00Z
[2024-03-23T22:51:32.211+0000] {utils.py:47} INFO - Hasta: 2024-03-23T23:59Z
[2024-03-23T22:51:33.618+0000] {utils.py:52} INFO - https://api.carbonintensity.org.uk/intensity/stats/2024-03-22T00:00Z/2024-03-23T23:59Z/24
[2024-03-23T22:51:33.620+0000] {utils.py:53} INFO - Datos obtenidos exitosamente... Procesando datos...
[2024-03-23T22:51:33.633+0000] {utils.py:65} INFO - Datos procesados exitosamente
[2024-03-23T22:51:33.644+0000] {utils.py:102} INFO - Conectándose a la base de datos...
[2024-03-23T22:51:33.647+0000] {utils.py:108} INFO - Conexión a la base de datos establecida exitosamente
[2024-03-23T22:51:36.399+0000] {utils.py:131} INFO - Cargando datos en la tabla carbon_intensity_stg...
[2024-03-23T22:51:37.769+0000] {utils.py:144} INFO - Datos cargados exitosamente
[2024-03-23T22:51:37.770+0000] {utils.py:145} INFO - Cargando datos en la tabla carbon_intensity...
[2024-03-23T22:51:38.350+0000] {utils.py:165} INFO - Datos cargados exitosamente
[2024-03-23T22:51:38.596+0000] {python.py:194} INFO - Done. Returned value was: None
[2024-03-23T22:51:38.621+0000] {taskinstance.py:1400} INFO - Marking task as SUCCESS. dag_id=dag_carbon_intensity, task_id=load_data, execution_date=20240323T225100, start_date=20240323T225131, end_date=20240323T225138
[2024-03-23T22:51:38.715+0000] {local_task_job_runner.py:228} INFO - Task exited with return code 0
[2024-03-23T22:51:38.782+0000] {taskinstance.py:2778} INFO - 1 downstream tasks scheduled from follow-on schedule check
