[2024-03-21T21:08:11.040+0000] {logging_mixin.py:154} INFO - Changing /opt/***/logs/dag_id=dag_carbon_intensity/run_id=scheduled__2024-03-20T00:00:00+00:00/task_id=load_data permission to 509
[2024-03-21T21:08:11.221+0000] {logging_mixin.py:154} INFO - Changing /opt/***/logs/dag_id=dag_carbon_intensity/run_id=scheduled__2024-03-20T00:00:00+00:00/task_id=load_data permission to 509
[2024-03-21T21:08:11.445+0000] {taskinstance.py:1159} INFO - Dependencies all met for dep_context=non-requeueable deps ti=<TaskInstance: dag_carbon_intensity.load_data scheduled__2024-03-20T00:00:00+00:00 [queued]>
[2024-03-21T21:08:11.504+0000] {taskinstance.py:1159} INFO - Dependencies all met for dep_context=requeueable deps ti=<TaskInstance: dag_carbon_intensity.load_data scheduled__2024-03-20T00:00:00+00:00 [queued]>
[2024-03-21T21:08:11.518+0000] {taskinstance.py:1361} INFO - Starting attempt 1 of 4
[2024-03-21T21:08:11.594+0000] {taskinstance.py:1382} INFO - Executing <Task(PythonOperator): load_data> on 2024-03-20 00:00:00+00:00
[2024-03-21T21:08:11.607+0000] {standard_task_runner.py:57} INFO - Started process 186 to run task
[2024-03-21T21:08:11.613+0000] {standard_task_runner.py:84} INFO - Running: ['***', 'tasks', 'run', 'dag_carbon_intensity', 'load_data', 'scheduled__2024-03-20T00:00:00+00:00', '--job-id', '378', '--raw', '--subdir', 'DAGS_FOLDER/dag_carbon_intensity.py', '--cfg-path', '/tmp/tmpkxkepygs']
[2024-03-21T21:08:11.633+0000] {standard_task_runner.py:85} INFO - Job 378: Subtask load_data
[2024-03-21T21:08:11.876+0000] {logging_mixin.py:154} INFO - Changing /opt/***/logs/dag_id=dag_carbon_intensity/run_id=scheduled__2024-03-20T00:00:00+00:00/task_id=load_data permission to 509
[2024-03-21T21:08:11.999+0000] {task_command.py:416} INFO - Running <TaskInstance: dag_carbon_intensity.load_data scheduled__2024-03-20T00:00:00+00:00 [running]> on host 07bd2b52e4f3
[2024-03-21T21:08:12.446+0000] {taskinstance.py:1662} INFO - Exporting env vars: AIRFLOW_CTX_DAG_OWNER='***' AIRFLOW_CTX_DAG_ID='dag_carbon_intensity' AIRFLOW_CTX_TASK_ID='load_data' AIRFLOW_CTX_EXECUTION_DATE='2024-03-20T00:00:00+00:00' AIRFLOW_CTX_TRY_NUMBER='1' AIRFLOW_CTX_DAG_RUN_ID='scheduled__2024-03-20T00:00:00+00:00'
[2024-03-21T21:08:12.481+0000] {utils.py:37} INFO - Obteniendo datos de https://api.carbonintensity.org.uk/intensity/stats/2024-03-20T00:00Z/2024-03-21T23:59Z/24...
[2024-03-21T21:08:12.487+0000] {utils.py:38} INFO - Desde: 2024-03-20T00:00Z
[2024-03-21T21:08:12.492+0000] {utils.py:39} INFO - Hasta: 2024-03-21T23:59Z
[2024-03-21T21:08:13.968+0000] {utils.py:44} INFO - https://api.carbonintensity.org.uk/intensity/stats/2024-03-20T00:00Z/2024-03-21T23:59Z/24
[2024-03-21T21:08:13.971+0000] {utils.py:45} INFO - Datos obtenidos exitosamente... Procesando datos...
[2024-03-21T21:08:14.051+0000] {utils.py:57} INFO - Datos procesados exitosamente
[2024-03-21T21:08:14.083+0000] {utils.py:94} INFO - Conectándose a la base de datos...
[2024-03-21T21:08:14.091+0000] {utils.py:100} INFO - Conexión a la base de datos establecida exitosamente
[2024-03-21T21:08:17.090+0000] {utils.py:123} INFO - Cargando datos en la tabla carbon_intensity_stg...
[2024-03-21T21:08:23.001+0000] {utils.py:136} INFO - Datos cargados exitosamente
[2024-03-21T21:08:23.003+0000] {utils.py:137} INFO - Cargando datos en la tabla carbon_intensity...
[2024-03-21T21:08:37.196+0000] {utils.py:157} INFO - Datos cargados exitosamente
[2024-03-21T21:08:37.371+0000] {python.py:194} INFO - Done. Returned value was: None
[2024-03-21T21:08:37.390+0000] {taskinstance.py:1400} INFO - Marking task as SUCCESS. dag_id=dag_carbon_intensity, task_id=load_data, execution_date=20240320T000000, start_date=20240321T210811, end_date=20240321T210837
[2024-03-21T21:08:38.890+0000] {local_task_job_runner.py:228} INFO - Task exited with return code 0
[2024-03-21T21:08:38.920+0000] {taskinstance.py:2778} INFO - 0 downstream tasks scheduled from follow-on schedule check
