[2024-03-10T17:14:12.803+0000] {logging_mixin.py:154} INFO - Changing /opt/***/logs/dag_id=dag_carbon_intensity/run_id=manual__2024-03-10T17:13:59.761304+00:00/task_id=load_data permission to 509
[2024-03-10T17:14:12.894+0000] {logging_mixin.py:154} INFO - Changing /opt/***/logs/dag_id=dag_carbon_intensity/run_id=manual__2024-03-10T17:13:59.761304+00:00/task_id=load_data permission to 509
[2024-03-10T17:14:12.956+0000] {taskinstance.py:1159} INFO - Dependencies all met for dep_context=non-requeueable deps ti=<TaskInstance: dag_carbon_intensity.load_data manual__2024-03-10T17:13:59.761304+00:00 [queued]>
[2024-03-10T17:14:12.969+0000] {taskinstance.py:1159} INFO - Dependencies all met for dep_context=requeueable deps ti=<TaskInstance: dag_carbon_intensity.load_data manual__2024-03-10T17:13:59.761304+00:00 [queued]>
[2024-03-10T17:14:12.970+0000] {taskinstance.py:1361} INFO - Starting attempt 1 of 4
[2024-03-10T17:14:12.989+0000] {taskinstance.py:1382} INFO - Executing <Task(PythonOperator): load_data> on 2024-03-10 17:13:59.761304+00:00
[2024-03-10T17:14:12.996+0000] {standard_task_runner.py:57} INFO - Started process 2226 to run task
[2024-03-10T17:14:13.001+0000] {standard_task_runner.py:84} INFO - Running: ['***', 'tasks', 'run', 'dag_carbon_intensity', 'load_data', 'manual__2024-03-10T17:13:59.761304+00:00', '--job-id', '173', '--raw', '--subdir', 'DAGS_FOLDER/dag_carbon_intensity.py', '--cfg-path', '/tmp/tmp435i93eb']
[2024-03-10T17:14:13.004+0000] {standard_task_runner.py:85} INFO - Job 173: Subtask load_data
[2024-03-10T17:14:13.110+0000] {logging_mixin.py:154} INFO - Changing /opt/***/logs/dag_id=dag_carbon_intensity/run_id=manual__2024-03-10T17:13:59.761304+00:00/task_id=load_data permission to 509
[2024-03-10T17:14:13.132+0000] {task_command.py:416} INFO - Running <TaskInstance: dag_carbon_intensity.load_data manual__2024-03-10T17:13:59.761304+00:00 [running]> on host 79a2d80783aa
[2024-03-10T17:14:13.334+0000] {taskinstance.py:1662} INFO - Exporting env vars: AIRFLOW_CTX_DAG_OWNER='***' AIRFLOW_CTX_DAG_ID='dag_carbon_intensity' AIRFLOW_CTX_TASK_ID='load_data' AIRFLOW_CTX_EXECUTION_DATE='2024-03-10T17:13:59.761304+00:00' AIRFLOW_CTX_TRY_NUMBER='1' AIRFLOW_CTX_DAG_RUN_ID='manual__2024-03-10T17:13:59.761304+00:00'
[2024-03-10T17:14:13.341+0000] {utils.py:32} INFO - Obteniendo datos de https://api.carbonintensity.org.uk/intensity/stats/2024-03-09T00:00Z/2024-03-10T23:59Z/24...
[2024-03-10T17:14:13.342+0000] {utils.py:33} INFO - Desde: 2024-03-09T00:00Z
[2024-03-10T17:14:13.344+0000] {utils.py:34} INFO - Hasta: 2024-03-10T23:59Z
[2024-03-10T17:14:14.587+0000] {utils.py:39} INFO - https://api.carbonintensity.org.uk/intensity/stats/2024-03-09T00:00Z/2024-03-10T23:59Z/24
[2024-03-10T17:14:14.589+0000] {utils.py:40} INFO - Datos obtenidos exitosamente... Procesando datos...
[2024-03-10T17:14:14.604+0000] {utils.py:52} INFO - Datos procesados exitosamente
[2024-03-10T17:14:14.616+0000] {utils.py:89} INFO - Conectándose a la base de datos...
[2024-03-10T17:14:14.619+0000] {utils.py:103} ERROR - Error al conectarse a la base de datos: 'pwd'
[2024-03-10T17:14:14.620+0000] {utils.py:155} ERROR - Error al cargar los datos en la base de datos: 'NoneType' object has no attribute 'connect'
[2024-03-10T17:14:14.622+0000] {python.py:194} INFO - Done. Returned value was: None
[2024-03-10T17:14:14.660+0000] {taskinstance.py:1400} INFO - Marking task as SUCCESS. dag_id=dag_carbon_intensity, task_id=load_data, execution_date=20240310T171359, start_date=20240310T171412, end_date=20240310T171414
[2024-03-10T17:14:14.761+0000] {local_task_job_runner.py:228} INFO - Task exited with return code 0
[2024-03-10T17:14:14.826+0000] {taskinstance.py:2778} INFO - 0 downstream tasks scheduled from follow-on schedule check
