[2024-03-10T18:56:21.678+0000] {logging_mixin.py:154} INFO - Changing /opt/***/logs/dag_id=dag_carbon_intensity/run_id=manual__2024-03-10T16:37:54.126396+00:00/task_id=load_data permission to 509
[2024-03-10T18:56:21.796+0000] {logging_mixin.py:154} INFO - Changing /opt/***/logs/dag_id=dag_carbon_intensity/run_id=manual__2024-03-10T16:37:54.126396+00:00/task_id=load_data permission to 509
[2024-03-10T18:56:21.904+0000] {taskinstance.py:1159} INFO - Dependencies all met for dep_context=non-requeueable deps ti=<TaskInstance: dag_carbon_intensity.load_data manual__2024-03-10T16:37:54.126396+00:00 [queued]>
[2024-03-10T18:56:21.926+0000] {taskinstance.py:1159} INFO - Dependencies all met for dep_context=requeueable deps ti=<TaskInstance: dag_carbon_intensity.load_data manual__2024-03-10T16:37:54.126396+00:00 [queued]>
[2024-03-10T18:56:21.928+0000] {taskinstance.py:1361} INFO - Starting attempt 5 of 8
[2024-03-10T18:56:21.960+0000] {taskinstance.py:1382} INFO - Executing <Task(PythonOperator): load_data> on 2024-03-10 16:37:54.126396+00:00
[2024-03-10T18:56:21.971+0000] {standard_task_runner.py:57} INFO - Started process 7656 to run task
[2024-03-10T18:56:21.980+0000] {standard_task_runner.py:84} INFO - Running: ['***', 'tasks', 'run', 'dag_carbon_intensity', 'load_data', 'manual__2024-03-10T16:37:54.126396+00:00', '--job-id', '222', '--raw', '--subdir', 'DAGS_FOLDER/dag_carbon_intensity.py', '--cfg-path', '/tmp/tmp_smkvwdx']
[2024-03-10T18:56:21.988+0000] {standard_task_runner.py:85} INFO - Job 222: Subtask load_data
[2024-03-10T18:56:22.109+0000] {logging_mixin.py:154} INFO - Changing /opt/***/logs/dag_id=dag_carbon_intensity/run_id=manual__2024-03-10T16:37:54.126396+00:00/task_id=load_data permission to 509
[2024-03-10T18:56:22.126+0000] {task_command.py:416} INFO - Running <TaskInstance: dag_carbon_intensity.load_data manual__2024-03-10T16:37:54.126396+00:00 [running]> on host 79a2d80783aa
[2024-03-10T18:56:22.470+0000] {taskinstance.py:1662} INFO - Exporting env vars: AIRFLOW_CTX_DAG_OWNER='***' AIRFLOW_CTX_DAG_ID='dag_carbon_intensity' AIRFLOW_CTX_TASK_ID='load_data' AIRFLOW_CTX_EXECUTION_DATE='2024-03-10T16:37:54.126396+00:00' AIRFLOW_CTX_TRY_NUMBER='5' AIRFLOW_CTX_DAG_RUN_ID='manual__2024-03-10T16:37:54.126396+00:00'
[2024-03-10T18:56:22.492+0000] {utils.py:37} INFO - Obteniendo datos de https://api.carbonintensity.org.uk/intensity/stats/2024-03-09T00:00Z/2024-03-10T23:59Z/24...
[2024-03-10T18:56:22.495+0000] {utils.py:38} INFO - Desde: 2024-03-09T00:00Z
[2024-03-10T18:56:22.497+0000] {utils.py:39} INFO - Hasta: 2024-03-10T23:59Z
[2024-03-10T18:56:23.732+0000] {utils.py:44} INFO - https://api.carbonintensity.org.uk/intensity/stats/2024-03-09T00:00Z/2024-03-10T23:59Z/24
[2024-03-10T18:56:23.733+0000] {utils.py:45} INFO - Datos obtenidos exitosamente... Procesando datos...
[2024-03-10T18:56:23.738+0000] {utils.py:57} INFO - Datos procesados exitosamente
[2024-03-10T18:56:23.745+0000] {utils.py:94} INFO - Conectándose a la base de datos...
[2024-03-10T18:56:23.747+0000] {utils.py:100} INFO - Conexión a la base de datos establecida exitosamente
[2024-03-10T18:56:26.445+0000] {utils.py:123} INFO - Cargando datos en la tabla carbon_intensity_stg...
[2024-03-10T18:56:27.990+0000] {utils.py:136} INFO - Datos cargados exitosamente
[2024-03-10T18:56:27.992+0000] {utils.py:137} INFO - Cargando datos en la tabla carbon_intensity...
[2024-03-10T18:56:28.586+0000] {utils.py:157} INFO - Datos cargados exitosamente
[2024-03-10T18:56:28.764+0000] {python.py:194} INFO - Done. Returned value was: None
[2024-03-10T18:56:28.799+0000] {taskinstance.py:1400} INFO - Marking task as SUCCESS. dag_id=dag_carbon_intensity, task_id=load_data, execution_date=20240310T163754, start_date=20240310T185621, end_date=20240310T185628
[2024-03-10T18:56:28.850+0000] {local_task_job_runner.py:228} INFO - Task exited with return code 0
[2024-03-10T18:56:28.877+0000] {taskinstance.py:2778} INFO - 0 downstream tasks scheduled from follow-on schedule check
