[2024-03-10T18:55:49.886+0000] {logging_mixin.py:154} INFO - Changing /opt/***/logs/dag_id=dag_carbon_intensity/run_id=manual__2024-03-10T16:41:47.859175+00:00/task_id=create_stage_table_task permission to 509
[2024-03-10T18:55:50.392+0000] {logging_mixin.py:154} INFO - Changing /opt/***/logs/dag_id=dag_carbon_intensity/run_id=manual__2024-03-10T16:41:47.859175+00:00/task_id=create_stage_table_task permission to 509
[2024-03-10T18:55:50.772+0000] {taskinstance.py:1159} INFO - Dependencies all met for dep_context=non-requeueable deps ti=<TaskInstance: dag_carbon_intensity.create_stage_table_task manual__2024-03-10T16:41:47.859175+00:00 [queued]>
[2024-03-10T18:55:50.799+0000] {taskinstance.py:1159} INFO - Dependencies all met for dep_context=requeueable deps ti=<TaskInstance: dag_carbon_intensity.create_stage_table_task manual__2024-03-10T16:41:47.859175+00:00 [queued]>
[2024-03-10T18:55:50.803+0000] {taskinstance.py:1361} INFO - Starting attempt 2 of 5
[2024-03-10T18:55:50.885+0000] {taskinstance.py:1382} INFO - Executing <Task(PostgresOperator): create_stage_table_task> on 2024-03-10 16:41:47.859175+00:00
[2024-03-10T18:55:50.900+0000] {standard_task_runner.py:57} INFO - Started process 7614 to run task
[2024-03-10T18:55:50.908+0000] {standard_task_runner.py:84} INFO - Running: ['***', 'tasks', 'run', 'dag_carbon_intensity', 'create_stage_table_task', 'manual__2024-03-10T16:41:47.859175+00:00', '--job-id', '217', '--raw', '--subdir', 'DAGS_FOLDER/dag_carbon_intensity.py', '--cfg-path', '/tmp/tmpu91s7hx0']
[2024-03-10T18:55:50.924+0000] {standard_task_runner.py:85} INFO - Job 217: Subtask create_stage_table_task
[2024-03-10T18:55:56.754+0000] {logging_mixin.py:154} INFO - Changing /opt/***/logs/dag_id=dag_carbon_intensity/run_id=manual__2024-03-10T16:41:47.859175+00:00/task_id=create_stage_table_task permission to 509
[2024-03-10T18:55:56.857+0000] {task_command.py:416} INFO - Running <TaskInstance: dag_carbon_intensity.create_stage_table_task manual__2024-03-10T16:41:47.859175+00:00 [running]> on host 79a2d80783aa
[2024-03-10T18:55:57.617+0000] {taskinstance.py:1662} INFO - Exporting env vars: AIRFLOW_CTX_DAG_OWNER='***' AIRFLOW_CTX_DAG_ID='dag_carbon_intensity' AIRFLOW_CTX_TASK_ID='create_stage_table_task' AIRFLOW_CTX_EXECUTION_DATE='2024-03-10T16:41:47.859175+00:00' AIRFLOW_CTX_TRY_NUMBER='2' AIRFLOW_CTX_DAG_RUN_ID='manual__2024-03-10T16:41:47.859175+00:00'
[2024-03-10T18:55:57.631+0000] {sql.py:274} INFO - Executing: CREATE TABLE IF NOT EXISTS craverolucio_coderhouse.carbon_intensity_stg (
    from_date VARCHAR(50) PRIMARY KEY,
    to_date VARCHAR(50) SORTKEY,
    intensity_max SMALLINT,
    intensity_average SMALLINT,
    intensity_min SMALLINT,
    intensity_index VARCHAR(50)
);
[2024-03-10T18:55:57.676+0000] {base.py:73} INFO - Using connection ID 'coderhouse_redshift' for task execution.
[2024-03-10T18:56:04.129+0000] {base.py:73} INFO - Using connection ID 'coderhouse_redshift' for task execution.
[2024-03-10T18:56:08.416+0000] {sql.py:418} INFO - Running statement: CREATE TABLE IF NOT EXISTS craverolucio_coderhouse.carbon_intensity_stg (
    from_date VARCHAR(50) PRIMARY KEY,
    to_date VARCHAR(50) SORTKEY,
    intensity_max SMALLINT,
    intensity_average SMALLINT,
    intensity_min SMALLINT,
    intensity_index VARCHAR(50)
);, parameters: None
[2024-03-10T18:56:14.672+0000] {taskinstance.py:1400} INFO - Marking task as SUCCESS. dag_id=dag_carbon_intensity, task_id=create_stage_table_task, execution_date=20240310T164147, start_date=20240310T185550, end_date=20240310T185614
[2024-03-10T18:56:15.986+0000] {local_task_job_runner.py:228} INFO - Task exited with return code 0
[2024-03-10T18:56:16.172+0000] {taskinstance.py:2778} INFO - 1 downstream tasks scheduled from follow-on schedule check
