[2024-03-10T19:18:18.045+0000] {logging_mixin.py:154} INFO - Changing /opt/***/logs/dag_id=dag_carbon_intensity/run_id=manual__2024-03-10T19:18:08.716185+00:00/task_id=load_data permission to 509
[2024-03-10T19:18:18.099+0000] {logging_mixin.py:154} INFO - Changing /opt/***/logs/dag_id=dag_carbon_intensity/run_id=manual__2024-03-10T19:18:08.716185+00:00/task_id=load_data permission to 509
[2024-03-10T19:18:18.162+0000] {taskinstance.py:1159} INFO - Dependencies all met for dep_context=non-requeueable deps ti=<TaskInstance: dag_carbon_intensity.load_data manual__2024-03-10T19:18:08.716185+00:00 [queued]>
[2024-03-10T19:18:18.174+0000] {taskinstance.py:1159} INFO - Dependencies all met for dep_context=requeueable deps ti=<TaskInstance: dag_carbon_intensity.load_data manual__2024-03-10T19:18:08.716185+00:00 [queued]>
[2024-03-10T19:18:18.175+0000] {taskinstance.py:1361} INFO - Starting attempt 1 of 4
[2024-03-10T19:18:18.194+0000] {taskinstance.py:1382} INFO - Executing <Task(PythonOperator): load_data> on 2024-03-10 19:18:08.716185+00:00
[2024-03-10T19:18:18.200+0000] {standard_task_runner.py:57} INFO - Started process 10409 to run task
[2024-03-10T19:18:18.204+0000] {standard_task_runner.py:84} INFO - Running: ['***', 'tasks', 'run', 'dag_carbon_intensity', 'load_data', 'manual__2024-03-10T19:18:08.716185+00:00', '--job-id', '238', '--raw', '--subdir', 'DAGS_FOLDER/dag_carbon_intensity.py', '--cfg-path', '/tmp/tmp137tm5wi']
[2024-03-10T19:18:18.208+0000] {standard_task_runner.py:85} INFO - Job 238: Subtask load_data
[2024-03-10T19:18:18.293+0000] {logging_mixin.py:154} INFO - Changing /opt/***/logs/dag_id=dag_carbon_intensity/run_id=manual__2024-03-10T19:18:08.716185+00:00/task_id=load_data permission to 509
[2024-03-10T19:18:18.308+0000] {task_command.py:416} INFO - Running <TaskInstance: dag_carbon_intensity.load_data manual__2024-03-10T19:18:08.716185+00:00 [running]> on host 79a2d80783aa
[2024-03-10T19:18:18.508+0000] {taskinstance.py:1662} INFO - Exporting env vars: AIRFLOW_CTX_DAG_OWNER='***' AIRFLOW_CTX_DAG_ID='dag_carbon_intensity' AIRFLOW_CTX_TASK_ID='load_data' AIRFLOW_CTX_EXECUTION_DATE='2024-03-10T19:18:08.716185+00:00' AIRFLOW_CTX_TRY_NUMBER='1' AIRFLOW_CTX_DAG_RUN_ID='manual__2024-03-10T19:18:08.716185+00:00'
[2024-03-10T19:18:18.514+0000] {utils.py:37} INFO - Obteniendo datos de https://api.carbonintensity.org.uk/intensity/stats/2024-03-09T00:00Z/2024-03-10T23:59Z/24...
[2024-03-10T19:18:18.515+0000] {utils.py:38} INFO - Desde: 2024-03-09T00:00Z
[2024-03-10T19:18:18.516+0000] {utils.py:39} INFO - Hasta: 2024-03-10T23:59Z
[2024-03-10T19:18:19.875+0000] {utils.py:44} INFO - https://api.carbonintensity.org.uk/intensity/stats/2024-03-09T00:00Z/2024-03-10T23:59Z/24
[2024-03-10T19:18:19.877+0000] {utils.py:45} INFO - Datos obtenidos exitosamente... Procesando datos...
[2024-03-10T19:18:19.890+0000] {utils.py:57} INFO - Datos procesados exitosamente
[2024-03-10T19:18:19.907+0000] {utils.py:94} INFO - Conectándose a la base de datos...
[2024-03-10T19:18:19.910+0000] {utils.py:100} INFO - Conexión a la base de datos establecida exitosamente
[2024-03-10T19:18:22.629+0000] {utils.py:123} INFO - Cargando datos en la tabla carbon_intensity_stg...
[2024-03-10T19:18:24.035+0000] {utils.py:136} INFO - Datos cargados exitosamente
[2024-03-10T19:18:24.037+0000] {utils.py:137} INFO - Cargando datos en la tabla carbon_intensity...
[2024-03-10T19:18:24.609+0000] {utils.py:157} INFO - Datos cargados exitosamente
[2024-03-10T19:18:24.782+0000] {python.py:194} INFO - Done. Returned value was: None
[2024-03-10T19:18:24.802+0000] {taskinstance.py:1400} INFO - Marking task as SUCCESS. dag_id=dag_carbon_intensity, task_id=load_data, execution_date=20240310T191808, start_date=20240310T191818, end_date=20240310T191824
[2024-03-10T19:18:24.829+0000] {local_task_job_runner.py:228} INFO - Task exited with return code 0
[2024-03-10T19:18:24.859+0000] {taskinstance.py:2778} INFO - 0 downstream tasks scheduled from follow-on schedule check
