[2024-03-23T22:51:23.493+0000] {logging_mixin.py:154} INFO - Changing /opt/***/logs/dag_id=dag_carbon_intensity/run_id=manual__2024-03-23T22:51:00.402730+00:00/task_id=create_table_task permission to 509
[2024-03-23T22:51:23.766+0000] {logging_mixin.py:154} INFO - Changing /opt/***/logs/dag_id=dag_carbon_intensity/run_id=manual__2024-03-23T22:51:00.402730+00:00/task_id=create_table_task permission to 509
[2024-03-23T22:51:23.993+0000] {taskinstance.py:1159} INFO - Dependencies all met for dep_context=non-requeueable deps ti=<TaskInstance: dag_carbon_intensity.create_table_task manual__2024-03-23T22:51:00.402730+00:00 [queued]>
[2024-03-23T22:51:24.045+0000] {taskinstance.py:1159} INFO - Dependencies all met for dep_context=requeueable deps ti=<TaskInstance: dag_carbon_intensity.create_table_task manual__2024-03-23T22:51:00.402730+00:00 [queued]>
[2024-03-23T22:51:24.047+0000] {taskinstance.py:1361} INFO - Starting attempt 1 of 4
[2024-03-23T22:51:24.122+0000] {taskinstance.py:1382} INFO - Executing <Task(PostgresOperator): create_table_task> on 2024-03-23 22:51:00.402730+00:00
[2024-03-23T22:51:24.148+0000] {standard_task_runner.py:57} INFO - Started process 1275 to run task
[2024-03-23T22:51:24.176+0000] {standard_task_runner.py:84} INFO - Running: ['***', 'tasks', 'run', 'dag_carbon_intensity', 'create_table_task', 'manual__2024-03-23T22:51:00.402730+00:00', '--job-id', '397', '--raw', '--subdir', 'DAGS_FOLDER/dag_carbon_intensity.py', '--cfg-path', '/tmp/tmp9je6sv41']
[2024-03-23T22:51:24.186+0000] {standard_task_runner.py:85} INFO - Job 397: Subtask create_table_task
[2024-03-23T22:51:24.484+0000] {logging_mixin.py:154} INFO - Changing /opt/***/logs/dag_id=dag_carbon_intensity/run_id=manual__2024-03-23T22:51:00.402730+00:00/task_id=create_table_task permission to 509
[2024-03-23T22:51:24.502+0000] {task_command.py:416} INFO - Running <TaskInstance: dag_carbon_intensity.create_table_task manual__2024-03-23T22:51:00.402730+00:00 [running]> on host a8049dd30460
[2024-03-23T22:51:24.941+0000] {taskinstance.py:1662} INFO - Exporting env vars: AIRFLOW_CTX_DAG_OWNER='***' AIRFLOW_CTX_DAG_ID='dag_carbon_intensity' AIRFLOW_CTX_TASK_ID='create_table_task' AIRFLOW_CTX_EXECUTION_DATE='2024-03-23T22:51:00.402730+00:00' AIRFLOW_CTX_TRY_NUMBER='1' AIRFLOW_CTX_DAG_RUN_ID='manual__2024-03-23T22:51:00.402730+00:00'
[2024-03-23T22:51:24.945+0000] {sql.py:274} INFO - Executing: CREATE TABLE IF NOT EXISTS craverolucio_coderhouse.carbon_intensity (
    from_date VARCHAR(50) PRIMARY KEY,
    to_date VARCHAR(50) SORTKEY,
    intensity_max SMALLINT,
    intensity_average SMALLINT,
    intensity_min SMALLINT,
    intensity_index VARCHAR(50)
);
[2024-03-23T22:51:24.987+0000] {base.py:73} INFO - Using connection ID 'coderhouse_redshift' for task execution.
[2024-03-23T22:51:25.400+0000] {base.py:73} INFO - Using connection ID 'coderhouse_redshift' for task execution.
[2024-03-23T22:51:27.199+0000] {sql.py:418} INFO - Running statement: CREATE TABLE IF NOT EXISTS craverolucio_coderhouse.carbon_intensity (
    from_date VARCHAR(50) PRIMARY KEY,
    to_date VARCHAR(50) SORTKEY,
    intensity_max SMALLINT,
    intensity_average SMALLINT,
    intensity_min SMALLINT,
    intensity_index VARCHAR(50)
);, parameters: None
[2024-03-23T22:51:28.517+0000] {taskinstance.py:1400} INFO - Marking task as SUCCESS. dag_id=dag_carbon_intensity, task_id=create_table_task, execution_date=20240323T225100, start_date=20240323T225123, end_date=20240323T225128
[2024-03-23T22:51:28.604+0000] {local_task_job_runner.py:228} INFO - Task exited with return code 0
[2024-03-23T22:51:28.762+0000] {taskinstance.py:2778} INFO - 1 downstream tasks scheduled from follow-on schedule check
